Log file open, 06/18/17 13:33:59
LogInit:Display: Running engine for game: 萝莉
LogPlatformFile: Not using cached read wrapper
LogInit:Display: RandInit(1430226633) SRandInit(1430226633).
LogTaskGraph: Started task graph with 5 named threads and 8 total threads with 1 sets of task threads.
LogStats: Stats thread started at 0.081060
LogInit: Using libcurl 7.47.1
LogInit:  - built for x86_64-pc-win32
LogInit:  - supports SSL with OpenSSL/1.0.2g
LogInit:  - supports HTTP deflate (compression) using libz 1.2.8
LogInit:  - other features:
LogInit:      CURL_VERSION_SSL
LogInit:      CURL_VERSION_LIBZ
LogInit:      CURL_VERSION_IPV6
LogInit:      CURL_VERSION_ASYNCHDNS
LogInit:      CURL_VERSION_LARGEFILE
LogInit:      CURL_VERSION_IDN
LogInit:  CurlRequestOptions (configurable via config and command line):
LogInit:  - bVerifyPeer = false  - Libcurl will NOT verify peer certificate
LogInit:  - bUseHttpProxy = false  - Libcurl will NOT use HTTP proxy
LogInit:  - bDontReuseConnections = false  - Libcurl will reuse connections
LogInit:  - CertBundlePath = nullptr  - Libcurl will use whatever was configured at build time.
LogInit: Build: ++UE4+Release-4.15-CL-3450819
LogInit: Engine Version: 4.15.3-3450819+++UE4+Release-4.15
LogInit: Compatible Engine Version: 4.15.0-3299760+++UE4+Release-4.15
LogInit: Net CL: 3299760
LogDevObjectVersion: Number of dev versions registered: 14
LogDevObjectVersion:   Dev-Blueprints (B0D832E4-1F89-4F0D-ACCF-7EB736FD4AA2): 8
LogDevObjectVersion:   Dev-Build (E1C64328-A22C-4D53-A36C-8E866417BD8C): 0
LogDevObjectVersion:   Dev-Core (375EC13C-06E4-48FB-B500-84F0262A717E): 2
LogDevObjectVersion:   Dev-Editor (E4B068ED-F494-42E9-A231-DA0B2E46BB41): 14
LogDevObjectVersion:   Dev-Framework (CFFC743F-43B0-4480-9391-14DF171D2073): 22
LogDevObjectVersion:   Dev-Mobile (B02B49B5-BB20-44E9-A304-32B752E40360): 0
LogDevObjectVersion:   Dev-Networking (A4E4105C-59A1-49B5-A7C5-40C4547EDFEE): 0
LogDevObjectVersion:   Dev-Online (39C831C9-5AE6-47DC-9A44-9C173E1C8E7C): 0
LogDevObjectVersion:   Dev-Physics (78F01B33-EBEA-4F98-B9B4-84EACCB95AA2): 0
LogDevObjectVersion:   Dev-Platform (6631380F-2D4D-43E0-8009-CF276956A95A): 0
LogDevObjectVersion:   Dev-Rendering (12F88B9F-8875-4AFC-A67C-D90C383ABD29): 12
LogDevObjectVersion:   Dev-Sequencer (7B5AE74C-D270-4C10-A958-57980B212A5A): 3
LogDevObjectVersion:   Dev-VR (D7296918-1DD6-4BDD-9DE2-64A83CC13884): 0
LogDevObjectVersion:   Dev-LoadTimes (C2A15278-BFE7-4AFE-6C17-90FF531DF755): 1
LogInit: Compiled (64-bit): May 21 2017 11:02:34
LogInit: Compiled with Visual C++: 19.00.23026.00
LogInit: Build Configuration: Development
LogInit: Branch Name: ++UE4+Release-4.15
LogInit: Command line: 
LogInit: Base directory: D:/Tool/MajorTool/UE4/Epic Games/4.15/UE_4.15/Engine/Binaries/Win64/
LogInit: Installed Engine Build: 1
LogInit: Presizing for max 8388607 objects, including 0 objects not considered by GC, pre-allocating 0 bytes for permanent pool.
LogInit: Object subsystem initialized
[2017.06.18-05.34.03:307][  0]LogInit: Selected Device Profile: [Windows]
[2017.06.18-05.34.03:307][  0]LogInit: Applying CVar settings loaded from the selected device profile: [Windows]
[2017.06.18-05.34.03:344][  0]LogInit: Computer: WIN-20161018QTG
[2017.06.18-05.34.03:344][  0]LogInit: User: Administrator
[2017.06.18-05.34.03:344][  0]LogInit: CPU Page size=65536, Cores=4
[2017.06.18-05.34.03:344][  0]LogInit: High frequency timer resolution =3.906386 MHz
[2017.06.18-05.34.03:344][  0]LogMemory: Memory total: Physical=15.9GB (16GB approx)
[2017.06.18-05.34.03:344][  0]LogMemory: Platform Memory Stats for Windows
[2017.06.18-05.34.03:344][  0]LogMemory: Process Physical Memory: 263.36 MB used, 263.36 MB peak
[2017.06.18-05.34.03:344][  0]LogMemory: Process Virtual Memory: 264.46 MB used, 264.46 MB peak
[2017.06.18-05.34.03:344][  0]LogMemory: Physical Memory: 3890.96 MB used,  12441.09 MB free, 16332.04 MB total
[2017.06.18-05.34.03:344][  0]LogMemory: Virtual Memory: 618.20 MB used,  12441.09 MB free, 8388608.00 MB total
[2017.06.18-05.34.03:509][  0]LogTextLocalizationManager:Warning: Loaded localization resources contain conflicting entries for (Namespace:UObjectToolTips, Key:AnimNode_AssetPlayerBase:InternalTimeAccumulator):
Localization Resource: (D:/Tool/MajorTool/UE4/Epic Games/4.15/UE_4.15/Engine/Content/Localization/EditorTutorials/zh-CN/EditorTutorials.locres) Source String Hash: (502993589) Localized String: (用于引用此节点中的资源的累积时间)
Localization Resource: (D:/Tool/MajorTool/UE4/Epic Games/4.15/UE_4.15/Engine/Content/Localization/Engine/zh-CN/Engine.locres) Source String Hash: (502993589) Localized String: (引用该节点中资源所用的累计时间)
[2017.06.18-05.34.03:509][  0]LogTextLocalizationManager:Warning: Loaded localization resources contain conflicting entries for (Namespace:UObjectToolTips, Key:AnimNode_AssetPlayerBase:bIgnoreForRelevancyTest):
Localization Resource: (D:/Tool/MajorTool/UE4/Epic Games/4.15/UE_4.15/Engine/Content/Localization/EditorTutorials/zh-CN/EditorTutorials.locres) Source String Hash: (319969718) Localized String: (若为真，在状态中寻找最高权重动画的“相关动画”节点将忽视 此节点)
Localization Resource: (D:/Tool/MajorTool/UE4/Epic Games/4.15/UE_4.15/Engine/Content/Localization/Engine/zh-CN/Engine.locres) Source String Hash: (319969718) Localized String: (如果为真，那么将会忽略查找最高权重动画的"相关动画"节点。
这个节点)
[2017.06.18-05.34.03:509][  0]LogTextLocalizationManager:Warning: Loaded localization resources contain conflicting entries for (Namespace:UObjectToolTips, Key:AnimNode_AssetPlayerBase:BlendWeight):
Localization Resource: (D:/Tool/MajorTool/UE4/Epic Games/4.15/UE_4.15/Engine/Content/Localization/EditorTutorials/zh-CN/EditorTutorials.locres) Source String Hash: (-1232800293) Localized String: (此节点最后交会的混合权重)
Localization Resource: (D:/Tool/MajorTool/UE4/Epic Games/4.15/UE_4.15/Engine/Content/Localization/Engine/zh-CN/Engine.locres) Source String Hash: (-1232800293) Localized String: (该节点上一次遇到的混合权重)
[2017.06.18-05.34.03:592][  0]LogWindowsTextInputMethodSystem:Display: IME system now activated using IMM (搜狗拼音输入).
[2017.06.18-05.34.03:883][  0]LogD3D11RHI: D3D11 adapters:
[2017.06.18-05.34.03:897][  0]LogD3D11RHI:    0. 'AMD Radeon R9 200 Series' (Feature Level 11_0)
[2017.06.18-05.34.03:898][  0]LogD3D11RHI:       3050/0/3840 MB DedicatedVideo/DedicatedSystem/SharedSystem, Outputs:1, VendorId:0x1002
[2017.06.18-05.34.03:898][  0]LogD3D11RHI: Chosen D3D11 Adapter: 0
[2017.06.18-05.34.03:906][  0]LogD3D11RHI: Creating new Direct3DDevice
[2017.06.18-05.34.03:906][  0]LogD3D11RHI:     GPU DeviceId: 0x6798 (for the marketing name, search the web for "GPU Device Id")
[2017.06.18-05.34.03:906][  0]LogWindows: EnumDisplayDevices:
[2017.06.18-05.34.03:906][  0]LogWindows:    0. 'AMD Radeon R9 200 Series' (P:1 D:1)
[2017.06.18-05.34.03:907][  0]LogWindows:    1. 'AMD Radeon R9 200 Series' (P:0 D:0)
[2017.06.18-05.34.03:907][  0]LogWindows:    2. 'AMD Radeon R9 200 Series' (P:0 D:0)
[2017.06.18-05.34.03:908][  0]LogWindows:    3. 'AMD Radeon R9 200 Series' (P:0 D:0)
[2017.06.18-05.34.03:909][  0]LogWindows:    4. 'AMD Radeon R9 200 Series' (P:0 D:0)
[2017.06.18-05.34.03:909][  0]LogWindows:    5. 'AMD Radeon R9 200 Series' (P:0 D:0)
[2017.06.18-05.34.03:910][  0]LogWindows:    6. 'RDPDD Chained DD' (P:0 D:0)
[2017.06.18-05.34.03:911][  0]LogWindows:    7. 'RDP Encoder Mirror Driver' (P:0 D:0)
[2017.06.18-05.34.03:911][  0]LogWindows:    8. 'RDP Reflector Display Driver' (P:0 D:0)
[2017.06.18-05.34.03:911][  0]LogWindows: DebugString: GetVideoDriverDetailsInvalid PrimaryIsNotTheChoosenAdapter GetVideoDriverDetailsInvalid PrimaryIsNotTheChoosenAdapter GetVideoDriverDetailsInvalid PrimaryIsNotTheChoosenAdapter FoundDriverCount:6 
[2017.06.18-05.34.03:911][  0]LogD3D11RHI:     Adapter Name: AMD Radeon R9 200 Series
[2017.06.18-05.34.03:911][  0]LogD3D11RHI:   Driver Version: Crimson 16.9.2 (internal:21.19.137.1, unified:21.19.137.1)
[2017.06.18-05.34.03:911][  0]LogD3D11RHI:      Driver Date: 9-16-2016
[2017.06.18-05.34.03:911][  0]LogRHI: Texture pool is 1361 MB (70% of 1945 MB)
[2017.06.18-05.34.03:960][  0]LogD3D11RHI: Async texture creation enabled
[2017.06.18-05.34.03:972][  0]LogD3D11RHI: GPU Timing Frequency: 27.000000 (Debug: 2 1)
[2017.06.18-05.34.03:972][  0]LogShaderCompilers: Guid format shader working directory is 39 characters bigger than the processId version (F:/LOLI/loli/萝莉/Intermediate/Shaders/WorkingDirectory/3836/).
[2017.06.18-05.34.03:973][  0]LogShaderCompilers: Cleaned the shader compiler working directory 'C:/Users/Administrator/AppData/Local/Temp/UnrealShaderWorkingDir/9711CB6C48AF04B2F6BE16BF9C1042FF/'.
[2017.06.18-05.34.03:973][  0]LogShaderCompilers:Display: Using Local Shader Compiler.
[2017.06.18-05.34.05:567][  0]LogTemp:Display: Loaded TP AllDesktopTargetPlatform
[2017.06.18-05.34.05:650][  0]LogTemp:Display: Loaded TP MacClientTargetPlatform
[2017.06.18-05.34.05:732][  0]LogTemp:Display: Loaded TP MacNoEditorTargetPlatform
[2017.06.18-05.34.05:815][  0]LogTemp:Display: Loaded TP MacServerTargetPlatform
[2017.06.18-05.34.05:898][  0]LogTemp:Display: Loaded TP MacTargetPlatform
[2017.06.18-05.34.06:457][  0]LogTemp:Display: Loaded TP WindowsClientTargetPlatform
[2017.06.18-05.34.06:539][  0]LogTemp:Display: Loaded TP WindowsNoEditorTargetPlatform
[2017.06.18-05.34.06:621][  0]LogTemp:Display: Loaded TP WindowsServerTargetPlatform
[2017.06.18-05.34.06:688][  0]LogTemp:Display: Loaded TP WindowsTargetPlatform
[2017.06.18-05.34.06:769][  0]LogTemp:Display: Loaded TP AndroidTargetPlatform
[2017.06.18-05.34.06:849][  0]LogTemp:Display: Loaded TP Android_ASTCTargetPlatform
[2017.06.18-05.34.06:931][  0]LogTemp:Display: Loaded TP Android_ATCTargetPlatform
[2017.06.18-05.34.07:013][  0]LogTemp:Display: Loaded TP Android_DXTTargetPlatform
[2017.06.18-05.34.07:094][  0]LogTemp:Display: Loaded TP Android_ETC1TargetPlatform
[2017.06.18-05.34.07:177][  0]LogTemp:Display: Loaded TP Android_ETC2TargetPlatform
[2017.06.18-05.34.07:339][  0]LogTemp:Display: Loaded TP Android_MultiTargetPlatform
[2017.06.18-05.34.07:339][  0]LogTemp:Display: Loaded TP Android_PVRTCTargetPlatform
[2017.06.18-05.34.07:398][  0]LogTemp:Display: Loaded TP HTML5TargetPlatform
[2017.06.18-05.34.07:536][  0]LogTemp:Display: Loaded TP IOSTargetPlatform
[2017.06.18-05.34.07:582][  0]LogTemp:Display: Loaded TP TVOSTargetPlatform
[2017.06.18-05.34.07:663][  0]LogTemp:Display: Loaded TP LinuxClientTargetPlatform
[2017.06.18-05.34.07:742][  0]LogTemp:Display: Loaded TP LinuxNoEditorTargetPlatform
[2017.06.18-05.34.07:823][  0]LogTemp:Display: Loaded TP LinuxServerTargetPlatform
[2017.06.18-05.34.07:904][  0]LogTemp:Display: Loaded TP LinuxTargetPlatform
[2017.06.18-05.34.07:904][  0]LogTargetPlatformManager:Display: Building Assets For Windows
[2017.06.18-05.34.08:471][  0]LogDerivedDataCache:Display: Max Cache Size: 512 MB
[2017.06.18-05.34.08:565][  0]LogDerivedDataCache: Loaded boot cache 0.09s 50MB C:/Users/Administrator/AppData/Local/UnrealEngine/4.15/DerivedDataCache/Boot.ddc.
[2017.06.18-05.34.08:565][  0]LogDerivedDataCache:Display: Loaded Boot cache: C:/Users/Administrator/AppData/Local/UnrealEngine/4.15/DerivedDataCache/Boot.ddc
[2017.06.18-05.34.08:565][  0]LogDerivedDataCache: FDerivedDataBackendGraph:  Pak pak cache file F:/LOLI/loli/萝莉/DerivedDataCache/DDC.ddp not found, will not use a pak cache.
[2017.06.18-05.34.08:565][  0]LogDerivedDataCache: Unable to find inner node Pak for hierarchical cache Hierarchy.
[2017.06.18-05.34.08:565][  0]LogDerivedDataCache: FDerivedDataBackendGraph:  CompressedPak pak cache file F:/LOLI/loli/萝莉/DerivedDataCache/Compressed.ddp not found, will not use a pak cache.
[2017.06.18-05.34.08:565][  0]LogDerivedDataCache: Unable to find inner node CompressedPak for hierarchical cache Hierarchy.
[2017.06.18-05.34.08:587][  0]LogDerivedDataCache:Display: Pak cache opened for reading ../../../Engine/DerivedDataCache/Compressed.ddp.
[2017.06.18-05.34.08:601][  0]LogDerivedDataCache: Using Local data cache path C:/Users/Administrator/AppData/Local/UnrealEngine/Common/DerivedDataCache: Writable
[2017.06.18-05.34.08:614][  0]LogSlate: Using Freetype 2.6.0
[2017.06.18-05.34.08:615][  0]LogSlate: SlateFontCache - WITH_FREETYPE: 1, WITH_HARFBUZZ: 1
[2017.06.18-05.34.08:615][  0]LogSlate: SlateFontCache - WITH_FREETYPE: 1, WITH_HARFBUZZ: 1
[2017.06.18-05.34.08:985][  0]LogInit: Selected Device Profile: [Windows]
[2017.06.18-05.34.08:991][  0]LogContentStreaming: Texture pool size is 0.00 MB
[2017.06.18-05.34.09:266][  0]LogMeshUtilities: Using QuadricMeshReduction for automatic static mesh reduction
[2017.06.18-05.34.09:331][  0]LogSimplygon: Simplygon DLL not present - disabling.
[2017.06.18-05.34.09:399][  0]LogMeshUtilities: Using SimplygonSwarm for distributed automatic mesh merging
[2017.06.18-05.34.09:399][  0]LogMeshUtilities: No automatic skeletal mesh reduction module available
[2017.06.18-05.34.09:399][  0]LogMeshUtilities: No automatic mesh merging module available
[2017.06.18-05.34.10:120][  0]LogNetVersion: GetLocalNetworkVersion: CL: 3299760, ProjectName: 萝莉, ProjectVersion: , EngineNetworkVersion: 2, GameNetworkVersion: 0, NetworkChecksum: 2312337547
[2017.06.18-05.34.10:170][  0]LogAssetRegistry: FAssetRegistry took 0.0202 seconds to start up
[2017.06.18-05.34.10:282][  0]LogPackageLocalizationCache: Processed 3 localized package path(s) for 4 prioritized culture(s) in 0.061031 seconds
[2017.06.18-05.34.10:288][  0]LogUObjectArray: 32493 objects as part of root set at end of initial load.
[2017.06.18-05.34.10:288][  0]LogUObjectAllocator: 7077032 out of 0 bytes used by permanent object pool.
[2017.06.18-05.34.10:288][  0]LogUObjectArray: CloseDisregardForGC: 0/0 objects in disregard for GC pool
[2017.06.18-05.34.10:361][  0]LogInit: WinSock: version 1.1 (2.2), MaxSocks=32767, MaxUdp=65467
[2017.06.18-05.34.12:661][  0]LogTcpMessaging: Initializing TcpMessaging bridge
[2017.06.18-05.34.12:706][  0]LogUdpMessaging: Initializing bridge on interface 0.0.0.0:0 to multicast group 230.0.0.1:6666.
[2017.06.18-05.34.13:390][  0]LogMaterial: Uniform references updated for custom material expression Custom.
[2017.06.18-05.34.13:941][  0]SourceControl: 信息 源码控制已禁用
[2017.06.18-05.34.13:942][  0]SourceControl: 信息 源码控制已禁用
[2017.06.18-05.34.14:012][  0]SourceControl: 信息 源码控制已禁用
[2017.06.18-05.34.14:082][  0]SourceControl: 信息 源码控制已禁用
[2017.06.18-05.34.15:883][  0]LogEngine: Initializing Engine...
[2017.06.18-05.34.15:885][  0]LogHMD: Failed to initialize OpenVR with code 110
[2017.06.18-05.34.16:010][  0]LogStats: UGameplayTagsManager::ConstructGameplayTagTree: Construct from data asset -  0.000 s
[2017.06.18-05.34.16:010][  0]LogStats: UGameplayTagsManager::ConstructGameplayTagTree: GameplayTagTreeChangedEvent.Broadcast -  0.000 s
[2017.06.18-05.34.16:194][  0]LogAIModule: Creating AISystem for world Untitled
[2017.06.18-05.34.16:232][  0]LogInit: XAudio2 using '扬声器 (Realtek High Definition Audio)' : 2 channels at 48 kHz using 32 bits per sample (channel mask 0x3)
[2017.06.18-05.34.16:319][  0]LogInit: FAudioDevice initialized.
[2017.06.18-05.34.16:367][  0]LogDerivedDataCache: Saved boot cache 0.05s 50MB C:/Users/Administrator/AppData/Local/UnrealEngine/4.15/DerivedDataCache/Boot.ddc.
[2017.06.18-05.34.16:379][  0]LogInit: Texture streaming: Enabled
[2017.06.18-05.34.16:492][  0]LogEngineSessionManager: EngineSessionManager initialized
[2017.06.18-05.34.16:635][  0]LogInit: Transaction tracking system initialized
[2017.06.18-05.34.17:152][  0]BlueprintLog: New page: 编辑器加载
[2017.06.18-05.34.18:426][  0]LocalizationService: 信息 本地化服务已被禁用
[2017.06.18-05.34.19:398][  0]LogConsoleResponse:Display: 
[2017.06.18-05.34.19:580][  0]LogCook:Display: Max memory allowance for cook 16384mb min free memory 0mb
[2017.06.18-05.34.19:580][  0]LogCook:Display: Mobile HDR setting 1
[2017.06.18-05.34.20:451][  0]LogFileCache: Scanning file cache for directory 'F:/LOLI/loli/萝莉/Content/' took 0.02s
[2017.06.18-05.34.21:044][  0]SourceControl: 信息 源码控制已禁用
[2017.06.18-05.34.21:044][  0]Cmd: MAP LOAD FILE="../../../Engine/Content/Maps/Templates/Template_Default.umap" TEMPLATE=1 SHOWPROGRESS=1 FEATURELEVEL=3
[2017.06.18-05.34.21:045][  0]LightingResults: New page: 光照构建
[2017.06.18-05.34.21:108][  0]MapCheck: New page: 地图检测
[2017.06.18-05.34.21:108][  0]LightingResults: New page: 光照构建
[2017.06.18-05.34.21:383][  0]LogAIModule: Creating AISystem for world Untitled_1
[2017.06.18-05.34.21:407][  0]LogActorComponent: RegisterComponentWithWorld: (/Temp/Untitled_1.Untitled_1:PersistentLevel.WorldSettings_1.StaticMeshComponent0) Trying to register component with IsPendingKill() == true. Aborting.
[2017.06.18-05.34.21:413][  0]LogEditorServer: Finished looking for orphan Actors (0.000 secs)
[2017.06.18-05.34.21:417][  0]Cmd: MAP CHECKDEP NOCLEARLOG
[2017.06.18-05.34.21:453][  0]MapCheck: 信息 地图检测完成：0个错误，0 个警告，用时35.555毫秒完成。
[2017.06.18-05.34.21:453][  0]LogFileHelpers: Loading map 'Template_Default' took 0.409
[2017.06.18-05.34.22:147][  0]LogCollectionManager: Loaded 0 collections in 0.002112 seconds
[2017.06.18-05.34.22:402][  0]LogFileCache: Scanning file cache for directory 'F:/LOLI/loli/萝莉/Saved/Collections/' took 0.01s
[2017.06.18-05.34.22:402][  0]LogFileCache: Scanning file cache for directory 'F:/LOLI/loli/萝莉/Content/Developers/Administrator/Collections/' took 0.01s
[2017.06.18-05.34.22:402][  0]LogFileCache: Scanning file cache for directory 'F:/LOLI/loli/萝莉/Content/Collections/' took 0.01s
[2017.06.18-05.34.22:402][  0]LogCollectionManager: Rebuilt the GUID cache for 0 collections in 0.000003 seconds
[2017.06.18-05.34.22:433][  0]LogContentBrowser: Native class hierarchy populated in 0.0278 seconds. Added 2245 classes and 453 folders.
[2017.06.18-05.34.22:560][  0]LogContentBrowser: Native class hierarchy updated for 'WidgetCarousel' in 0.0006 seconds. Added 0 classes and 0 folders.
[2017.06.18-05.34.23:162][  0]LogContentBrowser: Native class hierarchy updated for 'AddContentDialog' in 0.0008 seconds. Added 0 classes and 0 folders.
[2017.06.18-05.34.23:272][  0]LogContentBrowser: Native class hierarchy updated for 'SceneOutliner' in 0.0008 seconds. Added 1 classes and 2 folders.
[2017.06.18-05.34.23:617][  0]LogCrashTracker: Crashtracker disabled due to settings.
[2017.06.18-05.34.24:092][  0]LogContentBrowser: Native class hierarchy updated for 'HierarchicalLODOutliner' in 0.0006 seconds. Added 1 classes and 2 folders.
[2017.06.18-05.34.24:092][  0]LogLoad: (Engine Initialization) Total time: 27.19 seconds
[2017.06.18-05.34.24:092][  0]LogLoad: (Engine Initialization) Total Blueprint compile time: 0.13 seconds
[2017.06.18-05.34.24:092][  0]LogExternalProfiler: No external profilers were discovered.  External profiling features will not be available.
[2017.06.18-05.34.24:431][  0]LogOcInput: OculusInput pre-init called
[2017.06.18-05.34.24:485][  0]LogContentStreaming: Texture pool size now 1000 MB
[2017.06.18-05.34.24:487][  0]LogSlate: Took 0.000334 seconds to synchronously load lazily loaded font '../../../Engine/Content/Slate/Fonts/Roboto-Regular.ttf' (155K)
[2017.06.18-05.34.24:491][  0]LogSlate: Took 0.004631 seconds to synchronously load lazily loaded font '../../../Engine/Content/Slate/Fonts/DroidSansFallback.ttf' (3848K)
[2017.06.18-05.34.24:497][  0]LogSlate: Took 0.000258 seconds to synchronously load lazily loaded font '../../../Engine/Content/Slate/Fonts/Roboto-Bold.ttf' (160K)
[2017.06.18-05.34.24:581][  0]LogSlate: Took 0.037534 seconds to synchronously load lazily loaded font '../../../Engine/Content/Editor/Slate/Fonts/FontAwesome.ttf' (139K)
[2017.06.18-05.34.25:502][  0]LogRenderer: Reallocating scene render targets to support 1208x580 NumSamples 1 (Frame:2).
[2017.06.18-05.34.25:502][  0]LogSlate: Took 0.041232 seconds to synchronously load lazily loaded font '../../../Engine/Content/Slate/Fonts/Roboto-Light.ttf' (159K)
[2017.06.18-05.34.26:182][  2]LogAssetRegistry: Asset discovery search completed in 16.0319 seconds
[2017.06.18-05.34.26:182][  2]LogCollectionManager: Rebuilt the object cache for 0 collections in 0.000005 seconds (found 0 objects)
[2017.06.18-05.34.26:182][  2]LogCollectionManager: Fixed up redirectors for 0 collections in 0.000022 seconds (updated 0 objects)
[2017.06.18-05.34.32:288][363]LogSlate: Took 0.000247 seconds to synchronously load lazily loaded font '../../../Engine/Content/Slate/Fonts/Roboto-Light.ttf' (159K)
[2017.06.18-05.34.33:162][363]LogSlate: Took 0.000626 seconds to synchronously load lazily loaded font '../../../Engine/Content/Slate/Fonts/Roboto-Regular.ttf' (155K)
[2017.06.18-05.34.34:761][363]LogAIModule: Creating AISystem for world ThirdPersonExampleMap
[2017.06.18-05.34.34:762][363]LogMaterial:Warning: Material /Game/Mod/Jingwu/Mod_J/Shafa/Mu.Mu needed to have new flag set bUsedWithStaticLighting !
[2017.06.18-05.34.34:775][363]LogMaterial: Missing cached shader map for material Mu, compiling. 
[2017.06.18-05.34.34:790][363]LogTemp:Display: Added material ShaderMap 0x0000000049E32E80 with Material 0x000000003DBCC100 to ShaderMapsBeingCompiled
[2017.06.18-05.34.34:839][363]LogTemp:Display: Kicking off shader compilation for Mu, GameThreadShaderMap 0x0000000049E32E80
[2017.06.18-05.34.34:842][363]MapCheck:Warning: 警告 Mu 材质/Game/Mod/Jingwu/Mod_J/Shafa/Mu.Mu缺失使用标志bUsedWithStaticLighting。如果材质资源没有进行重新保存，那么当在编辑器外运行时它可能无法正确渲染。 修复
[2017.06.18-05.34.34:869][363]LogMaterial: 0.00 seconds spent updating 1 materials, 1 interfaces, 0 instances, 0 with static permutations.
[2017.06.18-05.34.34:869][363]LogMaterial:Warning: Material /Game/Mod/Jingwu/Mod_J/Shafa/Safa.Safa needed to have new flag set bUsedWithStaticLighting !
[2017.06.18-05.34.34:873][363]LogMaterial: Missing cached shader map for material Safa, compiling. 
[2017.06.18-05.34.34:878][363]LogTemp:Display: Added material ShaderMap 0x000000004B5A3900 with Material 0x000000003D7EDF00 to ShaderMapsBeingCompiled
[2017.06.18-05.34.34:944][363]LogTemp:Display: Kicking off shader compilation for Safa, GameThreadShaderMap 0x000000004B5A3900
[2017.06.18-05.34.34:944][363]MapCheck:Warning: 警告 Safa 材质/Game/Mod/Jingwu/Mod_J/Shafa/Safa.Safa缺失使用标志bUsedWithStaticLighting。如果材质资源没有进行重新保存，那么当在编辑器外运行时它可能无法正确渲染。 修复
[2017.06.18-05.34.34:946][363]LogMaterial: 0.00 seconds spent updating 1 materials, 1 interfaces, 0 instances, 0 with static permutations.
[2017.06.18-05.34.34:950][363]LogMaterial:Warning: Material /Game/Mod/Jingwu/Mod_J/jianzhu/bieshu01/mudiban01.mudiban01 needed to have new flag set bUsedWithStaticLighting !
[2017.06.18-05.34.34:966][363]LogMaterial: Missing cached shader map for material mudiban01, compiling. 
[2017.06.18-05.34.34:967][363]LogTemp:Display: Added material ShaderMap 0x0000000048A58800 with Material 0x000000003DBCE980 to ShaderMapsBeingCompiled
[2017.06.18-05.34.34:993][363]LogTemp:Display: Kicking off shader compilation for mudiban01, GameThreadShaderMap 0x0000000048A58800
[2017.06.18-05.34.34:994][363]MapCheck:Warning: 警告 mudiban01 材质/Game/Mod/Jingwu/Mod_J/jianzhu/bieshu01/mudiban01.mudiban01缺失使用标志bUsedWithStaticLighting。如果材质资源没有进行重新保存，那么当在编辑器外运行时它可能无法正确渲染。 修复
[2017.06.18-05.34.34:995][363]LogMaterial: 0.00 seconds spent updating 1 materials, 1 interfaces, 0 instances, 0 with static permutations.
[2017.06.18-05.34.34:996][363]LogMaterial:Warning: Material /Game/Mod/Jingwu/Mod_J/jianzhu/bieshu01/Material__364.Material__364 needed to have new flag set bUsedWithStaticLighting !
[2017.06.18-05.34.34:999][363]LogMaterial: Missing cached shader map for material Material__364, compiling. 
[2017.06.18-05.34.35:000][363]LogTemp:Display: Added material ShaderMap 0x000000004ACF3900 with Material 0x000000003DBE8700 to ShaderMapsBeingCompiled
[2017.06.18-05.34.35:023][363]LogTemp:Display: Kicking off shader compilation for Material__364, GameThreadShaderMap 0x000000004ACF3900
[2017.06.18-05.34.35:023][363]MapCheck:Warning: 警告 Material__364 材质/Game/Mod/Jingwu/Mod_J/jianzhu/bieshu01/Material__364.Material__364缺失使用标志bUsedWithStaticLighting。如果材质资源没有进行重新保存，那么当在编辑器外运行时它可能无法正确渲染。 修复
[2017.06.18-05.34.35:025][363]LogMaterial: 0.00 seconds spent updating 1 materials, 1 interfaces, 0 instances, 0 with static permutations.
[2017.06.18-05.34.35:119][363]Cmd: MAP LOAD FILE="F:/LOLI/loli/萝莉/Content/ThirdPersonBP/Maps/ThirdPersonExampleMap.umap" TEMPLATE=0 SHOWPROGRESS=1 FEATURELEVEL=3
[2017.06.18-05.34.35:119][363]LightingResults: New page: 光照构建
[2017.06.18-05.34.35:121][363]LoadErrors: New page: 正在加载地图： ThirdPersonExampleMap.umap
[2017.06.18-05.34.35:121][363]MapCheck: New page: 地图检测
[2017.06.18-05.34.35:121][363]LightingResults: New page: 光照构建
[2017.06.18-05.34.35:426][363]LogEditorServer: Finished looking for orphan Actors (0.000 secs)
[2017.06.18-05.34.35:461][363]Cmd: MAP CHECKDEP NOCLEARLOG
[2017.06.18-05.34.35:530][363]MapCheck: 信息 地图检测完成：0个错误，0 个警告，用时69.094毫秒完成。
[2017.06.18-05.34.35:530][363]LogFileHelpers: Loading map 'ThirdPersonExampleMap' took 0.413
[2017.06.18-05.34.38:058][532]LogTemp:Display: Finished compile of shader map 0x0000000049E32E80
[2017.06.18-05.34.38:058][532]LogTemp:Display: Shader map Mu complete, GameThreadShaderMap 0x0000000049E32E80, marking material Mu as finished
[2017.06.18-05.34.38:058][532]LogTemp:Display: Marking material as finished 0x000000003DBCC100
[2017.06.18-05.34.38:300][547]LogEditorViewport: Clicking on Actor (LMB): Landscape (Landscape)
[2017.06.18-05.34.38:916][554]LogEditorViewport: Clicking on Actor (LMB): Landscape (Landscape)
[2017.06.18-05.34.41:699][620]LogTemp:Display: Finished compile of shader map 0x000000004B5A3900
[2017.06.18-05.34.41:699][620]LogTemp:Display: Shader map Safa complete, GameThreadShaderMap 0x000000004B5A3900, marking material Safa as finished
[2017.06.18-05.34.41:699][620]LogTemp:Display: Marking material as finished 0x000000003D7EDF00
[2017.06.18-05.34.42:689][623]LogTemp:Display: Finished compile of shader map 0x0000000048A58800
[2017.06.18-05.34.42:689][623]LogTemp:Display: Shader map mudiban01 complete, GameThreadShaderMap 0x0000000048A58800, marking material mudiban01 as finished
[2017.06.18-05.34.42:689][623]LogTemp:Display: Marking material as finished 0x000000003DBCE980
[2017.06.18-05.34.43:691][626]LogTemp:Display: Finished compile of shader map 0x000000004ACF3900
[2017.06.18-05.34.43:691][626]LogTemp:Display: Shader map Material__364 complete, GameThreadShaderMap 0x000000004ACF3900, marking material Material__364 as finished
[2017.06.18-05.34.43:691][626]LogTemp:Display: Marking material as finished 0x000000003DBE8700
[2017.06.18-05.37.14:757][189]LogEditorViewport: Clicking on Actor (LMB): StaticMeshActor (别墅01_对象3)
[2017.06.18-05.38.24:421][712]LogEditorViewport: Clicking on Actor (LMB): Landscape (Landscape)
[2017.06.18-05.38.26:302][902]LogTemp: Repeting last play command: 选中的视口
[2017.06.18-05.38.26:313][902]LogBlueprintUserMessages: Early PlayInEditor Detection: Level '/Game/ThirdPersonBP/Maps/ThirdPersonExampleMap.ThirdPersonExampleMap:PersistentLevel' has LevelScriptBlueprint '/Game/ThirdPersonBP/Maps/ThirdPersonExampleMap.ThirdPersonExampleMap:PersistentLevel.ThirdPersonExampleMap' with GeneratedClass '/Game/ThirdPersonBP/Maps/ThirdPersonExampleMap.ThirdPersonExampleMap_C' with ClassGeneratedBy '/Game/ThirdPersonBP/Maps/ThirdPersonExampleMap.ThirdPersonExampleMap:PersistentLevel.ThirdPersonExampleMap'
[2017.06.18-05.38.26:313][902]LogPlayLevel: PlayLevel: No blueprints needed recompiling
[2017.06.18-05.38.26:338][902]PIE: New page: PIE会话: ThirdPersonExampleMap (2017年6月18日 下午9:38:26)
[2017.06.18-05.38.26:346][902]LogPlayLevel: Creating play world package: /Game/ThirdPersonBP/Maps/UEDPIE_0_ThirdPersonExampleMap
[2017.06.18-05.38.26:414][902]LogPlayLevel: PIE: StaticDuplicateObject took: (0.067941s)
[2017.06.18-05.38.26:415][902]LogAIModule: Creating AISystem for world ThirdPersonExampleMap
[2017.06.18-05.38.26:416][902]LogPlayLevel: PIE: World Init took: (0.001045s)
[2017.06.18-05.38.26:416][902]LogPlayLevel: PIE: Created PIE world by copying editor world from /Game/ThirdPersonBP/Maps/ThirdPersonExampleMap.ThirdPersonExampleMap to /Game/ThirdPersonBP/Maps/UEDPIE_0_ThirdPersonExampleMap.ThirdPersonExampleMap (0.078012s)
[2017.06.18-05.38.26:445][902]LogInit: XAudio2 using '扬声器 (Realtek High Definition Audio)' : 2 channels at 48 kHz using 32 bits per sample (channel mask 0x3)
[2017.06.18-05.38.26:466][902]LogInit: FAudioDevice initialized.
[2017.06.18-05.38.26:564][902]LogLoad: Game class is 'GameModeBase'
[2017.06.18-05.38.26:599][902]LogWorld: Bringing World /Game/ThirdPersonBP/Maps/UEDPIE_0_ThirdPersonExampleMap.ThirdPersonExampleMap up for play (max tick rate 0) at 2017.06.18-13.38.26
[2017.06.18-05.38.26:606][902]LogWorld: Bringing up level for play took: 0.019388
[2017.06.18-05.38.26:742][902]LogContentBrowser: Native class hierarchy updated for 'MovieSceneCapture' in 0.0007 seconds. Added 11 classes and 0 folders.
[2017.06.18-05.38.26:743][902]PIE: 信息 /Game/ThirdPersonBP/Maps/UEDPIE_0_ThirdPersonExampleMap的‘在编辑器中播放’的起始时间0.208
[2017.06.18-05.38.26:747][902]LogBlueprintUserMessages: Late PlayInEditor Detection: Level '/Game/ThirdPersonBP/Maps/ThirdPersonExampleMap.ThirdPersonExampleMap:PersistentLevel' has LevelScriptBlueprint '/Game/ThirdPersonBP/Maps/ThirdPersonExampleMap.ThirdPersonExampleMap:PersistentLevel.ThirdPersonExampleMap' with GeneratedClass '/Game/ThirdPersonBP/Maps/ThirdPersonExampleMap.ThirdPersonExampleMap_C' with ClassGeneratedBy '/Game/ThirdPersonBP/Maps/ThirdPersonExampleMap.ThirdPersonExampleMap:PersistentLevel.ThirdPersonExampleMap'
[2017.06.18-05.39.42:357][305]Cmd: OBJ SAVEPACKAGE PACKAGE="/Game/ThirdPersonBP/Maps/ThirdPersonExampleMap" FILE="F:/LOLI/loli/萝莉/Content/ThirdPersonBP/Maps/ThirdPersonExampleMap.umap" SILENT=true AUTOSAVING=false KEEPDIRTY=false
[2017.06.18-05.39.42:816][305]LogSavePackage: Save=424.28ms
[2017.06.18-05.39.42:817][305]LogSavePackage: Moving 'F:/LOLI/loli/萝莉/Saved/ThirdPersonExampleMapD3AD070F4D2506A83021D6B1D2ACEC55.tmp' to 'F:/LOLI/loli/萝莉/Content/ThirdPersonBP/Maps/ThirdPersonExampleMap.umap'
[2017.06.18-05.39.42:820][305]LogSavePackage:Display: Finished SavePackage F:/LOLI/loli/萝莉/Content/ThirdPersonBP/Maps/ThirdPersonExampleMap.umap
[2017.06.18-05.39.42:843][305]Cmd: OBJ SAVEPACKAGE PACKAGE="/Game/ThirdPersonBP/Maps/ThirdPersonExampleMap_BuiltData" FILE="F:/LOLI/loli/萝莉/Content/ThirdPersonBP/Maps/ThirdPersonExampleMap_BuiltData.uasset" SILENT=true
[2017.06.18-05.39.43:242][305]LogSavePackage: Save=386.13ms
[2017.06.18-05.39.43:242][305]LogSavePackage: Moving 'F:/LOLI/loli/萝莉/Saved/ThirdPersonExampleMap_BuiltDataBAA74C0B4E1EEFF04C9C51B668D5F6B2.tmp' to 'F:/LOLI/loli/萝莉/Content/ThirdPersonBP/Maps/ThirdPersonExampleMap_BuiltData.uasset'
[2017.06.18-05.39.43:245][305]LogSavePackage:Display: Finished SavePackage F:/LOLI/loli/萝莉/Content/ThirdPersonBP/Maps/ThirdPersonExampleMap_BuiltData.uasset
[2017.06.18-05.39.46:228][662]LogBlueprintUserMessages: Early EndPlayMap Detection: Level '/Game/ThirdPersonBP/Maps/ThirdPersonExampleMap.ThirdPersonExampleMap:PersistentLevel' has LevelScriptBlueprint '/Game/ThirdPersonBP/Maps/ThirdPersonExampleMap.ThirdPersonExampleMap:PersistentLevel.ThirdPersonExampleMap' with GeneratedClass '/Game/ThirdPersonBP/Maps/ThirdPersonExampleMap.ThirdPersonExampleMap_C' with ClassGeneratedBy '/Game/ThirdPersonBP/Maps/ThirdPersonExampleMap.ThirdPersonExampleMap:PersistentLevel.ThirdPersonExampleMap'
[2017.06.18-05.39.46:564][662]LogStats: FPlatformStackWalk::StackWalkAndDump -  0.330 s
[2017.06.18-05.39.46:564][662]LogOutputDevice:Error: === Handled ensure: ===
[2017.06.18-05.39.46:564][662]LogOutputDevice:Error: 
[2017.06.18-05.39.46:565][662]LogOutputDevice:Error: Ensure condition failed: NewObject->IsA(this->GeneratedClass) [File:D:\Build\++UE4+Release-4.15+Compile\Sync\Engine\Source\Runtime\Engine\Private\Blueprint.cpp] [Line: 755]
[2017.06.18-05.39.46:565][662]LogOutputDevice:Error: Type mismatch: Expected ThirdPersonExampleMap_C, Found REINST_ThirdPersonExampleMap_C_19
[2017.06.18-05.39.46:565][662]LogOutputDevice:Error: Stack: 
[2017.06.18-05.39.46:565][662]LogOutputDevice:Error: UE4Editor-Core.dll!0x00000000EEAF95E6
[2017.06.18-05.39.46:565][662]LogOutputDevice:Error: UE4Editor-Core.dll!0x00000000EE8A9B82
[2017.06.18-05.39.46:565][662]LogOutputDevice:Error: UE4Editor-Core.dll!0x00000000EE8BB666
[2017.06.18-05.39.46:565][662]LogOutputDevice:Error: UE4Editor-Engine.dll!0x00000000EB0FF281
[2017.06.18-05.39.46:565][662]LogOutputDevice:Error: UE4Editor-Engine.dll!0x00000000EBED9071
[2017.06.18-05.39.46:565][662]LogOutputDevice:Error: UE4Editor-UnrealEd.dll!0x00000000E7B52DDD
[2017.06.18-05.39.46:565][662]LogOutputDevice:Error: UE4Editor-UnrealEd.dll!0x00000000E7B0E9DE
[2017.06.18-05.39.46:565][662]LogOutputDevice:Error: UE4Editor-UnrealEd.dll!0x00000000E7637A9F
[2017.06.18-05.39.46:565][662]LogOutputDevice:Error: UE4Editor-UnrealEd.dll!0x00000000E7E42196
[2017.06.18-05.39.46:565][662]LogOutputDevice:Error: UE4Editor.exe!0x000000003F1BDEE3
[2017.06.18-05.39.46:565][662]LogOutputDevice:Error: UE4Editor.exe!0x000000003F1AEB40
[2017.06.18-05.39.46:565][662]LogOutputDevice:Error: UE4Editor.exe!0x000000003F1AEBBA
[2017.06.18-05.39.46:565][662]LogOutputDevice:Error: UE4Editor.exe!0x000000003F1C0A29
[2017.06.18-05.39.46:565][662]LogOutputDevice:Error: UE4Editor.exe!0x000000003F1C22B6
[2017.06.18-05.39.46:565][662]LogOutputDevice:Error: kernel32.dll!0x0000000076F059CD
[2017.06.18-05.39.46:565][662]LogOutputDevice:Error: ntdll.dll!0x000000007717A561
[2017.06.18-05.39.46:565][662]LogOutputDevice:Error: 
[2017.06.18-05.39.46:571][662]LogStats:                SubmitErrorReport -  0.000 s
