Log file open, 06/22/17 10:36:40
LogInit:Display: Running engine for game: 萝莉
LogPlatformFile: Not using cached read wrapper
LogInit:Display: RandInit(-1184205594) SRandInit(-1184205593).
LogTaskGraph: Started task graph with 5 named threads and 8 total threads with 1 sets of task threads.
LogStats: Stats thread started at 0.156595
LogInit: Using libcurl 7.47.1
LogInit:  - built for x86_64-pc-win32
LogInit:  - supports SSL with OpenSSL/1.0.2g
LogInit:  - supports HTTP deflate (compression) using libz 1.2.8
LogInit:  - other features:
LogInit:      CURL_VERSION_SSL
LogInit:      CURL_VERSION_LIBZ
LogInit:      CURL_VERSION_IPV6
LogInit:      CURL_VERSION_ASYNCHDNS
LogInit:      CURL_VERSION_LARGEFILE
LogInit:      CURL_VERSION_IDN
LogInit:  CurlRequestOptions (configurable via config and command line):
LogInit:  - bVerifyPeer = false  - Libcurl will NOT verify peer certificate
LogInit:  - bUseHttpProxy = false  - Libcurl will NOT use HTTP proxy
LogInit:  - bDontReuseConnections = false  - Libcurl will reuse connections
LogInit:  - CertBundlePath = nullptr  - Libcurl will use whatever was configured at build time.
LogInit: Build: ++UE4+Release-4.15-CL-3416026
LogInit: Engine Version: 4.15.2-3416026+++UE4+Release-4.15
LogInit: Compatible Engine Version: 4.15.0-3299760+++UE4+Release-4.15
LogInit: Net CL: 3299760
LogDevObjectVersion: Number of dev versions registered: 14
LogDevObjectVersion:   Dev-Blueprints (B0D832E4-1F89-4F0D-ACCF-7EB736FD4AA2): 8
LogDevObjectVersion:   Dev-Build (E1C64328-A22C-4D53-A36C-8E866417BD8C): 0
LogDevObjectVersion:   Dev-Core (375EC13C-06E4-48FB-B500-84F0262A717E): 2
LogDevObjectVersion:   Dev-Editor (E4B068ED-F494-42E9-A231-DA0B2E46BB41): 14
LogDevObjectVersion:   Dev-Framework (CFFC743F-43B0-4480-9391-14DF171D2073): 22
LogDevObjectVersion:   Dev-Mobile (B02B49B5-BB20-44E9-A304-32B752E40360): 0
LogDevObjectVersion:   Dev-Networking (A4E4105C-59A1-49B5-A7C5-40C4547EDFEE): 0
LogDevObjectVersion:   Dev-Online (39C831C9-5AE6-47DC-9A44-9C173E1C8E7C): 0
LogDevObjectVersion:   Dev-Physics (78F01B33-EBEA-4F98-B9B4-84EACCB95AA2): 0
LogDevObjectVersion:   Dev-Platform (6631380F-2D4D-43E0-8009-CF276956A95A): 0
LogDevObjectVersion:   Dev-Rendering (12F88B9F-8875-4AFC-A67C-D90C383ABD29): 12
LogDevObjectVersion:   Dev-Sequencer (7B5AE74C-D270-4C10-A958-57980B212A5A): 3
LogDevObjectVersion:   Dev-VR (D7296918-1DD6-4BDD-9DE2-64A83CC13884): 0
LogDevObjectVersion:   Dev-LoadTimes (C2A15278-BFE7-4AFE-6C17-90FF531DF755): 1
LogInit: Compiled (64-bit): May  1 2017 13:11:28
LogInit: Compiled with Visual C++: 19.00.23026.00
LogInit: Build Configuration: Development
LogInit: Branch Name: ++UE4+Release-4.15
LogInit: Command line:  
LogInit: Base directory: D:/Epic Games/UE_4.15/Engine/Binaries/Win64/
LogInit: Installed Engine Build: 1
LogInit: Presizing for max 8388607 objects, including 0 objects not considered by GC, pre-allocating 0 bytes for permanent pool.
LogInit: Object subsystem initialized
[2017.06.22-02.36.42:171][  0]LogInit: Selected Device Profile: [Windows]
[2017.06.22-02.36.42:171][  0]LogInit: Applying CVar settings loaded from the selected device profile: [Windows]
[2017.06.22-02.36.42:210][  0]LogInit: Computer: DESKTOP-44SKKF1
[2017.06.22-02.36.42:210][  0]LogInit: User: 1
[2017.06.22-02.36.42:210][  0]LogInit: CPU Page size=65536, Cores=4
[2017.06.22-02.36.42:211][  0]LogInit: High frequency timer resolution =1.754523 MHz
[2017.06.22-02.36.42:211][  0]LogMemory: Memory total: Physical=7.3GB (8GB approx)
[2017.06.22-02.36.42:211][  0]LogMemory: Platform Memory Stats for Windows
[2017.06.22-02.36.42:211][  0]LogMemory: Process Physical Memory: 262.91 MB used, 262.91 MB peak
[2017.06.22-02.36.42:211][  0]LogMemory: Process Virtual Memory: 262.74 MB used, 262.74 MB peak
[2017.06.22-02.36.42:211][  0]LogMemory: Physical Memory: 3119.10 MB used,  4366.23 MB free, 7485.34 MB total
[2017.06.22-02.36.42:211][  0]LogMemory: Virtual Memory: 643.93 MB used,  4366.23 MB free, 134217728.00 MB total
[2017.06.22-02.36.42:436][  0]LogInit: Overriding culture en with editor configuration.
[2017.06.22-02.36.43:978][  0]LogD3D11RHI: D3D11 adapters:
[2017.06.22-02.36.44:029][  0]LogD3D11RHI:    0. 'AMD Radeon R6 Graphics' (Feature Level 11_0)
[2017.06.22-02.36.44:029][  0]LogD3D11RHI:       487/0/3742 MB DedicatedVideo/DedicatedSystem/SharedSystem, Outputs:1, VendorId:0x1002
[2017.06.22-02.36.44:033][  0]LogD3D11RHI:    1. 'Microsoft Basic Render Driver' (Feature Level 11_0)
[2017.06.22-02.36.44:033][  0]LogD3D11RHI:       0/0/3742 MB DedicatedVideo/DedicatedSystem/SharedSystem, Outputs:0, VendorId:0x1414
[2017.06.22-02.36.44:034][  0]LogD3D11RHI: Chosen D3D11 Adapter: 0
[2017.06.22-02.36.44:062][  0]LogD3D11RHI: Creating new Direct3DDevice
[2017.06.22-02.36.44:062][  0]LogD3D11RHI:     GPU DeviceId: 0x9874 (for the marketing name, search the web for "GPU Device Id")
[2017.06.22-02.36.44:062][  0]LogWindows: EnumDisplayDevices:
[2017.06.22-02.36.44:062][  0]LogWindows:    0. 'AMD Radeon R6 Graphics' (P:1 D:1)
[2017.06.22-02.36.44:064][  0]LogWindows:    1. 'AMD Radeon R6 Graphics' (P:0 D:0)
[2017.06.22-02.36.44:066][  0]LogWindows:    2. 'AMD Radeon R6 Graphics' (P:0 D:0)
[2017.06.22-02.36.44:067][  0]LogWindows: DebugString: FoundDriverCount:3 
[2017.06.22-02.36.44:067][  0]LogD3D11RHI:     Adapter Name: AMD Radeon R6 Graphics
[2017.06.22-02.36.44:067][  0]LogD3D11RHI:   Driver Version: Crimson ReLive 17.1.1 (internal:22.19.162.4, unified:22.19.162.4)
[2017.06.22-02.36.44:067][  0]LogD3D11RHI:      Driver Date: 4-24-2017
[2017.06.22-02.36.44:067][  0]LogRHI: Texture pool is 340 MB (70% of 487 MB)
[2017.06.22-02.36.44:189][  0]LogD3D11RHI: Async texture creation enabled
[2017.06.22-02.36.44:213][  0]LogD3D11RHI: GPU Timing Frequency: 100.000000 (Debug: 2 1)
[2017.06.22-02.36.44:217][  0]LogShaderCompilers: Guid format shader working directory is 5 characters bigger than the processId version (C:/Users/lenovo/Documents/GitHub/loli/萝莉/Intermediate/Shaders/WorkingDirectory/102240/).
[2017.06.22-02.36.44:218][  0]LogShaderCompilers: Cleaned the shader compiler working directory 'C:/Users/lenovo/AppData/Local/Temp/UnrealShaderWorkingDir/6AFCEEE3461F68EB7E3DBBA45BC157A3/'.
[2017.06.22-02.36.44:218][  0]LogShaderCompilers:Display: Using Local Shader Compiler.
[2017.06.22-02.36.47:782][  0]LogTemp:Display: Loaded TP AllDesktopTargetPlatform
[2017.06.22-02.36.47:933][  0]LogTemp:Display: Loaded TP MacClientTargetPlatform
[2017.06.22-02.36.48:088][  0]LogTemp:Display: Loaded TP MacNoEditorTargetPlatform
[2017.06.22-02.36.48:240][  0]LogTemp:Display: Loaded TP MacServerTargetPlatform
[2017.06.22-02.36.48:398][  0]LogTemp:Display: Loaded TP MacTargetPlatform
[2017.06.22-02.36.48:553][  0]LogTemp:Display: Loaded TP WindowsClientTargetPlatform
[2017.06.22-02.36.48:710][  0]LogTemp:Display: Loaded TP WindowsNoEditorTargetPlatform
[2017.06.22-02.36.48:863][  0]LogTemp:Display: Loaded TP WindowsServerTargetPlatform
[2017.06.22-02.36.48:992][  0]LogTemp:Display: Loaded TP WindowsTargetPlatform
[2017.06.22-02.36.49:147][  0]LogTemp:Display: Loaded TP AndroidTargetPlatform
[2017.06.22-02.36.49:306][  0]LogTemp:Display: Loaded TP Android_ASTCTargetPlatform
[2017.06.22-02.36.49:461][  0]LogTemp:Display: Loaded TP Android_ATCTargetPlatform
[2017.06.22-02.36.49:618][  0]LogTemp:Display: Loaded TP Android_DXTTargetPlatform
[2017.06.22-02.36.49:784][  0]LogTemp:Display: Loaded TP Android_ETC1TargetPlatform
[2017.06.22-02.36.49:941][  0]LogTemp:Display: Loaded TP Android_ETC2TargetPlatform
[2017.06.22-02.36.50:240][  0]LogTemp:Display: Loaded TP Android_MultiTargetPlatform
[2017.06.22-02.36.50:240][  0]LogTemp:Display: Loaded TP Android_PVRTCTargetPlatform
[2017.06.22-02.36.50:351][  0]LogTemp:Display: Loaded TP HTML5TargetPlatform
[2017.06.22-02.36.50:581][  0]LogTemp:Display: Loaded TP IOSTargetPlatform
[2017.06.22-02.36.50:680][  0]LogTemp:Display: Loaded TP TVOSTargetPlatform
[2017.06.22-02.36.50:830][  0]LogTemp:Display: Loaded TP LinuxClientTargetPlatform
[2017.06.22-02.36.50:980][  0]LogTemp:Display: Loaded TP LinuxNoEditorTargetPlatform
[2017.06.22-02.36.51:130][  0]LogTemp:Display: Loaded TP LinuxServerTargetPlatform
[2017.06.22-02.36.51:283][  0]LogTemp:Display: Loaded TP LinuxTargetPlatform
[2017.06.22-02.36.51:283][  0]LogTargetPlatformManager:Display: Building Assets For Windows
[2017.06.22-02.36.52:487][  0]LogDerivedDataCache:Display: Max Cache Size: 512 MB
[2017.06.22-02.36.52:641][  0]LogDerivedDataCache: Loaded boot cache 0.15s 50MB C:/Users/lenovo/AppData/Local/UnrealEngine/4.15/DerivedDataCache/Boot.ddc.
[2017.06.22-02.36.52:641][  0]LogDerivedDataCache:Display: Loaded Boot cache: C:/Users/lenovo/AppData/Local/UnrealEngine/4.15/DerivedDataCache/Boot.ddc
[2017.06.22-02.36.52:641][  0]LogDerivedDataCache: FDerivedDataBackendGraph:  Pak pak cache file C:/Users/lenovo/Documents/GitHub/loli/萝莉/DerivedDataCache/DDC.ddp not found, will not use a pak cache.
[2017.06.22-02.36.52:641][  0]LogDerivedDataCache: Unable to find inner node Pak for hierarchical cache Hierarchy.
[2017.06.22-02.36.52:641][  0]LogDerivedDataCache: FDerivedDataBackendGraph:  CompressedPak pak cache file C:/Users/lenovo/Documents/GitHub/loli/萝莉/DerivedDataCache/Compressed.ddp not found, will not use a pak cache.
[2017.06.22-02.36.52:641][  0]LogDerivedDataCache: Unable to find inner node CompressedPak for hierarchical cache Hierarchy.
[2017.06.22-02.36.52:691][  0]LogDerivedDataCache:Display: Pak cache opened for reading ../../../Engine/DerivedDataCache/Compressed.ddp.
[2017.06.22-02.36.52:710][  0]LogDerivedDataCache: Using Local data cache path C:/Users/lenovo/AppData/Local/UnrealEngine/Common/DerivedDataCache: Writable
[2017.06.22-02.36.52:736][  0]LogSlate: Using Freetype 2.6.0
[2017.06.22-02.36.52:737][  0]LogSlate: SlateFontCache - WITH_FREETYPE: 1, WITH_HARFBUZZ: 1
[2017.06.22-02.36.52:737][  0]LogSlate: SlateFontCache - WITH_FREETYPE: 1, WITH_HARFBUZZ: 1
[2017.06.22-02.36.53:589][  0]LogInit: Selected Device Profile: [Windows]
[2017.06.22-02.36.53:597][  0]LogContentStreaming: Texture pool size is 0.00 MB
[2017.06.22-02.36.54:136][  0]LogMeshUtilities: Using QuadricMeshReduction for automatic static mesh reduction
[2017.06.22-02.36.54:256][  0]LogSimplygon: Simplygon DLL not present - disabling.
[2017.06.22-02.36.54:385][  0]LogMeshUtilities: Using SimplygonSwarm for distributed automatic mesh merging
[2017.06.22-02.36.54:385][  0]LogMeshUtilities: No automatic skeletal mesh reduction module available
[2017.06.22-02.36.54:385][  0]LogMeshUtilities: No automatic mesh merging module available
[2017.06.22-02.36.55:898][  0]LogNetVersion: GetLocalNetworkVersion: CL: 3299760, ProjectName: 萝莉, ProjectVersion: , EngineNetworkVersion: 2, GameNetworkVersion: 0, NetworkChecksum: 2312337547
[2017.06.22-02.36.55:983][  0]LogAssetRegistry: FAssetRegistry took 0.0236 seconds to start up
[2017.06.22-02.36.56:130][  0]LogPackageLocalizationCache: Processed 3 localized package path(s) for 1 prioritized culture(s) in 0.073127 seconds
[2017.06.22-02.36.56:145][  0]LogUObjectArray: 32493 objects as part of root set at end of initial load.
[2017.06.22-02.36.56:145][  0]LogUObjectAllocator: 7077032 out of 0 bytes used by permanent object pool.
[2017.06.22-02.36.56:145][  0]LogUObjectArray: CloseDisregardForGC: 0/0 objects in disregard for GC pool
[2017.06.22-02.36.56:338][  0]LogInit: WinSock: version 1.1 (2.2), MaxSocks=32767, MaxUdp=65467
[2017.06.22-02.37.00:557][  0]LogTcpMessaging: Initializing TcpMessaging bridge
[2017.06.22-02.37.00:646][  0]LogUdpMessaging: Initializing bridge on interface 0.0.0.0:0 to multicast group 230.0.0.1:6666.
[2017.06.22-02.37.01:828][  0]LogMaterial: Uniform references updated for custom material expression Custom.
[2017.06.22-02.37.02:880][  0]SourceControl: Info Source control is disabled
[2017.06.22-02.37.02:883][  0]SourceControl: Info Source control is disabled
[2017.06.22-02.37.03:020][  0]SourceControl: Info Source control is disabled
[2017.06.22-02.37.03:150][  0]SourceControl: Info Source control is disabled
[2017.06.22-02.37.06:626][  0]LogEngine: Initializing Engine...
[2017.06.22-02.37.06:631][  0]LogHMD: Failed to initialize OpenVR with code 110
[2017.06.22-02.37.06:905][  0]LogStats: UGameplayTagsManager::ConstructGameplayTagTree: Construct from data asset -  0.000 s
[2017.06.22-02.37.06:905][  0]LogStats: UGameplayTagsManager::ConstructGameplayTagTree: GameplayTagTreeChangedEvent.Broadcast -  0.000 s
[2017.06.22-02.37.07:245][  0]LogAIModule: Creating AISystem for world Untitled
[2017.06.22-02.37.07:289][  0]LogInit: XAudio2 using '扬声器 (Conexant SmartAudio HD)' : 2 channels at 48 kHz using 32 bits per sample (channel mask 0x3)
[2017.06.22-02.37.07:445][  0]LogInit: FAudioDevice initialized.
[2017.06.22-02.37.07:545][  0]LogDerivedDataCache: Saved boot cache 0.10s 50MB C:/Users/lenovo/AppData/Local/UnrealEngine/4.15/DerivedDataCache/Boot.ddc.
[2017.06.22-02.37.07:567][  0]LogInit: Texture streaming: Enabled
[2017.06.22-02.37.07:884][  0]LogEngineSessionManager: EngineSessionManager initialized
[2017.06.22-02.37.08:149][  0]LogInit: Transaction tracking system initialized
[2017.06.22-02.37.09:168][  0]BlueprintLog: New page: Editor Load
[2017.06.22-02.37.11:757][  0]LocalizationService: Info Localization service is disabled
[2017.06.22-02.37.14:062][  0]LogConsoleResponse:Display: 
[2017.06.22-02.37.14:395][  0]LogCook:Display: Max memory allowance for cook 16384mb min free memory 0mb
[2017.06.22-02.37.14:396][  0]LogCook:Display: Mobile HDR setting 1
[2017.06.22-02.37.14:475][  0]LogFileCache: Scanning file cache for directory 'C:/Users/lenovo/Documents/GitHub/loli/萝莉/Content/' took 0.03s
[2017.06.22-02.37.17:323][  0]SourceControl: Info Source control is disabled
[2017.06.22-02.37.17:323][  0]Cmd: MAP LOAD FILE="C:/Users/lenovo/Documents/GitHub/loli/萝莉/Content/ThirdPersonBP/Maps/ThirdPersonExampleMap.umap" TEMPLATE=0 SHOWPROGRESS=1 FEATURELEVEL=3
[2017.06.22-02.37.17:324][  0]LightingResults: New page: Lighting Build
[2017.06.22-02.37.17:446][  0]MapCheck: New page: Map Check
[2017.06.22-02.37.17:446][  0]LightingResults: New page: Lighting Build
[2017.06.22-02.37.18:684][  0]LogAIModule: Creating AISystem for world ThirdPersonExampleMap
[2017.06.22-02.37.18:753][  0]LogEditorServer: Finished looking for orphan Actors (0.000 secs)
[2017.06.22-02.37.18:754][  0]Cmd: MAP CHECKDEP NOCLEARLOG
[2017.06.22-02.37.18:871][  0]MapCheck: Info Map check complete: 0 Error(s), 0 Warning(s), took 116.334ms to complete.
[2017.06.22-02.37.18:871][  0]LogFileHelpers: Loading map 'ThirdPersonExampleMap' took 1.548
[2017.06.22-02.37.19:225][  0]LogCollectionManager: Loaded 0 collections in 0.003807 seconds
[2017.06.22-02.37.19:406][  0]LogFileCache: Scanning file cache for directory 'C:/Users/lenovo/Documents/GitHub/loli/萝莉/Saved/Collections/' took 0.01s
[2017.06.22-02.37.19:406][  0]LogFileCache: Scanning file cache for directory 'C:/Users/lenovo/Documents/GitHub/loli/萝莉/Content/Developers/1/Collections/' took 0.01s
[2017.06.22-02.37.19:406][  0]LogFileCache: Scanning file cache for directory 'C:/Users/lenovo/Documents/GitHub/loli/萝莉/Content/Collections/' took 0.01s
[2017.06.22-02.37.19:406][  0]LogCollectionManager: Rebuilt the GUID cache for 0 collections in 0.000004 seconds
[2017.06.22-02.37.19:431][  0]LogContentBrowser: Native class hierarchy populated in 0.0251 seconds. Added 2245 classes and 453 folders.
[2017.06.22-02.37.19:619][  0]LogContentBrowser: Native class hierarchy updated for 'WidgetCarousel' in 0.0012 seconds. Added 0 classes and 0 folders.
[2017.06.22-02.37.19:731][  0]LogContentBrowser: Native class hierarchy updated for 'AddContentDialog' in 0.0012 seconds. Added 0 classes and 0 folders.
[2017.06.22-02.37.19:853][  0]LogContentBrowser: Native class hierarchy updated for 'SceneOutliner' in 0.0014 seconds. Added 1 classes and 2 folders.
[2017.06.22-02.37.20:144][  0]LogCrashTracker: Crashtracker disabled due to settings.
[2017.06.22-02.37.20:159][  0]LogUObjectGlobals:Warning: Failed to find object 'Class None.'
[2017.06.22-02.37.20:314][  0]LogContentBrowser: Native class hierarchy updated for 'HierarchicalLODOutliner' in 0.0014 seconds. Added 1 classes and 2 folders.
[2017.06.22-02.37.20:315][  0]LogLoad: (Engine Initialization) Total time: 42.98 seconds
[2017.06.22-02.37.20:315][  0]LogLoad: (Engine Initialization) Total Blueprint compile time: 0.43 seconds
[2017.06.22-02.37.20:315][  0]LogExternalProfiler: Found external profiler: VSPerf
[2017.06.22-02.37.20:315][  0]LogExternalProfiler: Using external profiler: VSPerf
[2017.06.22-02.37.20:656][  0]LogOcInput: OculusInput pre-init called
[2017.06.22-02.37.20:695][  0]LogContentStreaming: Texture pool size now 400 MB
[2017.06.22-02.37.20:697][  0]LogSlate: Took 0.000489 seconds to synchronously load lazily loaded font '../../../Engine/Content/Slate/Fonts/Roboto-Regular.ttf' (155K)
[2017.06.22-02.37.20:705][  0]LogSlate: Took 0.007123 seconds to synchronously load lazily loaded font '../../../Engine/Content/Slate/Fonts/DroidSansFallback.ttf' (3848K)
[2017.06.22-02.37.20:716][  0]LogSlate: Took 0.000457 seconds to synchronously load lazily loaded font '../../../Engine/Content/Slate/Fonts/Roboto-Bold.ttf' (160K)
[2017.06.22-02.37.20:730][  0]LogSlate: Took 0.000557 seconds to synchronously load lazily loaded font '../../../Engine/Content/Editor/Slate/Fonts/FontAwesome.ttf' (139K)
[2017.06.22-02.37.21:238][  0]LogRenderer: Reallocating scene render targets to support 744x424 NumSamples 1 (Frame:2).
[2017.06.22-02.37.22:019][  3]LogSlate: Took 0.000492 seconds to synchronously load lazily loaded font '../../../Engine/Content/Slate/Fonts/Roboto-Light.ttf' (159K)
[2017.06.22-02.37.22:331][  4]LogAssetRegistry: Asset discovery search completed in 26.3710 seconds
[2017.06.22-02.37.22:331][  4]LogCollectionManager: Rebuilt the object cache for 0 collections in 0.000017 seconds (found 0 objects)
[2017.06.22-02.37.22:331][  4]LogCollectionManager: Fixed up redirectors for 0 collections in 0.000051 seconds (updated 0 objects)
[2017.06.22-02.38.29:777][645]LogEditorViewport: Clicking on Actor (LMB): ThirdPersonCharacter_C (ThirdPersonCharacter)
[2017.06.22-02.38.39:751][ 57]LogEditorViewport: Clicking on Actor (LMB): ThirdPersonCharacter_C (ThirdPersonCharacter)
[2017.06.22-02.38.39:849][ 59]LogEditorViewport: Clicking on Component (LMB): SkeletalMeshComponent (CharacterMesh0)
[2017.06.22-02.39.01:329][984]Cmd: TRANSACTION UNDO
[2017.06.22-02.39.01:329][984]LogEditorTransaction: Undo Scale Components
[2017.06.22-02.39.01:337][984]LogActorComponent: ~FComponentReregisterContext: (/Game/ThirdPersonBP/Maps/ThirdPersonExampleMap.ThirdPersonExampleMap:PersistentLevel.ThirdPersonCharacter_167.CollisionCylinder) Component already registered.
[2017.06.22-02.39.01:374][984]LogSlate: Took 0.000472 seconds to synchronously load lazily loaded font '../../../Engine/Content/Slate/Fonts/Roboto-Light.ttf' (159K)
[2017.06.22-02.39.09:112][290]LogEditorViewport: Clicking on Actor (context menu): StaticMeshActor (Floor)
[2017.06.22-02.39.10:080][323]LogEditorViewport: Clicking on Actor (LMB): StaticMeshActor (Floor)
[2017.06.22-02.39.11:226][372]LogEditorViewport: Clicking on Actor (LMB): ThirdPersonCharacter_C (ThirdPersonCharacter)
[2017.06.22-02.40.44:724][136]LogSlate: Took 0.000446 seconds to synchronously load lazily loaded font '../../../Engine/Content/Slate/Fonts/Roboto-Light.ttf' (159K)
[2017.06.22-02.41.12:372][318]LogEditorViewport: Clicking on Actor (LMB): TPDefaultChar_C (TPDefaultChar)
[2017.06.22-02.41.12:455][319]LogEditorViewport: Clicking on Component (LMB): SkeletalMeshComponent (CharacterMesh0)
[2017.06.22-02.41.47:604][666]LogEditorViewport: Clicking on Actor (LMB): StaticMeshActor (Floor)
[2017.06.22-02.41.49:693][733]LogTemp: Repeting last play command: Selected Viewport
[2017.06.22-02.41.49:732][733]LogBlueprintUserMessages: Early PlayInEditor Detection: Level '/Game/ThirdPersonBP/Maps/ThirdPersonExampleMap.ThirdPersonExampleMap:PersistentLevel' has LevelScriptBlueprint '/Game/ThirdPersonBP/Maps/ThirdPersonExampleMap.ThirdPersonExampleMap:PersistentLevel.ThirdPersonExampleMap' with GeneratedClass '/Game/ThirdPersonBP/Maps/ThirdPersonExampleMap.ThirdPersonExampleMap_C' with ClassGeneratedBy '/Game/ThirdPersonBP/Maps/ThirdPersonExampleMap.ThirdPersonExampleMap:PersistentLevel.ThirdPersonExampleMap'
[2017.06.22-02.41.49:732][733]LogPlayLevel: PlayLevel: No blueprints needed recompiling
[2017.06.22-02.41.49:741][733]PIE: New page: PIE session: ThirdPersonExampleMap (Jun 22, 2017, 6:41:49 PM)
[2017.06.22-02.41.49:741][733]LogPlayLevel: Creating play world package: /Game/ThirdPersonBP/Maps/UEDPIE_0_ThirdPersonExampleMap
[2017.06.22-02.41.49:799][733]LogPlayLevel: PIE: StaticDuplicateObject took: (0.057967s)
[2017.06.22-02.41.49:802][733]LogAIModule: Creating AISystem for world ThirdPersonExampleMap
[2017.06.22-02.41.49:802][733]LogPlayLevel: PIE: World Init took: (0.002951s)
[2017.06.22-02.41.49:803][733]LogPlayLevel: PIE: Created PIE world by copying editor world from /Game/ThirdPersonBP/Maps/ThirdPersonExampleMap.ThirdPersonExampleMap to /Game/ThirdPersonBP/Maps/UEDPIE_0_ThirdPersonExampleMap.ThirdPersonExampleMap (0.062133s)
[2017.06.22-02.41.49:916][733]LogInit: XAudio2 using '扬声器 (Conexant SmartAudio HD)' : 2 channels at 48 kHz using 32 bits per sample (channel mask 0x3)
[2017.06.22-02.41.49:955][733]LogInit: FAudioDevice initialized.
[2017.06.22-02.41.50:056][733]LogLoad: Game class is 'ThirdPersonGameMode_C'
[2017.06.22-02.41.50:066][733]LogWorld: Bringing World /Game/ThirdPersonBP/Maps/UEDPIE_0_ThirdPersonExampleMap.ThirdPersonExampleMap up for play (max tick rate 60) at 2017.06.22-10.41.50
[2017.06.22-02.41.50:069][733]LogWorld: Bringing up level for play took: 0.008491
[2017.06.22-02.41.50:236][733]LogContentBrowser: Native class hierarchy updated for 'MovieSceneCapture' in 0.0017 seconds. Added 11 classes and 0 folders.
[2017.06.22-02.41.50:345][733]PIE: Info Play in editor start time for /Game/ThirdPersonBP/Maps/UEDPIE_0_ThirdPersonExampleMap 0.104
[2017.06.22-02.41.50:346][733]LogBlueprintUserMessages: Late PlayInEditor Detection: Level '/Game/ThirdPersonBP/Maps/ThirdPersonExampleMap.ThirdPersonExampleMap:PersistentLevel' has LevelScriptBlueprint '/Game/ThirdPersonBP/Maps/ThirdPersonExampleMap.ThirdPersonExampleMap:PersistentLevel.ThirdPersonExampleMap' with GeneratedClass '/Game/ThirdPersonBP/Maps/ThirdPersonExampleMap.ThirdPersonExampleMap_C' with ClassGeneratedBy '/Game/ThirdPersonBP/Maps/ThirdPersonExampleMap.ThirdPersonExampleMap:PersistentLevel.ThirdPersonExampleMap'
[2017.06.22-02.41.54:328][907]LogBlueprintUserMessages: Early EndPlayMap Detection: Level '/Game/ThirdPersonBP/Maps/ThirdPersonExampleMap.ThirdPersonExampleMap:PersistentLevel' has LevelScriptBlueprint '/Game/ThirdPersonBP/Maps/ThirdPersonExampleMap.ThirdPersonExampleMap:PersistentLevel.ThirdPersonExampleMap' with GeneratedClass '/Game/ThirdPersonBP/Maps/ThirdPersonExampleMap.ThirdPersonExampleMap_C' with ClassGeneratedBy '/Game/ThirdPersonBP/Maps/ThirdPersonExampleMap.ThirdPersonExampleMap:PersistentLevel.ThirdPersonExampleMap'
[2017.06.22-02.41.54:469][907]LogBlueprintUserMessages: Late EndPlayMap Detection: Level '/Game/ThirdPersonBP/Maps/ThirdPersonExampleMap.ThirdPersonExampleMap:PersistentLevel' has LevelScriptBlueprint '/Game/ThirdPersonBP/Maps/ThirdPersonExampleMap.ThirdPersonExampleMap:PersistentLevel.ThirdPersonExampleMap' with GeneratedClass '/Game/ThirdPersonBP/Maps/ThirdPersonExampleMap.ThirdPersonExampleMap_C' with ClassGeneratedBy '/Game/ThirdPersonBP/Maps/ThirdPersonExampleMap.ThirdPersonExampleMap:PersistentLevel.ThirdPersonExampleMap'
[2017.06.22-02.41.55:941][963]LogEditorViewport: Clicking on Actor (LMB): StaticMeshActor (Floor)
[2017.06.22-02.41.57:144][ 15]LogEditorViewport: Clicking on Actor (LMB): ThirdPersonCharacter_C (ThirdPersonCharacter)
[2017.06.22-02.41.58:636][ 62]Cmd: DELETE
[2017.06.22-02.41.58:636][ 62]Cmd: ACTOR DELETE
[2017.06.22-02.41.58:638][ 62]LogEditorActor: Deleted Actor: ThirdPersonCharacter_C
[2017.06.22-02.41.58:698][ 62]LogEditorActor: Deleted 1 Actors (0.061 secs)
[2017.06.22-02.42.00:213][138]LogEditorViewport: Clicking on Actor (LMB): TPDefaultChar_C (TPDefaultChar)
[2017.06.22-02.42.04:974][310]Cmd: CAMERA ALIGN ACTIVEVIEWPORTONLY
[2017.06.22-02.42.27:333][171]LogEditorViewport: Clicking on Actor (LMB): TPDefaultChar_C (TPDefaultChar)
[2017.06.22-02.42.27:429][173]LogEditorViewport: Clicking on Component (LMB): SkeletalMeshComponent (CharacterMesh0)
[2017.06.22-02.42.54:265][260]LogEditorViewport: Clicking on Actor (LMB): StaticMeshActor (Wall9)
[2017.06.22-02.43.00:825][551]LogEditorViewport: Clicking on Actor (LMB): TPDefaultChar_C (TPDefaultChar)
[2017.06.22-02.43.06:698][762]LogTemp: Repeting last play command: Selected Viewport
[2017.06.22-02.43.06:738][762]LogBlueprintUserMessages: Early PlayInEditor Detection: Level '/Game/ThirdPersonBP/Maps/ThirdPersonExampleMap.ThirdPersonExampleMap:PersistentLevel' has LevelScriptBlueprint '/Game/ThirdPersonBP/Maps/ThirdPersonExampleMap.ThirdPersonExampleMap:PersistentLevel.ThirdPersonExampleMap' with GeneratedClass '/Game/ThirdPersonBP/Maps/ThirdPersonExampleMap.ThirdPersonExampleMap_C' with ClassGeneratedBy '/Game/ThirdPersonBP/Maps/ThirdPersonExampleMap.ThirdPersonExampleMap:PersistentLevel.ThirdPersonExampleMap'
[2017.06.22-02.43.06:738][762]LogPlayLevel: PlayLevel: No blueprints needed recompiling
[2017.06.22-02.43.06:739][762]PIE: New page: PIE session: ThirdPersonExampleMap (Jun 22, 2017, 6:43:06 PM)
[2017.06.22-02.43.06:739][762]LogPlayLevel: Creating play world package: /Game/ThirdPersonBP/Maps/UEDPIE_0_ThirdPersonExampleMap
[2017.06.22-02.43.06:800][762]LogPlayLevel: PIE: StaticDuplicateObject took: (0.061172s)
[2017.06.22-02.43.06:801][762]LogAIModule: Creating AISystem for world ThirdPersonExampleMap
[2017.06.22-02.43.06:801][762]LogPlayLevel: PIE: World Init took: (0.001583s)
[2017.06.22-02.43.06:802][762]LogPlayLevel: PIE: Created PIE world by copying editor world from /Game/ThirdPersonBP/Maps/ThirdPersonExampleMap.ThirdPersonExampleMap to /Game/ThirdPersonBP/Maps/UEDPIE_0_ThirdPersonExampleMap.ThirdPersonExampleMap (0.063218s)
[2017.06.22-02.43.06:888][762]LogInit: XAudio2 using '扬声器 (Conexant SmartAudio HD)' : 2 channels at 48 kHz using 32 bits per sample (channel mask 0x3)
[2017.06.22-02.43.06:920][762]LogInit: FAudioDevice initialized.
[2017.06.22-02.43.06:959][762]LogLoad: Game class is 'ThirdPersonGameMode_C'
[2017.06.22-02.43.06:966][762]LogWorld: Bringing World /Game/ThirdPersonBP/Maps/UEDPIE_0_ThirdPersonExampleMap.ThirdPersonExampleMap up for play (max tick rate 60) at 2017.06.22-10.43.06
[2017.06.22-02.43.06:967][762]LogWorld: Bringing up level for play took: 0.005146
[2017.06.22-02.43.07:056][762]PIE: Info Play in editor start time for /Game/ThirdPersonBP/Maps/UEDPIE_0_ThirdPersonExampleMap 0.815
[2017.06.22-02.43.07:057][762]LogBlueprintUserMessages: Late PlayInEditor Detection: Level '/Game/ThirdPersonBP/Maps/ThirdPersonExampleMap.ThirdPersonExampleMap:PersistentLevel' has LevelScriptBlueprint '/Game/ThirdPersonBP/Maps/ThirdPersonExampleMap.ThirdPersonExampleMap:PersistentLevel.ThirdPersonExampleMap' with GeneratedClass '/Game/ThirdPersonBP/Maps/ThirdPersonExampleMap.ThirdPersonExampleMap_C' with ClassGeneratedBy '/Game/ThirdPersonBP/Maps/ThirdPersonExampleMap.ThirdPersonExampleMap:PersistentLevel.ThirdPersonExampleMap'
[2017.06.22-02.43.27:756][775]LogBlueprintUserMessages: Early EndPlayMap Detection: Level '/Game/ThirdPersonBP/Maps/ThirdPersonExampleMap.ThirdPersonExampleMap:PersistentLevel' has LevelScriptBlueprint '/Game/ThirdPersonBP/Maps/ThirdPersonExampleMap.ThirdPersonExampleMap:PersistentLevel.ThirdPersonExampleMap' with GeneratedClass '/Game/ThirdPersonBP/Maps/ThirdPersonExampleMap.ThirdPersonExampleMap_C' with ClassGeneratedBy '/Game/ThirdPersonBP/Maps/ThirdPersonExampleMap.ThirdPersonExampleMap:PersistentLevel.ThirdPersonExampleMap'
[2017.06.22-02.43.27:944][775]LogBlueprintUserMessages: Late EndPlayMap Detection: Level '/Game/ThirdPersonBP/Maps/ThirdPersonExampleMap.ThirdPersonExampleMap:PersistentLevel' has LevelScriptBlueprint '/Game/ThirdPersonBP/Maps/ThirdPersonExampleMap.ThirdPersonExampleMap:PersistentLevel.ThirdPersonExampleMap' with GeneratedClass '/Game/ThirdPersonBP/Maps/ThirdPersonExampleMap.ThirdPersonExampleMap_C' with ClassGeneratedBy '/Game/ThirdPersonBP/Maps/ThirdPersonExampleMap.ThirdPersonExampleMap:PersistentLevel.ThirdPersonExampleMap'
[2017.06.22-02.45.03:101][452]LogTemp: Repeting last play command: Selected Viewport
[2017.06.22-02.45.03:138][452]LogBlueprintUserMessages: Early PlayInEditor Detection: Level '/Game/ThirdPersonBP/Maps/ThirdPersonExampleMap.ThirdPersonExampleMap:PersistentLevel' has LevelScriptBlueprint '/Game/ThirdPersonBP/Maps/ThirdPersonExampleMap.ThirdPersonExampleMap:PersistentLevel.ThirdPersonExampleMap' with GeneratedClass '/Game/ThirdPersonBP/Maps/ThirdPersonExampleMap.ThirdPersonExampleMap_C' with ClassGeneratedBy '/Game/ThirdPersonBP/Maps/ThirdPersonExampleMap.ThirdPersonExampleMap:PersistentLevel.ThirdPersonExampleMap'
[2017.06.22-02.45.03:138][452]LogPlayLevel: PlayLevel: No blueprints needed recompiling
[2017.06.22-02.45.03:138][452]PIE: New page: PIE session: ThirdPersonExampleMap (Jun 22, 2017, 6:45:03 PM)
[2017.06.22-02.45.03:139][452]LogPlayLevel: Creating play world package: /Game/ThirdPersonBP/Maps/UEDPIE_0_ThirdPersonExampleMap
[2017.06.22-02.45.03:198][452]LogPlayLevel: PIE: StaticDuplicateObject took: (0.059755s)
[2017.06.22-02.45.03:200][452]LogAIModule: Creating AISystem for world ThirdPersonExampleMap
[2017.06.22-02.45.03:201][452]LogPlayLevel: PIE: World Init took: (0.002197s)
[2017.06.22-02.45.03:201][452]LogPlayLevel: PIE: Created PIE world by copying editor world from /Game/ThirdPersonBP/Maps/ThirdPersonExampleMap.ThirdPersonExampleMap to /Game/ThirdPersonBP/Maps/UEDPIE_0_ThirdPersonExampleMap.ThirdPersonExampleMap (0.062542s)
[2017.06.22-02.45.03:309][452]LogInit: XAudio2 using '扬声器 (Conexant SmartAudio HD)' : 2 channels at 48 kHz using 32 bits per sample (channel mask 0x3)
[2017.06.22-02.45.03:347][452]LogInit: FAudioDevice initialized.
[2017.06.22-02.45.03:386][452]LogLoad: Game class is 'ThirdPersonGameMode_C'
[2017.06.22-02.45.03:393][452]LogWorld: Bringing World /Game/ThirdPersonBP/Maps/UEDPIE_0_ThirdPersonExampleMap.ThirdPersonExampleMap up for play (max tick rate 60) at 2017.06.22-10.45.03
[2017.06.22-02.45.03:394][452]LogWorld: Bringing up level for play took: 0.004627
[2017.06.22-02.45.03:487][452]PIE: Info Play in editor start time for /Game/ThirdPersonBP/Maps/UEDPIE_0_ThirdPersonExampleMap 1.246
[2017.06.22-02.45.03:488][452]LogBlueprintUserMessages: Late PlayInEditor Detection: Level '/Game/ThirdPersonBP/Maps/ThirdPersonExampleMap.ThirdPersonExampleMap:PersistentLevel' has LevelScriptBlueprint '/Game/ThirdPersonBP/Maps/ThirdPersonExampleMap.ThirdPersonExampleMap:PersistentLevel.ThirdPersonExampleMap' with GeneratedClass '/Game/ThirdPersonBP/Maps/ThirdPersonExampleMap.ThirdPersonExampleMap_C' with ClassGeneratedBy '/Game/ThirdPersonBP/Maps/ThirdPersonExampleMap.ThirdPersonExampleMap:PersistentLevel.ThirdPersonExampleMap'
[2017.06.22-02.45.11:385][830]LogBlueprintUserMessages: Early EndPlayMap Detection: Level '/Game/ThirdPersonBP/Maps/ThirdPersonExampleMap.ThirdPersonExampleMap:PersistentLevel' has LevelScriptBlueprint '/Game/ThirdPersonBP/Maps/ThirdPersonExampleMap.ThirdPersonExampleMap:PersistentLevel.ThirdPersonExampleMap' with GeneratedClass '/Game/ThirdPersonBP/Maps/ThirdPersonExampleMap.ThirdPersonExampleMap_C' with ClassGeneratedBy '/Game/ThirdPersonBP/Maps/ThirdPersonExampleMap.ThirdPersonExampleMap:PersistentLevel.ThirdPersonExampleMap'
[2017.06.22-02.45.11:584][830]LogBlueprintUserMessages: Late EndPlayMap Detection: Level '/Game/ThirdPersonBP/Maps/ThirdPersonExampleMap.ThirdPersonExampleMap:PersistentLevel' has LevelScriptBlueprint '/Game/ThirdPersonBP/Maps/ThirdPersonExampleMap.ThirdPersonExampleMap:PersistentLevel.ThirdPersonExampleMap' with GeneratedClass '/Game/ThirdPersonBP/Maps/ThirdPersonExampleMap.ThirdPersonExampleMap_C' with ClassGeneratedBy '/Game/ThirdPersonBP/Maps/ThirdPersonExampleMap.ThirdPersonExampleMap:PersistentLevel.ThirdPersonExampleMap'
[2017.06.22-02.45.20:517][130]LogSlate: Took 0.000423 seconds to synchronously load lazily loaded font '../../../Engine/Content/Slate/Fonts/Roboto-Regular.ttf' (155K)
[2017.06.22-02.45.21:214][130]LogContentBrowser: Native class hierarchy updated for 'BlueprintGraph' in 0.0022 seconds. Added 112 classes and 0 folders.
[2017.06.22-02.45.23:057][130]LogSlate: Took 0.000995 seconds to synchronously load lazily loaded font '../../../Engine/Content/Editor/Slate/Fonts/Roboto-BoldCondensed.ttf' (158K)
[2017.06.22-02.45.24:731][131]LogSlate: Took 0.000625 seconds to synchronously load lazily loaded font '../../../Engine/Content/Editor/Slate/Fonts/Roboto-Italic.ttf' (157K)
[2017.06.22-02.48.51:508][938]BlueprintLog: New page: Compile TPDefaultChar
[2017.06.22-02.48.54:089][954]Cmd: OBJ SAVEPACKAGE PACKAGE="/Game/Imports/TPDefaultChar" FILE="C:/Users/lenovo/Documents/GitHub/loli/萝莉/Content/Imports/TPDefaultChar.uasset" SILENT=true
[2017.06.22-02.48.54:493][954]LogSavePackage: Save=327.51ms
[2017.06.22-02.48.54:493][954]LogSavePackage: Moving 'C:/Users/lenovo/Documents/GitHub/loli/萝莉/Saved/TPDefaultCharC06A858B41474A93C76A6CB638AD7C4D.tmp' to 'C:/Users/lenovo/Documents/GitHub/loli/萝莉/Content/Imports/TPDefaultChar.uasset'
[2017.06.22-02.48.54:521][954]LogSavePackage:Display: Finished SavePackage C:/Users/lenovo/Documents/GitHub/loli/萝莉/Content/Imports/TPDefaultChar.uasset
[2017.06.22-02.48.57:125][ 27]LogTemp: Repeting last play command: Selected Viewport
[2017.06.22-02.48.57:181][ 27]LogBlueprintUserMessages: Early PlayInEditor Detection: Level '/Game/ThirdPersonBP/Maps/ThirdPersonExampleMap.ThirdPersonExampleMap:PersistentLevel' has LevelScriptBlueprint '/Game/ThirdPersonBP/Maps/ThirdPersonExampleMap.ThirdPersonExampleMap:PersistentLevel.ThirdPersonExampleMap' with GeneratedClass '/Game/ThirdPersonBP/Maps/ThirdPersonExampleMap.ThirdPersonExampleMap_C' with ClassGeneratedBy '/Game/ThirdPersonBP/Maps/ThirdPersonExampleMap.ThirdPersonExampleMap:PersistentLevel.ThirdPersonExampleMap'
[2017.06.22-02.48.57:181][ 27]LogPlayLevel: PlayLevel: No blueprints needed recompiling
[2017.06.22-02.48.57:181][ 27]PIE: New page: PIE session: ThirdPersonExampleMap (Jun 22, 2017, 6:48:57 PM)
[2017.06.22-02.48.57:181][ 27]LogPlayLevel: Creating play world package: /Game/ThirdPersonBP/Maps/UEDPIE_0_ThirdPersonExampleMap
[2017.06.22-02.48.57:251][ 27]LogPlayLevel: PIE: StaticDuplicateObject took: (0.068896s)
[2017.06.22-02.48.57:253][ 27]LogAIModule: Creating AISystem for world ThirdPersonExampleMap
[2017.06.22-02.48.57:253][ 27]LogPlayLevel: PIE: World Init took: (0.002463s)
[2017.06.22-02.48.57:254][ 27]LogPlayLevel: PIE: Created PIE world by copying editor world from /Game/ThirdPersonBP/Maps/ThirdPersonExampleMap.ThirdPersonExampleMap to /Game/ThirdPersonBP/Maps/UEDPIE_0_ThirdPersonExampleMap.ThirdPersonExampleMap (0.072060s)
[2017.06.22-02.48.57:361][ 27]LogInit: XAudio2 using '扬声器 (Conexant SmartAudio HD)' : 2 channels at 48 kHz using 32 bits per sample (channel mask 0x3)
[2017.06.22-02.48.57:393][ 27]LogInit: FAudioDevice initialized.
[2017.06.22-02.48.57:434][ 27]LogLoad: Game class is 'ThirdPersonGameMode_C'
[2017.06.22-02.48.57:442][ 27]LogWorld: Bringing World /Game/ThirdPersonBP/Maps/UEDPIE_0_ThirdPersonExampleMap.ThirdPersonExampleMap up for play (max tick rate 60) at 2017.06.22-10.48.57
[2017.06.22-02.48.57:443][ 27]LogWorld: Bringing up level for play took: 0.005234
[2017.06.22-02.48.57:546][ 27]PIE: Info Play in editor start time for /Game/ThirdPersonBP/Maps/UEDPIE_0_ThirdPersonExampleMap 1.305
[2017.06.22-02.48.57:546][ 27]LogBlueprintUserMessages: Late PlayInEditor Detection: Level '/Game/ThirdPersonBP/Maps/ThirdPersonExampleMap.ThirdPersonExampleMap:PersistentLevel' has LevelScriptBlueprint '/Game/ThirdPersonBP/Maps/ThirdPersonExampleMap.ThirdPersonExampleMap:PersistentLevel.ThirdPersonExampleMap' with GeneratedClass '/Game/ThirdPersonBP/Maps/ThirdPersonExampleMap.ThirdPersonExampleMap_C' with ClassGeneratedBy '/Game/ThirdPersonBP/Maps/ThirdPersonExampleMap.ThirdPersonExampleMap:PersistentLevel.ThirdPersonExampleMap'
[2017.06.22-02.49.07:014][484]LogBlueprintUserMessages: [TPDefaultChar_623] Cannot Dash
[2017.06.22-02.49.07:603][512]LogBlueprintUserMessages: [TPDefaultChar_623] Cannot Dash
[2017.06.22-02.49.16:803][968]LogBlueprintUserMessages: Early EndPlayMap Detection: Level '/Game/ThirdPersonBP/Maps/ThirdPersonExampleMap.ThirdPersonExampleMap:PersistentLevel' has LevelScriptBlueprint '/Game/ThirdPersonBP/Maps/ThirdPersonExampleMap.ThirdPersonExampleMap:PersistentLevel.ThirdPersonExampleMap' with GeneratedClass '/Game/ThirdPersonBP/Maps/ThirdPersonExampleMap.ThirdPersonExampleMap_C' with ClassGeneratedBy '/Game/ThirdPersonBP/Maps/ThirdPersonExampleMap.ThirdPersonExampleMap:PersistentLevel.ThirdPersonExampleMap'
[2017.06.22-02.49.17:071][968]LogBlueprintUserMessages: Late EndPlayMap Detection: Level '/Game/ThirdPersonBP/Maps/ThirdPersonExampleMap.ThirdPersonExampleMap:PersistentLevel' has LevelScriptBlueprint '/Game/ThirdPersonBP/Maps/ThirdPersonExampleMap.ThirdPersonExampleMap:PersistentLevel.ThirdPersonExampleMap' with GeneratedClass '/Game/ThirdPersonBP/Maps/ThirdPersonExampleMap.ThirdPersonExampleMap_C' with ClassGeneratedBy '/Game/ThirdPersonBP/Maps/ThirdPersonExampleMap.ThirdPersonExampleMap:PersistentLevel.ThirdPersonExampleMap'
[2017.06.22-02.49.47:267][675]LogTemp: Repeting last play command: Selected Viewport
[2017.06.22-02.49.47:309][675]LogBlueprintUserMessages: Early PlayInEditor Detection: Level '/Game/ThirdPersonBP/Maps/ThirdPersonExampleMap.ThirdPersonExampleMap:PersistentLevel' has LevelScriptBlueprint '/Game/ThirdPersonBP/Maps/ThirdPersonExampleMap.ThirdPersonExampleMap:PersistentLevel.ThirdPersonExampleMap' with GeneratedClass '/Game/ThirdPersonBP/Maps/ThirdPersonExampleMap.ThirdPersonExampleMap_C' with ClassGeneratedBy '/Game/ThirdPersonBP/Maps/ThirdPersonExampleMap.ThirdPersonExampleMap:PersistentLevel.ThirdPersonExampleMap'
[2017.06.22-02.49.47:309][675]LogPlayLevel: PlayLevel: No blueprints needed recompiling
[2017.06.22-02.49.47:310][675]PIE: New page: PIE session: ThirdPersonExampleMap (Jun 22, 2017, 6:49:47 PM)
[2017.06.22-02.49.47:310][675]LogPlayLevel: Creating play world package: /Game/ThirdPersonBP/Maps/UEDPIE_0_ThirdPersonExampleMap
[2017.06.22-02.49.47:371][675]LogPlayLevel: PIE: StaticDuplicateObject took: (0.061234s)
[2017.06.22-02.49.47:373][675]LogAIModule: Creating AISystem for world ThirdPersonExampleMap
[2017.06.22-02.49.47:373][675]LogPlayLevel: PIE: World Init took: (0.001895s)
[2017.06.22-02.49.47:374][675]LogPlayLevel: PIE: Created PIE world by copying editor world from /Game/ThirdPersonBP/Maps/ThirdPersonExampleMap.ThirdPersonExampleMap to /Game/ThirdPersonBP/Maps/UEDPIE_0_ThirdPersonExampleMap.ThirdPersonExampleMap (0.063623s)
[2017.06.22-02.49.47:491][675]LogInit: XAudio2 using '扬声器 (Conexant SmartAudio HD)' : 2 channels at 48 kHz using 32 bits per sample (channel mask 0x3)
[2017.06.22-02.49.47:535][675]LogInit: FAudioDevice initialized.
[2017.06.22-02.49.47:578][675]LogLoad: Game class is 'ThirdPersonGameMode_C'
[2017.06.22-02.49.47:586][675]LogWorld: Bringing World /Game/ThirdPersonBP/Maps/UEDPIE_0_ThirdPersonExampleMap.ThirdPersonExampleMap up for play (max tick rate 60) at 2017.06.22-10.49.47
[2017.06.22-02.49.47:587][675]LogWorld: Bringing up level for play took: 0.005172
[2017.06.22-02.49.47:689][675]PIE: Info Play in editor start time for /Game/ThirdPersonBP/Maps/UEDPIE_0_ThirdPersonExampleMap -0.552
[2017.06.22-02.49.47:689][675]LogBlueprintUserMessages: Late PlayInEditor Detection: Level '/Game/ThirdPersonBP/Maps/ThirdPersonExampleMap.ThirdPersonExampleMap:PersistentLevel' has LevelScriptBlueprint '/Game/ThirdPersonBP/Maps/ThirdPersonExampleMap.ThirdPersonExampleMap:PersistentLevel.ThirdPersonExampleMap' with GeneratedClass '/Game/ThirdPersonBP/Maps/ThirdPersonExampleMap.ThirdPersonExampleMap_C' with ClassGeneratedBy '/Game/ThirdPersonBP/Maps/ThirdPersonExampleMap.ThirdPersonExampleMap:PersistentLevel.ThirdPersonExampleMap'
[2017.06.22-02.49.51:960][875]LogBlueprintUserMessages: Early EndPlayMap Detection: Level '/Game/ThirdPersonBP/Maps/ThirdPersonExampleMap.ThirdPersonExampleMap:PersistentLevel' has LevelScriptBlueprint '/Game/ThirdPersonBP/Maps/ThirdPersonExampleMap.ThirdPersonExampleMap:PersistentLevel.ThirdPersonExampleMap' with GeneratedClass '/Game/ThirdPersonBP/Maps/ThirdPersonExampleMap.ThirdPersonExampleMap_C' with ClassGeneratedBy '/Game/ThirdPersonBP/Maps/ThirdPersonExampleMap.ThirdPersonExampleMap:PersistentLevel.ThirdPersonExampleMap'
[2017.06.22-02.49.52:228][875]LogBlueprintUserMessages: Late EndPlayMap Detection: Level '/Game/ThirdPersonBP/Maps/ThirdPersonExampleMap.ThirdPersonExampleMap:PersistentLevel' has LevelScriptBlueprint '/Game/ThirdPersonBP/Maps/ThirdPersonExampleMap.ThirdPersonExampleMap:PersistentLevel.ThirdPersonExampleMap' with GeneratedClass '/Game/ThirdPersonBP/Maps/ThirdPersonExampleMap.ThirdPersonExampleMap_C' with ClassGeneratedBy '/Game/ThirdPersonBP/Maps/ThirdPersonExampleMap.ThirdPersonExampleMap:PersistentLevel.ThirdPersonExampleMap'
[2017.06.22-02.50.10:475][476]LogRenderer: Reallocating scene render targets to support 744x540 NumSamples 1 (Frame:43629).
[2017.06.22-02.50.56:577][578]BlueprintLog: New page: Compile Pickup_BP
[2017.06.22-02.50.58:327][592]Cmd: OBJ SAVEPACKAGE PACKAGE="/Game/Imports/Inventory_Sys/Pickups/Pickup_BP" FILE="C:/Users/lenovo/Documents/GitHub/loli/萝莉/Content/Imports/Inventory_Sys/Pickups/Pickup_BP.uasset" SILENT=true
[2017.06.22-02.50.58:487][592]LogSavePackage: Save=87.65ms
[2017.06.22-02.50.58:487][592]LogSavePackage: Moving 'C:/Users/lenovo/Documents/GitHub/loli/萝莉/Saved/Pickup_BPC4E6396E47463A29898746904DB7E286.tmp' to 'C:/Users/lenovo/Documents/GitHub/loli/萝莉/Content/Imports/Inventory_Sys/Pickups/Pickup_BP.uasset'
[2017.06.22-02.50.58:516][592]LogSavePackage:Display: Finished SavePackage C:/Users/lenovo/Documents/GitHub/loli/萝莉/Content/Imports/Inventory_Sys/Pickups/Pickup_BP.uasset
[2017.06.22-02.51.13:901][224]LogTemp: Repeting last play command: Selected Viewport
[2017.06.22-02.51.13:937][224]LogBlueprintUserMessages: Early PlayInEditor Detection: Level '/Game/ThirdPersonBP/Maps/ThirdPersonExampleMap.ThirdPersonExampleMap:PersistentLevel' has LevelScriptBlueprint '/Game/ThirdPersonBP/Maps/ThirdPersonExampleMap.ThirdPersonExampleMap:PersistentLevel.ThirdPersonExampleMap' with GeneratedClass '/Game/ThirdPersonBP/Maps/ThirdPersonExampleMap.ThirdPersonExampleMap_C' with ClassGeneratedBy '/Game/ThirdPersonBP/Maps/ThirdPersonExampleMap.ThirdPersonExampleMap:PersistentLevel.ThirdPersonExampleMap'
[2017.06.22-02.51.13:937][224]LogPlayLevel: PlayLevel: No blueprints needed recompiling
[2017.06.22-02.51.13:938][224]PIE: New page: PIE session: ThirdPersonExampleMap (Jun 22, 2017, 6:51:13 PM)
[2017.06.22-02.51.13:938][224]LogPlayLevel: Creating play world package: /Game/ThirdPersonBP/Maps/UEDPIE_0_ThirdPersonExampleMap
[2017.06.22-02.51.14:005][224]LogPlayLevel: PIE: StaticDuplicateObject took: (0.067445s)
[2017.06.22-02.51.14:007][224]LogAIModule: Creating AISystem for world ThirdPersonExampleMap
[2017.06.22-02.51.14:008][224]LogPlayLevel: PIE: World Init took: (0.002563s)
[2017.06.22-02.51.14:008][224]LogPlayLevel: PIE: Created PIE world by copying editor world from /Game/ThirdPersonBP/Maps/ThirdPersonExampleMap.ThirdPersonExampleMap to /Game/ThirdPersonBP/Maps/UEDPIE_0_ThirdPersonExampleMap.ThirdPersonExampleMap (0.070611s)
[2017.06.22-02.51.14:086][224]LogInit: XAudio2 using '扬声器 (Conexant SmartAudio HD)' : 2 channels at 48 kHz using 32 bits per sample (channel mask 0x3)
[2017.06.22-02.51.14:119][224]LogInit: FAudioDevice initialized.
[2017.06.22-02.51.14:157][224]LogLoad: Game class is 'ThirdPersonGameMode_C'
[2017.06.22-02.51.14:165][224]LogWorld: Bringing World /Game/ThirdPersonBP/Maps/UEDPIE_0_ThirdPersonExampleMap.ThirdPersonExampleMap up for play (max tick rate 60) at 2017.06.22-10.51.14
[2017.06.22-02.51.14:165][224]LogWorld: Bringing up level for play took: 0.004611
[2017.06.22-02.51.14:256][224]PIE: Info Play in editor start time for /Game/ThirdPersonBP/Maps/UEDPIE_0_ThirdPersonExampleMap 0.015
[2017.06.22-02.51.14:257][224]LogBlueprintUserMessages: Late PlayInEditor Detection: Level '/Game/ThirdPersonBP/Maps/ThirdPersonExampleMap.ThirdPersonExampleMap:PersistentLevel' has LevelScriptBlueprint '/Game/ThirdPersonBP/Maps/ThirdPersonExampleMap.ThirdPersonExampleMap:PersistentLevel.ThirdPersonExampleMap' with GeneratedClass '/Game/ThirdPersonBP/Maps/ThirdPersonExampleMap.ThirdPersonExampleMap_C' with ClassGeneratedBy '/Game/ThirdPersonBP/Maps/ThirdPersonExampleMap.ThirdPersonExampleMap:PersistentLevel.ThirdPersonExampleMap'
[2017.06.22-02.51.22:208][597]LogScript:Warning: Accessed None trying to read Class from property ItemClass
	Inventory_BP_C /Game/ThirdPersonBP/Maps/UEDPIE_0_ThirdPersonExampleMap.ThirdPersonExampleMap:PersistentLevel.Inventory_BP_C_0
	Function /Game/Imports/Inventory_Sys/Inventory_BP.Inventory_BP_C:AddItem:004E
[2017.06.22-02.51.22:209][597]PIE:Error: Error Blueprint Runtime Error: Accessed None trying to read Class from property ItemClass from function: 'AddItem' from node: Branch in graph: AddItem in object: Inventory_BP with description: Accessed None trying to read Class from property ItemClass
[2017.06.22-02.51.22:209][597]LogScript:Warning: Accessed None reading structure CanBeStacked?_20_3B42217C4279F98B858FC993C01256C1
	Inventory_BP_C /Game/ThirdPersonBP/Maps/UEDPIE_0_ThirdPersonExampleMap.ThirdPersonExampleMap:PersistentLevel.Inventory_BP_C_0
	Function /Game/Imports/Inventory_Sys/Inventory_BP.Inventory_BP_C:AddItem:0063
[2017.06.22-02.51.22:209][597]PIE:Error: Error Blueprint Runtime Error: Accessed None reading structure CanBeStacked?_20_3B42217C4279F98B858FC993C01256C1 from function: 'AddItem' from node: Branch in graph: AddItem in object: Inventory_BP with description: Accessed None reading structure CanBeStacked?_20_3B42217C4279F98B858FC993C01256C1
[2017.06.22-02.51.25:612][766]LogBlueprintUserMessages: Early EndPlayMap Detection: Level '/Game/ThirdPersonBP/Maps/ThirdPersonExampleMap.ThirdPersonExampleMap:PersistentLevel' has LevelScriptBlueprint '/Game/ThirdPersonBP/Maps/ThirdPersonExampleMap.ThirdPersonExampleMap:PersistentLevel.ThirdPersonExampleMap' with GeneratedClass '/Game/ThirdPersonBP/Maps/ThirdPersonExampleMap.ThirdPersonExampleMap_C' with ClassGeneratedBy '/Game/ThirdPersonBP/Maps/ThirdPersonExampleMap.ThirdPersonExampleMap:PersistentLevel.ThirdPersonExampleMap'
[2017.06.22-02.51.25:701][766]LogBlueprintUserMessages: Late EndPlayMap Detection: Level '/Game/ThirdPersonBP/Maps/ThirdPersonExampleMap.ThirdPersonExampleMap:PersistentLevel' has LevelScriptBlueprint '/Game/ThirdPersonBP/Maps/ThirdPersonExampleMap.ThirdPersonExampleMap:PersistentLevel.ThirdPersonExampleMap' with GeneratedClass '/Game/ThirdPersonBP/Maps/ThirdPersonExampleMap.ThirdPersonExampleMap_C' with ClassGeneratedBy '/Game/ThirdPersonBP/Maps/ThirdPersonExampleMap.ThirdPersonExampleMap:PersistentLevel.ThirdPersonExampleMap'
[2017.06.22-02.52.23:436][295]BlueprintLog: New page: Compile Pickup_BP
[2017.06.22-02.52.29:321][410]BlueprintLog: New page: Compile Pickup_BP
[2017.06.22-02.52.30:328][420]Cmd: OBJ SAVEPACKAGE PACKAGE="/Game/Imports/Inventory_Sys/Pickups/Pickup_BP" FILE="C:/Users/lenovo/Documents/GitHub/loli/萝莉/Content/Imports/Inventory_Sys/Pickups/Pickup_BP.uasset" SILENT=true
[2017.06.22-02.52.30:510][420]LogSavePackage: Save=96.69ms
[2017.06.22-02.52.30:510][420]LogSavePackage: Moving 'C:/Users/lenovo/Documents/GitHub/loli/萝莉/Saved/Pickup_BPCF92DA0D4890937CBE0AD49E88986F04.tmp' to 'C:/Users/lenovo/Documents/GitHub/loli/萝莉/Content/Imports/Inventory_Sys/Pickups/Pickup_BP.uasset'
[2017.06.22-02.52.30:560][420]LogSavePackage:Display: Finished SavePackage C:/Users/lenovo/Documents/GitHub/loli/萝莉/Content/Imports/Inventory_Sys/Pickups/Pickup_BP.uasset
[2017.06.22-02.52.37:358][675]LogTemp: Repeting last play command: Selected Viewport
[2017.06.22-02.52.37:405][675]LogBlueprintUserMessages: Early PlayInEditor Detection: Level '/Game/ThirdPersonBP/Maps/ThirdPersonExampleMap.ThirdPersonExampleMap:PersistentLevel' has LevelScriptBlueprint '/Game/ThirdPersonBP/Maps/ThirdPersonExampleMap.ThirdPersonExampleMap:PersistentLevel.ThirdPersonExampleMap' with GeneratedClass '/Game/ThirdPersonBP/Maps/ThirdPersonExampleMap.ThirdPersonExampleMap_C' with ClassGeneratedBy '/Game/ThirdPersonBP/Maps/ThirdPersonExampleMap.ThirdPersonExampleMap:PersistentLevel.ThirdPersonExampleMap'
[2017.06.22-02.52.37:405][675]LogPlayLevel: PlayLevel: No blueprints needed recompiling
[2017.06.22-02.52.37:405][675]PIE: New page: PIE session: ThirdPersonExampleMap (Jun 22, 2017, 6:52:37 PM)
[2017.06.22-02.52.37:405][675]LogPlayLevel: Creating play world package: /Game/ThirdPersonBP/Maps/UEDPIE_0_ThirdPersonExampleMap
[2017.06.22-02.52.37:459][675]LogPlayLevel: PIE: StaticDuplicateObject took: (0.054348s)
[2017.06.22-02.52.37:461][675]LogAIModule: Creating AISystem for world ThirdPersonExampleMap
[2017.06.22-02.52.37:461][675]LogPlayLevel: PIE: World Init took: (0.001763s)
[2017.06.22-02.52.37:462][675]LogPlayLevel: PIE: Created PIE world by copying editor world from /Game/ThirdPersonBP/Maps/ThirdPersonExampleMap.ThirdPersonExampleMap to /Game/ThirdPersonBP/Maps/UEDPIE_0_ThirdPersonExampleMap.ThirdPersonExampleMap (0.056584s)
[2017.06.22-02.52.37:547][675]LogInit: XAudio2 using '扬声器 (Conexant SmartAudio HD)' : 2 channels at 48 kHz using 32 bits per sample (channel mask 0x3)
[2017.06.22-02.52.37:593][675]LogInit: FAudioDevice initialized.
[2017.06.22-02.52.37:633][675]LogLoad: Game class is 'ThirdPersonGameMode_C'
[2017.06.22-02.52.37:641][675]LogWorld: Bringing World /Game/ThirdPersonBP/Maps/UEDPIE_0_ThirdPersonExampleMap.ThirdPersonExampleMap up for play (max tick rate 60) at 2017.06.22-10.52.37
[2017.06.22-02.52.37:642][675]LogWorld: Bringing up level for play took: 0.005613
[2017.06.22-02.52.37:736][675]PIE: Info Play in editor start time for /Game/ThirdPersonBP/Maps/UEDPIE_0_ThirdPersonExampleMap -0.505
[2017.06.22-02.52.37:737][675]LogBlueprintUserMessages: Late PlayInEditor Detection: Level '/Game/ThirdPersonBP/Maps/ThirdPersonExampleMap.ThirdPersonExampleMap:PersistentLevel' has LevelScriptBlueprint '/Game/ThirdPersonBP/Maps/ThirdPersonExampleMap.ThirdPersonExampleMap:PersistentLevel.ThirdPersonExampleMap' with GeneratedClass '/Game/ThirdPersonBP/Maps/ThirdPersonExampleMap.ThirdPersonExampleMap_C' with ClassGeneratedBy '/Game/ThirdPersonBP/Maps/ThirdPersonExampleMap.ThirdPersonExampleMap:PersistentLevel.ThirdPersonExampleMap'
[2017.06.22-02.52.59:022][698]LogBlueprintUserMessages: Early EndPlayMap Detection: Level '/Game/ThirdPersonBP/Maps/ThirdPersonExampleMap.ThirdPersonExampleMap:PersistentLevel' has LevelScriptBlueprint '/Game/ThirdPersonBP/Maps/ThirdPersonExampleMap.ThirdPersonExampleMap:PersistentLevel.ThirdPersonExampleMap' with GeneratedClass '/Game/ThirdPersonBP/Maps/ThirdPersonExampleMap.ThirdPersonExampleMap_C' with ClassGeneratedBy '/Game/ThirdPersonBP/Maps/ThirdPersonExampleMap.ThirdPersonExampleMap:PersistentLevel.ThirdPersonExampleMap'
[2017.06.22-02.52.59:117][698]LogBlueprintUserMessages: Late EndPlayMap Detection: Level '/Game/ThirdPersonBP/Maps/ThirdPersonExampleMap.ThirdPersonExampleMap:PersistentLevel' has LevelScriptBlueprint '/Game/ThirdPersonBP/Maps/ThirdPersonExampleMap.ThirdPersonExampleMap:PersistentLevel.ThirdPersonExampleMap' with GeneratedClass '/Game/ThirdPersonBP/Maps/ThirdPersonExampleMap.ThirdPersonExampleMap_C' with ClassGeneratedBy '/Game/ThirdPersonBP/Maps/ThirdPersonExampleMap.ThirdPersonExampleMap:PersistentLevel.ThirdPersonExampleMap'
[2017.06.22-02.53.02:031][822]LogEditorViewport: Clicking on Actor (LMB): Pickup_BP_C (Pickup_BP)
[2017.06.22-02.53.05:897][989]LogSlate:Warning: Prevented a slow task dialog from being summoned while a context menu was open
[2017.06.22-02.53.50:571][597]BlueprintLog: New page: Compile HealthPotion_BP
[2017.06.22-02.53.51:589][611]Cmd: OBJ SAVEPACKAGE PACKAGE="/Game/Imports/Inventory_Sys/Pickups/HealthPotion_BP" FILE="C:/Users/lenovo/Documents/GitHub/loli/萝莉/Content/Imports/Inventory_Sys/Pickups/HealthPotion_BP.uasset" SILENT=true
[2017.06.22-02.53.51:695][611]LogSavePackage: Save=28.12ms
[2017.06.22-02.53.51:695][611]LogSavePackage: Moving 'C:/Users/lenovo/Documents/GitHub/loli/萝莉/Saved/HealthPotion_BPA97AF11E4DBCBA07DA9DADAB098521E5.tmp' to 'C:/Users/lenovo/Documents/GitHub/loli/萝莉/Content/Imports/Inventory_Sys/Pickups/HealthPotion_BP.uasset'
[2017.06.22-02.53.51:709][611]LogSavePackage:Display: Finished SavePackage C:/Users/lenovo/Documents/GitHub/loli/萝莉/Content/Imports/Inventory_Sys/Pickups/HealthPotion_BP.uasset
[2017.06.22-02.53.55:339][737]LogSlate:Warning: Prevented a slow task dialog from being summoned while a context menu was open
[2017.06.22-02.54.20:791][830]LogTemp: Repeting last play command: Selected Viewport
[2017.06.22-02.54.20:836][830]LogBlueprintUserMessages: Early PlayInEditor Detection: Level '/Game/ThirdPersonBP/Maps/ThirdPersonExampleMap.ThirdPersonExampleMap:PersistentLevel' has LevelScriptBlueprint '/Game/ThirdPersonBP/Maps/ThirdPersonExampleMap.ThirdPersonExampleMap:PersistentLevel.ThirdPersonExampleMap' with GeneratedClass '/Game/ThirdPersonBP/Maps/ThirdPersonExampleMap.ThirdPersonExampleMap_C' with ClassGeneratedBy '/Game/ThirdPersonBP/Maps/ThirdPersonExampleMap.ThirdPersonExampleMap:PersistentLevel.ThirdPersonExampleMap'
[2017.06.22-02.54.20:836][830]LogPlayLevel: PlayLevel: No blueprints needed recompiling
[2017.06.22-02.54.20:837][830]PIE: New page: PIE session: ThirdPersonExampleMap (Jun 22, 2017, 6:54:20 PM)
[2017.06.22-02.54.20:837][830]LogPlayLevel: Creating play world package: /Game/ThirdPersonBP/Maps/UEDPIE_0_ThirdPersonExampleMap
[2017.06.22-02.54.20:895][830]LogPlayLevel: PIE: StaticDuplicateObject took: (0.058043s)
[2017.06.22-02.54.20:897][830]LogAIModule: Creating AISystem for world ThirdPersonExampleMap
[2017.06.22-02.54.20:897][830]LogPlayLevel: PIE: World Init took: (0.002449s)
[2017.06.22-02.54.20:897][830]LogPlayLevel: PIE: Created PIE world by copying editor world from /Game/ThirdPersonBP/Maps/ThirdPersonExampleMap.ThirdPersonExampleMap to /Game/ThirdPersonBP/Maps/UEDPIE_0_ThirdPersonExampleMap.ThirdPersonExampleMap (0.060983s)
[2017.06.22-02.54.20:968][830]LogInit: XAudio2 using '扬声器 (Conexant SmartAudio HD)' : 2 channels at 48 kHz using 32 bits per sample (channel mask 0x3)
[2017.06.22-02.54.20:998][830]LogInit: FAudioDevice initialized.
[2017.06.22-02.54.21:037][830]LogLoad: Game class is 'ThirdPersonGameMode_C'
[2017.06.22-02.54.21:043][830]LogWorld: Bringing World /Game/ThirdPersonBP/Maps/UEDPIE_0_ThirdPersonExampleMap.ThirdPersonExampleMap up for play (max tick rate 60) at 2017.06.22-10.54.21
[2017.06.22-02.54.21:044][830]LogWorld: Bringing up level for play took: 0.004013
[2017.06.22-02.54.21:119][830]PIE: Info Play in editor start time for /Game/ThirdPersonBP/Maps/UEDPIE_0_ThirdPersonExampleMap 0.878
[2017.06.22-02.54.21:120][830]LogBlueprintUserMessages: Late PlayInEditor Detection: Level '/Game/ThirdPersonBP/Maps/ThirdPersonExampleMap.ThirdPersonExampleMap:PersistentLevel' has LevelScriptBlueprint '/Game/ThirdPersonBP/Maps/ThirdPersonExampleMap.ThirdPersonExampleMap:PersistentLevel.ThirdPersonExampleMap' with GeneratedClass '/Game/ThirdPersonBP/Maps/ThirdPersonExampleMap.ThirdPersonExampleMap_C' with ClassGeneratedBy '/Game/ThirdPersonBP/Maps/ThirdPersonExampleMap.ThirdPersonExampleMap:PersistentLevel.ThirdPersonExampleMap'
[2017.06.22-02.54.33:548][417]LogBlueprintUserMessages: Early EndPlayMap Detection: Level '/Game/ThirdPersonBP/Maps/ThirdPersonExampleMap.ThirdPersonExampleMap:PersistentLevel' has LevelScriptBlueprint '/Game/ThirdPersonBP/Maps/ThirdPersonExampleMap.ThirdPersonExampleMap:PersistentLevel.ThirdPersonExampleMap' with GeneratedClass '/Game/ThirdPersonBP/Maps/ThirdPersonExampleMap.ThirdPersonExampleMap_C' with ClassGeneratedBy '/Game/ThirdPersonBP/Maps/ThirdPersonExampleMap.ThirdPersonExampleMap:PersistentLevel.ThirdPersonExampleMap'
[2017.06.22-02.54.33:640][417]LogBlueprintUserMessages: Late EndPlayMap Detection: Level '/Game/ThirdPersonBP/Maps/ThirdPersonExampleMap.ThirdPersonExampleMap:PersistentLevel' has LevelScriptBlueprint '/Game/ThirdPersonBP/Maps/ThirdPersonExampleMap.ThirdPersonExampleMap:PersistentLevel.ThirdPersonExampleMap' with GeneratedClass '/Game/ThirdPersonBP/Maps/ThirdPersonExampleMap.ThirdPersonExampleMap_C' with ClassGeneratedBy '/Game/ThirdPersonBP/Maps/ThirdPersonExampleMap.ThirdPersonExampleMap:PersistentLevel.ThirdPersonExampleMap'
[2017.06.22-02.56.37:242][812]BlueprintLog: New page: Compile InventorySlot
[2017.06.22-02.56.38:404][830]Cmd: OBJ SAVEPACKAGE PACKAGE="/Game/Imports/HUD/InventorySlot" FILE="C:/Users/lenovo/Documents/GitHub/loli/萝莉/Content/Imports/HUD/InventorySlot.uasset" SILENT=true
[2017.06.22-02.56.38:579][830]LogSavePackage: Save=97.68ms
[2017.06.22-02.56.38:579][830]LogSavePackage: Moving 'C:/Users/lenovo/Documents/GitHub/loli/萝莉/Saved/InventorySlotCF26FC09420939E565ED3F87517B792E.tmp' to 'C:/Users/lenovo/Documents/GitHub/loli/萝莉/Content/Imports/HUD/InventorySlot.uasset'
[2017.06.22-02.56.38:609][830]LogSavePackage:Display: Finished SavePackage C:/Users/lenovo/Documents/GitHub/loli/萝莉/Content/Imports/HUD/InventorySlot.uasset
[2017.06.22-02.56.48:214][115]LogTemp: Repeting last play command: Selected Viewport
[2017.06.22-02.56.48:295][115]LogBlueprintUserMessages: Early PlayInEditor Detection: Level '/Game/ThirdPersonBP/Maps/ThirdPersonExampleMap.ThirdPersonExampleMap:PersistentLevel' has LevelScriptBlueprint '/Game/ThirdPersonBP/Maps/ThirdPersonExampleMap.ThirdPersonExampleMap:PersistentLevel.ThirdPersonExampleMap' with GeneratedClass '/Game/ThirdPersonBP/Maps/ThirdPersonExampleMap.ThirdPersonExampleMap_C' with ClassGeneratedBy '/Game/ThirdPersonBP/Maps/ThirdPersonExampleMap.ThirdPersonExampleMap:PersistentLevel.ThirdPersonExampleMap'
[2017.06.22-02.56.48:295][115]LogPlayLevel: PlayLevel: No blueprints needed recompiling
[2017.06.22-02.56.48:295][115]PIE: New page: PIE session: ThirdPersonExampleMap (Jun 22, 2017, 6:56:48 PM)
[2017.06.22-02.56.48:296][115]LogPlayLevel: Creating play world package: /Game/ThirdPersonBP/Maps/UEDPIE_0_ThirdPersonExampleMap
[2017.06.22-02.56.48:359][115]LogPlayLevel: PIE: StaticDuplicateObject took: (0.063140s)
[2017.06.22-02.56.48:360][115]LogAIModule: Creating AISystem for world ThirdPersonExampleMap
[2017.06.22-02.56.48:361][115]LogPlayLevel: PIE: World Init took: (0.002179s)
[2017.06.22-02.56.48:361][115]LogPlayLevel: PIE: Created PIE world by copying editor world from /Game/ThirdPersonBP/Maps/ThirdPersonExampleMap.ThirdPersonExampleMap to /Game/ThirdPersonBP/Maps/UEDPIE_0_ThirdPersonExampleMap.ThirdPersonExampleMap (0.065834s)
[2017.06.22-02.56.48:441][115]LogInit: XAudio2 using '扬声器 (Conexant SmartAudio HD)' : 2 channels at 48 kHz using 32 bits per sample (channel mask 0x3)
[2017.06.22-02.56.48:473][115]LogInit: FAudioDevice initialized.
[2017.06.22-02.56.48:513][115]LogLoad: Game class is 'ThirdPersonGameMode_C'
[2017.06.22-02.56.48:520][115]LogWorld: Bringing World /Game/ThirdPersonBP/Maps/UEDPIE_0_ThirdPersonExampleMap.ThirdPersonExampleMap up for play (max tick rate 60) at 2017.06.22-10.56.48
[2017.06.22-02.56.48:521][115]LogWorld: Bringing up level for play took: 0.004883
[2017.06.22-02.56.48:612][115]PIE: Info Play in editor start time for /Game/ThirdPersonBP/Maps/UEDPIE_0_ThirdPersonExampleMap 0.37
[2017.06.22-02.56.48:612][115]LogBlueprintUserMessages: Late PlayInEditor Detection: Level '/Game/ThirdPersonBP/Maps/ThirdPersonExampleMap.ThirdPersonExampleMap:PersistentLevel' has LevelScriptBlueprint '/Game/ThirdPersonBP/Maps/ThirdPersonExampleMap.ThirdPersonExampleMap:PersistentLevel.ThirdPersonExampleMap' with GeneratedClass '/Game/ThirdPersonBP/Maps/ThirdPersonExampleMap.ThirdPersonExampleMap_C' with ClassGeneratedBy '/Game/ThirdPersonBP/Maps/ThirdPersonExampleMap.ThirdPersonExampleMap:PersistentLevel.ThirdPersonExampleMap'
[2017.06.22-02.56.58:618][553]LogScript:Warning: Accessed None trying to read property CallFunc_SlotAsUniformGridSlot_ReturnValue
	Inventory_C /Engine/Transient.UnrealEdEngine_0:GameInstance_8.MainWidget_C_8.WidgetTree_547.Inventory_Widget
	Function /Game/Imports/HUD/Inventory.Inventory_C:ExecuteUbergraph_Inventory:00BE
[2017.06.22-02.56.58:618][553]LogScript:Warning: Accessed None trying to read property CallFunc_SlotAsUniformGridSlot_ReturnValue
	Inventory_C /Engine/Transient.UnrealEdEngine_0:GameInstance_8.MainWidget_C_8.WidgetTree_547.Inventory_Widget
	Function /Game/Imports/HUD/Inventory.Inventory_C:ExecuteUbergraph_Inventory:00FE
[2017.06.22-02.56.58:618][553]LogScript:Warning: Accessed None trying to read property K2Node_CustomEvent_Slot
	Inventory_C /Engine/Transient.UnrealEdEngine_0:GameInstance_8.MainWidget_C_8.WidgetTree_547.Inventory_Widget
	Function /Game/Imports/HUD/Inventory.Inventory_C:ExecuteUbergraph_Inventory:02A3
[2017.06.22-02.57.02:852][744]LogScript:Warning: Accessed None trying to read property CallFunc_SlotAsUniformGridSlot_ReturnValue
	Inventory_C /Engine/Transient.UnrealEdEngine_0:GameInstance_8.MainWidget_C_8.WidgetTree_547.Inventory_Widget
	Function /Game/Imports/HUD/Inventory.Inventory_C:ExecuteUbergraph_Inventory:00BE
[2017.06.22-02.57.02:852][744]LogScript:Warning: Accessed None trying to read property CallFunc_SlotAsUniformGridSlot_ReturnValue
	Inventory_C /Engine/Transient.UnrealEdEngine_0:GameInstance_8.MainWidget_C_8.WidgetTree_547.Inventory_Widget
	Function /Game/Imports/HUD/Inventory.Inventory_C:ExecuteUbergraph_Inventory:00FE
[2017.06.22-02.57.02:852][744]LogScript:Warning: Accessed None trying to read property K2Node_CustomEvent_Slot
	Inventory_C /Engine/Transient.UnrealEdEngine_0:GameInstance_8.MainWidget_C_8.WidgetTree_547.Inventory_Widget
	Function /Game/Imports/HUD/Inventory.Inventory_C:ExecuteUbergraph_Inventory:02A3
[2017.06.22-02.57.04:999][841]LogScript:Warning: Accessed None trying to read property CallFunc_SlotAsUniformGridSlot_ReturnValue
	Inventory_C /Engine/Transient.UnrealEdEngine_0:GameInstance_8.MainWidget_C_8.WidgetTree_547.Inventory_Widget
	Function /Game/Imports/HUD/Inventory.Inventory_C:ExecuteUbergraph_Inventory:00BE
[2017.06.22-02.57.04:999][841]LogScript:Warning: Accessed None trying to read property CallFunc_SlotAsUniformGridSlot_ReturnValue
	Inventory_C /Engine/Transient.UnrealEdEngine_0:GameInstance_8.MainWidget_C_8.WidgetTree_547.Inventory_Widget
	Function /Game/Imports/HUD/Inventory.Inventory_C:ExecuteUbergraph_Inventory:00FE
[2017.06.22-02.57.04:999][841]LogScript:Warning: Accessed None trying to read property K2Node_CustomEvent_Slot
	Inventory_C /Engine/Transient.UnrealEdEngine_0:GameInstance_8.MainWidget_C_8.WidgetTree_547.Inventory_Widget
	Function /Game/Imports/HUD/Inventory.Inventory_C:ExecuteUbergraph_Inventory:02A3
[2017.06.22-02.57.07:163][940]LogScript:Warning: Accessed None trying to read property CallFunc_SlotAsUniformGridSlot_ReturnValue
	Inventory_C /Engine/Transient.UnrealEdEngine_0:GameInstance_8.MainWidget_C_8.WidgetTree_547.Inventory_Widget
	Function /Game/Imports/HUD/Inventory.Inventory_C:ExecuteUbergraph_Inventory:00BE
[2017.06.22-02.57.07:163][940]LogScript:Warning: Accessed None trying to read property CallFunc_SlotAsUniformGridSlot_ReturnValue
	Inventory_C /Engine/Transient.UnrealEdEngine_0:GameInstance_8.MainWidget_C_8.WidgetTree_547.Inventory_Widget
	Function /Game/Imports/HUD/Inventory.Inventory_C:ExecuteUbergraph_Inventory:00FE
[2017.06.22-02.57.07:163][940]LogScript:Warning: Accessed None trying to read property K2Node_CustomEvent_Slot
	Inventory_C /Engine/Transient.UnrealEdEngine_0:GameInstance_8.MainWidget_C_8.WidgetTree_547.Inventory_Widget
	Function /Game/Imports/HUD/Inventory.Inventory_C:ExecuteUbergraph_Inventory:02A3
[2017.06.22-02.57.16:848][376]LogBlueprintUserMessages: Early EndPlayMap Detection: Level '/Game/ThirdPersonBP/Maps/ThirdPersonExampleMap.ThirdPersonExampleMap:PersistentLevel' has LevelScriptBlueprint '/Game/ThirdPersonBP/Maps/ThirdPersonExampleMap.ThirdPersonExampleMap:PersistentLevel.ThirdPersonExampleMap' with GeneratedClass '/Game/ThirdPersonBP/Maps/ThirdPersonExampleMap.ThirdPersonExampleMap_C' with ClassGeneratedBy '/Game/ThirdPersonBP/Maps/ThirdPersonExampleMap.ThirdPersonExampleMap:PersistentLevel.ThirdPersonExampleMap'
[2017.06.22-02.57.16:936][376]LogBlueprintUserMessages: Late EndPlayMap Detection: Level '/Game/ThirdPersonBP/Maps/ThirdPersonExampleMap.ThirdPersonExampleMap:PersistentLevel' has LevelScriptBlueprint '/Game/ThirdPersonBP/Maps/ThirdPersonExampleMap.ThirdPersonExampleMap:PersistentLevel.ThirdPersonExampleMap' with GeneratedClass '/Game/ThirdPersonBP/Maps/ThirdPersonExampleMap.ThirdPersonExampleMap_C' with ClassGeneratedBy '/Game/ThirdPersonBP/Maps/ThirdPersonExampleMap.ThirdPersonExampleMap:PersistentLevel.ThirdPersonExampleMap'
[2017.06.22-02.57.55:665][479]LogActorComponent: UnregisterComponent: (/Engine/Transient.EditorFloorComp) Not registered. Aborting.
[2017.06.22-02.57.58:695][527]LogActorComponent: UnregisterComponent: (/Engine/Transient.EditorFloorComp) Not registered. Aborting.
[2017.06.22-02.58.54:072][ 15]LogSavePackage: Save=352.10ms
[2017.06.22-02.58.54:073][ 15]LogSavePackage: Moving 'C:/Users/lenovo/Documents/GitHub/loli/萝莉/Saved/ThirdPersonExampleMap_Auto1890D87574C3C9CDA432AA38A7C023653.tmp' to 'C:/Users/lenovo/Documents/GitHub/loli/萝莉/Saved/Autosaves/Game/ThirdPersonBP/Maps/ThirdPersonExampleMap_Auto1.umap'
[2017.06.22-02.58.54:086][ 15]LogSavePackage:Display: Finished SavePackage C:/Users/lenovo/Documents/GitHub/loli/萝莉/Saved/Autosaves/Game/ThirdPersonBP/Maps/ThirdPersonExampleMap_Auto1.umap
[2017.06.22-02.58.54:095][ 15]LogFileHelpers: Editor autosave (incl. sublevels) for '/Game/ThirdPersonBP/Maps/ThirdPersonExampleMap' took 0.546
[2017.06.22-02.58.54:095][ 15]LogFileHelpers: Editor autosave (incl. sublevels) for all levels took 0.546
[2017.06.22-06.29.01:465][146]LogWindowsTextInputMethodSystem:Display: IME system now deactivated.
[2017.06.22-06.29.01:693][146]LogWindowsTextInputMethodSystem:Display: IME system now activated using TSF (搜狗拼音输入法).
[2017.06.22-06.29.04:144][224]Cmd: OBJ SAVEPACKAGE PACKAGE="/Game/Imports/HUD/InventorySlot" FILE="C:/Users/lenovo/Documents/GitHub/loli/萝莉/Content/Imports/HUD/InventorySlot.uasset" SILENT=true
[2017.06.22-06.29.04:406][224]LogSavePackage: Save=174.65ms
[2017.06.22-06.29.04:406][224]LogSavePackage: Moving 'C:/Users/lenovo/Documents/GitHub/loli/萝莉/Saved/InventorySlot8CDA3E6C4357D1060EEE3BB07772078B.tmp' to 'C:/Users/lenovo/Documents/GitHub/loli/萝莉/Content/Imports/HUD/InventorySlot.uasset'
[2017.06.22-06.29.04:421][224]LogSavePackage:Display: Finished SavePackage C:/Users/lenovo/Documents/GitHub/loli/萝莉/Content/Imports/HUD/InventorySlot.uasset
[2017.06.22-06.29.12:074][393]LogSavePackage: Save=499.76ms
[2017.06.22-06.29.12:074][393]LogSavePackage: Moving 'C:/Users/lenovo/Documents/GitHub/loli/萝莉/Saved/ThirdPersonExampleMapB3BB70C04AAF7DA0660BD1B1CAC8098A.tmp' to 'C:/Users/lenovo/Documents/GitHub/loli/萝莉/Content/ThirdPersonBP/Maps/ThirdPersonExampleMap.umap'
[2017.06.22-06.29.12:104][393]LogSavePackage:Display: Finished SavePackage C:/Users/lenovo/Documents/GitHub/loli/萝莉/Content/ThirdPersonBP/Maps/ThirdPersonExampleMap.umap
[2017.06.22-06.29.12:306][393]LogFileHelpers: Saving map 'ThirdPersonExampleMap' took 1.060
[2017.06.22-06.29.12:523][393]LogWindowsTextInputMethodSystem:Display: IME system now activated using TSF (搜狗拼音输入法).
[2017.06.22-06.29.13:177][394]Cmd: QUIT_EDITOR
[2017.06.22-06.29.13:924][394]LogExit: Preparing to exit.
[2017.06.22-06.29.15:307][394]LogExit: Editor shut down
[2017.06.22-06.29.15:310][394]LogExit: Transaction tracking system shut down
[2017.06.22-06.29.15:942][394]LogObj: Freed 0b from 0 cluster array pools.
[2017.06.22-06.29.15:945][394]LogExit: Object subsystem successfully closed.
[2017.06.22-06.29.15:998][394]LogD3D11RHI: Shutdown
[2017.06.22-06.29.15:998][394]LogD3D11RHI: CleanupD3DDevice
[2017.06.22-06.29.16:558][394]LogD3D11RHI: ~FD3D11DynamicRHI
[2017.06.22-06.29.16:587][394]LogModuleManager: Shutting down and abandoning module SequencerWidgets (506)
[2017.06.22-06.29.16:588][394]LogModuleManager: Shutting down and abandoning module BlueprintGraph (504)
[2017.06.22-06.29.16:588][394]LogModuleManager: Shutting down and abandoning module BlueprintProfiler (502)
[2017.06.22-06.29.16:588][394]LogModuleManager: Shutting down and abandoning module MovieSceneCapture (500)
[2017.06.22-06.29.16:588][394]LogModuleManager: Shutting down and abandoning module HierarchicalLODOutliner (498)
[2017.06.22-06.29.16:588][394]LogModuleManager: Shutting down and abandoning module CrashTracker (496)
[2017.06.22-06.29.16:588][394]LogModuleManager: Shutting down and abandoning module SceneOutliner (494)
[2017.06.22-06.29.16:588][394]LogModuleManager: Shutting down and abandoning module AddContentDialog (492)
[2017.06.22-06.29.16:588][394]LogDirectoryWatcher: A directory notification for 'D:/Epic Games/UE_4.15/FeaturePacks/' was aborted.
[2017.06.22-06.29.16:609][394]LogModuleManager: Shutting down and abandoning module WidgetCarousel (491)
[2017.06.22-06.29.16:609][394]LogModuleManager: Shutting down and abandoning module EditorWidgets (488)
[2017.06.22-06.29.16:610][394]LogModuleManager: Shutting down and abandoning module CollectionManager (486)
[2017.06.22-06.29.16:610][394]LogDirectoryWatcher: A directory notification for 'C:/Users/lenovo/Documents/GitHub/loli/萝莉/Content/Collections/' was aborted.
[2017.06.22-06.29.16:610][394]LogDirectoryWatcher: A directory notification for 'C:/Users/lenovo/Documents/GitHub/loli/萝莉/Content/Developers/1/Collections/' was aborted.
[2017.06.22-06.29.16:610][394]LogDirectoryWatcher: A directory notification for 'C:/Users/lenovo/Documents/GitHub/loli/萝莉/Saved/Collections/' was aborted.
[2017.06.22-06.29.16:611][394]LogModuleManager: Shutting down and abandoning module StatsViewer (484)
[2017.06.22-06.29.16:611][394]LogModuleManager: Shutting down and abandoning module FoliageEdit (482)
[2017.06.22-06.29.16:611][394]LogModuleManager: Shutting down and abandoning module LandscapeEditor (480)
[2017.06.22-06.29.16:611][394]LogModuleManager: Shutting down and abandoning module SceneDepthPickerMode (478)
[2017.06.22-06.29.16:611][394]LogModuleManager: Shutting down and abandoning module ActorPickerMode (476)
[2017.06.22-06.29.16:611][394]LogModuleManager: Shutting down and abandoning module GeometryMode (474)
[2017.06.22-06.29.16:611][394]LogModuleManager: Shutting down and abandoning module TextureAlignMode (472)
[2017.06.22-06.29.16:611][394]LogModuleManager: Shutting down and abandoning module BspMode (470)
[2017.06.22-06.29.16:611][394]LogModuleManager: Shutting down and abandoning module HardwareSurvey (468)
[2017.06.22-06.29.16:611][394]LogModuleManager: Shutting down and abandoning module SequenceRecorderSections (466)
[2017.06.22-06.29.16:612][394]LogModuleManager: Shutting down and abandoning module AutomationWorker (464)
[2017.06.22-06.29.16:612][394]LogModuleManager: Shutting down and abandoning module MatineeToLevelSequence (462)
[2017.06.22-06.29.16:612][394]LogModuleManager: Shutting down and abandoning module LevelSequenceEditor (460)
[2017.06.22-06.29.16:612][394]LogModuleManager: Shutting down and abandoning module PlacementMode (459)
[2017.06.22-06.29.16:612][394]LogModuleManager: Shutting down and abandoning module WmfMediaFactory (456)
[2017.06.22-06.29.16:612][394]LogModuleManager: Shutting down and abandoning module WmfMediaEditor (454)
[2017.06.22-06.29.16:612][394]LogModuleManager: Shutting down and abandoning module MfMediaFactory (452)
[2017.06.22-06.29.16:612][394]LogModuleManager: Shutting down and abandoning module MfMediaEditor (450)
[2017.06.22-06.29.16:612][394]LogModuleManager: Shutting down and abandoning module AvfMediaFactory (448)
[2017.06.22-06.29.16:612][394]LogModuleManager: Shutting down and abandoning module AvfMediaEditor (446)
[2017.06.22-06.29.16:612][394]LogModuleManager: Shutting down and abandoning module AndroidMediaFactory (444)
[2017.06.22-06.29.16:612][394]LogModuleManager: Shutting down and abandoning module Media (443)
[2017.06.22-06.29.16:612][394]LogModuleManager: Shutting down and abandoning module AndroidMediaEditor (440)
[2017.06.22-06.29.16:612][394]LogModuleManager: Shutting down and abandoning module CharacterAI (438)
[2017.06.22-06.29.16:612][394]LogModuleManager: Shutting down and abandoning module AudioCapture (436)
[2017.06.22-06.29.16:612][394]LogModuleManager: Shutting down and abandoning module SequenceRecorder (435)
[2017.06.22-06.29.16:612][394]LogModuleManager: Shutting down and abandoning module SmartSnapping (432)
[2017.06.22-06.29.16:612][394]LogModuleManager: Shutting down and abandoning module SessionServices (430)
[2017.06.22-06.29.16:612][394]LogModuleManager: Shutting down and abandoning module ViewportSnapping (428)
[2017.06.22-06.29.16:613][394]LogModuleManager: Shutting down and abandoning module ViewportInteraction (426)
[2017.06.22-06.29.16:613][394]LogModuleManager: Shutting down and abandoning module LogVisualizer (424)
[2017.06.22-06.29.16:613][394]LogModuleManager: Shutting down and abandoning module IntroTutorials (422)
[2017.06.22-06.29.16:613][394]LogModuleManager: Shutting down and abandoning module GameProjectGeneration (421)
[2017.06.22-06.29.16:613][394]LogModuleManager: Shutting down and abandoning module EditorLiveStreaming (418)
[2017.06.22-06.29.16:613][394]LogModuleManager: Shutting down and abandoning module IOSPlatformEditor (416)
[2017.06.22-06.29.16:613][394]LogModuleManager: Shutting down and abandoning module HTML5PlatformEditor (414)
[2017.06.22-06.29.16:613][394]LogModuleManager: Shutting down and abandoning module AndroidPlatformEditor (412)
[2017.06.22-06.29.16:613][394]LogModuleManager: Shutting down and abandoning module AndroidDeviceDetection (411)
[2017.06.22-06.29.17:389][394]LogModuleManager: Shutting down and abandoning module IOSRuntimeSettings (408)
[2017.06.22-06.29.17:389][394]LogModuleManager: Shutting down and abandoning module AndroidRuntimeSettings (406)
[2017.06.22-06.29.17:389][394]LogModuleManager: Shutting down and abandoning module InputBindingEditor (404)
[2017.06.22-06.29.17:389][394]LogModuleManager: Shutting down and abandoning module NiagaraEditor (402)
[2017.06.22-06.29.17:390][394]LogModuleManager: Shutting down and abandoning module MergeActors (400)
[2017.06.22-06.29.17:390][394]LogModuleManager: Shutting down and abandoning module SizeMap (398)
[2017.06.22-06.29.17:390][394]LogModuleManager: Shutting down and abandoning module TreeMap (396)
[2017.06.22-06.29.17:390][394]LogModuleManager: Shutting down and abandoning module ReferenceViewer (394)
[2017.06.22-06.29.17:390][394]LogModuleManager: Shutting down and abandoning module LocalizationDashboard (392)
[2017.06.22-06.29.17:390][394]LogModuleManager: Shutting down and abandoning module LocalizationService (391)
[2017.06.22-06.29.17:390][394]LogModuleManager: Shutting down and abandoning module HardwareTargeting (388)
[2017.06.22-06.29.17:390][394]LogModuleManager: Shutting down and abandoning module DeviceProfileEditor (386)
[2017.06.22-06.29.17:390][394]LogModuleManager: Shutting down and abandoning module UndoHistory (384)
[2017.06.22-06.29.17:390][394]LogModuleManager: Shutting down and abandoning module UserFeedback (382)
[2017.06.22-06.29.17:390][394]LogModuleManager: Shutting down and abandoning module XmlParser (380)
[2017.06.22-06.29.17:391][394]LogModuleManager: Shutting down and abandoning module Blutility (378)
[2017.06.22-06.29.17:391][394]LogModuleManager: Shutting down and abandoning module ProjectSettingsViewer (376)
[2017.06.22-06.29.17:391][394]LogModuleManager: Shutting down and abandoning module ProjectTargetPlatformEditor (375)
[2017.06.22-06.29.17:392][394]LogModuleManager: Shutting down and abandoning module EditorSettingsViewer (372)
[2017.06.22-06.29.17:392][394]LogModuleManager: Shutting down and abandoning module SettingsEditor (370)
[2017.06.22-06.29.17:393][394]LogModuleManager: Shutting down and abandoning module ProjectLauncher (368)
[2017.06.22-06.29.17:393][394]LogModuleManager: Shutting down and abandoning module SessionFrontend (366)
[2017.06.22-06.29.17:393][394]LogModuleManager: Shutting down and abandoning module ProfilerClient (364)
[2017.06.22-06.29.17:393][394]LogModuleManager: Shutting down and abandoning module DeviceManager (362)
[2017.06.22-06.29.17:393][394]LogModuleManager: Shutting down and abandoning module TargetDeviceServices (361)
[2017.06.22-06.29.17:450][394]LogModuleManager: Shutting down and abandoning module AutomationController (358)
[2017.06.22-06.29.17:450][394]LogModuleManager: Shutting down and abandoning module AutomationWindow (356)
[2017.06.22-06.29.17:450][394]LogModuleManager: Shutting down and abandoning module Layers (354)
[2017.06.22-06.29.17:450][394]LogModuleManager: Shutting down and abandoning module ComponentVisualizers (352)
[2017.06.22-06.29.17:450][394]LogModuleManager: Shutting down and abandoning module DetailCustomizations (350)
[2017.06.22-06.29.17:450][394]LogModuleManager: Shutting down and abandoning module PackagesDialog (348)
[2017.06.22-06.29.17:451][394]LogModuleManager: Shutting down and abandoning module Persona (346)
[2017.06.22-06.29.17:451][394]LogModuleManager: Shutting down and abandoning module AnimGraph (345)
[2017.06.22-06.29.17:451][394]LogModuleManager: Shutting down and abandoning module Kismet (342)
[2017.06.22-06.29.17:499][394]LogModuleManager: Shutting down and abandoning module GraphEditor (340)
[2017.06.22-06.29.17:500][394]LogModuleManager: Shutting down and abandoning module ClassViewer (338)
[2017.06.22-06.29.17:513][394]LogModuleManager: Shutting down and abandoning module Toolbox (336)
[2017.06.22-06.29.17:513][394]LogModuleManager: Shutting down and abandoning module ModuleUI (334)
[2017.06.22-06.29.17:513][394]LogModuleManager: Shutting down and abandoning module MovieSceneTools (332)
[2017.06.22-06.29.17:513][394]LogModuleManager: Shutting down and abandoning module OutputLog (330)
[2017.06.22-06.29.17:513][394]LogModuleManager: Shutting down and abandoning module GammaUI (328)
[2017.06.22-06.29.17:513][394]LogModuleManager: Shutting down and abandoning module Documentation (326)
[2017.06.22-06.29.17:516][394]LogModuleManager: Shutting down and abandoning module Niagara (324)
[2017.06.22-06.29.17:516][394]LogModuleManager: Shutting down and abandoning module StreamingPauseRendering (322)
[2017.06.22-06.29.17:516][394]LogModuleManager: Shutting down and abandoning module AnalyticsET (320)
[2017.06.22-06.29.17:516][394]LogModuleManager: Shutting down and abandoning module PortalServices (318)
[2017.06.22-06.29.17:516][394]LogModuleManager: Shutting down and abandoning module PortalRpc (316)
[2017.06.22-06.29.17:516][394]LogModuleManager: Shutting down and abandoning module MessagingRpc (314)
[2017.06.22-06.29.17:516][394]LogModuleManager: Shutting down and abandoning module AIModule (312)
[2017.06.22-06.29.17:516][394]LogModuleManager: Shutting down and abandoning module GameplayDebugger (311)
[2017.06.22-06.29.17:517][394]LogModuleManager: Shutting down and abandoning module AITestSuite (309)
[2017.06.22-06.29.17:517][394]LogModuleManager: Shutting down and abandoning module ProfilerService (306)
[2017.06.22-06.29.17:734][394]LogModuleManager: Shutting down and abandoning module TaskGraph (304)
[2017.06.22-06.29.17:734][394]LogModuleManager: Shutting down and abandoning module SteamVRController (302)
[2017.06.22-06.29.17:734][394]LogModuleManager: Shutting down and abandoning module SteamVR (300)
[2017.06.22-06.29.17:734][394]LogModuleManager: Shutting down and abandoning module ProceduralMeshComponentEditor (298)
[2017.06.22-06.29.17:735][394]LogModuleManager: Shutting down and abandoning module ProceduralMeshComponent (296)
[2017.06.22-06.29.17:735][394]LogModuleManager: Shutting down and abandoning module OculusLibrary (294)
[2017.06.22-06.29.17:735][394]LogModuleManager: Shutting down and abandoning module OculusInput (292)
[2017.06.22-06.29.17:735][394]LogModuleManager: Shutting down and abandoning module MobilePatchingUtils (290)
[2017.06.22-06.29.17:735][394]LogModuleManager: Shutting down and abandoning module CustomMeshComponent (288)
[2017.06.22-06.29.17:736][394]LogModuleManager: Shutting down and abandoning module CableComponent (286)
[2017.06.22-06.29.17:736][394]LogModuleManager: Shutting down and abandoning module ArchVisCharacter (284)
[2017.06.22-06.29.17:736][394]LogModuleManager: Shutting down and abandoning module MediaPlayerEditor (280)
[2017.06.22-06.29.17:736][394]LogModuleManager: Shutting down and abandoning module HTML5Networking (278)
[2017.06.22-06.29.17:736][394]LogModuleManager: Shutting down and abandoning module AlembicImporter (276)
[2017.06.22-06.29.17:736][394]LogModuleManager: Shutting down and abandoning module AlembicLibrary (275)
[2017.06.22-06.29.17:736][394]LogModuleManager: Shutting down and abandoning module GeometryCache (274)
[2017.06.22-06.29.17:736][394]LogModuleManager: Shutting down and abandoning module GeometryCacheEd (273)
[2017.06.22-06.29.17:736][394]LogModuleManager: Shutting down and abandoning module SuperSearchEditor (268)
[2017.06.22-06.29.17:736][394]LogModuleManager: Shutting down and abandoning module SuperSearch (267)
[2017.06.22-06.29.17:736][394]LogModuleManager: Shutting down and abandoning module SpeedTreeImporter (264)
[2017.06.22-06.29.17:736][394]LogModuleManager: Shutting down and abandoning module PluginBrowser (262)
[2017.06.22-06.29.17:736][394]LogModuleManager: Shutting down and abandoning module MobileLauncherProfileWizard (260)
[2017.06.22-06.29.17:736][394]LogModuleManager: Shutting down and abandoning module EpicSurvey (258)
[2017.06.22-06.29.17:736][394]LogModuleManager: Shutting down and abandoning module VisualStudioSourceCodeAccess (256)
[2017.06.22-06.29.17:737][394]LogModuleManager: Shutting down and abandoning module DesktopPlatform (255)
[2017.06.22-06.29.17:737][394]LogModuleManager: Shutting down and abandoning module UObjectPlugin (252)
[2017.06.22-06.29.17:737][394]LogModuleManager: Shutting down and abandoning module SubversionSourceControl (250)
[2017.06.22-06.29.17:737][394]LogModuleManager: Shutting down and abandoning module PerforceSourceControl (248)
[2017.06.22-06.29.17:737][394]LogModuleManager: Shutting down and abandoning module GitSourceControl (246)
[2017.06.22-06.29.17:737][394]LogModuleManager: Shutting down and abandoning module SourceControl (245)
[2017.06.22-06.29.17:737][394]LogModuleManager: Shutting down and abandoning module LightPropagationVolumeEditor (242)
[2017.06.22-06.29.17:737][394]LogModuleManager: Shutting down and abandoning module PaperTiledImporter (240)
[2017.06.22-06.29.17:737][394]LogModuleManager: Shutting down and abandoning module PaperSpriteSheetImporter (238)
[2017.06.22-06.29.17:737][394]LogModuleManager: Shutting down and abandoning module Paper2DEditor (236)
[2017.06.22-06.29.17:737][394]LogModuleManager: Shutting down and abandoning module MeshPaint (235)
[2017.06.22-06.29.17:737][394]LogModuleManager: Shutting down and abandoning module LevelEditor (233)
[2017.06.22-06.29.17:743][394]LogModuleManager: Shutting down and abandoning module PixelInspectorModule (232)
[2017.06.22-06.29.17:743][394]LogModuleManager: Shutting down and abandoning module MainFrame (230)
[2017.06.22-06.29.17:744][394]LogModuleManager: Shutting down and abandoning module HotReload (229)
[2017.06.22-06.29.17:745][394]LogModuleManager: Shutting down and abandoning module ContentBrowser (225)
[2017.06.22-06.29.17:750][394]LogModuleManager: Shutting down and abandoning module PhysXVehiclesEditor (222)
[2017.06.22-06.29.17:750][394]LogModuleManager: Shutting down and abandoning module PhysXVehicles (220)
[2017.06.22-06.29.17:750][394]LogModuleManager: Shutting down and abandoning module LocationServicesBPLibrary (218)
[2017.06.22-06.29.17:750][394]LogModuleManager: Shutting down and abandoning module UdpMessaging (216)
[2017.06.22-06.29.17:852][394]LogModuleManager: Shutting down and abandoning module TcpMessaging (214)
[2017.06.22-06.29.17:953][394]LogModuleManager: Shutting down and abandoning module GameplayTagsEditor (212)
[2017.06.22-06.29.17:953][394]LogModuleManager: Shutting down and abandoning module FacialAnimationEditor (210)
[2017.06.22-06.29.17:953][394]LogModuleManager: Shutting down and abandoning module FacialAnimation (208)
[2017.06.22-06.29.17:953][394]LogModuleManager: Shutting down and abandoning module LightPropagationVolumeRuntime (206)
[2017.06.22-06.29.17:953][394]LogModuleManager: Shutting down and abandoning module Paper2D (204)
[2017.06.22-06.29.17:953][394]LogModuleManager: Shutting down and abandoning module WindowsMoviePlayer (202)
[2017.06.22-06.29.17:953][394]LogModuleManager: Shutting down and abandoning module WmfMedia (200)
[2017.06.22-06.29.17:953][394]LogModuleManager: Shutting down and abandoning module MfMedia (198)
[2017.06.22-06.29.17:953][394]LogModuleManager: Shutting down and abandoning module MediaAssets (196)
[2017.06.22-06.29.17:953][394]LogModuleManager: Shutting down and abandoning module GameLiveStreaming (194)
[2017.06.22-06.29.17:954][394]LogModuleManager: Shutting down and abandoning module VREditor (192)
[2017.06.22-06.29.17:954][394]LogModuleManager: Shutting down and abandoning module GameplayTasksEditor (190)
[2017.06.22-06.29.17:954][394]LogModuleManager: Shutting down and abandoning module BehaviorTreeEditor (188)
[2017.06.22-06.29.17:954][394]LogModuleManager: Shutting down and abandoning module FunctionalTesting (186)
[2017.06.22-06.29.17:954][394]LogModuleManager: Shutting down and abandoning module CollisionAnalyzer (184)
[2017.06.22-06.29.17:954][394]LogModuleManager: Shutting down and abandoning module UMG (182)
[2017.06.22-06.29.17:954][394]LogModuleManager: Shutting down and abandoning module UMGEditor (181)
[2017.06.22-06.29.17:954][394]LogModuleManager: Shutting down and abandoning module Sequencer (180)
[2017.06.22-06.29.17:954][394]LogModuleManager: Shutting down and abandoning module AssetTools (178)
[2017.06.22-06.29.17:954][394]LogModuleManager: Shutting down and abandoning module MessageLog (177)
[2017.06.22-06.29.17:954][394]LogModuleManager: Shutting down and abandoning module WorkspaceMenuStructure (176)
[2017.06.22-06.29.17:954][394]LogModuleManager: Shutting down and abandoning module SlateReflector (170)
[2017.06.22-06.29.17:954][394]LogModuleManager: Shutting down and abandoning module Slate (168)
[2017.06.22-06.29.17:956][394]LogModuleManager: Shutting down and abandoning module EditorStyle (166)
[2017.06.22-06.29.17:965][394]LogModuleManager: Shutting down and abandoning module SourceCodeAccess (164)
[2017.06.22-06.29.17:965][394]LogModuleManager: Shutting down and abandoning module HeadMountedDisplay (162)
[2017.06.22-06.29.17:965][394]LogModuleManager: Shutting down and abandoning module XAudio2 (160)
[2017.06.22-06.29.17:965][394]LogModuleManager: Shutting down and abandoning module Networking (158)
[2017.06.22-06.29.17:965][394]LogModuleManager: Shutting down and abandoning module Core (154)
[2017.06.22-06.29.17:965][394]LogModuleManager: Shutting down and abandoning module AssetRegistry (152)
[2017.06.22-06.29.18:265][394]LogDirectoryWatcher: A directory notification for '../../../Engine/Content/' was aborted.
[2017.06.22-06.29.18:265][394]LogDirectoryWatcher: A directory notification for 'C:/Users/lenovo/Documents/GitHub/loli/萝莉/Content/' was aborted.
[2017.06.22-06.29.18:265][394]LogDirectoryWatcher: A directory notification for '../../../Engine/Plugins/2D/Paper2D/Content/' was aborted.
[2017.06.22-06.29.18:267][394]LogModuleManager: Shutting down and abandoning module DirectoryWatcher (151)
[2017.06.22-06.29.18:280][394]LogModuleManager: Shutting down and abandoning module KismetCompiler (148)
[2017.06.22-06.29.18:280][394]LogModuleManager: Shutting down and abandoning module PhysXFormats (146)
[2017.06.22-06.29.18:280][394]LogModuleManager: Shutting down and abandoning module MeshUtilities (144)
[2017.06.22-06.29.18:280][394]LogModuleManager: Shutting down and abandoning module SimplygonSwarm (143)
[2017.06.22-06.29.18:280][394]LogModuleManager: Shutting down and abandoning module SimplygonMeshReduction (141)
[2017.06.22-06.29.18:280][394]LogModuleManager: Shutting down and abandoning module QuadricMeshReduction (139)
[2017.06.22-06.29.18:281][394]LogModuleManager: Shutting down and abandoning module PropertyEditor (137)
[2017.06.22-06.29.18:281][394]LogModuleManager: Shutting down and abandoning module DerivedDataCache (134)
[2017.06.22-06.29.18:293][394]LogDerivedDataCache: Shutdown
[2017.06.22-06.29.18:293][394]LogModuleManager: Shutting down and abandoning module TargetPlatform (132)
[2017.06.22-06.29.18:294][394]LogModuleManager: Shutting down and abandoning module VulkanShaderFormat (131)
[2017.06.22-06.29.18:294][394]LogModuleManager: Shutting down and abandoning module ShaderFormatOpenGL (129)
[2017.06.22-06.29.18:294][394]LogModuleManager: Shutting down and abandoning module ShaderFormatD3D (127)
[2017.06.22-06.29.18:294][394]LogModuleManager: Shutting down and abandoning module MetalShaderFormat (125)
[2017.06.22-06.29.18:294][394]LogModuleManager: Shutting down and abandoning module TextureFormatUncompressed (123)
[2017.06.22-06.29.18:294][394]LogModuleManager: Shutting down and abandoning module TextureFormatPVR (121)
[2017.06.22-06.29.18:294][394]LogModuleManager: Shutting down and abandoning module TextureFormatDXT (119)
[2017.06.22-06.29.18:294][394]LogModuleManager: Shutting down and abandoning module TextureFormatIntelISPCTexComp (117)
[2017.06.22-06.29.18:295][394]LogModuleManager: Shutting down and abandoning module TextureFormatASTC (115)
[2017.06.22-06.29.18:295][394]LogModuleManager: Shutting down and abandoning module ImageWrapper (114)
[2017.06.22-06.29.18:295][394]LogModuleManager: Shutting down and abandoning module TextureFormatAndroid (111)
[2017.06.22-06.29.18:295][394]LogModuleManager: Shutting down and abandoning module AudioFormatOpus (109)
[2017.06.22-06.29.18:295][394]LogModuleManager: Shutting down and abandoning module AudioFormatOgg (107)
[2017.06.22-06.29.18:295][394]LogModuleManager: Shutting down and abandoning module AudioFormatADPCM (105)
[2017.06.22-06.29.18:295][394]LogModuleManager: Shutting down and abandoning module LinuxTargetPlatform (103)
[2017.06.22-06.29.18:296][394]LogModuleManager: Shutting down and abandoning module LinuxServerTargetPlatform (101)
[2017.06.22-06.29.18:296][394]LogModuleManager: Shutting down and abandoning module LinuxNoEditorTargetPlatform (99)
[2017.06.22-06.29.18:296][394]LogModuleManager: Shutting down and abandoning module LinuxClientTargetPlatform (97)
[2017.06.22-06.29.18:296][394]LogModuleManager: Shutting down and abandoning module TVOSTargetPlatform (95)
[2017.06.22-06.29.18:296][394]LogModuleManager: Shutting down and abandoning module Messaging (93)
[2017.06.22-06.29.18:296][394]LogModuleManager: Shutting down and abandoning module IOSTargetPlatform (91)
[2017.06.22-06.29.18:296][394]LogModuleManager: Shutting down and abandoning module HTML5TargetPlatform (89)
[2017.06.22-06.29.18:296][394]LogModuleManager: Shutting down and abandoning module Android_PVRTCTargetPlatform (87)
[2017.06.22-06.29.18:296][394]LogModuleManager: Shutting down and abandoning module Android_MultiTargetPlatform (85)
[2017.06.22-06.29.18:296][394]LogModuleManager: Shutting down and abandoning module Android_ETC2TargetPlatform (83)
[2017.06.22-06.29.18:296][394]LogModuleManager: Shutting down and abandoning module Android_ETC1TargetPlatform (81)
[2017.06.22-06.29.18:296][394]LogModuleManager: Shutting down and abandoning module Android_DXTTargetPlatform (79)
[2017.06.22-06.29.18:296][394]LogModuleManager: Shutting down and abandoning module Android_ATCTargetPlatform (77)
[2017.06.22-06.29.18:296][394]LogModuleManager: Shutting down and abandoning module Android_ASTCTargetPlatform (75)
[2017.06.22-06.29.18:296][394]LogModuleManager: Shutting down and abandoning module AndroidTargetPlatform (73)
[2017.06.22-06.29.18:296][394]LogModuleManager: Shutting down and abandoning module WindowsTargetPlatform (71)
[2017.06.22-06.29.18:297][394]LogModuleManager: Shutting down and abandoning module WindowsServerTargetPlatform (69)
[2017.06.22-06.29.18:297][394]LogModuleManager: Shutting down and abandoning module WindowsNoEditorTargetPlatform (67)
[2017.06.22-06.29.18:297][394]LogModuleManager: Shutting down and abandoning module WindowsClientTargetPlatform (65)
[2017.06.22-06.29.18:297][394]LogModuleManager: Shutting down and abandoning module MacTargetPlatform (63)
[2017.06.22-06.29.18:297][394]LogModuleManager: Shutting down and abandoning module MacServerTargetPlatform (61)
[2017.06.22-06.29.18:297][394]LogModuleManager: Shutting down and abandoning module MacNoEditorTargetPlatform (59)
[2017.06.22-06.29.18:297][394]LogModuleManager: Shutting down and abandoning module MacClientTargetPlatform (57)
[2017.06.22-06.29.18:297][394]LogModuleManager: Shutting down and abandoning module AllDesktopTargetPlatform (55)
[2017.06.22-06.29.18:297][394]LogModuleManager: Shutting down and abandoning module InputCore (52)
[2017.06.22-06.29.18:297][394]LogModuleManager: Shutting down and abandoning module Settings (50)
[2017.06.22-06.29.18:297][394]LogModuleManager: Shutting down and abandoning module OculusRift (48)
[2017.06.22-06.29.18:297][394]LogModuleManager: Shutting down and abandoning module GearVR (46)
[2017.06.22-06.29.18:297][394]LogModuleManager: Shutting down and abandoning module ExampleDeviceProfileSelector (44)
[2017.06.22-06.29.18:297][394]LogModuleManager: Shutting down and abandoning module OnlineBlueprintSupport (42)
[2017.06.22-06.29.18:297][394]LogModuleManager: Shutting down and abandoning module OnlineSubsystem (38)
[2017.06.22-06.29.18:297][394]LogOnline:Display: Unloading online subsystem: NULL
[2017.06.22-06.29.18:298][394]LogModuleManager: Shutting down and abandoning module XMPP (37)
[2017.06.22-06.29.18:298][394]LogModuleManager: Shutting down and abandoning module HTTP (35)
[2017.06.22-06.29.18:298][394]LogHttp:Display: Http module shutting down, but needs to wait on 1 outstanding Http requests:
[2017.06.22-06.29.18:298][394]LogHttp:Display: 	verb=[POST] url=[https://datarouter.ol.epicgames.com/datarouter/api/v1/public/data?SessionID=%7B086AA531-4606-84E7-AC80-B6BB63F895B4%7D&AppID=UEEditor.Rocket.Release&AppVersion=4.15.2-3416026%2B%2B%2BUE4%2BRelease-4.15&UserID=fc0ab5e14c29e395dee894bb26e0e4c8%7Ccbf7e4b3a2fa4a3483ff9ae11ae13430%7C0a898179-1db4-4ad6-89ab-2983492e6393&AppEnvironment=datacollector-binary&UploadType=eteventstream] status=Processing
[2017.06.22-06.29.18:321][394]LogModuleManager: Shutting down and abandoning module SSL (34)
[2017.06.22-06.29.18:327][394]LogModuleManager: Shutting down and abandoning module AudioEditor (30)
[2017.06.22-06.29.18:327][394]LogModuleManager: Shutting down and abandoning module TextureCompressor (28)
[2017.06.22-06.29.18:328][394]LogModuleManager: Shutting down and abandoning module ShaderCore (26)
[2017.06.22-06.29.18:328][394]LogModuleManager: Shutting down and abandoning module Landscape (24)
[2017.06.22-06.29.18:328][394]LogModuleManager: Shutting down and abandoning module SlateRHIRenderer (22)
[2017.06.22-06.29.18:419][394]LogModuleManager: Shutting down and abandoning module OpenGLDrv (20)
[2017.06.22-06.29.18:419][394]LogModuleManager: Shutting down and abandoning module D3D11RHI (18)
[2017.06.22-06.29.18:419][394]LogModuleManager: Shutting down and abandoning module AnimGraphRuntime (16)
[2017.06.22-06.29.18:420][394]LogModuleManager: Shutting down and abandoning module Renderer (14)
[2017.06.22-06.29.18:420][394]LogModuleManager: Shutting down and abandoning module Engine (12)
[2017.06.22-06.29.18:420][394]LogModuleManager: Shutting down and abandoning module CoreUObject (10)
[2017.06.22-06.29.18:420][394]LogModuleManager: Shutting down and abandoning module NetworkFile (8)
[2017.06.22-06.29.18:420][394]LogModuleManager: Shutting down and abandoning module StreamingFile (6)
[2017.06.22-06.29.18:420][394]LogModuleManager: Shutting down and abandoning module SandboxFile (4)
[2017.06.22-06.29.18:420][394]LogModuleManager: Shutting down and abandoning module PakFile (2)
[2017.06.22-06.29.18:426][394]LogExit: Exiting.
[2017.06.22-06.29.18:489][394]Log file closed, 06/22/17 14:29:18
