Log file open, 06/23/17 09:46:45
LogInit:Display: Running engine for game: 萝莉
LogPlatformFile: Not using cached read wrapper
LogInit:Display: RandInit(-867494038) SRandInit(-867494038).
LogTaskGraph: Started task graph with 5 named threads and 8 total threads with 1 sets of task threads.
LogStats: Stats thread started at 0.158053
LogInit: Using libcurl 7.47.1
LogInit:  - built for x86_64-pc-win32
LogInit:  - supports SSL with OpenSSL/1.0.2g
LogInit:  - supports HTTP deflate (compression) using libz 1.2.8
LogInit:  - other features:
LogInit:      CURL_VERSION_SSL
LogInit:      CURL_VERSION_LIBZ
LogInit:      CURL_VERSION_IPV6
LogInit:      CURL_VERSION_ASYNCHDNS
LogInit:      CURL_VERSION_LARGEFILE
LogInit:      CURL_VERSION_IDN
LogInit:  CurlRequestOptions (configurable via config and command line):
LogInit:  - bVerifyPeer = false  - Libcurl will NOT verify peer certificate
LogInit:  - bUseHttpProxy = false  - Libcurl will NOT use HTTP proxy
LogInit:  - bDontReuseConnections = false  - Libcurl will reuse connections
LogInit:  - CertBundlePath = nullptr  - Libcurl will use whatever was configured at build time.
LogInit: Build: ++UE4+Release-4.15-CL-3416026
LogInit: Engine Version: 4.15.2-3416026+++UE4+Release-4.15
LogInit: Compatible Engine Version: 4.15.0-3299760+++UE4+Release-4.15
LogInit: Net CL: 3299760
LogDevObjectVersion: Number of dev versions registered: 14
LogDevObjectVersion:   Dev-Blueprints (B0D832E4-1F89-4F0D-ACCF-7EB736FD4AA2): 8
LogDevObjectVersion:   Dev-Build (E1C64328-A22C-4D53-A36C-8E866417BD8C): 0
LogDevObjectVersion:   Dev-Core (375EC13C-06E4-48FB-B500-84F0262A717E): 2
LogDevObjectVersion:   Dev-Editor (E4B068ED-F494-42E9-A231-DA0B2E46BB41): 14
LogDevObjectVersion:   Dev-Framework (CFFC743F-43B0-4480-9391-14DF171D2073): 22
LogDevObjectVersion:   Dev-Mobile (B02B49B5-BB20-44E9-A304-32B752E40360): 0
LogDevObjectVersion:   Dev-Networking (A4E4105C-59A1-49B5-A7C5-40C4547EDFEE): 0
LogDevObjectVersion:   Dev-Online (39C831C9-5AE6-47DC-9A44-9C173E1C8E7C): 0
LogDevObjectVersion:   Dev-Physics (78F01B33-EBEA-4F98-B9B4-84EACCB95AA2): 0
LogDevObjectVersion:   Dev-Platform (6631380F-2D4D-43E0-8009-CF276956A95A): 0
LogDevObjectVersion:   Dev-Rendering (12F88B9F-8875-4AFC-A67C-D90C383ABD29): 12
LogDevObjectVersion:   Dev-Sequencer (7B5AE74C-D270-4C10-A958-57980B212A5A): 3
LogDevObjectVersion:   Dev-VR (D7296918-1DD6-4BDD-9DE2-64A83CC13884): 0
LogDevObjectVersion:   Dev-LoadTimes (C2A15278-BFE7-4AFE-6C17-90FF531DF755): 1
LogInit: Compiled (64-bit): May  1 2017 13:11:28
LogInit: Compiled with Visual C++: 19.00.23026.00
LogInit: Build Configuration: Development
LogInit: Branch Name: ++UE4+Release-4.15
LogInit: Command line:  
LogInit: Base directory: D:/Epic Games/UE_4.15/Engine/Binaries/Win64/
LogInit: Installed Engine Build: 1
LogInit: Presizing for max 8388607 objects, including 0 objects not considered by GC, pre-allocating 0 bytes for permanent pool.
LogInit: Object subsystem initialized
[2017.06.23-01.46.47:664][  0]LogInit: Selected Device Profile: [Windows]
[2017.06.23-01.46.47:664][  0]LogInit: Applying CVar settings loaded from the selected device profile: [Windows]
[2017.06.23-01.46.47:705][  0]LogInit: Computer: DESKTOP-44SKKF1
[2017.06.23-01.46.47:705][  0]LogInit: User: 1
[2017.06.23-01.46.47:705][  0]LogInit: CPU Page size=65536, Cores=4
[2017.06.23-01.46.47:705][  0]LogInit: High frequency timer resolution =1.754523 MHz
[2017.06.23-01.46.47:707][  0]LogMemory: Memory total: Physical=7.3GB (8GB approx)
[2017.06.23-01.46.47:707][  0]LogMemory: Platform Memory Stats for Windows
[2017.06.23-01.46.47:707][  0]LogMemory: Process Physical Memory: 262.75 MB used, 262.75 MB peak
[2017.06.23-01.46.47:707][  0]LogMemory: Process Virtual Memory: 262.63 MB used, 262.63 MB peak
[2017.06.23-01.46.47:707][  0]LogMemory: Physical Memory: 3694.11 MB used,  3791.22 MB free, 7485.34 MB total
[2017.06.23-01.46.47:707][  0]LogMemory: Virtual Memory: 643.93 MB used,  3791.22 MB free, 134217728.00 MB total
[2017.06.23-01.46.48:055][  0]LogInit: Overriding culture en with editor configuration.
[2017.06.23-01.46.49:929][  0]LogD3D11RHI: D3D11 adapters:
[2017.06.23-01.46.49:985][  0]LogD3D11RHI:    0. 'AMD Radeon R6 Graphics' (Feature Level 11_0)
[2017.06.23-01.46.49:985][  0]LogD3D11RHI:       487/0/3742 MB DedicatedVideo/DedicatedSystem/SharedSystem, Outputs:1, VendorId:0x1002
[2017.06.23-01.46.49:989][  0]LogD3D11RHI:    1. 'Microsoft Basic Render Driver' (Feature Level 11_0)
[2017.06.23-01.46.49:989][  0]LogD3D11RHI:       0/0/3742 MB DedicatedVideo/DedicatedSystem/SharedSystem, Outputs:0, VendorId:0x1414
[2017.06.23-01.46.49:989][  0]LogD3D11RHI: Chosen D3D11 Adapter: 0
[2017.06.23-01.46.50:018][  0]LogD3D11RHI: Creating new Direct3DDevice
[2017.06.23-01.46.50:018][  0]LogD3D11RHI:     GPU DeviceId: 0x9874 (for the marketing name, search the web for "GPU Device Id")
[2017.06.23-01.46.50:018][  0]LogWindows: EnumDisplayDevices:
[2017.06.23-01.46.50:018][  0]LogWindows:    0. 'AMD Radeon R6 Graphics' (P:1 D:1)
[2017.06.23-01.46.50:020][  0]LogWindows:    1. 'AMD Radeon R6 Graphics' (P:0 D:0)
[2017.06.23-01.46.50:022][  0]LogWindows:    2. 'AMD Radeon R6 Graphics' (P:0 D:0)
[2017.06.23-01.46.50:023][  0]LogWindows: DebugString: FoundDriverCount:3 
[2017.06.23-01.46.50:023][  0]LogD3D11RHI:     Adapter Name: AMD Radeon R6 Graphics
[2017.06.23-01.46.50:023][  0]LogD3D11RHI:   Driver Version: Crimson ReLive 17.1.1 (internal:22.19.162.4, unified:22.19.162.4)
[2017.06.23-01.46.50:024][  0]LogD3D11RHI:      Driver Date: 4-24-2017
[2017.06.23-01.46.50:024][  0]LogRHI: Texture pool is 340 MB (70% of 487 MB)
[2017.06.23-01.46.50:442][  0]LogD3D11RHI: Async texture creation enabled
[2017.06.23-01.46.50:504][  0]LogD3D11RHI: GPU Timing Frequency: 100.000000 (Debug: 2 1)
[2017.06.23-01.46.50:519][  0]LogShaderCompilers: Guid format shader working directory is 5 characters bigger than the processId version (C:/Users/lenovo/Documents/GitHub/loli/萝莉/Intermediate/Shaders/WorkingDirectory/330168/).
[2017.06.23-01.46.50:519][  0]LogShaderCompilers: Cleaned the shader compiler working directory 'C:/Users/lenovo/AppData/Local/Temp/UnrealShaderWorkingDir/357E875144D64AC9A078B4B3630C15A8/'.
[2017.06.23-01.46.50:520][  0]LogShaderCompilers:Display: Using Local Shader Compiler.
[2017.06.23-01.46.54:454][  0]LogTemp:Display: Loaded TP AllDesktopTargetPlatform
[2017.06.23-01.46.54:613][  0]LogTemp:Display: Loaded TP MacClientTargetPlatform
[2017.06.23-01.46.54:774][  0]LogTemp:Display: Loaded TP MacNoEditorTargetPlatform
[2017.06.23-01.46.54:932][  0]LogTemp:Display: Loaded TP MacServerTargetPlatform
[2017.06.23-01.46.55:092][  0]LogTemp:Display: Loaded TP MacTargetPlatform
[2017.06.23-01.46.55:252][  0]LogTemp:Display: Loaded TP WindowsClientTargetPlatform
[2017.06.23-01.46.55:412][  0]LogTemp:Display: Loaded TP WindowsNoEditorTargetPlatform
[2017.06.23-01.46.55:581][  0]LogTemp:Display: Loaded TP WindowsServerTargetPlatform
[2017.06.23-01.46.55:729][  0]LogTemp:Display: Loaded TP WindowsTargetPlatform
[2017.06.23-01.46.55:891][  0]LogTemp:Display: Loaded TP AndroidTargetPlatform
[2017.06.23-01.46.56:057][  0]LogTemp:Display: Loaded TP Android_ASTCTargetPlatform
[2017.06.23-01.46.56:214][  0]LogTemp:Display: Loaded TP Android_ATCTargetPlatform
[2017.06.23-01.46.56:401][  0]LogTemp:Display: Loaded TP Android_DXTTargetPlatform
[2017.06.23-01.46.56:559][  0]LogTemp:Display: Loaded TP Android_ETC1TargetPlatform
[2017.06.23-01.46.56:727][  0]LogTemp:Display: Loaded TP Android_ETC2TargetPlatform
[2017.06.23-01.46.57:041][  0]LogTemp:Display: Loaded TP Android_MultiTargetPlatform
[2017.06.23-01.46.57:041][  0]LogTemp:Display: Loaded TP Android_PVRTCTargetPlatform
[2017.06.23-01.46.57:186][  0]LogTemp:Display: Loaded TP HTML5TargetPlatform
[2017.06.23-01.46.57:431][  0]LogTemp:Display: Loaded TP IOSTargetPlatform
[2017.06.23-01.46.57:534][  0]LogTemp:Display: Loaded TP TVOSTargetPlatform
[2017.06.23-01.46.57:720][  0]LogTemp:Display: Loaded TP LinuxClientTargetPlatform
[2017.06.23-01.46.57:887][  0]LogTemp:Display: Loaded TP LinuxNoEditorTargetPlatform
[2017.06.23-01.46.58:040][  0]LogTemp:Display: Loaded TP LinuxServerTargetPlatform
[2017.06.23-01.46.58:196][  0]LogTemp:Display: Loaded TP LinuxTargetPlatform
[2017.06.23-01.46.58:196][  0]LogTargetPlatformManager:Display: Building Assets For Windows
[2017.06.23-01.46.59:622][  0]LogDerivedDataCache:Display: Max Cache Size: 512 MB
[2017.06.23-01.46.59:979][  0]LogDerivedDataCache: Loaded boot cache 0.36s 50MB C:/Users/lenovo/AppData/Local/UnrealEngine/4.15/DerivedDataCache/Boot.ddc.
[2017.06.23-01.46.59:979][  0]LogDerivedDataCache:Display: Loaded Boot cache: C:/Users/lenovo/AppData/Local/UnrealEngine/4.15/DerivedDataCache/Boot.ddc
[2017.06.23-01.46.59:979][  0]LogDerivedDataCache: FDerivedDataBackendGraph:  Pak pak cache file C:/Users/lenovo/Documents/GitHub/loli/萝莉/DerivedDataCache/DDC.ddp not found, will not use a pak cache.
[2017.06.23-01.46.59:979][  0]LogDerivedDataCache: Unable to find inner node Pak for hierarchical cache Hierarchy.
[2017.06.23-01.46.59:979][  0]LogDerivedDataCache: FDerivedDataBackendGraph:  CompressedPak pak cache file C:/Users/lenovo/Documents/GitHub/loli/萝莉/DerivedDataCache/Compressed.ddp not found, will not use a pak cache.
[2017.06.23-01.46.59:979][  0]LogDerivedDataCache: Unable to find inner node CompressedPak for hierarchical cache Hierarchy.
[2017.06.23-01.47.00:032][  0]LogDerivedDataCache:Display: Pak cache opened for reading ../../../Engine/DerivedDataCache/Compressed.ddp.
[2017.06.23-01.47.00:051][  0]LogDerivedDataCache: Using Local data cache path C:/Users/lenovo/AppData/Local/UnrealEngine/Common/DerivedDataCache: Writable
[2017.06.23-01.47.00:093][  0]LogSlate: Using Freetype 2.6.0
[2017.06.23-01.47.00:100][  0]LogSlate: SlateFontCache - WITH_FREETYPE: 1, WITH_HARFBUZZ: 1
[2017.06.23-01.47.00:100][  0]LogSlate: SlateFontCache - WITH_FREETYPE: 1, WITH_HARFBUZZ: 1
[2017.06.23-01.47.01:993][  0]LogInit: Selected Device Profile: [Windows]
[2017.06.23-01.47.02:009][  0]LogContentStreaming: Texture pool size is 0.00 MB
[2017.06.23-01.47.02:626][  0]LogMeshUtilities: Using QuadricMeshReduction for automatic static mesh reduction
[2017.06.23-01.47.02:754][  0]LogSimplygon: Simplygon DLL not present - disabling.
[2017.06.23-01.47.02:895][  0]LogMeshUtilities: Using SimplygonSwarm for distributed automatic mesh merging
[2017.06.23-01.47.02:895][  0]LogMeshUtilities: No automatic skeletal mesh reduction module available
[2017.06.23-01.47.02:895][  0]LogMeshUtilities: No automatic mesh merging module available
[2017.06.23-01.47.04:937][  0]LogNetVersion: GetLocalNetworkVersion: CL: 3299760, ProjectName: 萝莉, ProjectVersion: , EngineNetworkVersion: 2, GameNetworkVersion: 0, NetworkChecksum: 2312337547
[2017.06.23-01.47.05:036][  0]LogAssetRegistry: FAssetRegistry took 0.0255 seconds to start up
[2017.06.23-01.47.05:192][  0]LogPackageLocalizationCache: Processed 3 localized package path(s) for 1 prioritized culture(s) in 0.083298 seconds
[2017.06.23-01.47.05:209][  0]LogUObjectArray: 32493 objects as part of root set at end of initial load.
[2017.06.23-01.47.05:209][  0]LogUObjectAllocator: 7077032 out of 0 bytes used by permanent object pool.
[2017.06.23-01.47.05:209][  0]LogUObjectArray: CloseDisregardForGC: 0/0 objects in disregard for GC pool
[2017.06.23-01.47.05:419][  0]LogInit: WinSock: version 1.1 (2.2), MaxSocks=32767, MaxUdp=65467
[2017.06.23-01.47.11:439][  0]LogTcpMessaging: Initializing TcpMessaging bridge
[2017.06.23-01.47.11:537][  0]LogUdpMessaging: Initializing bridge on interface 0.0.0.0:0 to multicast group 230.0.0.1:6666.
[2017.06.23-01.47.13:225][  0]LogMaterial: Uniform references updated for custom material expression Custom.
[2017.06.23-01.47.14:497][  0]SourceControl: Info Source control is disabled
[2017.06.23-01.47.14:503][  0]SourceControl: Info Source control is disabled
[2017.06.23-01.47.14:665][  0]SourceControl: Info Source control is disabled
[2017.06.23-01.47.14:821][  0]SourceControl: Info Source control is disabled
[2017.06.23-01.47.19:276][  0]LogEngine: Initializing Engine...
[2017.06.23-01.47.19:286][  0]LogHMD: Failed to initialize OpenVR with code 110
[2017.06.23-01.47.19:591][  0]LogStats: UGameplayTagsManager::ConstructGameplayTagTree: Construct from data asset -  0.000 s
[2017.06.23-01.47.19:592][  0]LogStats: UGameplayTagsManager::ConstructGameplayTagTree: GameplayTagTreeChangedEvent.Broadcast -  0.000 s
[2017.06.23-01.47.20:031][  0]LogAIModule: Creating AISystem for world Untitled
[2017.06.23-01.47.20:092][  0]LogInit: XAudio2 using '扬声器 (Conexant SmartAudio HD)' : 2 channels at 48 kHz using 32 bits per sample (channel mask 0x3)
[2017.06.23-01.47.21:285][  0]LogInit: FAudioDevice initialized.
[2017.06.23-01.47.21:395][  0]LogDerivedDataCache: Saved boot cache 0.11s 50MB C:/Users/lenovo/AppData/Local/UnrealEngine/4.15/DerivedDataCache/Boot.ddc.
[2017.06.23-01.47.21:411][  0]LogInit: Texture streaming: Enabled
[2017.06.23-01.47.21:762][  0]LogEngineSessionManager: EngineSessionManager initialized
[2017.06.23-01.47.22:126][  0]LogInit: Transaction tracking system initialized
[2017.06.23-01.47.23:426][  0]BlueprintLog: New page: Editor Load
[2017.06.23-01.47.26:502][  0]LocalizationService: Info Localization service is disabled
[2017.06.23-01.47.29:267][  0]LogConsoleResponse:Display: 
[2017.06.23-01.47.29:733][  0]LogCook:Display: Max memory allowance for cook 16384mb min free memory 0mb
[2017.06.23-01.47.29:734][  0]LogCook:Display: Mobile HDR setting 1
[2017.06.23-01.47.30:832][  0]LogFileCache: Scanning file cache for directory 'C:/Users/lenovo/Documents/GitHub/loli/萝莉/Content/' took 0.03s
[2017.06.23-01.47.33:389][  0]SourceControl: Info Source control is disabled
[2017.06.23-01.47.33:394][  0]Cmd: MAP LOAD FILE="C:/Users/lenovo/Documents/GitHub/loli/萝莉/Content/ThirdPersonBP/Maps/ThirdPersonExampleMap.umap" TEMPLATE=0 SHOWPROGRESS=1 FEATURELEVEL=3
[2017.06.23-01.47.33:397][  0]LightingResults: New page: Lighting Build
[2017.06.23-01.47.33:529][  0]MapCheck: New page: Map Check
[2017.06.23-01.47.33:529][  0]LightingResults: New page: Lighting Build
[2017.06.23-01.47.37:252][  0]LogAIModule: Creating AISystem for world ThirdPersonExampleMap
[2017.06.23-01.47.37:350][  0]LogEditorServer: Finished looking for orphan Actors (0.000 secs)
[2017.06.23-01.47.37:353][  0]Cmd: MAP CHECKDEP NOCLEARLOG
[2017.06.23-01.47.37:476][  0]MapCheck: Info Map check complete: 0 Error(s), 0 Warning(s), took 122.671ms to complete.
[2017.06.23-01.47.37:476][  0]LogFileHelpers: Loading map 'ThirdPersonExampleMap' took 4.084
[2017.06.23-01.47.37:637][  0]LogWindowsTextInputMethodSystem:Display: IME system now deactivated.
[2017.06.23-01.47.38:023][  0]LogCollectionManager: Loaded 0 collections in 0.004291 seconds
[2017.06.23-01.47.38:249][  0]LogFileCache: Scanning file cache for directory 'C:/Users/lenovo/Documents/GitHub/loli/萝莉/Saved/Collections/' took 0.01s
[2017.06.23-01.47.38:249][  0]LogFileCache: Scanning file cache for directory 'C:/Users/lenovo/Documents/GitHub/loli/萝莉/Content/Developers/1/Collections/' took 0.01s
[2017.06.23-01.47.38:249][  0]LogFileCache: Scanning file cache for directory 'C:/Users/lenovo/Documents/GitHub/loli/萝莉/Content/Collections/' took 0.01s
[2017.06.23-01.47.38:249][  0]LogCollectionManager: Rebuilt the GUID cache for 0 collections in 0.000004 seconds
[2017.06.23-01.47.38:277][  0]LogContentBrowser: Native class hierarchy populated in 0.0256 seconds. Added 2245 classes and 453 folders.
[2017.06.23-01.47.38:469][  0]LogContentBrowser: Native class hierarchy updated for 'WidgetCarousel' in 0.0012 seconds. Added 0 classes and 0 folders.
[2017.06.23-01.47.38:719][  0]LogContentBrowser: Native class hierarchy updated for 'AddContentDialog' in 0.0012 seconds. Added 0 classes and 0 folders.
[2017.06.23-01.47.38:848][  0]LogContentBrowser: Native class hierarchy updated for 'SceneOutliner' in 0.0012 seconds. Added 1 classes and 2 folders.
[2017.06.23-01.47.39:262][  0]LogCrashTracker: Crashtracker disabled due to settings.
[2017.06.23-01.47.39:284][  0]LogUObjectGlobals:Warning: Failed to find object 'Class None.'
[2017.06.23-01.47.39:473][  0]LogContentBrowser: Native class hierarchy updated for 'HierarchicalLODOutliner' in 0.0013 seconds. Added 1 classes and 2 folders.
[2017.06.23-01.47.39:474][  0]LogLoad: (Engine Initialization) Total time: 57.23 seconds
[2017.06.23-01.47.39:474][  0]LogLoad: (Engine Initialization) Total Blueprint compile time: 1.40 seconds
[2017.06.23-01.47.39:474][  0]LogExternalProfiler: Found external profiler: VSPerf
[2017.06.23-01.47.39:474][  0]LogExternalProfiler: Using external profiler: VSPerf
[2017.06.23-01.47.39:493][  0]LogOcInput: OculusInput pre-init called
[2017.06.23-01.47.39:532][  0]LogContentStreaming: Texture pool size now 400 MB
[2017.06.23-01.47.39:540][  0]LogSlate: Took 0.002050 seconds to synchronously load lazily loaded font '../../../Engine/Content/Slate/Fonts/Roboto-Regular.ttf' (155K)
[2017.06.23-01.47.39:565][  0]LogSlate: Took 0.025049 seconds to synchronously load lazily loaded font '../../../Engine/Content/Slate/Fonts/DroidSansFallback.ttf' (3848K)
[2017.06.23-01.47.39:581][  0]LogSlate: Took 0.002018 seconds to synchronously load lazily loaded font '../../../Engine/Content/Slate/Fonts/Roboto-Bold.ttf' (160K)
[2017.06.23-01.47.39:600][  0]LogSlate: Took 0.002312 seconds to synchronously load lazily loaded font '../../../Engine/Content/Editor/Slate/Fonts/FontAwesome.ttf' (139K)
[2017.06.23-01.47.39:930][  0]LogSlate: Took 0.002004 seconds to synchronously load lazily loaded font '../../../Engine/Content/Slate/Fonts/Roboto-Light.ttf' (159K)
[2017.06.23-01.47.40:043][  0]LogRenderer: Reallocating scene render targets to support 744x424 NumSamples 1 (Frame:2).
[2017.06.23-01.47.40:513][  4]LogAssetRegistry: Asset discovery search completed in 35.5007 seconds
[2017.06.23-01.47.40:513][  4]LogCollectionManager: Rebuilt the object cache for 0 collections in 0.000038 seconds (found 0 objects)
[2017.06.23-01.47.40:513][  4]LogCollectionManager: Fixed up redirectors for 0 collections in 0.000084 seconds (updated 0 objects)
[2017.06.23-07.42.59:067][ 98]LogHttp:Warning: 0000021A763CDF00: request failed, libcurl error: 6 (Couldn't resolve host name)
[2017.06.23-07.42.59:068][ 98]LogHttp:Warning: 0000021A763CDF00: libcurl info message cache 0 (Connection 4 seems to be dead!)
[2017.06.23-07.42.59:068][ 98]LogHttp:Warning: 0000021A763CDF00: libcurl info message cache 1 (Closing connection 4)
[2017.06.23-07.42.59:068][ 98]LogHttp:Warning: 0000021A763CDF00: libcurl info message cache 2 (Could not resolve host: datarouter.ol.epicgames.com)
[2017.06.23-07.42.59:068][ 98]LogHttp:Warning: 0000021A763CDF00: libcurl info message cache 3 (Closing connection 5)
[2017.06.23-08.44.17:896][115]LogD3D11RHI: Timed out while waiting for GPU to catch up. (0.5 s)
[2017.06.23-11.27.07:320][329]LogWindowsTextInputMethodSystem:Display: IME system now deactivated.
[2017.06.23-11.27.07:902][330]Cmd: QUIT_EDITOR
[2017.06.23-11.27.08:116][330]LogExit: Preparing to exit.
[2017.06.23-11.27.09:502][330]LogExit: Editor shut down
[2017.06.23-11.27.09:505][330]LogExit: Transaction tracking system shut down
[2017.06.23-11.27.09:892][330]LogObj: Freed 0b from 0 cluster array pools.
[2017.06.23-11.27.09:892][330]LogExit: Object subsystem successfully closed.
[2017.06.23-11.27.09:953][330]LogD3D11RHI: Shutdown
[2017.06.23-11.27.09:953][330]LogD3D11RHI: CleanupD3DDevice
[2017.06.23-11.27.10:265][330]LogD3D11RHI: ~FD3D11DynamicRHI
[2017.06.23-11.27.10:337][330]LogModuleManager: Shutting down and abandoning module HierarchicalLODOutliner (498)
[2017.06.23-11.27.10:338][330]LogModuleManager: Shutting down and abandoning module CrashTracker (496)
[2017.06.23-11.27.10:338][330]LogModuleManager: Shutting down and abandoning module SceneOutliner (494)
[2017.06.23-11.27.10:338][330]LogModuleManager: Shutting down and abandoning module AddContentDialog (492)
[2017.06.23-11.27.10:340][330]LogDirectoryWatcher: A directory notification for 'D:/Epic Games/UE_4.15/FeaturePacks/' was aborted.
[2017.06.23-11.27.10:362][330]LogModuleManager: Shutting down and abandoning module WidgetCarousel (491)
[2017.06.23-11.27.10:362][330]LogModuleManager: Shutting down and abandoning module EditorWidgets (488)
[2017.06.23-11.27.10:362][330]LogModuleManager: Shutting down and abandoning module CollectionManager (486)
[2017.06.23-11.27.10:363][330]LogDirectoryWatcher: A directory notification for 'C:/Users/lenovo/Documents/GitHub/loli/萝莉/Content/Collections/' was aborted.
[2017.06.23-11.27.10:363][330]LogDirectoryWatcher: A directory notification for 'C:/Users/lenovo/Documents/GitHub/loli/萝莉/Content/Developers/1/Collections/' was aborted.
[2017.06.23-11.27.10:363][330]LogDirectoryWatcher: A directory notification for 'C:/Users/lenovo/Documents/GitHub/loli/萝莉/Saved/Collections/' was aborted.
[2017.06.23-11.27.10:364][330]LogModuleManager: Shutting down and abandoning module StatsViewer (484)
[2017.06.23-11.27.10:365][330]LogModuleManager: Shutting down and abandoning module FoliageEdit (482)
[2017.06.23-11.27.10:365][330]LogModuleManager: Shutting down and abandoning module LandscapeEditor (480)
[2017.06.23-11.27.10:367][330]LogModuleManager: Shutting down and abandoning module SceneDepthPickerMode (478)
[2017.06.23-11.27.10:367][330]LogModuleManager: Shutting down and abandoning module ActorPickerMode (476)
[2017.06.23-11.27.10:367][330]LogModuleManager: Shutting down and abandoning module GeometryMode (474)
[2017.06.23-11.27.10:367][330]LogModuleManager: Shutting down and abandoning module TextureAlignMode (472)
[2017.06.23-11.27.10:367][330]LogModuleManager: Shutting down and abandoning module BspMode (470)
[2017.06.23-11.27.10:368][330]LogModuleManager: Shutting down and abandoning module HardwareSurvey (468)
[2017.06.23-11.27.10:368][330]LogModuleManager: Shutting down and abandoning module SequenceRecorderSections (466)
[2017.06.23-11.27.10:369][330]LogModuleManager: Shutting down and abandoning module AutomationWorker (464)
[2017.06.23-11.27.10:369][330]LogModuleManager: Shutting down and abandoning module MatineeToLevelSequence (462)
[2017.06.23-11.27.10:370][330]LogModuleManager: Shutting down and abandoning module LevelSequenceEditor (460)
[2017.06.23-11.27.10:374][330]LogModuleManager: Shutting down and abandoning module PlacementMode (459)
[2017.06.23-11.27.10:374][330]LogModuleManager: Shutting down and abandoning module WmfMediaFactory (456)
[2017.06.23-11.27.10:374][330]LogModuleManager: Shutting down and abandoning module WmfMediaEditor (454)
[2017.06.23-11.27.10:374][330]LogModuleManager: Shutting down and abandoning module MfMediaFactory (452)
[2017.06.23-11.27.10:374][330]LogModuleManager: Shutting down and abandoning module MfMediaEditor (450)
[2017.06.23-11.27.10:374][330]LogModuleManager: Shutting down and abandoning module AvfMediaFactory (448)
[2017.06.23-11.27.10:374][330]LogModuleManager: Shutting down and abandoning module AvfMediaEditor (446)
[2017.06.23-11.27.10:374][330]LogModuleManager: Shutting down and abandoning module AndroidMediaFactory (444)
[2017.06.23-11.27.10:374][330]LogModuleManager: Shutting down and abandoning module Media (443)
[2017.06.23-11.27.10:374][330]LogModuleManager: Shutting down and abandoning module AndroidMediaEditor (440)
[2017.06.23-11.27.10:374][330]LogModuleManager: Shutting down and abandoning module CharacterAI (438)
[2017.06.23-11.27.10:374][330]LogModuleManager: Shutting down and abandoning module AudioCapture (436)
[2017.06.23-11.27.10:375][330]LogModuleManager: Shutting down and abandoning module SequenceRecorder (435)
[2017.06.23-11.27.10:377][330]LogModuleManager: Shutting down and abandoning module SmartSnapping (432)
[2017.06.23-11.27.10:377][330]LogModuleManager: Shutting down and abandoning module SessionServices (430)
[2017.06.23-11.27.10:377][330]LogModuleManager: Shutting down and abandoning module ViewportSnapping (428)
[2017.06.23-11.27.10:377][330]LogModuleManager: Shutting down and abandoning module ViewportInteraction (426)
[2017.06.23-11.27.10:377][330]LogModuleManager: Shutting down and abandoning module LogVisualizer (424)
[2017.06.23-11.27.10:379][330]LogModuleManager: Shutting down and abandoning module IntroTutorials (422)
[2017.06.23-11.27.10:380][330]LogModuleManager: Shutting down and abandoning module GameProjectGeneration (421)
[2017.06.23-11.27.10:382][330]LogModuleManager: Shutting down and abandoning module EditorLiveStreaming (418)
[2017.06.23-11.27.10:382][330]LogModuleManager: Shutting down and abandoning module IOSPlatformEditor (416)
[2017.06.23-11.27.10:382][330]LogModuleManager: Shutting down and abandoning module HTML5PlatformEditor (414)
[2017.06.23-11.27.10:382][330]LogModuleManager: Shutting down and abandoning module AndroidPlatformEditor (412)
[2017.06.23-11.27.10:383][330]LogModuleManager: Shutting down and abandoning module AndroidDeviceDetection (411)
[2017.06.23-11.27.11:019][330]LogModuleManager: Shutting down and abandoning module IOSRuntimeSettings (408)
[2017.06.23-11.27.11:019][330]LogModuleManager: Shutting down and abandoning module AndroidRuntimeSettings (406)
[2017.06.23-11.27.11:019][330]LogModuleManager: Shutting down and abandoning module InputBindingEditor (404)
[2017.06.23-11.27.11:026][330]LogModuleManager: Shutting down and abandoning module NiagaraEditor (402)
[2017.06.23-11.27.11:028][330]LogModuleManager: Shutting down and abandoning module MergeActors (400)
[2017.06.23-11.27.11:029][330]LogModuleManager: Shutting down and abandoning module SizeMap (398)
[2017.06.23-11.27.11:030][330]LogModuleManager: Shutting down and abandoning module TreeMap (396)
[2017.06.23-11.27.11:031][330]LogModuleManager: Shutting down and abandoning module ReferenceViewer (394)
[2017.06.23-11.27.11:031][330]LogModuleManager: Shutting down and abandoning module LocalizationDashboard (392)
[2017.06.23-11.27.11:032][330]LogModuleManager: Shutting down and abandoning module LocalizationService (391)
[2017.06.23-11.27.11:033][330]LogModuleManager: Shutting down and abandoning module HardwareTargeting (388)
[2017.06.23-11.27.11:033][330]LogModuleManager: Shutting down and abandoning module DeviceProfileEditor (386)
[2017.06.23-11.27.11:034][330]LogModuleManager: Shutting down and abandoning module UndoHistory (384)
[2017.06.23-11.27.11:035][330]LogModuleManager: Shutting down and abandoning module UserFeedback (382)
[2017.06.23-11.27.11:035][330]LogModuleManager: Shutting down and abandoning module XmlParser (380)
[2017.06.23-11.27.11:035][330]LogModuleManager: Shutting down and abandoning module Blutility (378)
[2017.06.23-11.27.11:036][330]LogModuleManager: Shutting down and abandoning module ProjectSettingsViewer (376)
[2017.06.23-11.27.11:036][330]LogModuleManager: Shutting down and abandoning module ProjectTargetPlatformEditor (375)
[2017.06.23-11.27.11:037][330]LogModuleManager: Shutting down and abandoning module EditorSettingsViewer (372)
[2017.06.23-11.27.11:037][330]LogModuleManager: Shutting down and abandoning module SettingsEditor (370)
[2017.06.23-11.27.11:040][330]LogModuleManager: Shutting down and abandoning module ProjectLauncher (368)
[2017.06.23-11.27.11:041][330]LogModuleManager: Shutting down and abandoning module SessionFrontend (366)
[2017.06.23-11.27.11:042][330]LogModuleManager: Shutting down and abandoning module ProfilerClient (364)
[2017.06.23-11.27.11:043][330]LogModuleManager: Shutting down and abandoning module DeviceManager (362)
[2017.06.23-11.27.11:045][330]LogModuleManager: Shutting down and abandoning module TargetDeviceServices (361)
[2017.06.23-11.27.11:101][330]LogModuleManager: Shutting down and abandoning module AutomationController (358)
[2017.06.23-11.27.11:102][330]LogModuleManager: Shutting down and abandoning module AutomationWindow (356)
[2017.06.23-11.27.11:104][330]LogModuleManager: Shutting down and abandoning module Layers (354)
[2017.06.23-11.27.11:106][330]LogModuleManager: Shutting down and abandoning module ComponentVisualizers (352)
[2017.06.23-11.27.11:106][330]LogModuleManager: Shutting down and abandoning module DetailCustomizations (350)
[2017.06.23-11.27.11:107][330]LogModuleManager: Shutting down and abandoning module PackagesDialog (348)
[2017.06.23-11.27.11:108][330]LogModuleManager: Shutting down and abandoning module Persona (346)
[2017.06.23-11.27.11:110][330]LogModuleManager: Shutting down and abandoning module AnimGraph (345)
[2017.06.23-11.27.11:110][330]LogModuleManager: Shutting down and abandoning module Kismet (342)
[2017.06.23-11.27.11:114][330]LogModuleManager: Shutting down and abandoning module GraphEditor (340)
[2017.06.23-11.27.11:117][330]LogModuleManager: Shutting down and abandoning module ClassViewer (338)
[2017.06.23-11.27.11:117][330]LogModuleManager: Shutting down and abandoning module Toolbox (336)
[2017.06.23-11.27.11:117][330]LogModuleManager: Shutting down and abandoning module ModuleUI (334)
[2017.06.23-11.27.11:118][330]LogModuleManager: Shutting down and abandoning module MovieSceneTools (332)
[2017.06.23-11.27.11:119][330]LogModuleManager: Shutting down and abandoning module OutputLog (330)
[2017.06.23-11.27.11:119][330]LogModuleManager: Shutting down and abandoning module GammaUI (328)
[2017.06.23-11.27.11:120][330]LogModuleManager: Shutting down and abandoning module Documentation (326)
[2017.06.23-11.27.11:120][330]LogModuleManager: Shutting down and abandoning module Niagara (324)
[2017.06.23-11.27.11:120][330]LogModuleManager: Shutting down and abandoning module StreamingPauseRendering (322)
[2017.06.23-11.27.11:120][330]LogModuleManager: Shutting down and abandoning module AnalyticsET (320)
[2017.06.23-11.27.11:120][330]LogModuleManager: Shutting down and abandoning module PortalServices (318)
[2017.06.23-11.27.11:120][330]LogModuleManager: Shutting down and abandoning module PortalRpc (316)
[2017.06.23-11.27.11:120][330]LogModuleManager: Shutting down and abandoning module MessagingRpc (314)
[2017.06.23-11.27.11:120][330]LogModuleManager: Shutting down and abandoning module AIModule (312)
[2017.06.23-11.27.11:120][330]LogModuleManager: Shutting down and abandoning module GameplayDebugger (311)
[2017.06.23-11.27.11:121][330]LogModuleManager: Shutting down and abandoning module AITestSuite (309)
[2017.06.23-11.27.11:121][330]LogModuleManager: Shutting down and abandoning module ProfilerService (306)
[2017.06.23-11.27.11:352][330]LogModuleManager: Shutting down and abandoning module TaskGraph (304)
[2017.06.23-11.27.11:360][330]LogModuleManager: Shutting down and abandoning module SteamVRController (302)
[2017.06.23-11.27.11:360][330]LogModuleManager: Shutting down and abandoning module SteamVR (300)
[2017.06.23-11.27.11:360][330]LogModuleManager: Shutting down and abandoning module ProceduralMeshComponentEditor (298)
[2017.06.23-11.27.11:360][330]LogModuleManager: Shutting down and abandoning module ProceduralMeshComponent (296)
[2017.06.23-11.27.11:362][330]LogModuleManager: Shutting down and abandoning module OculusLibrary (294)
[2017.06.23-11.27.11:362][330]LogModuleManager: Shutting down and abandoning module OculusInput (292)
[2017.06.23-11.27.11:362][330]LogModuleManager: Shutting down and abandoning module MobilePatchingUtils (290)
[2017.06.23-11.27.11:362][330]LogModuleManager: Shutting down and abandoning module CustomMeshComponent (288)
[2017.06.23-11.27.11:362][330]LogModuleManager: Shutting down and abandoning module CableComponent (286)
[2017.06.23-11.27.11:362][330]LogModuleManager: Shutting down and abandoning module ArchVisCharacter (284)
[2017.06.23-11.27.11:362][330]LogModuleManager: Shutting down and abandoning module MediaPlayerEditor (280)
[2017.06.23-11.27.11:366][330]LogModuleManager: Shutting down and abandoning module HTML5Networking (278)
[2017.06.23-11.27.11:366][330]LogModuleManager: Shutting down and abandoning module AlembicImporter (276)
[2017.06.23-11.27.11:366][330]LogModuleManager: Shutting down and abandoning module AlembicLibrary (275)
[2017.06.23-11.27.11:367][330]LogModuleManager: Shutting down and abandoning module GeometryCache (274)
[2017.06.23-11.27.11:367][330]LogModuleManager: Shutting down and abandoning module GeometryCacheEd (273)
[2017.06.23-11.27.11:367][330]LogModuleManager: Shutting down and abandoning module SuperSearchEditor (268)
[2017.06.23-11.27.11:367][330]LogModuleManager: Shutting down and abandoning module SuperSearch (267)
[2017.06.23-11.27.11:367][330]LogModuleManager: Shutting down and abandoning module SpeedTreeImporter (264)
[2017.06.23-11.27.11:367][330]LogModuleManager: Shutting down and abandoning module PluginBrowser (262)
[2017.06.23-11.27.11:370][330]LogModuleManager: Shutting down and abandoning module MobileLauncherProfileWizard (260)
[2017.06.23-11.27.11:372][330]LogModuleManager: Shutting down and abandoning module EpicSurvey (258)
[2017.06.23-11.27.11:372][330]LogModuleManager: Shutting down and abandoning module VisualStudioSourceCodeAccess (256)
[2017.06.23-11.27.11:372][330]LogModuleManager: Shutting down and abandoning module DesktopPlatform (255)
[2017.06.23-11.27.11:372][330]LogModuleManager: Shutting down and abandoning module UObjectPlugin (252)
[2017.06.23-11.27.11:372][330]LogModuleManager: Shutting down and abandoning module SubversionSourceControl (250)
[2017.06.23-11.27.11:373][330]LogModuleManager: Shutting down and abandoning module PerforceSourceControl (248)
[2017.06.23-11.27.11:374][330]LogModuleManager: Shutting down and abandoning module GitSourceControl (246)
[2017.06.23-11.27.11:375][330]LogModuleManager: Shutting down and abandoning module SourceControl (245)
[2017.06.23-11.27.11:375][330]LogModuleManager: Shutting down and abandoning module LightPropagationVolumeEditor (242)
[2017.06.23-11.27.11:375][330]LogModuleManager: Shutting down and abandoning module PaperTiledImporter (240)
[2017.06.23-11.27.11:375][330]LogModuleManager: Shutting down and abandoning module PaperSpriteSheetImporter (238)
[2017.06.23-11.27.11:376][330]LogModuleManager: Shutting down and abandoning module Paper2DEditor (236)
[2017.06.23-11.27.11:377][330]LogModuleManager: Shutting down and abandoning module MeshPaint (235)
[2017.06.23-11.27.11:378][330]LogModuleManager: Shutting down and abandoning module LevelEditor (233)
[2017.06.23-11.27.11:382][330]LogModuleManager: Shutting down and abandoning module PixelInspectorModule (232)
[2017.06.23-11.27.11:384][330]LogModuleManager: Shutting down and abandoning module MainFrame (230)
[2017.06.23-11.27.11:384][330]LogModuleManager: Shutting down and abandoning module HotReload (229)
[2017.06.23-11.27.11:387][330]LogModuleManager: Shutting down and abandoning module ContentBrowser (225)
[2017.06.23-11.27.11:391][330]LogModuleManager: Shutting down and abandoning module PhysXVehiclesEditor (222)
[2017.06.23-11.27.11:391][330]LogModuleManager: Shutting down and abandoning module PhysXVehicles (220)
[2017.06.23-11.27.11:391][330]LogModuleManager: Shutting down and abandoning module LocationServicesBPLibrary (218)
[2017.06.23-11.27.11:391][330]LogModuleManager: Shutting down and abandoning module UdpMessaging (216)
[2017.06.23-11.27.11:493][330]LogModuleManager: Shutting down and abandoning module TcpMessaging (214)
[2017.06.23-11.27.11:594][330]LogModuleManager: Shutting down and abandoning module GameplayTagsEditor (212)
[2017.06.23-11.27.11:595][330]LogModuleManager: Shutting down and abandoning module FacialAnimationEditor (210)
[2017.06.23-11.27.11:596][330]LogModuleManager: Shutting down and abandoning module FacialAnimation (208)
[2017.06.23-11.27.11:596][330]LogModuleManager: Shutting down and abandoning module LightPropagationVolumeRuntime (206)
[2017.06.23-11.27.11:596][330]LogModuleManager: Shutting down and abandoning module Paper2D (204)
[2017.06.23-11.27.11:597][330]LogModuleManager: Shutting down and abandoning module WindowsMoviePlayer (202)
[2017.06.23-11.27.11:597][330]LogModuleManager: Shutting down and abandoning module WmfMedia (200)
[2017.06.23-11.27.11:600][330]LogModuleManager: Shutting down and abandoning module MfMedia (198)
[2017.06.23-11.27.11:600][330]LogModuleManager: Shutting down and abandoning module MediaAssets (196)
[2017.06.23-11.27.11:600][330]LogModuleManager: Shutting down and abandoning module GameLiveStreaming (194)
[2017.06.23-11.27.11:601][330]LogModuleManager: Shutting down and abandoning module VREditor (192)
[2017.06.23-11.27.11:601][330]LogModuleManager: Shutting down and abandoning module GameplayTasksEditor (190)
[2017.06.23-11.27.11:601][330]LogModuleManager: Shutting down and abandoning module BehaviorTreeEditor (188)
[2017.06.23-11.27.11:604][330]LogModuleManager: Shutting down and abandoning module FunctionalTesting (186)
[2017.06.23-11.27.11:604][330]LogModuleManager: Shutting down and abandoning module CollisionAnalyzer (184)
[2017.06.23-11.27.11:606][330]LogModuleManager: Shutting down and abandoning module UMG (182)
[2017.06.23-11.27.11:608][330]LogModuleManager: Shutting down and abandoning module UMGEditor (181)
[2017.06.23-11.27.11:611][330]LogModuleManager: Shutting down and abandoning module Sequencer (180)
[2017.06.23-11.27.11:614][330]LogModuleManager: Shutting down and abandoning module AssetTools (178)
[2017.06.23-11.27.11:618][330]LogModuleManager: Shutting down and abandoning module MessageLog (177)
[2017.06.23-11.27.11:619][330]LogModuleManager: Shutting down and abandoning module WorkspaceMenuStructure (176)
[2017.06.23-11.27.11:619][330]LogModuleManager: Shutting down and abandoning module SlateReflector (170)
[2017.06.23-11.27.11:623][330]LogModuleManager: Shutting down and abandoning module Slate (168)
[2017.06.23-11.27.11:623][330]LogModuleManager: Shutting down and abandoning module EditorStyle (166)
[2017.06.23-11.27.11:633][330]LogModuleManager: Shutting down and abandoning module SourceCodeAccess (164)
[2017.06.23-11.27.11:634][330]LogModuleManager: Shutting down and abandoning module HeadMountedDisplay (162)
[2017.06.23-11.27.11:634][330]LogModuleManager: Shutting down and abandoning module XAudio2 (160)
[2017.06.23-11.27.11:634][330]LogModuleManager: Shutting down and abandoning module Networking (158)
[2017.06.23-11.27.11:634][330]LogModuleManager: Shutting down and abandoning module Core (154)
[2017.06.23-11.27.11:634][330]LogModuleManager: Shutting down and abandoning module AssetRegistry (152)
[2017.06.23-11.27.11:970][330]LogDirectoryWatcher: A directory notification for '../../../Engine/Content/' was aborted.
[2017.06.23-11.27.11:970][330]LogDirectoryWatcher: A directory notification for 'C:/Users/lenovo/Documents/GitHub/loli/萝莉/Content/' was aborted.
[2017.06.23-11.27.11:970][330]LogDirectoryWatcher: A directory notification for '../../../Engine/Plugins/2D/Paper2D/Content/' was aborted.
[2017.06.23-11.27.11:972][330]LogModuleManager: Shutting down and abandoning module DirectoryWatcher (151)
[2017.06.23-11.27.11:985][330]LogModuleManager: Shutting down and abandoning module KismetCompiler (148)
[2017.06.23-11.27.11:985][330]LogModuleManager: Shutting down and abandoning module PhysXFormats (146)
[2017.06.23-11.27.11:985][330]LogModuleManager: Shutting down and abandoning module MeshUtilities (144)
[2017.06.23-11.27.11:988][330]LogModuleManager: Shutting down and abandoning module SimplygonSwarm (143)
[2017.06.23-11.27.11:988][330]LogModuleManager: Shutting down and abandoning module SimplygonMeshReduction (141)
[2017.06.23-11.27.11:988][330]LogModuleManager: Shutting down and abandoning module QuadricMeshReduction (139)
[2017.06.23-11.27.11:989][330]LogModuleManager: Shutting down and abandoning module PropertyEditor (137)
[2017.06.23-11.27.11:989][330]LogModuleManager: Shutting down and abandoning module DerivedDataCache (134)
[2017.06.23-11.27.12:058][330]LogDerivedDataCache: Shutdown
[2017.06.23-11.27.12:058][330]LogModuleManager: Shutting down and abandoning module TargetPlatform (132)
[2017.06.23-11.27.12:058][330]LogModuleManager: Shutting down and abandoning module VulkanShaderFormat (131)
[2017.06.23-11.27.12:059][330]LogModuleManager: Shutting down and abandoning module ShaderFormatOpenGL (129)
[2017.06.23-11.27.12:060][330]LogModuleManager: Shutting down and abandoning module ShaderFormatD3D (127)
[2017.06.23-11.27.12:061][330]LogModuleManager: Shutting down and abandoning module MetalShaderFormat (125)
[2017.06.23-11.27.12:062][330]LogModuleManager: Shutting down and abandoning module TextureFormatUncompressed (123)
[2017.06.23-11.27.12:062][330]LogModuleManager: Shutting down and abandoning module TextureFormatPVR (121)
[2017.06.23-11.27.12:062][330]LogModuleManager: Shutting down and abandoning module TextureFormatDXT (119)
[2017.06.23-11.27.12:063][330]LogModuleManager: Shutting down and abandoning module TextureFormatIntelISPCTexComp (117)
[2017.06.23-11.27.12:064][330]LogModuleManager: Shutting down and abandoning module TextureFormatASTC (115)
[2017.06.23-11.27.12:065][330]LogModuleManager: Shutting down and abandoning module ImageWrapper (114)
[2017.06.23-11.27.12:065][330]LogModuleManager: Shutting down and abandoning module TextureFormatAndroid (111)
[2017.06.23-11.27.12:065][330]LogModuleManager: Shutting down and abandoning module AudioFormatOpus (109)
[2017.06.23-11.27.12:066][330]LogModuleManager: Shutting down and abandoning module AudioFormatOgg (107)
[2017.06.23-11.27.12:066][330]LogModuleManager: Shutting down and abandoning module AudioFormatADPCM (105)
[2017.06.23-11.27.12:066][330]LogModuleManager: Shutting down and abandoning module LinuxTargetPlatform (103)
[2017.06.23-11.27.12:066][330]LogModuleManager: Shutting down and abandoning module LinuxServerTargetPlatform (101)
[2017.06.23-11.27.12:066][330]LogModuleManager: Shutting down and abandoning module LinuxNoEditorTargetPlatform (99)
[2017.06.23-11.27.12:066][330]LogModuleManager: Shutting down and abandoning module LinuxClientTargetPlatform (97)
[2017.06.23-11.27.12:066][330]LogModuleManager: Shutting down and abandoning module TVOSTargetPlatform (95)
[2017.06.23-11.27.12:066][330]LogModuleManager: Shutting down and abandoning module Messaging (93)
[2017.06.23-11.27.12:066][330]LogModuleManager: Shutting down and abandoning module IOSTargetPlatform (91)
[2017.06.23-11.27.12:067][330]LogModuleManager: Shutting down and abandoning module HTML5TargetPlatform (89)
[2017.06.23-11.27.12:067][330]LogModuleManager: Shutting down and abandoning module Android_PVRTCTargetPlatform (87)
[2017.06.23-11.27.12:067][330]LogModuleManager: Shutting down and abandoning module Android_MultiTargetPlatform (85)
[2017.06.23-11.27.12:067][330]LogModuleManager: Shutting down and abandoning module Android_ETC2TargetPlatform (83)
[2017.06.23-11.27.12:067][330]LogModuleManager: Shutting down and abandoning module Android_ETC1TargetPlatform (81)
[2017.06.23-11.27.12:067][330]LogModuleManager: Shutting down and abandoning module Android_DXTTargetPlatform (79)
[2017.06.23-11.27.12:067][330]LogModuleManager: Shutting down and abandoning module Android_ATCTargetPlatform (77)
[2017.06.23-11.27.12:067][330]LogModuleManager: Shutting down and abandoning module Android_ASTCTargetPlatform (75)
[2017.06.23-11.27.12:067][330]LogModuleManager: Shutting down and abandoning module AndroidTargetPlatform (73)
[2017.06.23-11.27.12:067][330]LogModuleManager: Shutting down and abandoning module WindowsTargetPlatform (71)
[2017.06.23-11.27.12:067][330]LogModuleManager: Shutting down and abandoning module WindowsServerTargetPlatform (69)
[2017.06.23-11.27.12:067][330]LogModuleManager: Shutting down and abandoning module WindowsNoEditorTargetPlatform (67)
[2017.06.23-11.27.12:067][330]LogModuleManager: Shutting down and abandoning module WindowsClientTargetPlatform (65)
[2017.06.23-11.27.12:067][330]LogModuleManager: Shutting down and abandoning module MacTargetPlatform (63)
[2017.06.23-11.27.12:067][330]LogModuleManager: Shutting down and abandoning module MacServerTargetPlatform (61)
[2017.06.23-11.27.12:068][330]LogModuleManager: Shutting down and abandoning module MacNoEditorTargetPlatform (59)
[2017.06.23-11.27.12:068][330]LogModuleManager: Shutting down and abandoning module MacClientTargetPlatform (57)
[2017.06.23-11.27.12:068][330]LogModuleManager: Shutting down and abandoning module AllDesktopTargetPlatform (55)
[2017.06.23-11.27.12:068][330]LogModuleManager: Shutting down and abandoning module InputCore (52)
[2017.06.23-11.27.12:068][330]LogModuleManager: Shutting down and abandoning module Settings (50)
[2017.06.23-11.27.12:068][330]LogModuleManager: Shutting down and abandoning module OculusRift (48)
[2017.06.23-11.27.12:069][330]LogModuleManager: Shutting down and abandoning module GearVR (46)
[2017.06.23-11.27.12:069][330]LogModuleManager: Shutting down and abandoning module ExampleDeviceProfileSelector (44)
[2017.06.23-11.27.12:069][330]LogModuleManager: Shutting down and abandoning module OnlineBlueprintSupport (42)
[2017.06.23-11.27.12:069][330]LogModuleManager: Shutting down and abandoning module OnlineSubsystem (38)
[2017.06.23-11.27.12:069][330]LogOnline:Display: Unloading online subsystem: NULL
[2017.06.23-11.27.12:071][330]LogModuleManager: Shutting down and abandoning module XMPP (37)
[2017.06.23-11.27.12:073][330]LogModuleManager: Shutting down and abandoning module HTTP (35)
[2017.06.23-11.27.12:073][330]LogHttp:Display: Http module shutting down, but needs to wait on 1 outstanding Http requests:
[2017.06.23-11.27.12:073][330]LogHttp:Display: 	verb=[POST] url=[https://datarouter.ol.epicgames.com/datarouter/api/v1/public/data?SessionID=%7B8B7057FA-421E-7567-68BA-1FA8188F5231%7D&AppID=UEEditor.Rocket.Release&AppVersion=4.15.2-3416026%2B%2B%2BUE4%2BRelease-4.15&UserID=fc0ab5e14c29e395dee894bb26e0e4c8%7Ccbf7e4b3a2fa4a3483ff9ae11ae13430%7C0a898179-1db4-4ad6-89ab-2983492e6393&AppEnvironment=datacollector-binary&UploadType=eteventstream] status=Processing
[2017.06.23-11.27.12:084][330]LogModuleManager: Shutting down and abandoning module SSL (34)
[2017.06.23-11.27.12:089][330]LogModuleManager: Shutting down and abandoning module AudioEditor (30)
[2017.06.23-11.27.12:091][330]LogModuleManager: Shutting down and abandoning module TextureCompressor (28)
[2017.06.23-11.27.12:092][330]LogModuleManager: Shutting down and abandoning module ShaderCore (26)
[2017.06.23-11.27.12:092][330]LogModuleManager: Shutting down and abandoning module Landscape (24)
[2017.06.23-11.27.12:092][330]LogModuleManager: Shutting down and abandoning module SlateRHIRenderer (22)
[2017.06.23-11.27.12:135][330]LogModuleManager: Shutting down and abandoning module OpenGLDrv (20)
[2017.06.23-11.27.12:136][330]LogModuleManager: Shutting down and abandoning module D3D11RHI (18)
[2017.06.23-11.27.12:136][330]LogModuleManager: Shutting down and abandoning module AnimGraphRuntime (16)
[2017.06.23-11.27.12:136][330]LogModuleManager: Shutting down and abandoning module Renderer (14)
[2017.06.23-11.27.12:136][330]LogModuleManager: Shutting down and abandoning module Engine (12)
[2017.06.23-11.27.12:137][330]LogModuleManager: Shutting down and abandoning module CoreUObject (10)
[2017.06.23-11.27.12:137][330]LogModuleManager: Shutting down and abandoning module NetworkFile (8)
[2017.06.23-11.27.12:138][330]LogModuleManager: Shutting down and abandoning module StreamingFile (6)
[2017.06.23-11.27.12:138][330]LogModuleManager: Shutting down and abandoning module SandboxFile (4)
[2017.06.23-11.27.12:138][330]LogModuleManager: Shutting down and abandoning module PakFile (2)
[2017.06.23-11.27.12:146][330]LogExit: Exiting.
[2017.06.23-11.27.12:162][330]Log file closed, 06/23/17 19:27:12
