Log file open, 06/22/17 10:20:31
LogInit:Display: Running engine for game: 萝莉
LogPlatformFile: Not using cached read wrapper
LogInit:Display: RandInit(1411421459) SRandInit(1411421459).
LogTaskGraph: Started task graph with 5 named threads and 8 total threads with 1 sets of task threads.
LogStats: Stats thread started at 0.211903
LogInit: Using libcurl 7.47.1
LogInit:  - built for x86_64-pc-win32
LogInit:  - supports SSL with OpenSSL/1.0.2g
LogInit:  - supports HTTP deflate (compression) using libz 1.2.8
LogInit:  - other features:
LogInit:      CURL_VERSION_SSL
LogInit:      CURL_VERSION_LIBZ
LogInit:      CURL_VERSION_IPV6
LogInit:      CURL_VERSION_ASYNCHDNS
LogInit:      CURL_VERSION_LARGEFILE
LogInit:      CURL_VERSION_IDN
LogInit:  CurlRequestOptions (configurable via config and command line):
LogInit:  - bVerifyPeer = false  - Libcurl will NOT verify peer certificate
LogInit:  - bUseHttpProxy = false  - Libcurl will NOT use HTTP proxy
LogInit:  - bDontReuseConnections = false  - Libcurl will reuse connections
LogInit:  - CertBundlePath = nullptr  - Libcurl will use whatever was configured at build time.
LogInit: Build: ++UE4+Release-4.15-CL-3416026
LogInit: Engine Version: 4.15.2-3416026+++UE4+Release-4.15
LogInit: Compatible Engine Version: 4.15.0-3299760+++UE4+Release-4.15
LogInit: Net CL: 3299760
LogDevObjectVersion: Number of dev versions registered: 14
LogDevObjectVersion:   Dev-Blueprints (B0D832E4-1F89-4F0D-ACCF-7EB736FD4AA2): 8
LogDevObjectVersion:   Dev-Build (E1C64328-A22C-4D53-A36C-8E866417BD8C): 0
LogDevObjectVersion:   Dev-Core (375EC13C-06E4-48FB-B500-84F0262A717E): 2
LogDevObjectVersion:   Dev-Editor (E4B068ED-F494-42E9-A231-DA0B2E46BB41): 14
LogDevObjectVersion:   Dev-Framework (CFFC743F-43B0-4480-9391-14DF171D2073): 22
LogDevObjectVersion:   Dev-Mobile (B02B49B5-BB20-44E9-A304-32B752E40360): 0
LogDevObjectVersion:   Dev-Networking (A4E4105C-59A1-49B5-A7C5-40C4547EDFEE): 0
LogDevObjectVersion:   Dev-Online (39C831C9-5AE6-47DC-9A44-9C173E1C8E7C): 0
LogDevObjectVersion:   Dev-Physics (78F01B33-EBEA-4F98-B9B4-84EACCB95AA2): 0
LogDevObjectVersion:   Dev-Platform (6631380F-2D4D-43E0-8009-CF276956A95A): 0
LogDevObjectVersion:   Dev-Rendering (12F88B9F-8875-4AFC-A67C-D90C383ABD29): 12
LogDevObjectVersion:   Dev-Sequencer (7B5AE74C-D270-4C10-A958-57980B212A5A): 3
LogDevObjectVersion:   Dev-VR (D7296918-1DD6-4BDD-9DE2-64A83CC13884): 0
LogDevObjectVersion:   Dev-LoadTimes (C2A15278-BFE7-4AFE-6C17-90FF531DF755): 1
LogInit: Compiled (64-bit): May  1 2017 13:11:28
LogInit: Compiled with Visual C++: 19.00.23026.00
LogInit: Build Configuration: Development
LogInit: Branch Name: ++UE4+Release-4.15
LogInit: Command line:  
LogInit: Base directory: D:/Epic Games/UE_4.15/Engine/Binaries/Win64/
LogInit: Installed Engine Build: 1
LogInit: Presizing for max 8388607 objects, including 0 objects not considered by GC, pre-allocating 0 bytes for permanent pool.
LogInit: Object subsystem initialized
[2017.06.22-02.20.33:804][  0]LogInit: Selected Device Profile: [Windows]
[2017.06.22-02.20.33:804][  0]LogInit: Applying CVar settings loaded from the selected device profile: [Windows]
[2017.06.22-02.20.33:841][  0]LogInit: Computer: DESKTOP-44SKKF1
[2017.06.22-02.20.33:841][  0]LogInit: User: 1
[2017.06.22-02.20.33:841][  0]LogInit: CPU Page size=65536, Cores=4
[2017.06.22-02.20.33:841][  0]LogInit: High frequency timer resolution =1.754523 MHz
[2017.06.22-02.20.33:842][  0]LogMemory: Memory total: Physical=7.3GB (8GB approx)
[2017.06.22-02.20.33:843][  0]LogMemory: Platform Memory Stats for Windows
[2017.06.22-02.20.33:843][  0]LogMemory: Process Physical Memory: 263.55 MB used, 263.55 MB peak
[2017.06.22-02.20.33:843][  0]LogMemory: Process Virtual Memory: 262.69 MB used, 262.69 MB peak
[2017.06.22-02.20.33:843][  0]LogMemory: Physical Memory: 3199.97 MB used,  4285.37 MB free, 7485.34 MB total
[2017.06.22-02.20.33:843][  0]LogMemory: Virtual Memory: 643.93 MB used,  4285.37 MB free, 134217728.00 MB total
[2017.06.22-02.20.34:188][  0]LogInit: Overriding culture en with editor configuration.
[2017.06.22-02.20.35:842][  0]LogD3D11RHI: D3D11 adapters:
[2017.06.22-02.20.35:889][  0]LogD3D11RHI:    0. 'AMD Radeon R6 Graphics' (Feature Level 11_0)
[2017.06.22-02.20.35:889][  0]LogD3D11RHI:       487/0/3742 MB DedicatedVideo/DedicatedSystem/SharedSystem, Outputs:1, VendorId:0x1002
[2017.06.22-02.20.35:893][  0]LogD3D11RHI:    1. 'Microsoft Basic Render Driver' (Feature Level 11_0)
[2017.06.22-02.20.35:893][  0]LogD3D11RHI:       0/0/3742 MB DedicatedVideo/DedicatedSystem/SharedSystem, Outputs:0, VendorId:0x1414
[2017.06.22-02.20.35:893][  0]LogD3D11RHI: Chosen D3D11 Adapter: 0
[2017.06.22-02.20.35:920][  0]LogD3D11RHI: Creating new Direct3DDevice
[2017.06.22-02.20.35:920][  0]LogD3D11RHI:     GPU DeviceId: 0x9874 (for the marketing name, search the web for "GPU Device Id")
[2017.06.22-02.20.35:920][  0]LogWindows: EnumDisplayDevices:
[2017.06.22-02.20.35:920][  0]LogWindows:    0. 'AMD Radeon R6 Graphics' (P:1 D:1)
[2017.06.22-02.20.35:922][  0]LogWindows:    1. 'AMD Radeon R6 Graphics' (P:0 D:0)
[2017.06.22-02.20.35:924][  0]LogWindows:    2. 'AMD Radeon R6 Graphics' (P:0 D:0)
[2017.06.22-02.20.35:925][  0]LogWindows: DebugString: FoundDriverCount:3 
[2017.06.22-02.20.35:925][  0]LogD3D11RHI:     Adapter Name: AMD Radeon R6 Graphics
[2017.06.22-02.20.35:925][  0]LogD3D11RHI:   Driver Version: Crimson ReLive 17.1.1 (internal:22.19.162.4, unified:22.19.162.4)
[2017.06.22-02.20.35:925][  0]LogD3D11RHI:      Driver Date: 4-24-2017
[2017.06.22-02.20.35:925][  0]LogRHI: Texture pool is 340 MB (70% of 487 MB)
[2017.06.22-02.20.36:053][  0]LogD3D11RHI: Async texture creation enabled
[2017.06.22-02.20.36:115][  0]LogD3D11RHI: GPU Timing Frequency: 100.000000 (Debug: 2 1)
[2017.06.22-02.20.36:130][  0]LogShaderCompilers: Guid format shader working directory is 6 characters bigger than the processId version (C:/Users/lenovo/Documents/GitHub/loli/萝莉/Intermediate/Shaders/WorkingDirectory/98260/).
[2017.06.22-02.20.36:130][  0]LogShaderCompilers: Cleaned the shader compiler working directory 'C:/Users/lenovo/AppData/Local/Temp/UnrealShaderWorkingDir/CC937D1F4E276E74CFA4BE9BD634AD3B/'.
[2017.06.22-02.20.36:131][  0]LogShaderCompilers:Display: Using Local Shader Compiler.
[2017.06.22-02.20.40:139][  0]LogTemp:Display: Loaded TP AllDesktopTargetPlatform
[2017.06.22-02.20.40:307][  0]LogTemp:Display: Loaded TP MacClientTargetPlatform
[2017.06.22-02.20.40:472][  0]LogTemp:Display: Loaded TP MacNoEditorTargetPlatform
[2017.06.22-02.20.40:637][  0]LogTemp:Display: Loaded TP MacServerTargetPlatform
[2017.06.22-02.20.40:818][  0]LogTemp:Display: Loaded TP MacTargetPlatform
[2017.06.22-02.20.40:990][  0]LogTemp:Display: Loaded TP WindowsClientTargetPlatform
[2017.06.22-02.20.41:192][  0]LogTemp:Display: Loaded TP WindowsNoEditorTargetPlatform
[2017.06.22-02.20.41:375][  0]LogTemp:Display: Loaded TP WindowsServerTargetPlatform
[2017.06.22-02.20.41:516][  0]LogTemp:Display: Loaded TP WindowsTargetPlatform
[2017.06.22-02.20.41:704][  0]LogTemp:Display: Loaded TP AndroidTargetPlatform
[2017.06.22-02.20.41:876][  0]LogTemp:Display: Loaded TP Android_ASTCTargetPlatform
[2017.06.22-02.20.42:058][  0]LogTemp:Display: Loaded TP Android_ATCTargetPlatform
[2017.06.22-02.20.42:235][  0]LogTemp:Display: Loaded TP Android_DXTTargetPlatform
[2017.06.22-02.20.42:423][  0]LogTemp:Display: Loaded TP Android_ETC1TargetPlatform
[2017.06.22-02.20.42:591][  0]LogTemp:Display: Loaded TP Android_ETC2TargetPlatform
[2017.06.22-02.20.42:960][  0]LogTemp:Display: Loaded TP Android_MultiTargetPlatform
[2017.06.22-02.20.42:960][  0]LogTemp:Display: Loaded TP Android_PVRTCTargetPlatform
[2017.06.22-02.20.43:088][  0]LogTemp:Display: Loaded TP HTML5TargetPlatform
[2017.06.22-02.20.43:372][  0]LogTemp:Display: Loaded TP IOSTargetPlatform
[2017.06.22-02.20.43:490][  0]LogTemp:Display: Loaded TP TVOSTargetPlatform
[2017.06.22-02.20.43:687][  0]LogTemp:Display: Loaded TP LinuxClientTargetPlatform
[2017.06.22-02.20.43:859][  0]LogTemp:Display: Loaded TP LinuxNoEditorTargetPlatform
[2017.06.22-02.20.44:034][  0]LogTemp:Display: Loaded TP LinuxServerTargetPlatform
[2017.06.22-02.20.44:209][  0]LogTemp:Display: Loaded TP LinuxTargetPlatform
[2017.06.22-02.20.44:209][  0]LogTargetPlatformManager:Display: Building Assets For Windows
[2017.06.22-02.20.45:608][  0]LogDerivedDataCache:Display: Max Cache Size: 512 MB
[2017.06.22-02.20.45:949][  0]LogDerivedDataCache: Loaded boot cache 0.34s 50MB C:/Users/lenovo/AppData/Local/UnrealEngine/4.15/DerivedDataCache/Boot.ddc.
[2017.06.22-02.20.45:949][  0]LogDerivedDataCache:Display: Loaded Boot cache: C:/Users/lenovo/AppData/Local/UnrealEngine/4.15/DerivedDataCache/Boot.ddc
[2017.06.22-02.20.45:949][  0]LogDerivedDataCache: FDerivedDataBackendGraph:  Pak pak cache file C:/Users/lenovo/Documents/GitHub/loli/萝莉/DerivedDataCache/DDC.ddp not found, will not use a pak cache.
[2017.06.22-02.20.45:949][  0]LogDerivedDataCache: Unable to find inner node Pak for hierarchical cache Hierarchy.
[2017.06.22-02.20.45:949][  0]LogDerivedDataCache: FDerivedDataBackendGraph:  CompressedPak pak cache file C:/Users/lenovo/Documents/GitHub/loli/萝莉/DerivedDataCache/Compressed.ddp not found, will not use a pak cache.
[2017.06.22-02.20.45:949][  0]LogDerivedDataCache: Unable to find inner node CompressedPak for hierarchical cache Hierarchy.
[2017.06.22-02.20.45:993][  0]LogDerivedDataCache:Display: Pak cache opened for reading ../../../Engine/DerivedDataCache/Compressed.ddp.
[2017.06.22-02.20.46:014][  0]LogDerivedDataCache: Using Local data cache path C:/Users/lenovo/AppData/Local/UnrealEngine/Common/DerivedDataCache: Writable
[2017.06.22-02.20.46:056][  0]LogSlate: Using Freetype 2.6.0
[2017.06.22-02.20.46:064][  0]LogSlate: SlateFontCache - WITH_FREETYPE: 1, WITH_HARFBUZZ: 1
[2017.06.22-02.20.46:064][  0]LogSlate: SlateFontCache - WITH_FREETYPE: 1, WITH_HARFBUZZ: 1
[2017.06.22-02.20.47:863][  0]LogInit: Selected Device Profile: [Windows]
[2017.06.22-02.20.47:878][  0]LogContentStreaming: Texture pool size is 0.00 MB
[2017.06.22-02.20.48:521][  0]LogMeshUtilities: Using QuadricMeshReduction for automatic static mesh reduction
[2017.06.22-02.20.48:661][  0]LogSimplygon: Simplygon DLL not present - disabling.
[2017.06.22-02.20.48:809][  0]LogMeshUtilities: Using SimplygonSwarm for distributed automatic mesh merging
[2017.06.22-02.20.48:809][  0]LogMeshUtilities: No automatic skeletal mesh reduction module available
[2017.06.22-02.20.48:809][  0]LogMeshUtilities: No automatic mesh merging module available
[2017.06.22-02.20.50:814][  0]LogNetVersion: GetLocalNetworkVersion: CL: 3299760, ProjectName: 萝莉, ProjectVersion: , EngineNetworkVersion: 2, GameNetworkVersion: 0, NetworkChecksum: 2312337547
[2017.06.22-02.20.50:917][  0]LogAssetRegistry: FAssetRegistry took 0.0257 seconds to start up
[2017.06.22-02.20.51:069][  0]LogPackageLocalizationCache: Processed 3 localized package path(s) for 1 prioritized culture(s) in 0.083686 seconds
[2017.06.22-02.20.51:084][  0]LogUObjectArray: 32493 objects as part of root set at end of initial load.
[2017.06.22-02.20.51:084][  0]LogUObjectAllocator: 7077032 out of 0 bytes used by permanent object pool.
[2017.06.22-02.20.51:084][  0]LogUObjectArray: CloseDisregardForGC: 0/0 objects in disregard for GC pool
[2017.06.22-02.20.51:284][  0]LogInit: WinSock: version 1.1 (2.2), MaxSocks=32767, MaxUdp=65467
[2017.06.22-02.20.57:370][  0]LogTcpMessaging: Initializing TcpMessaging bridge
[2017.06.22-02.20.57:472][  0]LogUdpMessaging: Initializing bridge on interface 0.0.0.0:0 to multicast group 230.0.0.1:6666.
[2017.06.22-02.20.58:922][  0]LogMaterial: Uniform references updated for custom material expression Custom.
[2017.06.22-02.21.00:050][  0]SourceControl: Info Source control is disabled
[2017.06.22-02.21.00:055][  0]SourceControl: Info Source control is disabled
[2017.06.22-02.21.00:198][  0]SourceControl: Info Source control is disabled
[2017.06.22-02.21.00:330][  0]SourceControl: Info Source control is disabled
[2017.06.22-02.21.04:028][  0]LogEngine: Initializing Engine...
[2017.06.22-02.21.04:035][  0]LogHMD: Failed to initialize OpenVR with code 110
[2017.06.22-02.21.04:325][  0]LogStats: UGameplayTagsManager::ConstructGameplayTagTree: Construct from data asset -  0.000 s
[2017.06.22-02.21.04:326][  0]LogStats: UGameplayTagsManager::ConstructGameplayTagTree: GameplayTagTreeChangedEvent.Broadcast -  0.000 s
[2017.06.22-02.21.04:786][  0]LogAIModule: Creating AISystem for world Untitled
[2017.06.22-02.21.04:850][  0]LogInit: XAudio2 using '扬声器 (Conexant SmartAudio HD)' : 2 channels at 48 kHz using 32 bits per sample (channel mask 0x3)
[2017.06.22-02.21.06:182][  0]LogInit: FAudioDevice initialized.
[2017.06.22-02.21.06:265][  0]LogDerivedDataCache: Saved boot cache 0.08s 50MB C:/Users/lenovo/AppData/Local/UnrealEngine/4.15/DerivedDataCache/Boot.ddc.
[2017.06.22-02.21.06:278][  0]LogInit: Texture streaming: Enabled
[2017.06.22-02.21.06:554][  0]LogEngineSessionManager: EngineSessionManager initialized
[2017.06.22-02.21.06:850][  0]LogInit: Transaction tracking system initialized
[2017.06.22-02.21.07:929][  0]BlueprintLog: New page: Editor Load
[2017.06.22-02.21.10:687][  0]LocalizationService: Info Localization service is disabled
[2017.06.22-02.21.13:464][  0]LogConsoleResponse:Display: 
[2017.06.22-02.21.13:894][  0]LogCook:Display: Max memory allowance for cook 16384mb min free memory 0mb
[2017.06.22-02.21.13:894][  0]LogCook:Display: Mobile HDR setting 1
[2017.06.22-02.21.15:033][  0]LogFileCache: Scanning file cache for directory 'C:/Users/lenovo/Documents/GitHub/loli/萝莉/Content/' took 0.03s
[2017.06.22-02.21.17:032][  0]SourceControl: Info Source control is disabled
[2017.06.22-02.21.17:036][  0]Cmd: MAP LOAD FILE="../../../Engine/Content/Maps/Templates/Template_Default.umap" TEMPLATE=1 SHOWPROGRESS=1 FEATURELEVEL=3
[2017.06.22-02.21.17:040][  0]LightingResults: New page: Lighting Build
[2017.06.22-02.21.17:167][  0]MapCheck: New page: Map Check
[2017.06.22-02.21.17:167][  0]LightingResults: New page: Lighting Build
[2017.06.22-02.21.17:682][  0]LogAIModule: Creating AISystem for world Untitled_1
[2017.06.22-02.21.17:729][  0]LogActorComponent: RegisterComponentWithWorld: (/Temp/Untitled_1.Untitled_1:PersistentLevel.WorldSettings_1.StaticMeshComponent0) Trying to register component with IsPendingKill() == true. Aborting.
[2017.06.22-02.21.17:759][  0]LogEditorServer: Finished looking for orphan Actors (0.000 secs)
[2017.06.22-02.21.17:771][  0]Cmd: MAP CHECKDEP NOCLEARLOG
[2017.06.22-02.21.17:860][  0]MapCheck: Info Map check complete: 0 Error(s), 0 Warning(s), took 89.393ms to complete.
[2017.06.22-02.21.17:861][  0]LogFileHelpers: Loading map 'Template_Default' took 0.827
[2017.06.22-02.21.18:344][  0]LogCollectionManager: Loaded 0 collections in 0.003959 seconds
[2017.06.22-02.21.18:559][  0]LogFileCache: Scanning file cache for directory 'C:/Users/lenovo/Documents/GitHub/loli/萝莉/Saved/Collections/' took 0.01s
[2017.06.22-02.21.18:559][  0]LogFileCache: Scanning file cache for directory 'C:/Users/lenovo/Documents/GitHub/loli/萝莉/Content/Developers/1/Collections/' took 0.01s
[2017.06.22-02.21.18:559][  0]LogFileCache: Scanning file cache for directory 'C:/Users/lenovo/Documents/GitHub/loli/萝莉/Content/Collections/' took 0.01s
[2017.06.22-02.21.18:559][  0]LogCollectionManager: Rebuilt the GUID cache for 0 collections in 0.000004 seconds
[2017.06.22-02.21.18:588][  0]LogContentBrowser: Native class hierarchy populated in 0.0256 seconds. Added 2245 classes and 453 folders.
[2017.06.22-02.21.18:786][  0]LogContentBrowser: Native class hierarchy updated for 'WidgetCarousel' in 0.0012 seconds. Added 0 classes and 0 folders.
[2017.06.22-02.21.19:109][  0]LogContentBrowser: Native class hierarchy updated for 'AddContentDialog' in 0.0012 seconds. Added 0 classes and 0 folders.
[2017.06.22-02.21.19:246][  0]LogContentBrowser: Native class hierarchy updated for 'SceneOutliner' in 0.0011 seconds. Added 1 classes and 2 folders.
[2017.06.22-02.21.19:621][  0]LogCrashTracker: Crashtracker disabled due to settings.
[2017.06.22-02.21.19:647][  0]LogUObjectGlobals:Warning: Failed to find object 'Class None.'
[2017.06.22-02.21.19:822][  0]LogContentBrowser: Native class hierarchy updated for 'HierarchicalLODOutliner' in 0.0014 seconds. Added 1 classes and 2 folders.
[2017.06.22-02.21.19:823][  0]LogLoad: (Engine Initialization) Total time: 51.09 seconds
[2017.06.22-02.21.19:823][  0]LogLoad: (Engine Initialization) Total Blueprint compile time: 0.25 seconds
[2017.06.22-02.21.19:823][  0]LogExternalProfiler: Found external profiler: VSPerf
[2017.06.22-02.21.19:823][  0]LogExternalProfiler: Using external profiler: VSPerf
[2017.06.22-02.21.20:369][  0]LogOcInput: OculusInput pre-init called
[2017.06.22-02.21.20:409][  0]LogContentStreaming: Texture pool size now 400 MB
[2017.06.22-02.21.20:418][  0]LogSlate: Took 0.002476 seconds to synchronously load lazily loaded font '../../../Engine/Content/Slate/Fonts/Roboto-Regular.ttf' (155K)
[2017.06.22-02.21.20:440][  0]LogSlate: Took 0.022388 seconds to synchronously load lazily loaded font '../../../Engine/Content/Slate/Fonts/DroidSansFallback.ttf' (3848K)
[2017.06.22-02.21.20:455][  0]LogSlate: Took 0.002157 seconds to synchronously load lazily loaded font '../../../Engine/Content/Slate/Fonts/Roboto-Bold.ttf' (160K)
[2017.06.22-02.21.20:474][  0]LogSlate: Took 0.002121 seconds to synchronously load lazily loaded font '../../../Engine/Content/Editor/Slate/Fonts/FontAwesome.ttf' (139K)
[2017.06.22-02.21.20:850][  1]LogRenderer: Reallocating scene render targets to support 644x380 NumSamples 1 (Frame:2).
[2017.06.22-02.21.21:569][  3]LogSlate: Took 0.002148 seconds to synchronously load lazily loaded font '../../../Engine/Content/Slate/Fonts/Roboto-Light.ttf' (159K)
[2017.06.22-02.21.21:882][  4]LogAssetRegistry: Asset discovery search completed in 30.9883 seconds
[2017.06.22-02.21.21:882][  4]LogCollectionManager: Rebuilt the object cache for 0 collections in 0.000018 seconds (found 0 objects)
[2017.06.22-02.21.21:882][  4]LogCollectionManager: Fixed up redirectors for 0 collections in 0.000047 seconds (updated 0 objects)
[2017.06.22-02.21.34:975][494]LogRenderer: Reallocating scene render targets to support 744x424 NumSamples 1 (Frame:474).
[2017.06.22-02.22.44:290][489]LogMaterial: Missing cached shader map for material 01_-_Default, compiling. 
[2017.06.22-02.22.44:292][489]LogTemp:Display: Added material ShaderMap 0x0000023DB12FDD00 with Material 0x0000023DB2A2DD80 to ShaderMapsBeingCompiled
[2017.06.22-02.22.44:395][489]LogTemp:Display: Kicking off shader compilation for 01_-_Default, GameThreadShaderMap 0x0000023DB12FDD00
[2017.06.22-02.22.44:401][489]LogAnimationCompression: Building Anim DDC data for AnimSequence /Game/Mod/动作/xiaoyu_xiaopao.xiaoyu_xiaopao
[2017.06.22-02.22.44:419][489]LogSlate: Took 0.000333 seconds to synchronously load lazily loaded font '../../../Engine/Content/Slate/Fonts/Roboto-Light.ttf' (159K)
[2017.06.22-02.22.44:717][489]LogContentBrowser: Native class hierarchy updated for 'SkeletonEditor' in 0.0014 seconds. Added 1 classes and 2 folders.
[2017.06.22-02.22.45:135][489]LogSlate: Took 0.000457 seconds to synchronously load lazily loaded font '../../../Engine/Content/Slate/Fonts/Roboto-Regular.ttf' (155K)
[2017.06.22-02.22.45:179][489]LogActorComponent: RegisterComponentWithWorld: (/Engine/Transient.World_0:PersistentLevel.Actor_0.DebugSkelMeshComponent_0) Already registered. Aborting.
[2017.06.22-02.22.45:348][489]LogSkeletalMesh: USkeletalMeshComponent::InitArticulated : Bodies already created (/Engine/Transient.World_0:PersistentLevel.Actor_0.DebugSkelMeshComponent_0) - call TermArticulated first.
[2017.06.22-02.22.55:241][799]LogRenderer: Reallocating scene render targets to support 912x424 NumSamples 1 (Frame:5104).
[2017.06.22-02.22.59:096][896]LogRenderer: Reallocating scene render targets to support 912x448 NumSamples 1 (Frame:5321).
[2017.06.22-02.22.59:263][897]LogRenderer: Reallocating scene render targets to support 912x464 NumSamples 1 (Frame:5323).
[2017.06.22-02.22.59:354][898]LogRenderer: Reallocating scene render targets to support 912x492 NumSamples 1 (Frame:5325).
[2017.06.22-02.22.59:489][899]LogRenderer: Reallocating scene render targets to support 912x500 NumSamples 1 (Frame:5327).
[2017.06.22-02.23.21:569][519]LogTemp:Display: Finished compile of shader map 0x0000023DB12FDD00
[2017.06.22-02.23.21:569][519]LogTemp:Display: Shader map 01_-_Default complete, GameThreadShaderMap 0x0000023DB12FDD00, marking material 01_-_Default as finished
[2017.06.22-02.23.21:569][519]LogTemp:Display: Marking material as finished 0x0000023DB2A2DD80
[2017.06.22-02.24.14:984][104]LogAnimationCompression: Building Anim DDC data for AnimSequence /Game/Mod/动作/xiaoyu_zhanli.xiaoyu_zhanli
[2017.06.22-02.24.15:075][104]LogActorComponent: RegisterComponentWithWorld: (/Engine/Transient.World_5:PersistentLevel.Actor_1.DebugSkelMeshComponent_3) Already registered. Aborting.
[2017.06.22-02.24.15:183][104]LogSkeletalMesh: USkeletalMeshComponent::InitArticulated : Bodies already created (/Engine/Transient.World_5:PersistentLevel.Actor_1.DebugSkelMeshComponent_3) - call TermArticulated first.
[2017.06.22-02.25.38:447][554]LogAnimationCompression: Building Anim DDC data for AnimSequence /Game/ThirdPersonWalk.ThirdPersonWalk
[2017.06.22-02.25.38:595][554]LogActorComponent: RegisterComponentWithWorld: (/Engine/Transient.World_8:PersistentLevel.Actor_2.DebugSkelMeshComponent_6) Already registered. Aborting.
[2017.06.22-02.25.38:707][554]LogSkeletalMesh: USkeletalMeshComponent::InitArticulated : Bodies already created (/Engine/Transient.World_8:PersistentLevel.Actor_2.DebugSkelMeshComponent_6) - call TermArticulated first.
[2017.06.22-02.26.08:760][458]LogAnimationCompression: Building Anim DDC data for AnimSequence /Game/ThirdPersonIdle.ThirdPersonIdle
[2017.06.22-02.26.08:972][458]LogAnimationCompression: Building Anim DDC data for AnimSequence /Game/ThirdPersonRun.ThirdPersonRun
[2017.06.22-02.26.09:064][458]LogActorComponent: RegisterComponentWithWorld: (/Engine/Transient.World_11:PersistentLevel.Actor_3.DebugSkelMeshComponent_9) Already registered. Aborting.
[2017.06.22-02.26.09:159][458]LogSkeletalMesh: USkeletalMeshComponent::InitArticulated : Bodies already created (/Engine/Transient.World_11:PersistentLevel.Actor_3.DebugSkelMeshComponent_9) - call TermArticulated first.
[2017.06.22-02.27.08:294][533]LogAnimationCompression: Building Anim DDC data for AnimSequence /Game/ThirdPerson_Jump.ThirdPerson_Jump
[2017.06.22-02.27.08:310][533]LogAnimationCompression: Building Anim DDC data for AnimSequence /Game/ThirdPersonJump_Loop.ThirdPersonJump_Loop
[2017.06.22-02.27.08:356][533]LogAnimationCompression: Building Anim DDC data for AnimSequence /Game/ThirdPersonJump_Start.ThirdPersonJump_Start
[2017.06.22-02.27.08:556][533]LogActorComponent: RegisterComponentWithWorld: (/Engine/Transient.World_15:PersistentLevel.Actor_4.DebugSkelMeshComponent_11) Already registered. Aborting.
[2017.06.22-02.27.09:823][533]LogContentBrowser: Native class hierarchy updated for 'BlueprintGraph' in 0.0020 seconds. Added 112 classes and 0 folders.
[2017.06.22-02.27.10:722][533]LogSkeletalMesh: USkeletalMeshComponent::InitArticulated : Bodies already created (/Engine/Transient.World_15:PersistentLevel.Actor_4.DebugSkelMeshComponent_11) - call TermArticulated first.
[2017.06.22-02.27.10:935][533]LogSlate: Took 0.006293 seconds to synchronously load lazily loaded font '../../../Engine/Content/Editor/Slate/Fonts/Roboto-BoldCondensed.ttf' (158K)
[2017.06.22-02.27.11:273][534]LogSlate: Took 0.002056 seconds to synchronously load lazily loaded font '../../../Engine/Content/Editor/Slate/Fonts/Roboto-Italic.ttf' (157K)
[2017.06.22-02.29.04:963][231]Cmd: OBJ SAVEPACKAGE PACKAGE="/Game/ThirdPerson_AnimBP2" FILE="C:/Users/lenovo/Documents/GitHub/loli/萝莉/Content/ThirdPerson_AnimBP2.uasset" SILENT=true
[2017.06.22-02.29.05:121][231]LogSavePackage: Save=93.10ms
[2017.06.22-02.29.05:121][231]LogSavePackage: Moving 'C:/Users/lenovo/Documents/GitHub/loli/萝莉/Saved/ThirdPerson_AnimBP2F6EF0236424559EA0B255DBBBF116062.tmp' to 'C:/Users/lenovo/Documents/GitHub/loli/萝莉/Content/ThirdPerson_AnimBP2.uasset'
[2017.06.22-02.29.05:147][231]LogSavePackage:Display: Finished SavePackage C:/Users/lenovo/Documents/GitHub/loli/萝莉/Content/ThirdPerson_AnimBP2.uasset
[2017.06.22-02.34.34:975][819]LogSlate: Only BGRA pngs, bmps or icos are supported in by External Image Picker
[2017.06.22-02.34.35:271][822]LogTemp:Display: IPP ERROR: Illegal character in bundle ID

[2017.06.22-02.34.35:271][822]LogTemp:Display: Usage: iPhonePackager <Command> <GameName> [RPCCommand &| Switch]

[2017.06.22-02.34.35:271][822]LogTemp:Display: 

[2017.06.22-02.34.35:271][822]LogTemp:Display: Common commands:

[2017.06.22-02.34.35:271][822]LogTemp:Display:  ... RepackageIPA GameName

[2017.06.22-02.34.35:271][822]LogTemp:Display:  ... PackageIPA GameName

[2017.06.22-02.34.35:271][822]LogTemp:Display:  ... PackageApp GameName

[2017.06.22-02.34.35:271][822]LogTemp:Display:  ... Deploy PathToIPA

[2017.06.22-02.34.35:271][822]LogTemp:Display:  ... RepackageFromStage GameName

[2017.06.22-02.34.35:271][822]LogTemp:Display:  ... Devices

[2017.06.22-02.34.35:271][822]LogTemp:Display:  ... Validate

[2017.06.22-02.34.35:271][822]LogTemp:Display:  ... Install

[2017.06.22-02.34.35:271][822]LogTemp:Display: 

[2017.06.22-02.34.35:271][822]LogTemp:Display: Configuration switches:

[2017.06.22-02.34.35:271][822]LogTemp:Display: 	 -stagedir <path>		  sets the directory to copy staged files from (defaults to none)

[2017.06.22-02.34.35:271][822]LogTemp:Display: 	 -project <path>		  path to the project being packaged

[2017.06.22-02.34.35:271][822]LogTemp:Display: 	 -compress=fast|best|none  packaging compression level (defaults to none)

[2017.06.22-02.34.35:271][822]LogTemp:Display: 	 -strip					strip symbols during packaging

[2017.06.22-02.34.35:271][822]LogTemp:Display: 	 -config				   game configuration (e.g., Shipping, Development, etc...)

[2017.06.22-02.34.35:271][822]LogTemp:Display: 	 -distribution			 packaging for final distribution

[2017.06.22-02.34.35:271][822]LogTemp:Display: 	 -createstub			   packaging stub IPA for later repackaging

[2017.06.22-02.34.35:271][822]LogTemp:Display: 	 -mac <MacName>			overrides the machine to use for any Mac operations

[2017.06.22-02.34.35:271][822]LogTemp:Display: 	 -arch <Architecture>	  sets the architecture to use (blank for default, -simulator for simulator builds)

[2017.06.22-02.34.35:271][822]LogTemp:Display: 	 -device <DeviceID>		sets the device to install the IPA on

[2017.06.22-02.34.35:271][822]LogTemp:Display: 

[2017.06.22-02.34.35:271][822]LogTemp:Display: Commands: RPC, Clean

[2017.06.22-02.34.35:271][822]LogTemp:Display:   StageMacFiles, GetIPA, Deploy, Install, Uninstall

[2017.06.22-02.34.35:271][822]LogTemp:Display: 

[2017.06.22-02.34.35:271][822]LogTemp:Display: RPC Commands: SetExec, InstallProvision, MakeApp, DeleteIPA, Copy, Kill, Strip, Zip, GenDSYM

[2017.06.22-02.34.35:271][822]LogTemp:Display: 

[2017.06.22-02.34.35:271][822]LogTemp:Display: Sample commandlines:

[2017.06.22-02.34.35:271][822]LogTemp:Display:  ... iPhonePackager Deploy UDKGame Release

[2017.06.22-02.34.35:271][822]LogTemp:Display:  ... iPhonePackager RPC SwordGame Shipping MakeApp

[2017.06.22-02.35.21:542][953]LogSlate:Warning: Prevented a slow task dialog from being summoned while a context menu was open
[2017.06.22-02.35.31:114][341]LogSlate: Took 0.000424 seconds to synchronously load lazily loaded font '../../../Engine/Content/Slate/Fonts/Roboto-Light.ttf' (159K)
[2017.06.22-02.36.33:624][184]LogWindowsTextInputMethodSystem:Display: IME system now deactivated.
[2017.06.22-02.36.33:967][185]Cmd: QUIT_EDITOR
[2017.06.22-02.36.34:117][185]LogExit: Preparing to exit.
[2017.06.22-02.36.35:236][185]LogExit: Editor shut down
[2017.06.22-02.36.35:237][185]LogExit: Transaction tracking system shut down
[2017.06.22-02.36.35:462][185]LogObj: Freed 0b from 0 cluster array pools.
[2017.06.22-02.36.35:462][185]LogExit: Object subsystem successfully closed.
[2017.06.22-02.36.35:493][185]LogD3D11RHI: Shutdown
[2017.06.22-02.36.35:494][185]LogD3D11RHI: CleanupD3DDevice
[2017.06.22-02.36.35:980][185]LogD3D11RHI: ~FD3D11DynamicRHI
[2017.06.22-02.36.36:016][185]LogModuleManager: Shutting down and abandoning module ExternalImagePicker (510)
[2017.06.22-02.36.36:016][185]LogModuleManager: Shutting down and abandoning module BlueprintGraph (508)
[2017.06.22-02.36.36:016][185]LogModuleManager: Shutting down and abandoning module BlueprintProfiler (506)
[2017.06.22-02.36.36:017][185]LogModuleManager: Shutting down and abandoning module AnimationBlueprintEditor (504)
[2017.06.22-02.36.36:017][185]LogModuleManager: Shutting down and abandoning module SkeletonEditor (502)
[2017.06.22-02.36.36:017][185]LogModuleManager: Shutting down and abandoning module AnimationEditor (500)
[2017.06.22-02.36.36:017][185]LogModuleManager: Shutting down and abandoning module HierarchicalLODOutliner (498)
[2017.06.22-02.36.36:017][185]LogModuleManager: Shutting down and abandoning module CrashTracker (496)
[2017.06.22-02.36.36:017][185]LogModuleManager: Shutting down and abandoning module SceneOutliner (494)
[2017.06.22-02.36.36:017][185]LogModuleManager: Shutting down and abandoning module AddContentDialog (492)
[2017.06.22-02.36.36:017][185]LogDirectoryWatcher: A directory notification for 'D:/Epic Games/UE_4.15/FeaturePacks/' was aborted.
[2017.06.22-02.36.36:020][185]LogModuleManager: Shutting down and abandoning module WidgetCarousel (491)
[2017.06.22-02.36.36:020][185]LogModuleManager: Shutting down and abandoning module EditorWidgets (488)
[2017.06.22-02.36.36:020][185]LogModuleManager: Shutting down and abandoning module CollectionManager (486)
[2017.06.22-02.36.36:020][185]LogDirectoryWatcher: A directory notification for 'C:/Users/lenovo/Documents/GitHub/loli/萝莉/Content/Collections/' was aborted.
[2017.06.22-02.36.36:020][185]LogDirectoryWatcher: A directory notification for 'C:/Users/lenovo/Documents/GitHub/loli/萝莉/Content/Developers/1/Collections/' was aborted.
[2017.06.22-02.36.36:020][185]LogDirectoryWatcher: A directory notification for 'C:/Users/lenovo/Documents/GitHub/loli/萝莉/Saved/Collections/' was aborted.
[2017.06.22-02.36.36:020][185]LogModuleManager: Shutting down and abandoning module StatsViewer (484)
[2017.06.22-02.36.36:020][185]LogModuleManager: Shutting down and abandoning module FoliageEdit (482)
[2017.06.22-02.36.36:020][185]LogModuleManager: Shutting down and abandoning module LandscapeEditor (480)
[2017.06.22-02.36.36:021][185]LogModuleManager: Shutting down and abandoning module SceneDepthPickerMode (478)
[2017.06.22-02.36.36:021][185]LogModuleManager: Shutting down and abandoning module ActorPickerMode (476)
[2017.06.22-02.36.36:021][185]LogModuleManager: Shutting down and abandoning module GeometryMode (474)
[2017.06.22-02.36.36:021][185]LogModuleManager: Shutting down and abandoning module TextureAlignMode (472)
[2017.06.22-02.36.36:021][185]LogModuleManager: Shutting down and abandoning module BspMode (470)
[2017.06.22-02.36.36:021][185]LogModuleManager: Shutting down and abandoning module HardwareSurvey (468)
[2017.06.22-02.36.36:021][185]LogModuleManager: Shutting down and abandoning module SequenceRecorderSections (466)
[2017.06.22-02.36.36:021][185]LogModuleManager: Shutting down and abandoning module AutomationWorker (464)
[2017.06.22-02.36.36:021][185]LogModuleManager: Shutting down and abandoning module MatineeToLevelSequence (462)
[2017.06.22-02.36.36:021][185]LogModuleManager: Shutting down and abandoning module LevelSequenceEditor (460)
[2017.06.22-02.36.36:022][185]LogModuleManager: Shutting down and abandoning module PlacementMode (459)
[2017.06.22-02.36.36:022][185]LogModuleManager: Shutting down and abandoning module WmfMediaFactory (456)
[2017.06.22-02.36.36:022][185]LogModuleManager: Shutting down and abandoning module WmfMediaEditor (454)
[2017.06.22-02.36.36:022][185]LogModuleManager: Shutting down and abandoning module MfMediaFactory (452)
[2017.06.22-02.36.36:022][185]LogModuleManager: Shutting down and abandoning module MfMediaEditor (450)
[2017.06.22-02.36.36:022][185]LogModuleManager: Shutting down and abandoning module AvfMediaFactory (448)
[2017.06.22-02.36.36:022][185]LogModuleManager: Shutting down and abandoning module AvfMediaEditor (446)
[2017.06.22-02.36.36:022][185]LogModuleManager: Shutting down and abandoning module AndroidMediaFactory (444)
[2017.06.22-02.36.36:022][185]LogModuleManager: Shutting down and abandoning module Media (443)
[2017.06.22-02.36.36:022][185]LogModuleManager: Shutting down and abandoning module AndroidMediaEditor (440)
[2017.06.22-02.36.36:022][185]LogModuleManager: Shutting down and abandoning module CharacterAI (438)
[2017.06.22-02.36.36:022][185]LogModuleManager: Shutting down and abandoning module AudioCapture (436)
[2017.06.22-02.36.36:022][185]LogModuleManager: Shutting down and abandoning module SequenceRecorder (435)
[2017.06.22-02.36.36:022][185]LogModuleManager: Shutting down and abandoning module SmartSnapping (432)
[2017.06.22-02.36.36:022][185]LogModuleManager: Shutting down and abandoning module SessionServices (430)
[2017.06.22-02.36.36:022][185]LogModuleManager: Shutting down and abandoning module ViewportSnapping (428)
[2017.06.22-02.36.36:022][185]LogModuleManager: Shutting down and abandoning module ViewportInteraction (426)
[2017.06.22-02.36.36:022][185]LogModuleManager: Shutting down and abandoning module LogVisualizer (424)
[2017.06.22-02.36.36:023][185]LogModuleManager: Shutting down and abandoning module IntroTutorials (422)
[2017.06.22-02.36.36:024][185]LogModuleManager: Shutting down and abandoning module GameProjectGeneration (421)
[2017.06.22-02.36.36:025][185]LogModuleManager: Shutting down and abandoning module EditorLiveStreaming (418)
[2017.06.22-02.36.36:025][185]LogModuleManager: Shutting down and abandoning module IOSPlatformEditor (416)
[2017.06.22-02.36.36:025][185]LogModuleManager: Shutting down and abandoning module HTML5PlatformEditor (414)
[2017.06.22-02.36.36:025][185]LogModuleManager: Shutting down and abandoning module AndroidPlatformEditor (412)
[2017.06.22-02.36.36:025][185]LogModuleManager: Shutting down and abandoning module AndroidDeviceDetection (411)
[2017.06.22-02.36.36:136][185]LogModuleManager: Shutting down and abandoning module IOSRuntimeSettings (408)
[2017.06.22-02.36.36:136][185]LogModuleManager: Shutting down and abandoning module AndroidRuntimeSettings (406)
[2017.06.22-02.36.36:136][185]LogModuleManager: Shutting down and abandoning module InputBindingEditor (404)
[2017.06.22-02.36.36:136][185]LogModuleManager: Shutting down and abandoning module NiagaraEditor (402)
[2017.06.22-02.36.36:144][185]LogModuleManager: Shutting down and abandoning module MergeActors (400)
[2017.06.22-02.36.36:145][185]LogModuleManager: Shutting down and abandoning module SizeMap (398)
[2017.06.22-02.36.36:145][185]LogModuleManager: Shutting down and abandoning module TreeMap (396)
[2017.06.22-02.36.36:145][185]LogModuleManager: Shutting down and abandoning module ReferenceViewer (394)
[2017.06.22-02.36.36:145][185]LogModuleManager: Shutting down and abandoning module LocalizationDashboard (392)
[2017.06.22-02.36.36:146][185]LogModuleManager: Shutting down and abandoning module LocalizationService (391)
[2017.06.22-02.36.36:146][185]LogModuleManager: Shutting down and abandoning module HardwareTargeting (388)
[2017.06.22-02.36.36:146][185]LogModuleManager: Shutting down and abandoning module DeviceProfileEditor (386)
[2017.06.22-02.36.36:147][185]LogModuleManager: Shutting down and abandoning module UndoHistory (384)
[2017.06.22-02.36.36:147][185]LogModuleManager: Shutting down and abandoning module UserFeedback (382)
[2017.06.22-02.36.36:147][185]LogModuleManager: Shutting down and abandoning module XmlParser (380)
[2017.06.22-02.36.36:147][185]LogModuleManager: Shutting down and abandoning module Blutility (378)
[2017.06.22-02.36.36:147][185]LogModuleManager: Shutting down and abandoning module ProjectSettingsViewer (376)
[2017.06.22-02.36.36:147][185]LogModuleManager: Shutting down and abandoning module ProjectTargetPlatformEditor (375)
[2017.06.22-02.36.36:147][185]LogModuleManager: Shutting down and abandoning module EditorSettingsViewer (372)
[2017.06.22-02.36.36:147][185]LogModuleManager: Shutting down and abandoning module SettingsEditor (370)
[2017.06.22-02.36.36:147][185]LogModuleManager: Shutting down and abandoning module ProjectLauncher (368)
[2017.06.22-02.36.36:148][185]LogModuleManager: Shutting down and abandoning module SessionFrontend (366)
[2017.06.22-02.36.36:149][185]LogModuleManager: Shutting down and abandoning module ProfilerClient (364)
[2017.06.22-02.36.36:150][185]LogModuleManager: Shutting down and abandoning module DeviceManager (362)
[2017.06.22-02.36.36:150][185]LogModuleManager: Shutting down and abandoning module TargetDeviceServices (361)
[2017.06.22-02.36.36:205][185]LogModuleManager: Shutting down and abandoning module AutomationController (358)
[2017.06.22-02.36.36:205][185]LogModuleManager: Shutting down and abandoning module AutomationWindow (356)
[2017.06.22-02.36.36:206][185]LogModuleManager: Shutting down and abandoning module Layers (354)
[2017.06.22-02.36.36:207][185]LogModuleManager: Shutting down and abandoning module ComponentVisualizers (352)
[2017.06.22-02.36.36:207][185]LogModuleManager: Shutting down and abandoning module DetailCustomizations (350)
[2017.06.22-02.36.36:207][185]LogModuleManager: Shutting down and abandoning module PackagesDialog (348)
[2017.06.22-02.36.36:208][185]LogModuleManager: Shutting down and abandoning module Persona (346)
[2017.06.22-02.36.36:208][185]LogModuleManager: Shutting down and abandoning module AnimGraph (345)
[2017.06.22-02.36.36:208][185]LogModuleManager: Shutting down and abandoning module Kismet (342)
[2017.06.22-02.36.36:223][185]LogModuleManager: Shutting down and abandoning module GraphEditor (340)
[2017.06.22-02.36.36:223][185]LogModuleManager: Shutting down and abandoning module ClassViewer (338)
[2017.06.22-02.36.36:226][185]LogModuleManager: Shutting down and abandoning module Toolbox (336)
[2017.06.22-02.36.36:226][185]LogModuleManager: Shutting down and abandoning module ModuleUI (334)
[2017.06.22-02.36.36:227][185]LogModuleManager: Shutting down and abandoning module MovieSceneTools (332)
[2017.06.22-02.36.36:228][185]LogModuleManager: Shutting down and abandoning module OutputLog (330)
[2017.06.22-02.36.36:228][185]LogModuleManager: Shutting down and abandoning module GammaUI (328)
[2017.06.22-02.36.36:228][185]LogModuleManager: Shutting down and abandoning module Documentation (326)
[2017.06.22-02.36.36:229][185]LogModuleManager: Shutting down and abandoning module Niagara (324)
[2017.06.22-02.36.36:229][185]LogModuleManager: Shutting down and abandoning module StreamingPauseRendering (322)
[2017.06.22-02.36.36:229][185]LogModuleManager: Shutting down and abandoning module AnalyticsET (320)
[2017.06.22-02.36.36:229][185]LogModuleManager: Shutting down and abandoning module PortalServices (318)
[2017.06.22-02.36.36:229][185]LogModuleManager: Shutting down and abandoning module PortalRpc (316)
[2017.06.22-02.36.36:229][185]LogModuleManager: Shutting down and abandoning module MessagingRpc (314)
[2017.06.22-02.36.36:229][185]LogModuleManager: Shutting down and abandoning module AIModule (312)
[2017.06.22-02.36.36:229][185]LogModuleManager: Shutting down and abandoning module GameplayDebugger (311)
[2017.06.22-02.36.36:229][185]LogModuleManager: Shutting down and abandoning module AITestSuite (309)
[2017.06.22-02.36.36:229][185]LogModuleManager: Shutting down and abandoning module ProfilerService (306)
[2017.06.22-02.36.36:436][185]LogModuleManager: Shutting down and abandoning module TaskGraph (304)
[2017.06.22-02.36.36:443][185]LogModuleManager: Shutting down and abandoning module SteamVRController (302)
[2017.06.22-02.36.36:443][185]LogModuleManager: Shutting down and abandoning module SteamVR (300)
[2017.06.22-02.36.36:443][185]LogModuleManager: Shutting down and abandoning module ProceduralMeshComponentEditor (298)
[2017.06.22-02.36.36:443][185]LogModuleManager: Shutting down and abandoning module ProceduralMeshComponent (296)
[2017.06.22-02.36.36:443][185]LogModuleManager: Shutting down and abandoning module OculusLibrary (294)
[2017.06.22-02.36.36:443][185]LogModuleManager: Shutting down and abandoning module OculusInput (292)
[2017.06.22-02.36.36:443][185]LogModuleManager: Shutting down and abandoning module MobilePatchingUtils (290)
[2017.06.22-02.36.36:444][185]LogModuleManager: Shutting down and abandoning module CustomMeshComponent (288)
[2017.06.22-02.36.36:444][185]LogModuleManager: Shutting down and abandoning module CableComponent (286)
[2017.06.22-02.36.36:444][185]LogModuleManager: Shutting down and abandoning module ArchVisCharacter (284)
[2017.06.22-02.36.36:444][185]LogModuleManager: Shutting down and abandoning module MediaPlayerEditor (280)
[2017.06.22-02.36.36:444][185]LogModuleManager: Shutting down and abandoning module HTML5Networking (278)
[2017.06.22-02.36.36:444][185]LogModuleManager: Shutting down and abandoning module AlembicImporter (276)
[2017.06.22-02.36.36:444][185]LogModuleManager: Shutting down and abandoning module AlembicLibrary (275)
[2017.06.22-02.36.36:444][185]LogModuleManager: Shutting down and abandoning module GeometryCache (274)
[2017.06.22-02.36.36:444][185]LogModuleManager: Shutting down and abandoning module GeometryCacheEd (273)
[2017.06.22-02.36.36:444][185]LogModuleManager: Shutting down and abandoning module SuperSearchEditor (268)
[2017.06.22-02.36.36:444][185]LogModuleManager: Shutting down and abandoning module SuperSearch (267)
[2017.06.22-02.36.36:444][185]LogModuleManager: Shutting down and abandoning module SpeedTreeImporter (264)
[2017.06.22-02.36.36:444][185]LogModuleManager: Shutting down and abandoning module PluginBrowser (262)
[2017.06.22-02.36.36:445][185]LogModuleManager: Shutting down and abandoning module MobileLauncherProfileWizard (260)
[2017.06.22-02.36.36:446][185]LogModuleManager: Shutting down and abandoning module EpicSurvey (258)
[2017.06.22-02.36.36:446][185]LogModuleManager: Shutting down and abandoning module VisualStudioSourceCodeAccess (256)
[2017.06.22-02.36.36:446][185]LogModuleManager: Shutting down and abandoning module DesktopPlatform (255)
[2017.06.22-02.36.36:446][185]LogModuleManager: Shutting down and abandoning module UObjectPlugin (252)
[2017.06.22-02.36.36:446][185]LogModuleManager: Shutting down and abandoning module SubversionSourceControl (250)
[2017.06.22-02.36.36:446][185]LogModuleManager: Shutting down and abandoning module PerforceSourceControl (248)
[2017.06.22-02.36.36:446][185]LogModuleManager: Shutting down and abandoning module GitSourceControl (246)
[2017.06.22-02.36.36:447][185]LogModuleManager: Shutting down and abandoning module SourceControl (245)
[2017.06.22-02.36.36:447][185]LogModuleManager: Shutting down and abandoning module LightPropagationVolumeEditor (242)
[2017.06.22-02.36.36:447][185]LogModuleManager: Shutting down and abandoning module PaperTiledImporter (240)
[2017.06.22-02.36.36:447][185]LogModuleManager: Shutting down and abandoning module PaperSpriteSheetImporter (238)
[2017.06.22-02.36.36:447][185]LogModuleManager: Shutting down and abandoning module Paper2DEditor (236)
[2017.06.22-02.36.36:447][185]LogModuleManager: Shutting down and abandoning module MeshPaint (235)
[2017.06.22-02.36.36:447][185]LogModuleManager: Shutting down and abandoning module LevelEditor (233)
[2017.06.22-02.36.36:449][185]LogModuleManager: Shutting down and abandoning module PixelInspectorModule (232)
[2017.06.22-02.36.36:449][185]LogModuleManager: Shutting down and abandoning module MainFrame (230)
[2017.06.22-02.36.36:449][185]LogModuleManager: Shutting down and abandoning module HotReload (229)
[2017.06.22-02.36.36:450][185]LogModuleManager: Shutting down and abandoning module ContentBrowser (225)
[2017.06.22-02.36.36:452][185]LogModuleManager: Shutting down and abandoning module PhysXVehiclesEditor (222)
[2017.06.22-02.36.36:452][185]LogModuleManager: Shutting down and abandoning module PhysXVehicles (220)
[2017.06.22-02.36.36:452][185]LogModuleManager: Shutting down and abandoning module LocationServicesBPLibrary (218)
[2017.06.22-02.36.36:452][185]LogModuleManager: Shutting down and abandoning module UdpMessaging (216)
[2017.06.22-02.36.36:553][185]LogModuleManager: Shutting down and abandoning module TcpMessaging (214)
[2017.06.22-02.36.36:654][185]LogModuleManager: Shutting down and abandoning module GameplayTagsEditor (212)
[2017.06.22-02.36.36:654][185]LogModuleManager: Shutting down and abandoning module FacialAnimationEditor (210)
[2017.06.22-02.36.36:661][185]LogModuleManager: Shutting down and abandoning module FacialAnimation (208)
[2017.06.22-02.36.36:661][185]LogModuleManager: Shutting down and abandoning module LightPropagationVolumeRuntime (206)
[2017.06.22-02.36.36:661][185]LogModuleManager: Shutting down and abandoning module Paper2D (204)
[2017.06.22-02.36.36:661][185]LogModuleManager: Shutting down and abandoning module WindowsMoviePlayer (202)
[2017.06.22-02.36.36:661][185]LogModuleManager: Shutting down and abandoning module WmfMedia (200)
[2017.06.22-02.36.36:661][185]LogModuleManager: Shutting down and abandoning module MfMedia (198)
[2017.06.22-02.36.36:661][185]LogModuleManager: Shutting down and abandoning module MediaAssets (196)
[2017.06.22-02.36.36:661][185]LogModuleManager: Shutting down and abandoning module GameLiveStreaming (194)
[2017.06.22-02.36.36:662][185]LogModuleManager: Shutting down and abandoning module VREditor (192)
[2017.06.22-02.36.36:662][185]LogModuleManager: Shutting down and abandoning module GameplayTasksEditor (190)
[2017.06.22-02.36.36:662][185]LogModuleManager: Shutting down and abandoning module BehaviorTreeEditor (188)
[2017.06.22-02.36.36:663][185]LogModuleManager: Shutting down and abandoning module FunctionalTesting (186)
[2017.06.22-02.36.36:663][185]LogModuleManager: Shutting down and abandoning module CollisionAnalyzer (184)
[2017.06.22-02.36.36:663][185]LogModuleManager: Shutting down and abandoning module UMG (182)
[2017.06.22-02.36.36:664][185]LogModuleManager: Shutting down and abandoning module UMGEditor (181)
[2017.06.22-02.36.36:665][185]LogModuleManager: Shutting down and abandoning module Sequencer (180)
[2017.06.22-02.36.36:667][185]LogModuleManager: Shutting down and abandoning module AssetTools (178)
[2017.06.22-02.36.36:667][185]LogModuleManager: Shutting down and abandoning module MessageLog (177)
[2017.06.22-02.36.36:667][185]LogModuleManager: Shutting down and abandoning module WorkspaceMenuStructure (176)
[2017.06.22-02.36.36:668][185]LogModuleManager: Shutting down and abandoning module SlateReflector (170)
[2017.06.22-02.36.36:669][185]LogModuleManager: Shutting down and abandoning module Slate (168)
[2017.06.22-02.36.36:669][185]LogModuleManager: Shutting down and abandoning module EditorStyle (166)
[2017.06.22-02.36.36:673][185]LogModuleManager: Shutting down and abandoning module SourceCodeAccess (164)
[2017.06.22-02.36.36:674][185]LogModuleManager: Shutting down and abandoning module HeadMountedDisplay (162)
[2017.06.22-02.36.36:674][185]LogModuleManager: Shutting down and abandoning module XAudio2 (160)
[2017.06.22-02.36.36:674][185]LogModuleManager: Shutting down and abandoning module Networking (158)
[2017.06.22-02.36.36:674][185]LogModuleManager: Shutting down and abandoning module Core (154)
[2017.06.22-02.36.36:674][185]LogModuleManager: Shutting down and abandoning module AssetRegistry (152)
[2017.06.22-02.36.36:900][185]LogDirectoryWatcher: A directory notification for '../../../Engine/Content/' was aborted.
[2017.06.22-02.36.36:900][185]LogDirectoryWatcher: A directory notification for 'C:/Users/lenovo/Documents/GitHub/loli/萝莉/Content/' was aborted.
[2017.06.22-02.36.36:901][185]LogDirectoryWatcher: A directory notification for '../../../Engine/Plugins/2D/Paper2D/Content/' was aborted.
[2017.06.22-02.36.36:901][185]LogModuleManager: Shutting down and abandoning module DirectoryWatcher (151)
[2017.06.22-02.36.36:902][185]LogModuleManager: Shutting down and abandoning module KismetCompiler (148)
[2017.06.22-02.36.36:903][185]LogModuleManager: Shutting down and abandoning module PhysXFormats (146)
[2017.06.22-02.36.36:903][185]LogModuleManager: Shutting down and abandoning module MeshUtilities (144)
[2017.06.22-02.36.36:903][185]LogModuleManager: Shutting down and abandoning module SimplygonSwarm (143)
[2017.06.22-02.36.36:903][185]LogModuleManager: Shutting down and abandoning module SimplygonMeshReduction (141)
[2017.06.22-02.36.36:903][185]LogModuleManager: Shutting down and abandoning module QuadricMeshReduction (139)
[2017.06.22-02.36.36:903][185]LogModuleManager: Shutting down and abandoning module PropertyEditor (137)
[2017.06.22-02.36.36:903][185]LogModuleManager: Shutting down and abandoning module DerivedDataCache (134)
[2017.06.22-02.36.36:907][185]LogDerivedDataCache: Shutdown
[2017.06.22-02.36.36:907][185]LogModuleManager: Shutting down and abandoning module TargetPlatform (132)
[2017.06.22-02.36.36:907][185]LogModuleManager: Shutting down and abandoning module VulkanShaderFormat (131)
[2017.06.22-02.36.36:908][185]LogModuleManager: Shutting down and abandoning module ShaderFormatOpenGL (129)
[2017.06.22-02.36.36:915][185]LogModuleManager: Shutting down and abandoning module ShaderFormatD3D (127)
[2017.06.22-02.36.36:915][185]LogModuleManager: Shutting down and abandoning module MetalShaderFormat (125)
[2017.06.22-02.36.36:916][185]LogModuleManager: Shutting down and abandoning module TextureFormatUncompressed (123)
[2017.06.22-02.36.36:916][185]LogModuleManager: Shutting down and abandoning module TextureFormatPVR (121)
[2017.06.22-02.36.36:916][185]LogModuleManager: Shutting down and abandoning module TextureFormatDXT (119)
[2017.06.22-02.36.36:916][185]LogModuleManager: Shutting down and abandoning module TextureFormatIntelISPCTexComp (117)
[2017.06.22-02.36.36:916][185]LogModuleManager: Shutting down and abandoning module TextureFormatASTC (115)
[2017.06.22-02.36.36:916][185]LogModuleManager: Shutting down and abandoning module ImageWrapper (114)
[2017.06.22-02.36.36:916][185]LogModuleManager: Shutting down and abandoning module TextureFormatAndroid (111)
[2017.06.22-02.36.36:916][185]LogModuleManager: Shutting down and abandoning module AudioFormatOpus (109)
[2017.06.22-02.36.36:916][185]LogModuleManager: Shutting down and abandoning module AudioFormatOgg (107)
[2017.06.22-02.36.36:916][185]LogModuleManager: Shutting down and abandoning module AudioFormatADPCM (105)
[2017.06.22-02.36.36:916][185]LogModuleManager: Shutting down and abandoning module LinuxTargetPlatform (103)
[2017.06.22-02.36.36:916][185]LogModuleManager: Shutting down and abandoning module LinuxServerTargetPlatform (101)
[2017.06.22-02.36.36:916][185]LogModuleManager: Shutting down and abandoning module LinuxNoEditorTargetPlatform (99)
[2017.06.22-02.36.36:916][185]LogModuleManager: Shutting down and abandoning module LinuxClientTargetPlatform (97)
[2017.06.22-02.36.36:916][185]LogModuleManager: Shutting down and abandoning module TVOSTargetPlatform (95)
[2017.06.22-02.36.36:916][185]LogModuleManager: Shutting down and abandoning module Messaging (93)
[2017.06.22-02.36.36:916][185]LogModuleManager: Shutting down and abandoning module IOSTargetPlatform (91)
[2017.06.22-02.36.36:916][185]LogModuleManager: Shutting down and abandoning module HTML5TargetPlatform (89)
[2017.06.22-02.36.36:917][185]LogModuleManager: Shutting down and abandoning module Android_PVRTCTargetPlatform (87)
[2017.06.22-02.36.36:917][185]LogModuleManager: Shutting down and abandoning module Android_MultiTargetPlatform (85)
[2017.06.22-02.36.36:917][185]LogModuleManager: Shutting down and abandoning module Android_ETC2TargetPlatform (83)
[2017.06.22-02.36.36:917][185]LogModuleManager: Shutting down and abandoning module Android_ETC1TargetPlatform (81)
[2017.06.22-02.36.36:917][185]LogModuleManager: Shutting down and abandoning module Android_DXTTargetPlatform (79)
[2017.06.22-02.36.36:917][185]LogModuleManager: Shutting down and abandoning module Android_ATCTargetPlatform (77)
[2017.06.22-02.36.36:917][185]LogModuleManager: Shutting down and abandoning module Android_ASTCTargetPlatform (75)
[2017.06.22-02.36.36:917][185]LogModuleManager: Shutting down and abandoning module AndroidTargetPlatform (73)
[2017.06.22-02.36.36:917][185]LogModuleManager: Shutting down and abandoning module WindowsTargetPlatform (71)
[2017.06.22-02.36.36:917][185]LogModuleManager: Shutting down and abandoning module WindowsServerTargetPlatform (69)
[2017.06.22-02.36.36:917][185]LogModuleManager: Shutting down and abandoning module WindowsNoEditorTargetPlatform (67)
[2017.06.22-02.36.36:917][185]LogModuleManager: Shutting down and abandoning module WindowsClientTargetPlatform (65)
[2017.06.22-02.36.36:917][185]LogModuleManager: Shutting down and abandoning module MacTargetPlatform (63)
[2017.06.22-02.36.36:917][185]LogModuleManager: Shutting down and abandoning module MacServerTargetPlatform (61)
[2017.06.22-02.36.36:917][185]LogModuleManager: Shutting down and abandoning module MacNoEditorTargetPlatform (59)
[2017.06.22-02.36.36:917][185]LogModuleManager: Shutting down and abandoning module MacClientTargetPlatform (57)
[2017.06.22-02.36.36:917][185]LogModuleManager: Shutting down and abandoning module AllDesktopTargetPlatform (55)
[2017.06.22-02.36.36:917][185]LogModuleManager: Shutting down and abandoning module InputCore (52)
[2017.06.22-02.36.36:917][185]LogModuleManager: Shutting down and abandoning module Settings (50)
[2017.06.22-02.36.36:917][185]LogModuleManager: Shutting down and abandoning module OculusRift (48)
[2017.06.22-02.36.36:917][185]LogModuleManager: Shutting down and abandoning module GearVR (46)
[2017.06.22-02.36.36:917][185]LogModuleManager: Shutting down and abandoning module ExampleDeviceProfileSelector (44)
[2017.06.22-02.36.36:917][185]LogModuleManager: Shutting down and abandoning module OnlineBlueprintSupport (42)
[2017.06.22-02.36.36:917][185]LogModuleManager: Shutting down and abandoning module OnlineSubsystem (38)
[2017.06.22-02.36.36:917][185]LogOnline:Display: Unloading online subsystem: NULL
[2017.06.22-02.36.36:918][185]LogModuleManager: Shutting down and abandoning module XMPP (37)
[2017.06.22-02.36.36:919][185]LogModuleManager: Shutting down and abandoning module HTTP (35)
[2017.06.22-02.36.36:919][185]LogHttp:Display: Http module shutting down, but needs to wait on 1 outstanding Http requests:
[2017.06.22-02.36.36:919][185]LogHttp:Display: 	verb=[POST] url=[https://datarouter.ol.epicgames.com/datarouter/api/v1/public/data?SessionID=%7BEE61B00C-4BBB-1F75-CB89-8680178EDB69%7D&AppID=UEEditor.Rocket.Release&AppVersion=4.15.2-3416026%2B%2B%2BUE4%2BRelease-4.15&UserID=fc0ab5e14c29e395dee894bb26e0e4c8%7Ccbf7e4b3a2fa4a3483ff9ae11ae13430%7C0a898179-1db4-4ad6-89ab-2983492e6393&AppEnvironment=datacollector-binary&UploadType=eteventstream] status=Processing
[2017.06.22-02.36.36:953][185]LogModuleManager: Shutting down and abandoning module SSL (34)
[2017.06.22-02.36.36:956][185]LogModuleManager: Shutting down and abandoning module AudioEditor (30)
[2017.06.22-02.36.36:956][185]LogModuleManager: Shutting down and abandoning module TextureCompressor (28)
[2017.06.22-02.36.36:957][185]LogModuleManager: Shutting down and abandoning module ShaderCore (26)
[2017.06.22-02.36.36:957][185]LogModuleManager: Shutting down and abandoning module Landscape (24)
[2017.06.22-02.36.36:957][185]LogModuleManager: Shutting down and abandoning module SlateRHIRenderer (22)
[2017.06.22-02.36.36:964][185]LogModuleManager: Shutting down and abandoning module OpenGLDrv (20)
[2017.06.22-02.36.36:966][185]LogModuleManager: Shutting down and abandoning module D3D11RHI (18)
[2017.06.22-02.36.36:966][185]LogModuleManager: Shutting down and abandoning module AnimGraphRuntime (16)
[2017.06.22-02.36.36:966][185]LogModuleManager: Shutting down and abandoning module Renderer (14)
[2017.06.22-02.36.36:966][185]LogModuleManager: Shutting down and abandoning module Engine (12)
[2017.06.22-02.36.36:966][185]LogModuleManager: Shutting down and abandoning module CoreUObject (10)
[2017.06.22-02.36.36:966][185]LogModuleManager: Shutting down and abandoning module NetworkFile (8)
[2017.06.22-02.36.36:966][185]LogModuleManager: Shutting down and abandoning module StreamingFile (6)
[2017.06.22-02.36.36:966][185]LogModuleManager: Shutting down and abandoning module SandboxFile (4)
[2017.06.22-02.36.36:966][185]LogModuleManager: Shutting down and abandoning module PakFile (2)
[2017.06.22-02.36.36:970][185]LogExit: Exiting.
[2017.06.22-02.36.36:999][185]Log file closed, 06/22/17 10:36:36
