Log file open, 06/18/17 03:20:37
LogInit:Display: Running engine for game: 萝莉
LogPlatformFile: Not using cached read wrapper
LogInit:Display: RandInit(1249390106) SRandInit(1249390106).
LogTaskGraph: Started task graph with 5 named threads and 8 total threads with 1 sets of task threads.
LogStats: Stats thread started at 0.084471
LogInit: Using libcurl 7.47.1
LogInit:  - built for x86_64-pc-win32
LogInit:  - supports SSL with OpenSSL/1.0.2g
LogInit:  - supports HTTP deflate (compression) using libz 1.2.8
LogInit:  - other features:
LogInit:      CURL_VERSION_SSL
LogInit:      CURL_VERSION_LIBZ
LogInit:      CURL_VERSION_IPV6
LogInit:      CURL_VERSION_ASYNCHDNS
LogInit:      CURL_VERSION_LARGEFILE
LogInit:      CURL_VERSION_IDN
LogInit:  CurlRequestOptions (configurable via config and command line):
LogInit:  - bVerifyPeer = false  - Libcurl will NOT verify peer certificate
LogInit:  - bUseHttpProxy = false  - Libcurl will NOT use HTTP proxy
LogInit:  - bDontReuseConnections = false  - Libcurl will reuse connections
LogInit:  - CertBundlePath = nullptr  - Libcurl will use whatever was configured at build time.
LogInit: Build: ++UE4+Release-4.15-CL-3450819
LogInit: Engine Version: 4.15.3-3450819+++UE4+Release-4.15
LogInit: Compatible Engine Version: 4.15.0-3299760+++UE4+Release-4.15
LogInit: Net CL: 3299760
LogDevObjectVersion: Number of dev versions registered: 14
LogDevObjectVersion:   Dev-Blueprints (B0D832E4-1F89-4F0D-ACCF-7EB736FD4AA2): 8
LogDevObjectVersion:   Dev-Build (E1C64328-A22C-4D53-A36C-8E866417BD8C): 0
LogDevObjectVersion:   Dev-Core (375EC13C-06E4-48FB-B500-84F0262A717E): 2
LogDevObjectVersion:   Dev-Editor (E4B068ED-F494-42E9-A231-DA0B2E46BB41): 14
LogDevObjectVersion:   Dev-Framework (CFFC743F-43B0-4480-9391-14DF171D2073): 22
LogDevObjectVersion:   Dev-Mobile (B02B49B5-BB20-44E9-A304-32B752E40360): 0
LogDevObjectVersion:   Dev-Networking (A4E4105C-59A1-49B5-A7C5-40C4547EDFEE): 0
LogDevObjectVersion:   Dev-Online (39C831C9-5AE6-47DC-9A44-9C173E1C8E7C): 0
LogDevObjectVersion:   Dev-Physics (78F01B33-EBEA-4F98-B9B4-84EACCB95AA2): 0
LogDevObjectVersion:   Dev-Platform (6631380F-2D4D-43E0-8009-CF276956A95A): 0
LogDevObjectVersion:   Dev-Rendering (12F88B9F-8875-4AFC-A67C-D90C383ABD29): 12
LogDevObjectVersion:   Dev-Sequencer (7B5AE74C-D270-4C10-A958-57980B212A5A): 3
LogDevObjectVersion:   Dev-VR (D7296918-1DD6-4BDD-9DE2-64A83CC13884): 0
LogDevObjectVersion:   Dev-LoadTimes (C2A15278-BFE7-4AFE-6C17-90FF531DF755): 1
LogInit: Compiled (64-bit): May 21 2017 11:02:34
LogInit: Compiled with Visual C++: 19.00.23026.00
LogInit: Build Configuration: Development
LogInit: Branch Name: ++UE4+Release-4.15
LogInit: Command line: 
LogInit: Base directory: D:/Tool/MajorTool/UE4/Epic Games/4.15/UE_4.15/Engine/Binaries/Win64/
LogInit: Installed Engine Build: 1
LogInit: Presizing for max 8388607 objects, including 0 objects not considered by GC, pre-allocating 0 bytes for permanent pool.
LogInit: Object subsystem initialized
[2017.06.17-19.20.39:446][  0]LogInit: Selected Device Profile: [Windows]
[2017.06.17-19.20.39:446][  0]LogInit: Applying CVar settings loaded from the selected device profile: [Windows]
[2017.06.17-19.20.39:458][  0]LogInit: Computer: WIN-20161018QTG
[2017.06.17-19.20.39:458][  0]LogInit: User: Administrator
[2017.06.17-19.20.39:458][  0]LogInit: CPU Page size=65536, Cores=4
[2017.06.17-19.20.39:458][  0]LogInit: High frequency timer resolution =3.906367 MHz
[2017.06.17-19.20.39:458][  0]LogMemory: Memory total: Physical=15.9GB (16GB approx)
[2017.06.17-19.20.39:458][  0]LogMemory: Platform Memory Stats for Windows
[2017.06.17-19.20.39:458][  0]LogMemory: Process Physical Memory: 263.51 MB used, 263.51 MB peak
[2017.06.17-19.20.39:458][  0]LogMemory: Process Virtual Memory: 264.55 MB used, 264.55 MB peak
[2017.06.17-19.20.39:458][  0]LogMemory: Physical Memory: 4821.27 MB used,  11510.77 MB free, 16332.04 MB total
[2017.06.17-19.20.39:458][  0]LogMemory: Virtual Memory: 618.20 MB used,  11510.77 MB free, 8388608.00 MB total
[2017.06.17-19.20.39:648][  0]LogTextLocalizationManager:Warning: Loaded localization resources contain conflicting entries for (Namespace:UObjectToolTips, Key:AnimNode_AssetPlayerBase:InternalTimeAccumulator):
Localization Resource: (D:/Tool/MajorTool/UE4/Epic Games/4.15/UE_4.15/Engine/Content/Localization/EditorTutorials/zh-CN/EditorTutorials.locres) Source String Hash: (502993589) Localized String: (用于引用此节点中的资源的累积时间)
Localization Resource: (D:/Tool/MajorTool/UE4/Epic Games/4.15/UE_4.15/Engine/Content/Localization/Engine/zh-CN/Engine.locres) Source String Hash: (502993589) Localized String: (引用该节点中资源所用的累计时间)
[2017.06.17-19.20.39:648][  0]LogTextLocalizationManager:Warning: Loaded localization resources contain conflicting entries for (Namespace:UObjectToolTips, Key:AnimNode_AssetPlayerBase:bIgnoreForRelevancyTest):
Localization Resource: (D:/Tool/MajorTool/UE4/Epic Games/4.15/UE_4.15/Engine/Content/Localization/EditorTutorials/zh-CN/EditorTutorials.locres) Source String Hash: (319969718) Localized String: (若为真，在状态中寻找最高权重动画的“相关动画”节点将忽视 此节点)
Localization Resource: (D:/Tool/MajorTool/UE4/Epic Games/4.15/UE_4.15/Engine/Content/Localization/Engine/zh-CN/Engine.locres) Source String Hash: (319969718) Localized String: (如果为真，那么将会忽略查找最高权重动画的"相关动画"节点。
这个节点)
[2017.06.17-19.20.39:649][  0]LogTextLocalizationManager:Warning: Loaded localization resources contain conflicting entries for (Namespace:UObjectToolTips, Key:AnimNode_AssetPlayerBase:BlendWeight):
Localization Resource: (D:/Tool/MajorTool/UE4/Epic Games/4.15/UE_4.15/Engine/Content/Localization/EditorTutorials/zh-CN/EditorTutorials.locres) Source String Hash: (-1232800293) Localized String: (此节点最后交会的混合权重)
Localization Resource: (D:/Tool/MajorTool/UE4/Epic Games/4.15/UE_4.15/Engine/Content/Localization/Engine/zh-CN/Engine.locres) Source String Hash: (-1232800293) Localized String: (该节点上一次遇到的混合权重)
[2017.06.17-19.20.39:755][  0]LogWindowsTextInputMethodSystem:Display: IME system now activated using IMM (搜狗拼音输入).
[2017.06.17-19.20.40:170][  0]LogD3D11RHI: D3D11 adapters:
[2017.06.17-19.20.40:185][  0]LogD3D11RHI:    0. 'AMD Radeon R9 200 Series' (Feature Level 11_0)
[2017.06.17-19.20.40:185][  0]LogD3D11RHI:       3050/0/3840 MB DedicatedVideo/DedicatedSystem/SharedSystem, Outputs:1, VendorId:0x1002
[2017.06.17-19.20.40:185][  0]LogD3D11RHI: Chosen D3D11 Adapter: 0
[2017.06.17-19.20.40:192][  0]LogD3D11RHI: Creating new Direct3DDevice
[2017.06.17-19.20.40:192][  0]LogD3D11RHI:     GPU DeviceId: 0x6798 (for the marketing name, search the web for "GPU Device Id")
[2017.06.17-19.20.40:192][  0]LogWindows: EnumDisplayDevices:
[2017.06.17-19.20.40:192][  0]LogWindows:    0. 'AMD Radeon R9 200 Series' (P:1 D:1)
[2017.06.17-19.20.40:193][  0]LogWindows:    1. 'AMD Radeon R9 200 Series' (P:0 D:0)
[2017.06.17-19.20.40:194][  0]LogWindows:    2. 'AMD Radeon R9 200 Series' (P:0 D:0)
[2017.06.17-19.20.40:194][  0]LogWindows:    3. 'AMD Radeon R9 200 Series' (P:0 D:0)
[2017.06.17-19.20.40:195][  0]LogWindows:    4. 'AMD Radeon R9 200 Series' (P:0 D:0)
[2017.06.17-19.20.40:196][  0]LogWindows:    5. 'AMD Radeon R9 200 Series' (P:0 D:0)
[2017.06.17-19.20.40:196][  0]LogWindows:    6. 'RDPDD Chained DD' (P:0 D:0)
[2017.06.17-19.20.40:197][  0]LogWindows:    7. 'RDP Encoder Mirror Driver' (P:0 D:0)
[2017.06.17-19.20.40:197][  0]LogWindows:    8. 'RDP Reflector Display Driver' (P:0 D:0)
[2017.06.17-19.20.40:198][  0]LogWindows: DebugString: GetVideoDriverDetailsInvalid PrimaryIsNotTheChoosenAdapter GetVideoDriverDetailsInvalid PrimaryIsNotTheChoosenAdapter GetVideoDriverDetailsInvalid PrimaryIsNotTheChoosenAdapter FoundDriverCount:6 
[2017.06.17-19.20.40:198][  0]LogD3D11RHI:     Adapter Name: AMD Radeon R9 200 Series
[2017.06.17-19.20.40:198][  0]LogD3D11RHI:   Driver Version: Crimson 16.9.2 (internal:21.19.137.1, unified:21.19.137.1)
[2017.06.17-19.20.40:198][  0]LogD3D11RHI:      Driver Date: 9-16-2016
[2017.06.17-19.20.40:198][  0]LogRHI: Texture pool is 1361 MB (70% of 1945 MB)
[2017.06.17-19.20.40:267][  0]LogD3D11RHI: Async texture creation enabled
[2017.06.17-19.20.40:280][  0]LogD3D11RHI: GPU Timing Frequency: 27.000000 (Debug: 2 1)
[2017.06.17-19.20.40:281][  0]LogShaderCompilers: Guid format shader working directory is 39 characters bigger than the processId version (F:/LOLI/loli/萝莉/Intermediate/Shaders/WorkingDirectory/9024/).
[2017.06.17-19.20.40:281][  0]LogShaderCompilers: Cleaned the shader compiler working directory 'C:/Users/Administrator/AppData/Local/Temp/UnrealShaderWorkingDir/3BF91F184002285B4007F096A906B747/'.
[2017.06.17-19.20.40:281][  0]LogShaderCompilers:Display: Using Local Shader Compiler.
[2017.06.17-19.20.42:205][  0]LogTemp:Display: Loaded TP AllDesktopTargetPlatform
[2017.06.17-19.20.42:299][  0]LogTemp:Display: Loaded TP MacClientTargetPlatform
[2017.06.17-19.20.42:388][  0]LogTemp:Display: Loaded TP MacNoEditorTargetPlatform
[2017.06.17-19.20.42:481][  0]LogTemp:Display: Loaded TP MacServerTargetPlatform
[2017.06.17-19.20.42:576][  0]LogTemp:Display: Loaded TP MacTargetPlatform
[2017.06.17-19.20.42:672][  0]LogTemp:Display: Loaded TP WindowsClientTargetPlatform
[2017.06.17-19.20.42:772][  0]LogTemp:Display: Loaded TP WindowsNoEditorTargetPlatform
[2017.06.17-19.20.42:867][  0]LogTemp:Display: Loaded TP WindowsServerTargetPlatform
[2017.06.17-19.20.42:946][  0]LogTemp:Display: Loaded TP WindowsTargetPlatform
[2017.06.17-19.20.43:038][  0]LogTemp:Display: Loaded TP AndroidTargetPlatform
[2017.06.17-19.20.43:129][  0]LogTemp:Display: Loaded TP Android_ASTCTargetPlatform
[2017.06.17-19.20.43:215][  0]LogTemp:Display: Loaded TP Android_ATCTargetPlatform
[2017.06.17-19.20.43:307][  0]LogTemp:Display: Loaded TP Android_DXTTargetPlatform
[2017.06.17-19.20.43:394][  0]LogTemp:Display: Loaded TP Android_ETC1TargetPlatform
[2017.06.17-19.20.43:482][  0]LogTemp:Display: Loaded TP Android_ETC2TargetPlatform
[2017.06.17-19.20.43:670][  0]LogTemp:Display: Loaded TP Android_MultiTargetPlatform
[2017.06.17-19.20.43:671][  0]LogTemp:Display: Loaded TP Android_PVRTCTargetPlatform
[2017.06.17-19.20.43:734][  0]LogTemp:Display: Loaded TP HTML5TargetPlatform
[2017.06.17-19.20.43:883][  0]LogTemp:Display: Loaded TP IOSTargetPlatform
[2017.06.17-19.20.43:945][  0]LogTemp:Display: Loaded TP TVOSTargetPlatform
[2017.06.17-19.20.44:046][  0]LogTemp:Display: Loaded TP LinuxClientTargetPlatform
[2017.06.17-19.20.44:136][  0]LogTemp:Display: Loaded TP LinuxNoEditorTargetPlatform
[2017.06.17-19.20.44:232][  0]LogTemp:Display: Loaded TP LinuxServerTargetPlatform
[2017.06.17-19.20.44:323][  0]LogTemp:Display: Loaded TP LinuxTargetPlatform
[2017.06.17-19.20.44:323][  0]LogTargetPlatformManager:Display: Building Assets For Windows
[2017.06.17-19.20.44:978][  0]LogDerivedDataCache:Display: Max Cache Size: 512 MB
[2017.06.17-19.20.45:114][  0]LogDerivedDataCache: Loaded boot cache 0.11s 50MB C:/Users/Administrator/AppData/Local/UnrealEngine/4.15/DerivedDataCache/Boot.ddc.
[2017.06.17-19.20.45:114][  0]LogDerivedDataCache:Display: Loaded Boot cache: C:/Users/Administrator/AppData/Local/UnrealEngine/4.15/DerivedDataCache/Boot.ddc
[2017.06.17-19.20.45:114][  0]LogDerivedDataCache: FDerivedDataBackendGraph:  Pak pak cache file F:/LOLI/loli/萝莉/DerivedDataCache/DDC.ddp not found, will not use a pak cache.
[2017.06.17-19.20.45:114][  0]LogDerivedDataCache: Unable to find inner node Pak for hierarchical cache Hierarchy.
[2017.06.17-19.20.45:114][  0]LogDerivedDataCache: FDerivedDataBackendGraph:  CompressedPak pak cache file F:/LOLI/loli/萝莉/DerivedDataCache/Compressed.ddp not found, will not use a pak cache.
[2017.06.17-19.20.45:114][  0]LogDerivedDataCache: Unable to find inner node CompressedPak for hierarchical cache Hierarchy.
[2017.06.17-19.20.45:145][  0]LogDerivedDataCache:Display: Pak cache opened for reading ../../../Engine/DerivedDataCache/Compressed.ddp.
[2017.06.17-19.20.45:160][  0]LogDerivedDataCache: Using Local data cache path C:/Users/Administrator/AppData/Local/UnrealEngine/Common/DerivedDataCache: Writable
[2017.06.17-19.20.45:181][  0]LogSlate: Using Freetype 2.6.0
[2017.06.17-19.20.45:182][  0]LogSlate: SlateFontCache - WITH_FREETYPE: 1, WITH_HARFBUZZ: 1
[2017.06.17-19.20.45:182][  0]LogSlate: SlateFontCache - WITH_FREETYPE: 1, WITH_HARFBUZZ: 1
[2017.06.17-19.20.45:717][  0]LogInit: Selected Device Profile: [Windows]
[2017.06.17-19.20.45:721][  0]LogContentStreaming: Texture pool size is 0.00 MB
[2017.06.17-19.20.46:101][  0]LogMeshUtilities: Using QuadricMeshReduction for automatic static mesh reduction
[2017.06.17-19.20.46:190][  0]LogSimplygon: Simplygon DLL not present - disabling.
[2017.06.17-19.20.46:281][  0]LogMeshUtilities: Using SimplygonSwarm for distributed automatic mesh merging
[2017.06.17-19.20.46:281][  0]LogMeshUtilities: No automatic skeletal mesh reduction module available
[2017.06.17-19.20.46:281][  0]LogMeshUtilities: No automatic mesh merging module available
[2017.06.17-19.20.47:254][  0]LogNetVersion: GetLocalNetworkVersion: CL: 3299760, ProjectName: 萝莉, ProjectVersion: , EngineNetworkVersion: 2, GameNetworkVersion: 0, NetworkChecksum: 2312337547
[2017.06.17-19.20.47:315][  0]LogAssetRegistry: FAssetRegistry took 0.0198 seconds to start up
[2017.06.17-19.20.47:440][  0]LogPackageLocalizationCache: Processed 3 localized package path(s) for 4 prioritized culture(s) in 0.086246 seconds
[2017.06.17-19.20.47:449][  0]LogUObjectArray: 32493 objects as part of root set at end of initial load.
[2017.06.17-19.20.47:449][  0]LogUObjectAllocator: 7077032 out of 0 bytes used by permanent object pool.
[2017.06.17-19.20.47:449][  0]LogUObjectArray: CloseDisregardForGC: 0/0 objects in disregard for GC pool
[2017.06.17-19.20.47:557][  0]LogInit: WinSock: version 1.1 (2.2), MaxSocks=32767, MaxUdp=65467
[2017.06.17-19.20.50:384][  0]LogTcpMessaging: Initializing TcpMessaging bridge
[2017.06.17-19.20.50:433][  0]LogUdpMessaging: Initializing bridge on interface 0.0.0.0:0 to multicast group 230.0.0.1:6666.
[2017.06.17-19.20.51:177][  0]LogMaterial: Uniform references updated for custom material expression Custom.
[2017.06.17-19.20.51:794][  0]SourceControl: 信息 源码控制已禁用
[2017.06.17-19.20.51:795][  0]SourceControl: 信息 源码控制已禁用
[2017.06.17-19.20.51:875][  0]SourceControl: 信息 源码控制已禁用
[2017.06.17-19.20.51:965][  0]SourceControl: 信息 源码控制已禁用
[2017.06.17-19.20.53:969][  0]LogEngine: Initializing Engine...
[2017.06.17-19.20.53:971][  0]LogHMD: Failed to initialize OpenVR with code 110
[2017.06.17-19.20.54:119][  0]LogStats: UGameplayTagsManager::ConstructGameplayTagTree: Construct from data asset -  0.000 s
[2017.06.17-19.20.54:119][  0]LogStats: UGameplayTagsManager::ConstructGameplayTagTree: GameplayTagTreeChangedEvent.Broadcast -  0.000 s
[2017.06.17-19.20.54:331][  0]LogAIModule: Creating AISystem for world Untitled
[2017.06.17-19.20.54:376][  0]LogInit: XAudio2 using '扬声器 (Realtek High Definition Audio)' : 2 channels at 48 kHz using 32 bits per sample (channel mask 0x3)
[2017.06.17-19.20.54:473][  0]LogInit: FAudioDevice initialized.
[2017.06.17-19.20.54:531][  0]LogDerivedDataCache: Saved boot cache 0.06s 50MB C:/Users/Administrator/AppData/Local/UnrealEngine/4.15/DerivedDataCache/Boot.ddc.
[2017.06.17-19.20.54:543][  0]LogInit: Texture streaming: Enabled
[2017.06.17-19.20.54:670][  0]LogEngineSessionManager: EngineSessionManager initialized
[2017.06.17-19.20.54:822][  0]LogInit: Transaction tracking system initialized
[2017.06.17-19.20.55:422][  0]BlueprintLog: New page: 编辑器加载
[2017.06.17-19.20.56:934][  0]LocalizationService: 信息 本地化服务已被禁用
[2017.06.17-19.20.58:082][  0]LogConsoleResponse:Display: 
[2017.06.17-19.20.58:264][  0]LogCook:Display: Max memory allowance for cook 16384mb min free memory 0mb
[2017.06.17-19.20.58:264][  0]LogCook:Display: Mobile HDR setting 1
[2017.06.17-19.20.58:354][  0]LogFileCache: Scanning file cache for directory 'F:/LOLI/loli/萝莉/Content/' took 0.02s
[2017.06.17-19.21.00:034][  0]SourceControl: 信息 源码控制已禁用
[2017.06.17-19.21.00:034][  0]Cmd: MAP LOAD FILE="../../../Engine/Content/Maps/Templates/Template_Default.umap" TEMPLATE=1 SHOWPROGRESS=1 FEATURELEVEL=3
[2017.06.17-19.21.00:035][  0]LightingResults: New page: 光照构建
[2017.06.17-19.21.00:110][  0]MapCheck: New page: 地图检测
[2017.06.17-19.21.00:110][  0]LightingResults: New page: 光照构建
[2017.06.17-19.21.00:449][  0]LogAIModule: Creating AISystem for world Untitled_1
[2017.06.17-19.21.00:477][  0]LogActorComponent: RegisterComponentWithWorld: (/Temp/Untitled_1.Untitled_1:PersistentLevel.WorldSettings_1.StaticMeshComponent0) Trying to register component with IsPendingKill() == true. Aborting.
[2017.06.17-19.21.00:482][  0]LogEditorServer: Finished looking for orphan Actors (0.000 secs)
[2017.06.17-19.21.00:486][  0]Cmd: MAP CHECKDEP NOCLEARLOG
[2017.06.17-19.21.00:528][  0]MapCheck: 信息 地图检测完成：0个错误，0 个警告，用时41.896毫秒完成。
[2017.06.17-19.21.00:528][  0]LogFileHelpers: Loading map 'Template_Default' took 0.493
[2017.06.17-19.21.00:834][  0]LogCollectionManager: Loaded 0 collections in 0.001624 seconds
[2017.06.17-19.21.00:986][  0]LogFileCache: Scanning file cache for directory 'F:/LOLI/loli/萝莉/Saved/Collections/' took 0.01s
[2017.06.17-19.21.00:986][  0]LogFileCache: Scanning file cache for directory 'F:/LOLI/loli/萝莉/Content/Developers/Administrator/Collections/' took 0.01s
[2017.06.17-19.21.00:986][  0]LogFileCache: Scanning file cache for directory 'F:/LOLI/loli/萝莉/Content/Collections/' took 0.01s
[2017.06.17-19.21.00:986][  0]LogCollectionManager: Rebuilt the GUID cache for 0 collections in 0.000005 seconds
[2017.06.17-19.21.01:009][  0]LogContentBrowser: Native class hierarchy populated in 0.0220 seconds. Added 2245 classes and 453 folders.
[2017.06.17-19.21.01:111][  0]LogContentBrowser: Native class hierarchy updated for 'WidgetCarousel' in 0.0006 seconds. Added 0 classes and 0 folders.
[2017.06.17-19.21.01:182][  0]LogContentBrowser: Native class hierarchy updated for 'AddContentDialog' in 0.0006 seconds. Added 0 classes and 0 folders.
[2017.06.17-19.21.01:254][  0]LogContentBrowser: Native class hierarchy updated for 'SceneOutliner' in 0.0007 seconds. Added 1 classes and 2 folders.
[2017.06.17-19.21.01:322][  0]LogCrashTracker: Crashtracker disabled due to settings.
[2017.06.17-19.21.01:460][  0]LogContentBrowser: Native class hierarchy updated for 'HierarchicalLODOutliner' in 0.0007 seconds. Added 1 classes and 2 folders.
[2017.06.17-19.21.01:461][  0]LogLoad: (Engine Initialization) Total time: 25.06 seconds
[2017.06.17-19.21.01:461][  0]LogLoad: (Engine Initialization) Total Blueprint compile time: 0.16 seconds
[2017.06.17-19.21.01:461][  0]LogExternalProfiler: No external profilers were discovered.  External profiling features will not be available.
[2017.06.17-19.21.01:473][  0]LogOcInput: OculusInput pre-init called
[2017.06.17-19.21.01:497][  0]LogContentStreaming: Texture pool size now 1000 MB
[2017.06.17-19.21.01:498][  0]LogSlate: Took 0.000312 seconds to synchronously load lazily loaded font '../../../Engine/Content/Slate/Fonts/Roboto-Regular.ttf' (155K)
[2017.06.17-19.21.01:503][  0]LogSlate: Took 0.004616 seconds to synchronously load lazily loaded font '../../../Engine/Content/Slate/Fonts/DroidSansFallback.ttf' (3848K)
[2017.06.17-19.21.01:508][  0]LogSlate: Took 0.000253 seconds to synchronously load lazily loaded font '../../../Engine/Content/Slate/Fonts/Roboto-Bold.ttf' (160K)
[2017.06.17-19.21.01:515][  0]LogSlate: Took 0.000255 seconds to synchronously load lazily loaded font '../../../Engine/Content/Editor/Slate/Fonts/FontAwesome.ttf' (139K)
[2017.06.17-19.21.01:773][  0]LogRenderer: Reallocating scene render targets to support 1208x580 NumSamples 1 (Frame:2).
[2017.06.17-19.21.01:981][  3]LogAssetRegistry: Asset discovery search completed in 14.6856 seconds
[2017.06.17-19.21.01:981][  3]LogCollectionManager: Rebuilt the object cache for 0 collections in 0.000011 seconds (found 0 objects)
[2017.06.17-19.21.01:981][  3]LogCollectionManager: Fixed up redirectors for 0 collections in 0.000055 seconds (updated 0 objects)
[2017.06.17-19.21.05:384][340]LogSlate: Took 0.000265 seconds to synchronously load lazily loaded font '../../../Engine/Content/Slate/Fonts/Roboto-Light.ttf' (159K)
[2017.06.17-19.21.09:665][782]LogSlate: Took 0.000435 seconds to synchronously load lazily loaded font '../../../Engine/Content/Slate/Fonts/Roboto-Light.ttf' (159K)
[2017.06.17-19.21.10:528][782]LogAIModule: Creating AISystem for world ThirdPersonExampleMap
[2017.06.17-19.21.10:531][782]LogMaterial:Warning: Material /Game/Mod/Jingwu/Mod_J/Shafa/Mu.Mu needed to have new flag set bUsedWithStaticLighting !
[2017.06.17-19.21.10:534][782]LogMaterial: Missing cached shader map for material Mu, compiling. 
[2017.06.17-19.21.10:535][782]LogTemp:Display: Added material ShaderMap 0x000000004A271D00 with Material 0x000000003E837D00 to ShaderMapsBeingCompiled
[2017.06.17-19.21.10:601][782]LogTemp:Display: Kicking off shader compilation for Mu, GameThreadShaderMap 0x000000004A271D00
[2017.06.17-19.21.10:602][782]MapCheck:Warning: 警告 Mu 材质/Game/Mod/Jingwu/Mod_J/Shafa/Mu.Mu缺失使用标志bUsedWithStaticLighting。如果材质资源没有进行重新保存，那么当在编辑器外运行时它可能无法正确渲染。 修复
[2017.06.17-19.21.10:622][782]LogMaterial: 0.00 seconds spent updating 1 materials, 1 interfaces, 0 instances, 0 with static permutations.
[2017.06.17-19.21.10:622][782]LogMaterial:Warning: Material /Game/Mod/Jingwu/Mod_J/Shafa/Safa.Safa needed to have new flag set bUsedWithStaticLighting !
[2017.06.17-19.21.10:628][782]LogMaterial: Missing cached shader map for material Safa, compiling. 
[2017.06.17-19.21.10:629][782]LogTemp:Display: Added material ShaderMap 0x0000000049F0F900 with Material 0x000000003E835D80 to ShaderMapsBeingCompiled
[2017.06.17-19.21.10:717][782]LogTemp:Display: Kicking off shader compilation for Safa, GameThreadShaderMap 0x0000000049F0F900
[2017.06.17-19.21.10:717][782]MapCheck:Warning: 警告 Safa 材质/Game/Mod/Jingwu/Mod_J/Shafa/Safa.Safa缺失使用标志bUsedWithStaticLighting。如果材质资源没有进行重新保存，那么当在编辑器外运行时它可能无法正确渲染。 修复
[2017.06.17-19.21.10:719][782]LogMaterial: 0.00 seconds spent updating 1 materials, 1 interfaces, 0 instances, 0 with static permutations.
[2017.06.17-19.21.10:729][782]LogMaterial:Warning: Material /Game/Mod/Jingwu/Mod_J/jianzhu/bieshu01/mudiban01.mudiban01 needed to have new flag set bUsedWithStaticLighting !
[2017.06.17-19.21.10:735][782]LogMaterial: Missing cached shader map for material mudiban01, compiling. 
[2017.06.17-19.21.10:738][782]LogTemp:Display: Added material ShaderMap 0x000000004B6D4800 with Material 0x0000000037DD2C80 to ShaderMapsBeingCompiled
[2017.06.17-19.21.10:787][782]LogTemp:Display: Kicking off shader compilation for mudiban01, GameThreadShaderMap 0x000000004B6D4800
[2017.06.17-19.21.10:788][782]MapCheck:Warning: 警告 mudiban01 材质/Game/Mod/Jingwu/Mod_J/jianzhu/bieshu01/mudiban01.mudiban01缺失使用标志bUsedWithStaticLighting。如果材质资源没有进行重新保存，那么当在编辑器外运行时它可能无法正确渲染。 修复
[2017.06.17-19.21.10:793][782]LogMaterial: 0.00 seconds spent updating 1 materials, 1 interfaces, 0 instances, 0 with static permutations.
[2017.06.17-19.21.10:793][782]LogMaterial:Warning: Material /Game/Mod/Jingwu/Mod_J/jianzhu/bieshu01/Material__364.Material__364 needed to have new flag set bUsedWithStaticLighting !
[2017.06.17-19.21.10:795][782]LogMaterial: Missing cached shader map for material Material__364, compiling. 
[2017.06.17-19.21.10:796][782]LogTemp:Display: Added material ShaderMap 0x000000004B224F00 with Material 0x00000000342C1180 to ShaderMapsBeingCompiled
[2017.06.17-19.21.10:842][782]LogTemp:Display: Kicking off shader compilation for Material__364, GameThreadShaderMap 0x000000004B224F00
[2017.06.17-19.21.10:842][782]MapCheck:Warning: 警告 Material__364 材质/Game/Mod/Jingwu/Mod_J/jianzhu/bieshu01/Material__364.Material__364缺失使用标志bUsedWithStaticLighting。如果材质资源没有进行重新保存，那么当在编辑器外运行时它可能无法正确渲染。 修复
[2017.06.17-19.21.10:844][782]LogMaterial: 0.00 seconds spent updating 1 materials, 1 interfaces, 0 instances, 0 with static permutations.
[2017.06.17-19.21.10:901][782]Cmd: MAP LOAD FILE="F:/LOLI/loli/萝莉/Content/ThirdPersonBP/Maps/ThirdPersonExampleMap.umap" TEMPLATE=0 SHOWPROGRESS=1 FEATURELEVEL=3
[2017.06.17-19.21.10:901][782]LightingResults: New page: 光照构建
[2017.06.17-19.21.10:904][782]LoadErrors: New page: 正在加载地图： ThirdPersonExampleMap.umap
[2017.06.17-19.21.10:905][782]MapCheck: New page: 地图检测
[2017.06.17-19.21.10:905][782]LightingResults: New page: 光照构建
[2017.06.17-19.21.10:988][782]LogEditorServer: Finished looking for orphan Actors (0.000 secs)
[2017.06.17-19.21.11:033][782]Cmd: MAP CHECKDEP NOCLEARLOG
[2017.06.17-19.21.11:133][782]MapCheck: 信息 地图检测完成：0个错误，0 个警告，用时99.211毫秒完成。
[2017.06.17-19.21.11:134][782]LogFileHelpers: Loading map 'ThirdPersonExampleMap' took 0.236
[2017.06.17-19.21.15:833][  9]LogTemp:Display: Finished compile of shader map 0x000000004A271D00
[2017.06.17-19.21.15:833][  9]LogTemp:Display: Shader map Mu complete, GameThreadShaderMap 0x000000004A271D00, marking material Mu as finished
[2017.06.17-19.21.15:833][  9]LogTemp:Display: Marking material as finished 0x000000003E837D00
[2017.06.17-19.21.16:706][ 49]LogTemp: Repeting last play command: 选中的视口
[2017.06.17-19.21.16:735][ 49]LogBlueprintUserMessages: Early PlayInEditor Detection: Level '/Game/ThirdPersonBP/Maps/ThirdPersonExampleMap.ThirdPersonExampleMap:PersistentLevel' has LevelScriptBlueprint '/Game/ThirdPersonBP/Maps/ThirdPersonExampleMap.ThirdPersonExampleMap:PersistentLevel.ThirdPersonExampleMap' with GeneratedClass '/Game/ThirdPersonBP/Maps/ThirdPersonExampleMap.ThirdPersonExampleMap_C' with ClassGeneratedBy '/Game/ThirdPersonBP/Maps/ThirdPersonExampleMap.ThirdPersonExampleMap:PersistentLevel.ThirdPersonExampleMap'
[2017.06.17-19.21.16:735][ 49]LogPlayLevel: PlayLevel: No blueprints needed recompiling
[2017.06.17-19.21.16:736][ 49]PIE: New page: PIE会话: ThirdPersonExampleMap (2017年6月18日 上午11:21:16)
[2017.06.17-19.21.16:736][ 49]LogPlayLevel: Creating play world package: /Game/ThirdPersonBP/Maps/UEDPIE_0_ThirdPersonExampleMap
[2017.06.17-19.21.16:873][ 49]LogPlayLevel: PIE: StaticDuplicateObject took: (0.136676s)
[2017.06.17-19.21.16:874][ 49]LogAIModule: Creating AISystem for world ThirdPersonExampleMap
[2017.06.17-19.21.16:875][ 49]LogPlayLevel: PIE: World Init took: (0.001827s)
[2017.06.17-19.21.16:875][ 49]LogPlayLevel: PIE: Created PIE world by copying editor world from /Game/ThirdPersonBP/Maps/ThirdPersonExampleMap.ThirdPersonExampleMap to /Game/ThirdPersonBP/Maps/UEDPIE_0_ThirdPersonExampleMap.ThirdPersonExampleMap (0.139022s)
[2017.06.17-19.21.16:933][ 49]LogInit: XAudio2 using '扬声器 (Realtek High Definition Audio)' : 2 channels at 48 kHz using 32 bits per sample (channel mask 0x3)
[2017.06.17-19.21.16:975][ 49]LogInit: FAudioDevice initialized.
[2017.06.17-19.21.17:032][ 49]LogLoad: Game class is 'GameModeBase'
[2017.06.17-19.21.17:047][ 49]LogWorld: Bringing World /Game/ThirdPersonBP/Maps/UEDPIE_0_ThirdPersonExampleMap.ThirdPersonExampleMap up for play (max tick rate 0) at 2017.06.18-03.21.17
[2017.06.17-19.21.17:048][ 49]LogWorld: Bringing up level for play took: 0.011507
[2017.06.17-19.21.17:191][ 49]LogContentBrowser: Native class hierarchy updated for 'MovieSceneCapture' in 0.0011 seconds. Added 11 classes and 0 folders.
[2017.06.17-19.21.17:193][ 49]PIE: 信息 /Game/ThirdPersonBP/Maps/UEDPIE_0_ThirdPersonExampleMap的‘在编辑器中播放’的起始时间0.957
[2017.06.17-19.21.17:194][ 49]LogBlueprintUserMessages: Late PlayInEditor Detection: Level '/Game/ThirdPersonBP/Maps/ThirdPersonExampleMap.ThirdPersonExampleMap:PersistentLevel' has LevelScriptBlueprint '/Game/ThirdPersonBP/Maps/ThirdPersonExampleMap.ThirdPersonExampleMap:PersistentLevel.ThirdPersonExampleMap' with GeneratedClass '/Game/ThirdPersonBP/Maps/ThirdPersonExampleMap.ThirdPersonExampleMap_C' with ClassGeneratedBy '/Game/ThirdPersonBP/Maps/ThirdPersonExampleMap.ThirdPersonExampleMap:PersistentLevel.ThirdPersonExampleMap'
[2017.06.17-19.21.20:829][243]LogTemp:Display: Finished compile of shader map 0x0000000049F0F900
[2017.06.17-19.21.20:829][243]LogTemp:Display: Shader map Safa complete, GameThreadShaderMap 0x0000000049F0F900, marking material Safa as finished
[2017.06.17-19.21.20:829][243]LogTemp:Display: Marking material as finished 0x000000003E835D80
[2017.06.17-19.21.23:294][373]LogTemp:Display: Finished compile of shader map 0x000000004B6D4800
[2017.06.17-19.21.23:294][373]LogTemp:Display: Shader map mudiban01 complete, GameThreadShaderMap 0x000000004B6D4800, marking material mudiban01 as finished
[2017.06.17-19.21.23:294][373]LogTemp:Display: Marking material as finished 0x0000000037DD2C80
[2017.06.17-19.21.25:321][506]LogTemp:Display: Finished compile of shader map 0x000000004B224F00
[2017.06.17-19.21.25:321][506]LogTemp:Display: Shader map Material__364 complete, GameThreadShaderMap 0x000000004B224F00, marking material Material__364 as finished
[2017.06.17-19.21.25:321][506]LogTemp:Display: Marking material as finished 0x00000000342C1180
