Log file open, 06/24/17 15:23:30
LogInit:Display: Running engine for game: 萝莉
LogPlatformFile: Not using cached read wrapper
LogInit:Display: RandInit(1511126797) SRandInit(1511126797).
LogTaskGraph: Started task graph with 5 named threads and 8 total threads with 1 sets of task threads.
LogStats: Stats thread started at 0.236867
LogInit: Using libcurl 7.47.1
LogInit:  - built for x86_64-pc-win32
LogInit:  - supports SSL with OpenSSL/1.0.2g
LogInit:  - supports HTTP deflate (compression) using libz 1.2.8
LogInit:  - other features:
LogInit:      CURL_VERSION_SSL
LogInit:      CURL_VERSION_LIBZ
LogInit:      CURL_VERSION_IPV6
LogInit:      CURL_VERSION_ASYNCHDNS
LogInit:      CURL_VERSION_LARGEFILE
LogInit:      CURL_VERSION_IDN
LogInit:  CurlRequestOptions (configurable via config and command line):
LogInit:  - bVerifyPeer = false  - Libcurl will NOT verify peer certificate
LogInit:  - bUseHttpProxy = false  - Libcurl will NOT use HTTP proxy
LogInit:  - bDontReuseConnections = false  - Libcurl will reuse connections
LogInit:  - CertBundlePath = nullptr  - Libcurl will use whatever was configured at build time.
LogInit: Build: ++UE4+Release-4.15-CL-3416026
LogInit: Engine Version: 4.15.2-3416026+++UE4+Release-4.15
LogInit: Compatible Engine Version: 4.15.0-3299760+++UE4+Release-4.15
LogInit: Net CL: 3299760
LogDevObjectVersion: Number of dev versions registered: 14
LogDevObjectVersion:   Dev-Blueprints (B0D832E4-1F89-4F0D-ACCF-7EB736FD4AA2): 8
LogDevObjectVersion:   Dev-Build (E1C64328-A22C-4D53-A36C-8E866417BD8C): 0
LogDevObjectVersion:   Dev-Core (375EC13C-06E4-48FB-B500-84F0262A717E): 2
LogDevObjectVersion:   Dev-Editor (E4B068ED-F494-42E9-A231-DA0B2E46BB41): 14
LogDevObjectVersion:   Dev-Framework (CFFC743F-43B0-4480-9391-14DF171D2073): 22
LogDevObjectVersion:   Dev-Mobile (B02B49B5-BB20-44E9-A304-32B752E40360): 0
LogDevObjectVersion:   Dev-Networking (A4E4105C-59A1-49B5-A7C5-40C4547EDFEE): 0
LogDevObjectVersion:   Dev-Online (39C831C9-5AE6-47DC-9A44-9C173E1C8E7C): 0
LogDevObjectVersion:   Dev-Physics (78F01B33-EBEA-4F98-B9B4-84EACCB95AA2): 0
LogDevObjectVersion:   Dev-Platform (6631380F-2D4D-43E0-8009-CF276956A95A): 0
LogDevObjectVersion:   Dev-Rendering (12F88B9F-8875-4AFC-A67C-D90C383ABD29): 12
LogDevObjectVersion:   Dev-Sequencer (7B5AE74C-D270-4C10-A958-57980B212A5A): 3
LogDevObjectVersion:   Dev-VR (D7296918-1DD6-4BDD-9DE2-64A83CC13884): 0
LogDevObjectVersion:   Dev-LoadTimes (C2A15278-BFE7-4AFE-6C17-90FF531DF755): 1
LogInit: Compiled (64-bit): May  1 2017 13:11:28
LogInit: Compiled with Visual C++: 19.00.23026.00
LogInit: Build Configuration: Development
LogInit: Branch Name: ++UE4+Release-4.15
LogInit: Command line:  
LogInit: Base directory: D:/Epic Games/UE_4.15/Engine/Binaries/Win64/
LogInit: Installed Engine Build: 1
LogInit: Presizing for max 8388607 objects, including 0 objects not considered by GC, pre-allocating 0 bytes for permanent pool.
LogInit: Object subsystem initialized
[2017.06.24-07.23.33:345][  0]LogInit: Selected Device Profile: [Windows]
[2017.06.24-07.23.33:345][  0]LogInit: Applying CVar settings loaded from the selected device profile: [Windows]
[2017.06.24-07.23.33:386][  0]LogInit: Computer: DESKTOP-44SKKF1
[2017.06.24-07.23.33:386][  0]LogInit: User: 1
[2017.06.24-07.23.33:386][  0]LogInit: CPU Page size=65536, Cores=4
[2017.06.24-07.23.33:386][  0]LogInit: High frequency timer resolution =1.754523 MHz
[2017.06.24-07.23.33:387][  0]LogMemory: Memory total: Physical=7.3GB (8GB approx)
[2017.06.24-07.23.33:387][  0]LogMemory: Platform Memory Stats for Windows
[2017.06.24-07.23.33:387][  0]LogMemory: Process Physical Memory: 262.66 MB used, 262.66 MB peak
[2017.06.24-07.23.33:387][  0]LogMemory: Process Virtual Memory: 262.57 MB used, 262.57 MB peak
[2017.06.24-07.23.33:387][  0]LogMemory: Physical Memory: 3142.59 MB used,  4342.75 MB free, 7485.34 MB total
[2017.06.24-07.23.33:387][  0]LogMemory: Virtual Memory: 643.93 MB used,  4342.75 MB free, 134217728.00 MB total
[2017.06.24-07.23.33:763][  0]LogInit: Overriding culture en with editor configuration.
[2017.06.24-07.23.35:868][  0]LogD3D11RHI: D3D11 adapters:
[2017.06.24-07.23.35:920][  0]LogD3D11RHI:    0. 'AMD Radeon R6 Graphics' (Feature Level 11_0)
[2017.06.24-07.23.35:920][  0]LogD3D11RHI:       487/0/3742 MB DedicatedVideo/DedicatedSystem/SharedSystem, Outputs:1, VendorId:0x1002
[2017.06.24-07.23.35:924][  0]LogD3D11RHI:    1. 'Microsoft Basic Render Driver' (Feature Level 11_0)
[2017.06.24-07.23.35:924][  0]LogD3D11RHI:       0/0/3742 MB DedicatedVideo/DedicatedSystem/SharedSystem, Outputs:0, VendorId:0x1414
[2017.06.24-07.23.35:924][  0]LogD3D11RHI: Chosen D3D11 Adapter: 0
[2017.06.24-07.23.35:953][  0]LogD3D11RHI: Creating new Direct3DDevice
[2017.06.24-07.23.35:953][  0]LogD3D11RHI:     GPU DeviceId: 0x9874 (for the marketing name, search the web for "GPU Device Id")
[2017.06.24-07.23.35:953][  0]LogWindows: EnumDisplayDevices:
[2017.06.24-07.23.35:953][  0]LogWindows:    0. 'AMD Radeon R6 Graphics' (P:1 D:1)
[2017.06.24-07.23.35:955][  0]LogWindows:    1. 'AMD Radeon R6 Graphics' (P:0 D:0)
[2017.06.24-07.23.35:957][  0]LogWindows:    2. 'AMD Radeon R6 Graphics' (P:0 D:0)
[2017.06.24-07.23.35:959][  0]LogWindows: DebugString: FoundDriverCount:3 
[2017.06.24-07.23.35:959][  0]LogD3D11RHI:     Adapter Name: AMD Radeon R6 Graphics
[2017.06.24-07.23.35:959][  0]LogD3D11RHI:   Driver Version: Crimson ReLive 17.1.1 (internal:22.19.162.4, unified:22.19.162.4)
[2017.06.24-07.23.35:959][  0]LogD3D11RHI:      Driver Date: 4-24-2017
[2017.06.24-07.23.35:959][  0]LogRHI: Texture pool is 340 MB (70% of 487 MB)
[2017.06.24-07.23.36:100][  0]LogD3D11RHI: Async texture creation enabled
[2017.06.24-07.23.36:163][  0]LogD3D11RHI: GPU Timing Frequency: 100.000000 (Debug: 2 1)
[2017.06.24-07.23.36:178][  0]LogShaderCompilers: Guid format shader working directory is 5 characters bigger than the processId version (C:/Users/lenovo/Documents/GitHub/loli/萝莉/Intermediate/Shaders/WorkingDirectory/576036/).
[2017.06.24-07.23.36:178][  0]LogShaderCompilers: Cleaned the shader compiler working directory 'C:/Users/lenovo/AppData/Local/Temp/UnrealShaderWorkingDir/03988A1D4037DF1CD5509A96DBFA6D86/'.
[2017.06.24-07.23.36:179][  0]LogShaderCompilers:Display: Using Local Shader Compiler.
[2017.06.24-07.23.40:332][  0]LogTemp:Display: Loaded TP AllDesktopTargetPlatform
[2017.06.24-07.23.40:486][  0]LogTemp:Display: Loaded TP MacClientTargetPlatform
[2017.06.24-07.23.40:640][  0]LogTemp:Display: Loaded TP MacNoEditorTargetPlatform
[2017.06.24-07.23.40:799][  0]LogTemp:Display: Loaded TP MacServerTargetPlatform
[2017.06.24-07.23.40:958][  0]LogTemp:Display: Loaded TP MacTargetPlatform
[2017.06.24-07.23.41:108][  0]LogTemp:Display: Loaded TP WindowsClientTargetPlatform
[2017.06.24-07.23.41:270][  0]LogTemp:Display: Loaded TP WindowsNoEditorTargetPlatform
[2017.06.24-07.23.41:429][  0]LogTemp:Display: Loaded TP WindowsServerTargetPlatform
[2017.06.24-07.23.41:565][  0]LogTemp:Display: Loaded TP WindowsTargetPlatform
[2017.06.24-07.23.41:729][  0]LogTemp:Display: Loaded TP AndroidTargetPlatform
[2017.06.24-07.23.41:892][  0]LogTemp:Display: Loaded TP Android_ASTCTargetPlatform
[2017.06.24-07.23.42:047][  0]LogTemp:Display: Loaded TP Android_ATCTargetPlatform
[2017.06.24-07.23.42:231][  0]LogTemp:Display: Loaded TP Android_DXTTargetPlatform
[2017.06.24-07.23.42:384][  0]LogTemp:Display: Loaded TP Android_ETC1TargetPlatform
[2017.06.24-07.23.42:527][  0]LogTemp:Display: Loaded TP Android_ETC2TargetPlatform
[2017.06.24-07.23.42:819][  0]LogTemp:Display: Loaded TP Android_MultiTargetPlatform
[2017.06.24-07.23.42:819][  0]LogTemp:Display: Loaded TP Android_PVRTCTargetPlatform
[2017.06.24-07.23.42:963][  0]LogTemp:Display: Loaded TP HTML5TargetPlatform
[2017.06.24-07.23.43:198][  0]LogTemp:Display: Loaded TP IOSTargetPlatform
[2017.06.24-07.23.43:292][  0]LogTemp:Display: Loaded TP TVOSTargetPlatform
[2017.06.24-07.23.43:449][  0]LogTemp:Display: Loaded TP LinuxClientTargetPlatform
[2017.06.24-07.23.43:600][  0]LogTemp:Display: Loaded TP LinuxNoEditorTargetPlatform
[2017.06.24-07.23.43:744][  0]LogTemp:Display: Loaded TP LinuxServerTargetPlatform
[2017.06.24-07.23.43:931][  0]LogTemp:Display: Loaded TP LinuxTargetPlatform
[2017.06.24-07.23.43:931][  0]LogTargetPlatformManager:Display: Building Assets For Windows
[2017.06.24-07.23.45:290][  0]LogDerivedDataCache:Display: Max Cache Size: 512 MB
[2017.06.24-07.23.45:673][  0]LogDerivedDataCache: Loaded boot cache 0.38s 50MB C:/Users/lenovo/AppData/Local/UnrealEngine/4.15/DerivedDataCache/Boot.ddc.
[2017.06.24-07.23.45:673][  0]LogDerivedDataCache:Display: Loaded Boot cache: C:/Users/lenovo/AppData/Local/UnrealEngine/4.15/DerivedDataCache/Boot.ddc
[2017.06.24-07.23.45:673][  0]LogDerivedDataCache: FDerivedDataBackendGraph:  Pak pak cache file C:/Users/lenovo/Documents/GitHub/loli/萝莉/DerivedDataCache/DDC.ddp not found, will not use a pak cache.
[2017.06.24-07.23.45:673][  0]LogDerivedDataCache: Unable to find inner node Pak for hierarchical cache Hierarchy.
[2017.06.24-07.23.45:673][  0]LogDerivedDataCache: FDerivedDataBackendGraph:  CompressedPak pak cache file C:/Users/lenovo/Documents/GitHub/loli/萝莉/DerivedDataCache/Compressed.ddp not found, will not use a pak cache.
[2017.06.24-07.23.45:673][  0]LogDerivedDataCache: Unable to find inner node CompressedPak for hierarchical cache Hierarchy.
[2017.06.24-07.23.45:720][  0]LogDerivedDataCache:Display: Pak cache opened for reading ../../../Engine/DerivedDataCache/Compressed.ddp.
[2017.06.24-07.23.45:739][  0]LogDerivedDataCache: Using Local data cache path C:/Users/lenovo/AppData/Local/UnrealEngine/Common/DerivedDataCache: Writable
[2017.06.24-07.23.45:783][  0]LogSlate: Using Freetype 2.6.0
[2017.06.24-07.23.45:791][  0]LogSlate: SlateFontCache - WITH_FREETYPE: 1, WITH_HARFBUZZ: 1
[2017.06.24-07.23.45:791][  0]LogSlate: SlateFontCache - WITH_FREETYPE: 1, WITH_HARFBUZZ: 1
[2017.06.24-07.23.47:642][  0]LogInit: Selected Device Profile: [Windows]
[2017.06.24-07.23.47:660][  0]LogContentStreaming: Texture pool size is 0.00 MB
[2017.06.24-07.23.48:309][  0]LogMeshUtilities: Using QuadricMeshReduction for automatic static mesh reduction
[2017.06.24-07.23.48:447][  0]LogSimplygon: Simplygon DLL not present - disabling.
[2017.06.24-07.23.48:665][  0]LogMeshUtilities: Using SimplygonSwarm for distributed automatic mesh merging
[2017.06.24-07.23.48:665][  0]LogMeshUtilities: No automatic skeletal mesh reduction module available
[2017.06.24-07.23.48:665][  0]LogMeshUtilities: No automatic mesh merging module available
[2017.06.24-07.23.50:717][  0]LogNetVersion: GetLocalNetworkVersion: CL: 3299760, ProjectName: 萝莉, ProjectVersion: , EngineNetworkVersion: 2, GameNetworkVersion: 0, NetworkChecksum: 2312337547
[2017.06.24-07.23.50:819][  0]LogAssetRegistry: FAssetRegistry took 0.0259 seconds to start up
[2017.06.24-07.23.50:954][  0]LogPackageLocalizationCache: Processed 3 localized package path(s) for 1 prioritized culture(s) in 0.074013 seconds
[2017.06.24-07.23.50:967][  0]LogUObjectArray: 32493 objects as part of root set at end of initial load.
[2017.06.24-07.23.50:967][  0]LogUObjectAllocator: 7077032 out of 0 bytes used by permanent object pool.
[2017.06.24-07.23.50:967][  0]LogUObjectArray: CloseDisregardForGC: 0/0 objects in disregard for GC pool
[2017.06.24-07.23.51:158][  0]LogInit: WinSock: version 1.1 (2.2), MaxSocks=32767, MaxUdp=65467
[2017.06.24-07.23.57:410][  0]LogTcpMessaging: Initializing TcpMessaging bridge
[2017.06.24-07.23.57:505][  0]LogUdpMessaging: Initializing bridge on interface 0.0.0.0:0 to multicast group 230.0.0.1:6666.
[2017.06.24-07.23.59:014][  0]LogMaterial: Uniform references updated for custom material expression Custom.
[2017.06.24-07.24.00:270][  0]SourceControl: Info Source control is disabled
[2017.06.24-07.24.00:277][  0]SourceControl: Info Source control is disabled
[2017.06.24-07.24.00:436][  0]SourceControl: Info Source control is disabled
[2017.06.24-07.24.00:600][  0]SourceControl: Info Source control is disabled
[2017.06.24-07.24.04:640][  0]LogEngine: Initializing Engine...
[2017.06.24-07.24.04:648][  0]LogHMD: Failed to initialize OpenVR with code 110
[2017.06.24-07.24.04:944][  0]LogStats: UGameplayTagsManager::ConstructGameplayTagTree: Construct from data asset -  0.000 s
[2017.06.24-07.24.04:945][  0]LogStats: UGameplayTagsManager::ConstructGameplayTagTree: GameplayTagTreeChangedEvent.Broadcast -  0.000 s
[2017.06.24-07.24.05:415][  0]LogAIModule: Creating AISystem for world Untitled
[2017.06.24-07.24.05:499][  0]LogInit: XAudio2 using '扬声器 (Conexant SmartAudio HD)' : 2 channels at 48 kHz using 32 bits per sample (channel mask 0x3)
[2017.06.24-07.24.05:553][  0]LogInit: FAudioDevice initialized.
[2017.06.24-07.24.05:642][  0]LogDerivedDataCache: Saved boot cache 0.09s 50MB C:/Users/lenovo/AppData/Local/UnrealEngine/4.15/DerivedDataCache/Boot.ddc.
[2017.06.24-07.24.05:666][  0]LogInit: Texture streaming: Enabled
[2017.06.24-07.24.05:950][  0]LogEngineSessionManager: EngineSessionManager initialized
[2017.06.24-07.24.06:237][  0]LogInit: Transaction tracking system initialized
[2017.06.24-07.24.07:449][  0]BlueprintLog: New page: Editor Load
[2017.06.24-07.24.10:367][  0]LocalizationService: Info Localization service is disabled
[2017.06.24-07.24.12:859][  0]LogConsoleResponse:Display: 
[2017.06.24-07.24.13:249][  0]LogCook:Display: Max memory allowance for cook 16384mb min free memory 0mb
[2017.06.24-07.24.13:251][  0]LogCook:Display: Mobile HDR setting 1
[2017.06.24-07.24.13:326][  0]LogFileCache: Scanning file cache for directory 'C:/Users/lenovo/Documents/GitHub/loli/萝莉/Content/' took 0.03s
[2017.06.24-07.24.16:489][  0]SourceControl: Info Source control is disabled
[2017.06.24-07.24.16:494][  0]Cmd: MAP LOAD FILE="C:/Users/lenovo/Documents/GitHub/loli/萝莉/Content/ThirdPersonBP/Maps/ThirdPersonExampleMap.umap" TEMPLATE=0 SHOWPROGRESS=1 FEATURELEVEL=3
[2017.06.24-07.24.16:499][  0]LightingResults: New page: Lighting Build
[2017.06.24-07.24.16:638][  0]MapCheck: New page: Map Check
[2017.06.24-07.24.16:638][  0]LightingResults: New page: Lighting Build
[2017.06.24-07.24.20:058][  0]LogAIModule: Creating AISystem for world ThirdPersonExampleMap
[2017.06.24-07.24.20:196][  0]LogEditorServer: Finished looking for orphan Actors (0.000 secs)
[2017.06.24-07.24.20:205][  0]Cmd: MAP CHECKDEP NOCLEARLOG
[2017.06.24-07.24.20:318][  0]MapCheck: Info Map check complete: 0 Error(s), 0 Warning(s), took 112.488ms to complete.
[2017.06.24-07.24.20:318][  0]LogFileHelpers: Loading map 'ThirdPersonExampleMap' took 3.827
[2017.06.24-07.24.20:917][  0]LogCollectionManager: Loaded 0 collections in 0.003834 seconds
[2017.06.24-07.24.21:129][  0]LogFileCache: Scanning file cache for directory 'C:/Users/lenovo/Documents/GitHub/loli/萝莉/Saved/Collections/' took 0.01s
[2017.06.24-07.24.21:129][  0]LogFileCache: Scanning file cache for directory 'C:/Users/lenovo/Documents/GitHub/loli/萝莉/Content/Developers/1/Collections/' took 0.01s
[2017.06.24-07.24.21:129][  0]LogFileCache: Scanning file cache for directory 'C:/Users/lenovo/Documents/GitHub/loli/萝莉/Content/Collections/' took 0.01s
[2017.06.24-07.24.21:129][  0]LogCollectionManager: Rebuilt the GUID cache for 0 collections in 0.000004 seconds
[2017.06.24-07.24.21:160][  0]LogContentBrowser: Native class hierarchy populated in 0.0274 seconds. Added 2245 classes and 453 folders.
[2017.06.24-07.24.21:368][  0]LogContentBrowser: Native class hierarchy updated for 'WidgetCarousel' in 0.0016 seconds. Added 0 classes and 0 folders.
[2017.06.24-07.24.21:654][  0]LogContentBrowser: Native class hierarchy updated for 'AddContentDialog' in 0.0012 seconds. Added 0 classes and 0 folders.
[2017.06.24-07.24.21:798][  0]LogContentBrowser: Native class hierarchy updated for 'SceneOutliner' in 0.0011 seconds. Added 1 classes and 2 folders.
[2017.06.24-07.24.22:264][  0]LogCrashTracker: Crashtracker disabled due to settings.
[2017.06.24-07.24.22:310][  0]LogUObjectGlobals:Warning: Failed to find object 'Class None.'
[2017.06.24-07.24.22:493][  0]LogContentBrowser: Native class hierarchy updated for 'HierarchicalLODOutliner' in 0.0014 seconds. Added 1 classes and 2 folders.
[2017.06.24-07.24.22:493][  0]LogLoad: (Engine Initialization) Total time: 54.46 seconds
[2017.06.24-07.24.22:493][  0]LogLoad: (Engine Initialization) Total Blueprint compile time: 1.28 seconds
[2017.06.24-07.24.22:493][  0]LogExternalProfiler: Found external profiler: VSPerf
[2017.06.24-07.24.22:493][  0]LogExternalProfiler: Using external profiler: VSPerf
[2017.06.24-07.24.22:841][  0]LogOcInput: OculusInput pre-init called
[2017.06.24-07.24.22:913][  0]LogContentStreaming: Texture pool size now 400 MB
[2017.06.24-07.24.22:929][  0]LogSlate: Took 0.002353 seconds to synchronously load lazily loaded font '../../../Engine/Content/Slate/Fonts/Roboto-Regular.ttf' (155K)
[2017.06.24-07.24.22:953][  0]LogSlate: Took 0.024443 seconds to synchronously load lazily loaded font '../../../Engine/Content/Slate/Fonts/DroidSansFallback.ttf' (3848K)
[2017.06.24-07.24.22:968][  0]LogSlate: Took 0.001751 seconds to synchronously load lazily loaded font '../../../Engine/Content/Slate/Fonts/Roboto-Bold.ttf' (160K)
[2017.06.24-07.24.22:987][  0]LogSlate: Took 0.002129 seconds to synchronously load lazily loaded font '../../../Engine/Content/Editor/Slate/Fonts/FontAwesome.ttf' (139K)
[2017.06.24-07.24.23:325][  0]LogSlate: Took 0.002054 seconds to synchronously load lazily loaded font '../../../Engine/Content/Slate/Fonts/Roboto-Light.ttf' (159K)
[2017.06.24-07.24.23:443][  0]LogRenderer: Reallocating scene render targets to support 744x424 NumSamples 1 (Frame:2).
[2017.06.24-07.24.24:612][  4]LogAssetRegistry: Asset discovery search completed in 33.8170 seconds
[2017.06.24-07.24.24:612][  4]LogCollectionManager: Rebuilt the object cache for 0 collections in 0.000018 seconds (found 0 objects)
[2017.06.24-07.24.24:612][  4]LogCollectionManager: Fixed up redirectors for 0 collections in 0.000044 seconds (updated 0 objects)
[2017.06.24-07.34.28:928][180]LogWindowsTextInputMethodSystem:Display: IME system now deactivated.
[2017.06.24-07.34.28:928][180]LogWindowsTextInputMethodSystem:Display: IME system now deactivated.
[2017.06.24-07.34.33:318][386]LogSlate: Took 0.000354 seconds to synchronously load lazily loaded font '../../../Engine/Content/Slate/Fonts/Roboto-Light.ttf' (159K)
[2017.06.24-07.34.34:042][386]LogSlate: Took 0.000333 seconds to synchronously load lazily loaded font '../../../Engine/Content/Slate/Fonts/Roboto-Regular.ttf' (155K)
[2017.06.24-07.34.34:857][386]LogContentBrowser: Native class hierarchy updated for 'BlueprintGraph' in 0.0026 seconds. Added 112 classes and 0 folders.
[2017.06.24-07.34.37:022][386]LogSlate: Took 0.002306 seconds to synchronously load lazily loaded font '../../../Engine/Content/Editor/Slate/Fonts/Roboto-BoldCondensed.ttf' (158K)
[2017.06.24-07.34.37:340][387]LogSlate: Took 0.003266 seconds to synchronously load lazily loaded font '../../../Engine/Content/Editor/Slate/Fonts/Roboto-Italic.ttf' (157K)
[2017.06.24-07.38.33:477][330]Cmd: OBJ SAVEPACKAGE PACKAGE="/Game/Imports/Inventory_Sys/Inventory_BP" FILE="C:/Users/lenovo/Documents/GitHub/loli/萝莉/Content/Imports/Inventory_Sys/Inventory_BP.uasset" SILENT=true
[2017.06.24-07.38.33:958][330]LogSavePackage: Save=396.69ms
[2017.06.24-07.38.33:958][330]LogSavePackage: Moving 'C:/Users/lenovo/Documents/GitHub/loli/萝莉/Saved/Inventory_BP23CE9FAD492ECF496515159EAA463F7F.tmp' to 'C:/Users/lenovo/Documents/GitHub/loli/萝莉/Content/Imports/Inventory_Sys/Inventory_BP.uasset'
[2017.06.24-07.38.33:989][330]LogSavePackage:Display: Finished SavePackage C:/Users/lenovo/Documents/GitHub/loli/萝莉/Content/Imports/Inventory_Sys/Inventory_BP.uasset
[2017.06.24-07.48.08:684][797]Cmd: OBJ SAVEPACKAGE PACKAGE="/Game/Imports/Inventory_Sys/Inventory_BP" FILE="C:/Users/lenovo/Documents/GitHub/loli/萝莉/Content/Imports/Inventory_Sys/Inventory_BP.uasset" SILENT=true
[2017.06.24-07.48.09:153][797]LogSavePackage: Save=383.71ms
[2017.06.24-07.48.09:153][797]LogSavePackage: Moving 'C:/Users/lenovo/Documents/GitHub/loli/萝莉/Saved/Inventory_BP06AE5A434F9AA3F681410CB26B6400DE.tmp' to 'C:/Users/lenovo/Documents/GitHub/loli/萝莉/Content/Imports/Inventory_Sys/Inventory_BP.uasset'
[2017.06.24-07.48.09:179][797]LogSavePackage:Display: Finished SavePackage C:/Users/lenovo/Documents/GitHub/loli/萝莉/Content/Imports/Inventory_Sys/Inventory_BP.uasset
[2017.06.24-07.50.47:696][234]LogWindowsTextInputMethodSystem:Display: IME system now deactivated.
[2017.06.24-07.50.47:808][234]LogWindowsTextInputMethodSystem:Display: IME system now activated using TSF (搜狗拼音输入法).
[2017.06.24-08.08.36:398][415]LogWindowsTextInputMethodSystem:Display: IME system now deactivated.
[2017.06.24-08.08.36:410][415]LogWindowsTextInputMethodSystem:Display: IME system now deactivated.
[2017.06.24-08.10.06:893][518]LogSlate: Took 0.000350 seconds to synchronously load lazily loaded font '../../../Engine/Content/Slate/Fonts/Roboto-Light.ttf' (159K)
[2017.06.24-08.53.00:646][966]BlueprintLog: New page: Compile InventorySlot
[2017.06.24-08.53.25:557][ 35]LogFileHelpers: Editor autosave (incl. sublevels) for '/Game/ThirdPersonBP/Maps/ThirdPersonExampleMap' took 0.038
[2017.06.24-08.53.25:574][ 35]OBJ SavePackage: Generating thumbnails for [0] asset(s) in package [/Game/Imports/HUD/InventorySlot] ([1] browsable assets)...
[2017.06.24-08.53.25:574][ 35]OBJ SavePackage: Finished generating thumbnails for package [/Game/Imports/HUD/InventorySlot]
[2017.06.24-08.53.25:574][ 35]Cmd: OBJ SAVEPACKAGE PACKAGE="/Game/Imports/HUD/InventorySlot" FILE="C:/Users/lenovo/Documents/GitHub/loli/萝莉/Saved/Autosaves/Game/Imports/HUD/InventorySlot_Auto1.uasset" SILENT=false AUTOSAVING=true
[2017.06.24-08.53.25:798][ 35]LogSavePackage: Save=127.90ms
[2017.06.24-08.53.25:798][ 35]LogSavePackage: Moving 'C:/Users/lenovo/Documents/GitHub/loli/萝莉/Saved/InventorySlot_Auto13CC372A840C484581C3317B79C8C31E9.tmp' to 'C:/Users/lenovo/Documents/GitHub/loli/萝莉/Saved/Autosaves/Game/Imports/HUD/InventorySlot_Auto1.uasset'
[2017.06.24-08.53.25:818][ 35]LogSavePackage:Display: Finished SavePackage C:/Users/lenovo/Documents/GitHub/loli/萝莉/Saved/Autosaves/Game/Imports/HUD/InventorySlot_Auto1.uasset
[2017.06.24-08.53.25:818][ 35]LogFileHelpers: Auto-saving content packages took 0.259
[2017.06.24-08.58.40:227][472]BlueprintLog: New page: Compile InventorySlot
[2017.06.24-08.58.41:640][492]Cmd: OBJ SAVEPACKAGE PACKAGE="/Game/Imports/HUD/InventorySlot" FILE="C:/Users/lenovo/Documents/GitHub/loli/萝莉/Content/Imports/HUD/InventorySlot.uasset" SILENT=true
[2017.06.24-08.58.41:830][492]LogSavePackage: Save=118.63ms
[2017.06.24-08.58.41:830][492]LogSavePackage: Moving 'C:/Users/lenovo/Documents/GitHub/loli/萝莉/Saved/InventorySlot95C1CED348420FD8D4015D9A4A0DBC69.tmp' to 'C:/Users/lenovo/Documents/GitHub/loli/萝莉/Content/Imports/HUD/InventorySlot.uasset'
[2017.06.24-08.58.41:860][492]LogSavePackage:Display: Finished SavePackage C:/Users/lenovo/Documents/GitHub/loli/萝莉/Content/Imports/HUD/InventorySlot.uasset
[2017.06.24-08.58.57:359][ 70]LogTemp: Repeting last play command: Selected Viewport
[2017.06.24-08.58.57:414][ 70]LogBlueprintUserMessages: Early PlayInEditor Detection: Level '/Game/ThirdPersonBP/Maps/ThirdPersonExampleMap.ThirdPersonExampleMap:PersistentLevel' has LevelScriptBlueprint '/Game/ThirdPersonBP/Maps/ThirdPersonExampleMap.ThirdPersonExampleMap:PersistentLevel.ThirdPersonExampleMap' with GeneratedClass '/Game/ThirdPersonBP/Maps/ThirdPersonExampleMap.ThirdPersonExampleMap_C' with ClassGeneratedBy '/Game/ThirdPersonBP/Maps/ThirdPersonExampleMap.ThirdPersonExampleMap:PersistentLevel.ThirdPersonExampleMap'
[2017.06.24-08.58.57:415][ 70]LogPlayLevel: PlayLevel: No blueprints needed recompiling
[2017.06.24-08.58.57:423][ 70]PIE: New page: PIE session: ThirdPersonExampleMap (Jun 25, 2017, 12:58:57 AM)
[2017.06.24-08.58.57:424][ 70]LogPlayLevel: Creating play world package: /Game/ThirdPersonBP/Maps/UEDPIE_0_ThirdPersonExampleMap
[2017.06.24-08.58.57:506][ 70]LogPlayLevel: PIE: StaticDuplicateObject took: (0.081425s)
[2017.06.24-08.58.57:509][ 70]LogAIModule: Creating AISystem for world ThirdPersonExampleMap
[2017.06.24-08.58.57:509][ 70]LogPlayLevel: PIE: World Init took: (0.003350s)
[2017.06.24-08.58.57:510][ 70]LogPlayLevel: PIE: Created PIE world by copying editor world from /Game/ThirdPersonBP/Maps/ThirdPersonExampleMap.ThirdPersonExampleMap to /Game/ThirdPersonBP/Maps/UEDPIE_0_ThirdPersonExampleMap.ThirdPersonExampleMap (0.086314s)
[2017.06.24-08.58.57:583][ 70]LogInit: XAudio2 using '扬声器 (Conexant SmartAudio HD)' : 2 channels at 48 kHz using 32 bits per sample (channel mask 0x3)
[2017.06.24-08.58.57:614][ 70]LogInit: FAudioDevice initialized.
[2017.06.24-08.58.57:688][ 70]LogLoad: Game class is 'ThirdPersonGameMode_C'
[2017.06.24-08.58.57:698][ 70]LogWorld: Bringing World /Game/ThirdPersonBP/Maps/UEDPIE_0_ThirdPersonExampleMap.ThirdPersonExampleMap up for play (max tick rate 60) at 2017.06.24-16.58.57
[2017.06.24-08.58.57:706][ 70]LogWorld: Bringing up level for play took: 0.013770
[2017.06.24-08.58.57:876][ 70]LogContentBrowser: Native class hierarchy updated for 'MovieSceneCapture' in 0.0029 seconds. Added 11 classes and 0 folders.
[2017.06.24-08.58.57:981][ 70]PIE: Info Play in editor start time for /Game/ThirdPersonBP/Maps/UEDPIE_0_ThirdPersonExampleMap 0.034
[2017.06.24-08.58.57:982][ 70]LogBlueprintUserMessages: Late PlayInEditor Detection: Level '/Game/ThirdPersonBP/Maps/ThirdPersonExampleMap.ThirdPersonExampleMap:PersistentLevel' has LevelScriptBlueprint '/Game/ThirdPersonBP/Maps/ThirdPersonExampleMap.ThirdPersonExampleMap:PersistentLevel.ThirdPersonExampleMap' with GeneratedClass '/Game/ThirdPersonBP/Maps/ThirdPersonExampleMap.ThirdPersonExampleMap_C' with ClassGeneratedBy '/Game/ThirdPersonBP/Maps/ThirdPersonExampleMap.ThirdPersonExampleMap:PersistentLevel.ThirdPersonExampleMap'
[2017.06.24-08.59.06:883][547]LogBlueprintUserMessages: [HealthPotion_BP_C_0] You Used ：Health Potion
[2017.06.24-08.59.12:743][894]LogBlueprintUserMessages: [HealthPotion_BP_C_1] You Used ：Health Potion
[2017.06.24-08.59.13:831][933]LogBlueprintUserMessages: [HealthPotion_BP_C_2] You Used ：Health Potion
[2017.06.24-08.59.14:758][987]LogBlueprintUserMessages: [HealthPotion_BP_C_3] You Used ：Health Potion
[2017.06.24-08.59.15:952][ 57]LogScript:Warning: Accessed None trying to read property CallFunc_SlotAsUniformGridSlot_ReturnValue
	Inventory_C /Engine/Transient.UnrealEdEngine_0:GameInstance_0.MainWidget_C_0.WidgetTree_25.Inventory_Widget
	Function /Game/Imports/HUD/Inventory.Inventory_C:ExecuteUbergraph_Inventory:00BE
[2017.06.24-08.59.15:953][ 57]LogScript:Warning: Accessed None trying to read property CallFunc_SlotAsUniformGridSlot_ReturnValue
	Inventory_C /Engine/Transient.UnrealEdEngine_0:GameInstance_0.MainWidget_C_0.WidgetTree_25.Inventory_Widget
	Function /Game/Imports/HUD/Inventory.Inventory_C:ExecuteUbergraph_Inventory:00FE
[2017.06.24-08.59.15:953][ 57]LogScript:Warning: Accessed None trying to read property K2Node_CustomEvent_Slot
	Inventory_C /Engine/Transient.UnrealEdEngine_0:GameInstance_0.MainWidget_C_0.WidgetTree_25.Inventory_Widget
	Function /Game/Imports/HUD/Inventory.Inventory_C:ExecuteUbergraph_Inventory:02A3
[2017.06.24-08.59.18:523][205]Set new viewmode: Wireframe
[2017.06.24-08.59.19:353][253]Set new viewmode: Wireframe
[2017.06.24-08.59.20:078][296]Set new viewmode: Lit
[2017.06.24-08.59.27:817][751]LogScript:Warning: Accessed None trying to read property CallFunc_SlotAsUniformGridSlot_ReturnValue
	Inventory_C /Engine/Transient.UnrealEdEngine_0:GameInstance_0.MainWidget_C_0.WidgetTree_25.Inventory_Widget
	Function /Game/Imports/HUD/Inventory.Inventory_C:ExecuteUbergraph_Inventory:00BE
[2017.06.24-08.59.27:817][751]LogScript:Warning: Accessed None trying to read property CallFunc_SlotAsUniformGridSlot_ReturnValue
	Inventory_C /Engine/Transient.UnrealEdEngine_0:GameInstance_0.MainWidget_C_0.WidgetTree_25.Inventory_Widget
	Function /Game/Imports/HUD/Inventory.Inventory_C:ExecuteUbergraph_Inventory:00FE
[2017.06.24-08.59.27:818][751]LogScript:Warning: Accessed None trying to read property K2Node_CustomEvent_Slot
	Inventory_C /Engine/Transient.UnrealEdEngine_0:GameInstance_0.MainWidget_C_0.WidgetTree_25.Inventory_Widget
	Function /Game/Imports/HUD/Inventory.Inventory_C:ExecuteUbergraph_Inventory:02A3
[2017.06.24-08.59.31:001][939]LogBlueprintUserMessages: [HealthPotion_BP_C_4] You Used ：Health Potion
[2017.06.24-08.59.47:097][747]LogBlueprintUserMessages: Early EndPlayMap Detection: Level '/Game/ThirdPersonBP/Maps/ThirdPersonExampleMap.ThirdPersonExampleMap:PersistentLevel' has LevelScriptBlueprint '/Game/ThirdPersonBP/Maps/ThirdPersonExampleMap.ThirdPersonExampleMap:PersistentLevel.ThirdPersonExampleMap' with GeneratedClass '/Game/ThirdPersonBP/Maps/ThirdPersonExampleMap.ThirdPersonExampleMap_C' with ClassGeneratedBy '/Game/ThirdPersonBP/Maps/ThirdPersonExampleMap.ThirdPersonExampleMap:PersistentLevel.ThirdPersonExampleMap'
[2017.06.24-08.59.47:198][747]LogBlueprintUserMessages: Late EndPlayMap Detection: Level '/Game/ThirdPersonBP/Maps/ThirdPersonExampleMap.ThirdPersonExampleMap:PersistentLevel' has LevelScriptBlueprint '/Game/ThirdPersonBP/Maps/ThirdPersonExampleMap.ThirdPersonExampleMap:PersistentLevel.ThirdPersonExampleMap' with GeneratedClass '/Game/ThirdPersonBP/Maps/ThirdPersonExampleMap.ThirdPersonExampleMap_C' with ClassGeneratedBy '/Game/ThirdPersonBP/Maps/ThirdPersonExampleMap.ThirdPersonExampleMap:PersistentLevel.ThirdPersonExampleMap'
[2017.06.24-09.00.42:357][ 49]BlueprintLog: New page: Compile MasterItemClass_BP
[2017.06.24-09.00.43:863][ 80]LogSavePackage: Save=36.89ms
[2017.06.24-09.00.43:863][ 80]LogSavePackage: Moving 'C:/Users/lenovo/Documents/GitHub/loli/萝莉/Saved/MasterItemClass_BP60D05C0C4BF1A556195A299D788EE934.tmp' to 'C:/Users/lenovo/Documents/GitHub/loli/萝莉/Content/Imports/Inventory_Sys/Pickups/MasterItemClass_BP.uasset'
[2017.06.24-09.00.43:884][ 80]LogSavePackage:Display: Finished SavePackage C:/Users/lenovo/Documents/GitHub/loli/萝莉/Content/Imports/Inventory_Sys/Pickups/MasterItemClass_BP.uasset
[2017.06.24-09.00.49:926][391]LogTemp: Repeting last play command: Selected Viewport
[2017.06.24-09.00.49:969][391]LogBlueprintUserMessages: Early PlayInEditor Detection: Level '/Game/ThirdPersonBP/Maps/ThirdPersonExampleMap.ThirdPersonExampleMap:PersistentLevel' has LevelScriptBlueprint '/Game/ThirdPersonBP/Maps/ThirdPersonExampleMap.ThirdPersonExampleMap:PersistentLevel.ThirdPersonExampleMap' with GeneratedClass '/Game/ThirdPersonBP/Maps/ThirdPersonExampleMap.ThirdPersonExampleMap_C' with ClassGeneratedBy '/Game/ThirdPersonBP/Maps/ThirdPersonExampleMap.ThirdPersonExampleMap:PersistentLevel.ThirdPersonExampleMap'
[2017.06.24-09.00.49:969][391]LogPlayLevel: PlayLevel: No blueprints needed recompiling
[2017.06.24-09.00.49:969][391]PIE: New page: PIE session: ThirdPersonExampleMap (Jun 25, 2017, 1:00:49 AM)
[2017.06.24-09.00.49:970][391]LogPlayLevel: Creating play world package: /Game/ThirdPersonBP/Maps/UEDPIE_0_ThirdPersonExampleMap
[2017.06.24-09.00.50:025][391]LogPlayLevel: PIE: StaticDuplicateObject took: (0.055432s)
[2017.06.24-09.00.50:026][391]LogAIModule: Creating AISystem for world ThirdPersonExampleMap
[2017.06.24-09.00.50:027][391]LogPlayLevel: PIE: World Init took: (0.001759s)
[2017.06.24-09.00.50:027][391]LogPlayLevel: PIE: Created PIE world by copying editor world from /Game/ThirdPersonBP/Maps/ThirdPersonExampleMap.ThirdPersonExampleMap to /Game/ThirdPersonBP/Maps/UEDPIE_0_ThirdPersonExampleMap.ThirdPersonExampleMap (0.057799s)
[2017.06.24-09.00.50:092][391]LogInit: XAudio2 using '扬声器 (Conexant SmartAudio HD)' : 2 channels at 48 kHz using 32 bits per sample (channel mask 0x3)
[2017.06.24-09.00.50:120][391]LogInit: FAudioDevice initialized.
[2017.06.24-09.00.50:160][391]LogLoad: Game class is 'ThirdPersonGameMode_C'
[2017.06.24-09.00.50:166][391]LogWorld: Bringing World /Game/ThirdPersonBP/Maps/UEDPIE_0_ThirdPersonExampleMap.ThirdPersonExampleMap up for play (max tick rate 60) at 2017.06.24-17.00.50
[2017.06.24-09.00.50:167][391]LogWorld: Bringing up level for play took: 0.004323
[2017.06.24-09.00.50:237][391]PIE: Info Play in editor start time for /Game/ThirdPersonBP/Maps/UEDPIE_0_ThirdPersonExampleMap 0.29
[2017.06.24-09.00.50:237][391]LogBlueprintUserMessages: Late PlayInEditor Detection: Level '/Game/ThirdPersonBP/Maps/ThirdPersonExampleMap.ThirdPersonExampleMap:PersistentLevel' has LevelScriptBlueprint '/Game/ThirdPersonBP/Maps/ThirdPersonExampleMap.ThirdPersonExampleMap:PersistentLevel.ThirdPersonExampleMap' with GeneratedClass '/Game/ThirdPersonBP/Maps/ThirdPersonExampleMap.ThirdPersonExampleMap_C' with ClassGeneratedBy '/Game/ThirdPersonBP/Maps/ThirdPersonExampleMap.ThirdPersonExampleMap:PersistentLevel.ThirdPersonExampleMap'
[2017.06.24-09.00.55:757][700]LogBlueprintUserMessages: [HealthPotion_BP_C_0] You Used ：Health Potion
[2017.06.24-09.00.58:135][836]LogBlueprintUserMessages: Early EndPlayMap Detection: Level '/Game/ThirdPersonBP/Maps/ThirdPersonExampleMap.ThirdPersonExampleMap:PersistentLevel' has LevelScriptBlueprint '/Game/ThirdPersonBP/Maps/ThirdPersonExampleMap.ThirdPersonExampleMap:PersistentLevel.ThirdPersonExampleMap' with GeneratedClass '/Game/ThirdPersonBP/Maps/ThirdPersonExampleMap.ThirdPersonExampleMap_C' with ClassGeneratedBy '/Game/ThirdPersonBP/Maps/ThirdPersonExampleMap.ThirdPersonExampleMap:PersistentLevel.ThirdPersonExampleMap'
[2017.06.24-09.00.58:181][836]LogBlueprintUserMessages: Late EndPlayMap Detection: Level '/Game/ThirdPersonBP/Maps/ThirdPersonExampleMap.ThirdPersonExampleMap:PersistentLevel' has LevelScriptBlueprint '/Game/ThirdPersonBP/Maps/ThirdPersonExampleMap.ThirdPersonExampleMap:PersistentLevel.ThirdPersonExampleMap' with GeneratedClass '/Game/ThirdPersonBP/Maps/ThirdPersonExampleMap.ThirdPersonExampleMap_C' with ClassGeneratedBy '/Game/ThirdPersonBP/Maps/ThirdPersonExampleMap.ThirdPersonExampleMap:PersistentLevel.ThirdPersonExampleMap'
[2017.06.24-09.02.15:625][726]LogSlate: Took 0.002473 seconds to synchronously load lazily loaded font '../../../Engine/Content/Editor/Slate/Fonts/Roboto-BoldCondensedItalic.ttf' (160K)
[2017.06.24-09.10.26:422][355]LogFileHelpers: Editor autosave (incl. sublevels) for '/Game/ThirdPersonBP/Maps/ThirdPersonExampleMap' took 0.079
[2017.06.24-09.10.26:431][355]OBJ SavePackage: Generating thumbnails for [0] asset(s) in package [/Game/Imports/Inventory_Sys/Inventory_BP] ([1] browsable assets)...
[2017.06.24-09.10.26:432][355]OBJ SavePackage: Finished generating thumbnails for package [/Game/Imports/Inventory_Sys/Inventory_BP]
[2017.06.24-09.10.26:926][355]LogSavePackage: Save=417.57ms
[2017.06.24-09.10.26:926][355]LogSavePackage: Moving 'C:/Users/lenovo/Documents/GitHub/loli/萝莉/Saved/Inventory_BP_Auto215B7854B48C25C49EEF56286F68B7502.tmp' to 'C:/Users/lenovo/Documents/GitHub/loli/萝莉/Saved/Autosaves/Game/Imports/Inventory_Sys/Inventory_BP_Auto2.uasset'
[2017.06.24-09.10.26:946][355]LogSavePackage:Display: Finished SavePackage C:/Users/lenovo/Documents/GitHub/loli/萝莉/Saved/Autosaves/Game/Imports/Inventory_Sys/Inventory_BP_Auto2.uasset
[2017.06.24-09.10.26:946][355]LogFileHelpers: Auto-saving content packages took 0.523
[2017.06.24-09.20.27:154][726]LogFileHelpers: Editor autosave (incl. sublevels) for '/Game/ThirdPersonBP/Maps/ThirdPersonExampleMap' took 0.047
[2017.06.24-09.20.27:166][726]OBJ SavePackage: Generating thumbnails for [0] asset(s) in package [/Game/Imports/Inventory_Sys/Inventory_BP] ([1] browsable assets)...
[2017.06.24-09.20.27:166][726]OBJ SavePackage: Finished generating thumbnails for package [/Game/Imports/Inventory_Sys/Inventory_BP]
[2017.06.24-09.20.27:679][726]LogSavePackage: Save=426.94ms
[2017.06.24-09.20.27:680][726]LogSavePackage: Moving 'C:/Users/lenovo/Documents/GitHub/loli/萝莉/Saved/Inventory_BP_Auto35D3BE6584E7956ED61BBCDB410891DD1.tmp' to 'C:/Users/lenovo/Documents/GitHub/loli/萝莉/Saved/Autosaves/Game/Imports/Inventory_Sys/Inventory_BP_Auto3.uasset'
[2017.06.24-09.20.27:696][726]LogSavePackage:Display: Finished SavePackage C:/Users/lenovo/Documents/GitHub/loli/萝莉/Saved/Autosaves/Game/Imports/Inventory_Sys/Inventory_BP_Auto3.uasset
[2017.06.24-09.20.27:696][726]LogFileHelpers: Auto-saving content packages took 0.540
[2017.06.24-09.23.30:327][ 82]BlueprintLog: New page: Compile Inventory_BP
[2017.06.24-09.23.32:611][100]Cmd: OBJ SAVEPACKAGE PACKAGE="/Game/Imports/Inventory_Sys/Inventory_BP" FILE="C:/Users/lenovo/Documents/GitHub/loli/萝莉/Content/Imports/Inventory_Sys/Inventory_BP.uasset" SILENT=true
[2017.06.24-09.23.33:131][100]LogSavePackage: Save=450.00ms
[2017.06.24-09.23.33:131][100]LogSavePackage: Moving 'C:/Users/lenovo/Documents/GitHub/loli/萝莉/Saved/Inventory_BPFF6FA9C943DA2F1DBC6ABDAFAE6CE5BA.tmp' to 'C:/Users/lenovo/Documents/GitHub/loli/萝莉/Content/Imports/Inventory_Sys/Inventory_BP.uasset'
[2017.06.24-09.23.33:163][100]LogSavePackage:Display: Finished SavePackage C:/Users/lenovo/Documents/GitHub/loli/萝莉/Content/Imports/Inventory_Sys/Inventory_BP.uasset
[2017.06.24-09.33.02:010][190]BlueprintLog: New page: Compile Inventory_BP
[2017.06.24-09.33.07:155][296]Cmd: OBJ SAVEPACKAGE PACKAGE="/Game/Imports/Inventory_Sys/Inventory_BP" FILE="C:/Users/lenovo/Documents/GitHub/loli/萝莉/Content/Imports/Inventory_Sys/Inventory_BP.uasset" SILENT=true
[2017.06.24-09.33.07:703][296]LogSavePackage: Save=476.77ms
[2017.06.24-09.33.07:703][296]LogSavePackage: Moving 'C:/Users/lenovo/Documents/GitHub/loli/萝莉/Saved/Inventory_BP51F5A288412C64DA9066748C27638AFC.tmp' to 'C:/Users/lenovo/Documents/GitHub/loli/萝莉/Content/Imports/Inventory_Sys/Inventory_BP.uasset'
[2017.06.24-09.33.07:732][296]LogSavePackage:Display: Finished SavePackage C:/Users/lenovo/Documents/GitHub/loli/萝莉/Content/Imports/Inventory_Sys/Inventory_BP.uasset
[2017.06.24-09.34.38:077][356]LogFileHelpers: Editor autosave (incl. sublevels) for '/Game/ThirdPersonBP/Maps/ThirdPersonExampleMap' took 0.085
[2017.06.24-09.34.38:090][356]OBJ SavePackage: Generating thumbnails for [0] asset(s) in package [/Game/Imports/HUD/DragItem] ([1] browsable assets)...
[2017.06.24-09.34.38:090][356]OBJ SavePackage: Finished generating thumbnails for package [/Game/Imports/HUD/DragItem]
[2017.06.24-09.34.38:090][356]Cmd: OBJ SAVEPACKAGE PACKAGE="/Game/Imports/HUD/DragItem" FILE="C:/Users/lenovo/Documents/GitHub/loli/萝莉/Saved/Autosaves/Game/Imports/HUD/DragItem_Auto4.uasset" SILENT=false AUTOSAVING=true
[2017.06.24-09.34.38:132][356]LogSavePackage: Save=30.59ms
[2017.06.24-09.34.38:133][356]LogSavePackage: Moving 'C:/Users/lenovo/Documents/GitHub/loli/萝莉/Saved/DragItem_Auto4FB0A2CB7470670DC6FEAC3B0CC1C27FA.tmp' to 'C:/Users/lenovo/Documents/GitHub/loli/萝莉/Saved/Autosaves/Game/Imports/HUD/DragItem_Auto4.uasset'
[2017.06.24-09.34.38:167][356]LogSavePackage:Display: Finished SavePackage C:/Users/lenovo/Documents/GitHub/loli/萝莉/Saved/Autosaves/Game/Imports/HUD/DragItem_Auto4.uasset
[2017.06.24-09.34.38:167][356]LogFileHelpers: Auto-saving content packages took 0.088
[2017.06.24-09.37.15:365][728]LogClass:Warning: Property ItemInfo of ItemInfo has a struct type mismatch (tag SlotStruct != prop InventoryStruct) in package:  FObjectReader. If that struct got renamed, add an entry to ActiveStructRedirects.
[2017.06.24-09.37.29:012][ 80]LogClass:Warning: Type mismatch in Amount of SKEL_DragItem_C - Previous (StructProperty) Current(IntProperty) for package:  FObjectReader
[2017.06.24-09.40.36:997][729]BlueprintLog: New page: Compile DragItem
[2017.06.24-09.40.40:932][759]Cmd: OBJ SAVEPACKAGE PACKAGE="/Game/Imports/HUD/DragItem" FILE="C:/Users/lenovo/Documents/GitHub/loli/萝莉/Content/Imports/HUD/DragItem.uasset" SILENT=true
[2017.06.24-09.40.40:988][759]LogSavePackage: Save=47.32ms
[2017.06.24-09.40.40:988][759]LogSavePackage: Moving 'C:/Users/lenovo/Documents/GitHub/loli/萝莉/Saved/DragItem493DA83845BD130CD5DF3D86C68E8860.tmp' to 'C:/Users/lenovo/Documents/GitHub/loli/萝莉/Content/Imports/HUD/DragItem.uasset'
[2017.06.24-09.40.41:013][759]LogSavePackage:Display: Finished SavePackage C:/Users/lenovo/Documents/GitHub/loli/萝莉/Content/Imports/HUD/DragItem.uasset
[2017.06.24-10.37.22:897][658]LogRenderer: Reallocating scene render targets to support 988x424 NumSamples 1 (Frame:92154).
[2017.06.24-11.24.56:388][742]LogWindowsTextInputMethodSystem:Display: IME system now deactivated.
[2017.06.24-11.24.56:409][742]LogWindowsTextInputMethodSystem:Display: IME system now activated using TSF (搜狗拼音输入法).
[2017.06.24-12.38.42:780][757]LogActorComponent: UnregisterComponent: (/Engine/Transient.EditorFloorComp) Not registered. Aborting.
[2017.06.24-12.38.43:246][757]LogWindowsTextInputMethodSystem:Display: IME system now activated using TSF (搜狗拼音输入法).
[2017.06.24-12.38.43:809][758]Cmd: QUIT_EDITOR
[2017.06.24-12.38.44:700][758]LogExit: Preparing to exit.
[2017.06.24-12.38.45:860][758]LogExit: Editor shut down
[2017.06.24-12.38.45:863][758]LogExit: Transaction tracking system shut down
[2017.06.24-12.38.46:577][758]LogObj: Freed 0b from 0 cluster array pools.
[2017.06.24-12.38.46:578][758]LogExit: Object subsystem successfully closed.
[2017.06.24-12.38.46:636][758]LogD3D11RHI: Shutdown
[2017.06.24-12.38.46:636][758]LogD3D11RHI: CleanupD3DDevice
[2017.06.24-12.38.47:018][758]LogD3D11RHI: ~FD3D11DynamicRHI
[2017.06.24-12.38.47:088][758]LogModuleManager: Shutting down and abandoning module MovieSceneCapture (506)
[2017.06.24-12.38.47:088][758]LogModuleManager: Shutting down and abandoning module SequencerWidgets (504)
[2017.06.24-12.38.47:088][758]LogModuleManager: Shutting down and abandoning module BlueprintGraph (502)
[2017.06.24-12.38.47:088][758]LogModuleManager: Shutting down and abandoning module BlueprintProfiler (500)
[2017.06.24-12.38.47:090][758]LogModuleManager: Shutting down and abandoning module HierarchicalLODOutliner (498)
[2017.06.24-12.38.47:091][758]LogModuleManager: Shutting down and abandoning module CrashTracker (496)
[2017.06.24-12.38.47:091][758]LogModuleManager: Shutting down and abandoning module SceneOutliner (494)
[2017.06.24-12.38.47:091][758]LogModuleManager: Shutting down and abandoning module AddContentDialog (492)
[2017.06.24-12.38.47:092][758]LogDirectoryWatcher: A directory notification for 'D:/Epic Games/UE_4.15/FeaturePacks/' was aborted.
[2017.06.24-12.38.47:109][758]LogModuleManager: Shutting down and abandoning module WidgetCarousel (491)
[2017.06.24-12.38.47:109][758]LogModuleManager: Shutting down and abandoning module EditorWidgets (488)
[2017.06.24-12.38.47:109][758]LogModuleManager: Shutting down and abandoning module CollectionManager (486)
[2017.06.24-12.38.47:110][758]LogDirectoryWatcher: A directory notification for 'C:/Users/lenovo/Documents/GitHub/loli/萝莉/Content/Collections/' was aborted.
[2017.06.24-12.38.47:111][758]LogDirectoryWatcher: A directory notification for 'C:/Users/lenovo/Documents/GitHub/loli/萝莉/Content/Developers/1/Collections/' was aborted.
[2017.06.24-12.38.47:111][758]LogDirectoryWatcher: A directory notification for 'C:/Users/lenovo/Documents/GitHub/loli/萝莉/Saved/Collections/' was aborted.
[2017.06.24-12.38.47:111][758]LogModuleManager: Shutting down and abandoning module StatsViewer (484)
[2017.06.24-12.38.47:112][758]LogModuleManager: Shutting down and abandoning module FoliageEdit (482)
[2017.06.24-12.38.47:112][758]LogModuleManager: Shutting down and abandoning module LandscapeEditor (480)
[2017.06.24-12.38.47:113][758]LogModuleManager: Shutting down and abandoning module SceneDepthPickerMode (478)
[2017.06.24-12.38.47:113][758]LogModuleManager: Shutting down and abandoning module ActorPickerMode (476)
[2017.06.24-12.38.47:113][758]LogModuleManager: Shutting down and abandoning module GeometryMode (474)
[2017.06.24-12.38.47:113][758]LogModuleManager: Shutting down and abandoning module TextureAlignMode (472)
[2017.06.24-12.38.47:113][758]LogModuleManager: Shutting down and abandoning module BspMode (470)
[2017.06.24-12.38.47:114][758]LogModuleManager: Shutting down and abandoning module HardwareSurvey (468)
[2017.06.24-12.38.47:115][758]LogModuleManager: Shutting down and abandoning module SequenceRecorderSections (466)
[2017.06.24-12.38.47:116][758]LogModuleManager: Shutting down and abandoning module AutomationWorker (464)
[2017.06.24-12.38.47:116][758]LogModuleManager: Shutting down and abandoning module MatineeToLevelSequence (462)
[2017.06.24-12.38.47:117][758]LogModuleManager: Shutting down and abandoning module LevelSequenceEditor (460)
[2017.06.24-12.38.47:120][758]LogModuleManager: Shutting down and abandoning module PlacementMode (459)
[2017.06.24-12.38.47:120][758]LogModuleManager: Shutting down and abandoning module WmfMediaFactory (456)
[2017.06.24-12.38.47:120][758]LogModuleManager: Shutting down and abandoning module WmfMediaEditor (454)
[2017.06.24-12.38.47:120][758]LogModuleManager: Shutting down and abandoning module MfMediaFactory (452)
[2017.06.24-12.38.47:120][758]LogModuleManager: Shutting down and abandoning module MfMediaEditor (450)
[2017.06.24-12.38.47:120][758]LogModuleManager: Shutting down and abandoning module AvfMediaFactory (448)
[2017.06.24-12.38.47:120][758]LogModuleManager: Shutting down and abandoning module AvfMediaEditor (446)
[2017.06.24-12.38.47:120][758]LogModuleManager: Shutting down and abandoning module AndroidMediaFactory (444)
[2017.06.24-12.38.47:120][758]LogModuleManager: Shutting down and abandoning module Media (443)
[2017.06.24-12.38.47:120][758]LogModuleManager: Shutting down and abandoning module AndroidMediaEditor (440)
[2017.06.24-12.38.47:120][758]LogModuleManager: Shutting down and abandoning module CharacterAI (438)
[2017.06.24-12.38.47:120][758]LogModuleManager: Shutting down and abandoning module AudioCapture (436)
[2017.06.24-12.38.47:121][758]LogModuleManager: Shutting down and abandoning module SequenceRecorder (435)
[2017.06.24-12.38.47:123][758]LogModuleManager: Shutting down and abandoning module SmartSnapping (432)
[2017.06.24-12.38.47:123][758]LogModuleManager: Shutting down and abandoning module SessionServices (430)
[2017.06.24-12.38.47:123][758]LogModuleManager: Shutting down and abandoning module ViewportSnapping (428)
[2017.06.24-12.38.47:123][758]LogModuleManager: Shutting down and abandoning module ViewportInteraction (426)
[2017.06.24-12.38.47:123][758]LogModuleManager: Shutting down and abandoning module LogVisualizer (424)
[2017.06.24-12.38.47:126][758]LogModuleManager: Shutting down and abandoning module IntroTutorials (422)
[2017.06.24-12.38.47:127][758]LogModuleManager: Shutting down and abandoning module GameProjectGeneration (421)
[2017.06.24-12.38.47:129][758]LogModuleManager: Shutting down and abandoning module EditorLiveStreaming (418)
[2017.06.24-12.38.47:129][758]LogModuleManager: Shutting down and abandoning module IOSPlatformEditor (416)
[2017.06.24-12.38.47:130][758]LogModuleManager: Shutting down and abandoning module HTML5PlatformEditor (414)
[2017.06.24-12.38.47:130][758]LogModuleManager: Shutting down and abandoning module AndroidPlatformEditor (412)
[2017.06.24-12.38.47:130][758]LogModuleManager: Shutting down and abandoning module AndroidDeviceDetection (411)
[2017.06.24-12.38.47:394][758]LogModuleManager: Shutting down and abandoning module IOSRuntimeSettings (408)
[2017.06.24-12.38.47:394][758]LogModuleManager: Shutting down and abandoning module AndroidRuntimeSettings (406)
[2017.06.24-12.38.47:394][758]LogModuleManager: Shutting down and abandoning module InputBindingEditor (404)
[2017.06.24-12.38.47:401][758]LogModuleManager: Shutting down and abandoning module NiagaraEditor (402)
[2017.06.24-12.38.47:404][758]LogModuleManager: Shutting down and abandoning module MergeActors (400)
[2017.06.24-12.38.47:405][758]LogModuleManager: Shutting down and abandoning module SizeMap (398)
[2017.06.24-12.38.47:406][758]LogModuleManager: Shutting down and abandoning module TreeMap (396)
[2017.06.24-12.38.47:407][758]LogModuleManager: Shutting down and abandoning module ReferenceViewer (394)
[2017.06.24-12.38.47:407][758]LogModuleManager: Shutting down and abandoning module LocalizationDashboard (392)
[2017.06.24-12.38.47:408][758]LogModuleManager: Shutting down and abandoning module LocalizationService (391)
[2017.06.24-12.38.47:409][758]LogModuleManager: Shutting down and abandoning module HardwareTargeting (388)
[2017.06.24-12.38.47:410][758]LogModuleManager: Shutting down and abandoning module DeviceProfileEditor (386)
[2017.06.24-12.38.47:410][758]LogModuleManager: Shutting down and abandoning module UndoHistory (384)
[2017.06.24-12.38.47:411][758]LogModuleManager: Shutting down and abandoning module UserFeedback (382)
[2017.06.24-12.38.47:411][758]LogModuleManager: Shutting down and abandoning module XmlParser (380)
[2017.06.24-12.38.47:412][758]LogModuleManager: Shutting down and abandoning module Blutility (378)
[2017.06.24-12.38.47:412][758]LogModuleManager: Shutting down and abandoning module ProjectSettingsViewer (376)
[2017.06.24-12.38.47:413][758]LogModuleManager: Shutting down and abandoning module ProjectTargetPlatformEditor (375)
[2017.06.24-12.38.47:414][758]LogModuleManager: Shutting down and abandoning module EditorSettingsViewer (372)
[2017.06.24-12.38.47:414][758]LogModuleManager: Shutting down and abandoning module SettingsEditor (370)
[2017.06.24-12.38.47:416][758]LogModuleManager: Shutting down and abandoning module ProjectLauncher (368)
[2017.06.24-12.38.47:418][758]LogModuleManager: Shutting down and abandoning module SessionFrontend (366)
[2017.06.24-12.38.47:418][758]LogModuleManager: Shutting down and abandoning module ProfilerClient (364)
[2017.06.24-12.38.47:419][758]LogModuleManager: Shutting down and abandoning module DeviceManager (362)
[2017.06.24-12.38.47:421][758]LogModuleManager: Shutting down and abandoning module TargetDeviceServices (361)
[2017.06.24-12.38.47:477][758]LogModuleManager: Shutting down and abandoning module AutomationController (358)
[2017.06.24-12.38.47:479][758]LogModuleManager: Shutting down and abandoning module AutomationWindow (356)
[2017.06.24-12.38.47:480][758]LogModuleManager: Shutting down and abandoning module Layers (354)
[2017.06.24-12.38.47:483][758]LogModuleManager: Shutting down and abandoning module ComponentVisualizers (352)
[2017.06.24-12.38.47:483][758]LogModuleManager: Shutting down and abandoning module DetailCustomizations (350)
[2017.06.24-12.38.47:485][758]LogModuleManager: Shutting down and abandoning module PackagesDialog (348)
[2017.06.24-12.38.47:486][758]LogModuleManager: Shutting down and abandoning module Persona (346)
[2017.06.24-12.38.47:488][758]LogModuleManager: Shutting down and abandoning module AnimGraph (345)
[2017.06.24-12.38.47:488][758]LogModuleManager: Shutting down and abandoning module Kismet (342)
[2017.06.24-12.38.47:527][758]LogModuleManager: Shutting down and abandoning module GraphEditor (340)
[2017.06.24-12.38.47:528][758]LogModuleManager: Shutting down and abandoning module ClassViewer (338)
[2017.06.24-12.38.47:528][758]LogModuleManager: Shutting down and abandoning module Toolbox (336)
[2017.06.24-12.38.47:529][758]LogModuleManager: Shutting down and abandoning module ModuleUI (334)
[2017.06.24-12.38.47:530][758]LogModuleManager: Shutting down and abandoning module MovieSceneTools (332)
[2017.06.24-12.38.47:531][758]LogModuleManager: Shutting down and abandoning module OutputLog (330)
[2017.06.24-12.38.47:531][758]LogModuleManager: Shutting down and abandoning module GammaUI (328)
[2017.06.24-12.38.47:532][758]LogModuleManager: Shutting down and abandoning module Documentation (326)
[2017.06.24-12.38.47:533][758]LogModuleManager: Shutting down and abandoning module Niagara (324)
[2017.06.24-12.38.47:533][758]LogModuleManager: Shutting down and abandoning module StreamingPauseRendering (322)
[2017.06.24-12.38.47:533][758]LogModuleManager: Shutting down and abandoning module AnalyticsET (320)
[2017.06.24-12.38.47:533][758]LogModuleManager: Shutting down and abandoning module PortalServices (318)
[2017.06.24-12.38.47:533][758]LogModuleManager: Shutting down and abandoning module PortalRpc (316)
[2017.06.24-12.38.47:533][758]LogModuleManager: Shutting down and abandoning module MessagingRpc (314)
[2017.06.24-12.38.47:533][758]LogModuleManager: Shutting down and abandoning module AIModule (312)
[2017.06.24-12.38.47:533][758]LogModuleManager: Shutting down and abandoning module GameplayDebugger (311)
[2017.06.24-12.38.47:534][758]LogModuleManager: Shutting down and abandoning module AITestSuite (309)
[2017.06.24-12.38.47:534][758]LogModuleManager: Shutting down and abandoning module ProfilerService (306)
[2017.06.24-12.38.47:676][758]LogModuleManager: Shutting down and abandoning module TaskGraph (304)
[2017.06.24-12.38.47:685][758]LogModuleManager: Shutting down and abandoning module SteamVRController (302)
[2017.06.24-12.38.47:685][758]LogModuleManager: Shutting down and abandoning module SteamVR (300)
[2017.06.24-12.38.47:685][758]LogModuleManager: Shutting down and abandoning module ProceduralMeshComponentEditor (298)
[2017.06.24-12.38.47:685][758]LogModuleManager: Shutting down and abandoning module ProceduralMeshComponent (296)
[2017.06.24-12.38.47:686][758]LogModuleManager: Shutting down and abandoning module OculusLibrary (294)
[2017.06.24-12.38.47:686][758]LogModuleManager: Shutting down and abandoning module OculusInput (292)
[2017.06.24-12.38.47:686][758]LogModuleManager: Shutting down and abandoning module MobilePatchingUtils (290)
[2017.06.24-12.38.47:686][758]LogModuleManager: Shutting down and abandoning module CustomMeshComponent (288)
[2017.06.24-12.38.47:686][758]LogModuleManager: Shutting down and abandoning module CableComponent (286)
[2017.06.24-12.38.47:686][758]LogModuleManager: Shutting down and abandoning module ArchVisCharacter (284)
[2017.06.24-12.38.47:686][758]LogModuleManager: Shutting down and abandoning module MediaPlayerEditor (280)
[2017.06.24-12.38.47:689][758]LogModuleManager: Shutting down and abandoning module HTML5Networking (278)
[2017.06.24-12.38.47:689][758]LogModuleManager: Shutting down and abandoning module AlembicImporter (276)
[2017.06.24-12.38.47:689][758]LogModuleManager: Shutting down and abandoning module AlembicLibrary (275)
[2017.06.24-12.38.47:689][758]LogModuleManager: Shutting down and abandoning module GeometryCache (274)
[2017.06.24-12.38.47:690][758]LogModuleManager: Shutting down and abandoning module GeometryCacheEd (273)
[2017.06.24-12.38.47:690][758]LogModuleManager: Shutting down and abandoning module SuperSearchEditor (268)
[2017.06.24-12.38.47:690][758]LogModuleManager: Shutting down and abandoning module SuperSearch (267)
[2017.06.24-12.38.47:690][758]LogModuleManager: Shutting down and abandoning module SpeedTreeImporter (264)
[2017.06.24-12.38.47:690][758]LogModuleManager: Shutting down and abandoning module PluginBrowser (262)
[2017.06.24-12.38.47:692][758]LogModuleManager: Shutting down and abandoning module MobileLauncherProfileWizard (260)
[2017.06.24-12.38.47:694][758]LogModuleManager: Shutting down and abandoning module EpicSurvey (258)
[2017.06.24-12.38.47:694][758]LogModuleManager: Shutting down and abandoning module VisualStudioSourceCodeAccess (256)
[2017.06.24-12.38.47:694][758]LogModuleManager: Shutting down and abandoning module DesktopPlatform (255)
[2017.06.24-12.38.47:694][758]LogModuleManager: Shutting down and abandoning module UObjectPlugin (252)
[2017.06.24-12.38.47:694][758]LogModuleManager: Shutting down and abandoning module SubversionSourceControl (250)
[2017.06.24-12.38.47:695][758]LogModuleManager: Shutting down and abandoning module PerforceSourceControl (248)
[2017.06.24-12.38.47:697][758]LogModuleManager: Shutting down and abandoning module GitSourceControl (246)
[2017.06.24-12.38.47:698][758]LogModuleManager: Shutting down and abandoning module SourceControl (245)
[2017.06.24-12.38.47:698][758]LogModuleManager: Shutting down and abandoning module LightPropagationVolumeEditor (242)
[2017.06.24-12.38.47:699][758]LogModuleManager: Shutting down and abandoning module PaperTiledImporter (240)
[2017.06.24-12.38.47:699][758]LogModuleManager: Shutting down and abandoning module PaperSpriteSheetImporter (238)
[2017.06.24-12.38.47:699][758]LogModuleManager: Shutting down and abandoning module Paper2DEditor (236)
[2017.06.24-12.38.47:700][758]LogModuleManager: Shutting down and abandoning module MeshPaint (235)
[2017.06.24-12.38.47:701][758]LogModuleManager: Shutting down and abandoning module LevelEditor (233)
[2017.06.24-12.38.47:706][758]LogModuleManager: Shutting down and abandoning module PixelInspectorModule (232)
[2017.06.24-12.38.47:708][758]LogModuleManager: Shutting down and abandoning module MainFrame (230)
[2017.06.24-12.38.47:708][758]LogModuleManager: Shutting down and abandoning module HotReload (229)
[2017.06.24-12.38.47:711][758]LogModuleManager: Shutting down and abandoning module ContentBrowser (225)
[2017.06.24-12.38.47:718][758]LogModuleManager: Shutting down and abandoning module PhysXVehiclesEditor (222)
[2017.06.24-12.38.47:718][758]LogModuleManager: Shutting down and abandoning module PhysXVehicles (220)
[2017.06.24-12.38.47:718][758]LogModuleManager: Shutting down and abandoning module LocationServicesBPLibrary (218)
[2017.06.24-12.38.47:718][758]LogModuleManager: Shutting down and abandoning module UdpMessaging (216)
[2017.06.24-12.38.47:820][758]LogModuleManager: Shutting down and abandoning module TcpMessaging (214)
[2017.06.24-12.38.47:921][758]LogModuleManager: Shutting down and abandoning module GameplayTagsEditor (212)
[2017.06.24-12.38.47:922][758]LogModuleManager: Shutting down and abandoning module FacialAnimationEditor (210)
[2017.06.24-12.38.47:923][758]LogModuleManager: Shutting down and abandoning module FacialAnimation (208)
[2017.06.24-12.38.47:923][758]LogModuleManager: Shutting down and abandoning module LightPropagationVolumeRuntime (206)
[2017.06.24-12.38.47:923][758]LogModuleManager: Shutting down and abandoning module Paper2D (204)
[2017.06.24-12.38.47:924][758]LogModuleManager: Shutting down and abandoning module WindowsMoviePlayer (202)
[2017.06.24-12.38.47:924][758]LogModuleManager: Shutting down and abandoning module WmfMedia (200)
[2017.06.24-12.38.47:926][758]LogModuleManager: Shutting down and abandoning module MfMedia (198)
[2017.06.24-12.38.47:926][758]LogModuleManager: Shutting down and abandoning module MediaAssets (196)
[2017.06.24-12.38.47:926][758]LogModuleManager: Shutting down and abandoning module GameLiveStreaming (194)
[2017.06.24-12.38.47:927][758]LogModuleManager: Shutting down and abandoning module VREditor (192)
[2017.06.24-12.38.47:927][758]LogModuleManager: Shutting down and abandoning module GameplayTasksEditor (190)
[2017.06.24-12.38.47:927][758]LogModuleManager: Shutting down and abandoning module BehaviorTreeEditor (188)
[2017.06.24-12.38.47:929][758]LogModuleManager: Shutting down and abandoning module FunctionalTesting (186)
[2017.06.24-12.38.47:929][758]LogModuleManager: Shutting down and abandoning module CollisionAnalyzer (184)
[2017.06.24-12.38.47:931][758]LogModuleManager: Shutting down and abandoning module UMG (182)
[2017.06.24-12.38.47:931][758]LogModuleManager: Shutting down and abandoning module UMGEditor (181)
[2017.06.24-12.38.47:931][758]LogModuleManager: Shutting down and abandoning module Sequencer (180)
[2017.06.24-12.38.47:931][758]LogModuleManager: Shutting down and abandoning module AssetTools (178)
[2017.06.24-12.38.47:935][758]LogModuleManager: Shutting down and abandoning module MessageLog (177)
[2017.06.24-12.38.47:935][758]LogModuleManager: Shutting down and abandoning module WorkspaceMenuStructure (176)
[2017.06.24-12.38.47:935][758]LogModuleManager: Shutting down and abandoning module SlateReflector (170)
[2017.06.24-12.38.47:938][758]LogModuleManager: Shutting down and abandoning module Slate (168)
[2017.06.24-12.38.47:938][758]LogModuleManager: Shutting down and abandoning module EditorStyle (166)
[2017.06.24-12.38.47:948][758]LogModuleManager: Shutting down and abandoning module SourceCodeAccess (164)
[2017.06.24-12.38.47:948][758]LogModuleManager: Shutting down and abandoning module HeadMountedDisplay (162)
[2017.06.24-12.38.47:948][758]LogModuleManager: Shutting down and abandoning module XAudio2 (160)
[2017.06.24-12.38.47:948][758]LogModuleManager: Shutting down and abandoning module Networking (158)
[2017.06.24-12.38.47:948][758]LogModuleManager: Shutting down and abandoning module Core (154)
[2017.06.24-12.38.47:948][758]LogModuleManager: Shutting down and abandoning module AssetRegistry (152)
[2017.06.24-12.38.48:223][758]LogDirectoryWatcher: A directory notification for '../../../Engine/Content/' was aborted.
[2017.06.24-12.38.48:224][758]LogDirectoryWatcher: A directory notification for 'C:/Users/lenovo/Documents/GitHub/loli/萝莉/Content/' was aborted.
[2017.06.24-12.38.48:224][758]LogDirectoryWatcher: A directory notification for '../../../Engine/Plugins/2D/Paper2D/Content/' was aborted.
[2017.06.24-12.38.48:232][758]LogModuleManager: Shutting down and abandoning module DirectoryWatcher (151)
[2017.06.24-12.38.48:244][758]LogModuleManager: Shutting down and abandoning module KismetCompiler (148)
[2017.06.24-12.38.48:244][758]LogModuleManager: Shutting down and abandoning module PhysXFormats (146)
[2017.06.24-12.38.48:244][758]LogModuleManager: Shutting down and abandoning module MeshUtilities (144)
[2017.06.24-12.38.48:246][758]LogModuleManager: Shutting down and abandoning module SimplygonSwarm (143)
[2017.06.24-12.38.48:247][758]LogModuleManager: Shutting down and abandoning module SimplygonMeshReduction (141)
[2017.06.24-12.38.48:247][758]LogModuleManager: Shutting down and abandoning module QuadricMeshReduction (139)
[2017.06.24-12.38.48:247][758]LogModuleManager: Shutting down and abandoning module PropertyEditor (137)
[2017.06.24-12.38.48:249][758]LogModuleManager: Shutting down and abandoning module DerivedDataCache (134)
[2017.06.24-12.38.48:262][758]LogDerivedDataCache: Shutdown
[2017.06.24-12.38.48:262][758]LogModuleManager: Shutting down and abandoning module TargetPlatform (132)
[2017.06.24-12.38.48:263][758]LogModuleManager: Shutting down and abandoning module VulkanShaderFormat (131)
[2017.06.24-12.38.48:264][758]LogModuleManager: Shutting down and abandoning module ShaderFormatOpenGL (129)
[2017.06.24-12.38.48:264][758]LogModuleManager: Shutting down and abandoning module ShaderFormatD3D (127)
[2017.06.24-12.38.48:265][758]LogModuleManager: Shutting down and abandoning module MetalShaderFormat (125)
[2017.06.24-12.38.48:266][758]LogModuleManager: Shutting down and abandoning module TextureFormatUncompressed (123)
[2017.06.24-12.38.48:266][758]LogModuleManager: Shutting down and abandoning module TextureFormatPVR (121)
[2017.06.24-12.38.48:267][758]LogModuleManager: Shutting down and abandoning module TextureFormatDXT (119)
[2017.06.24-12.38.48:267][758]LogModuleManager: Shutting down and abandoning module TextureFormatIntelISPCTexComp (117)
[2017.06.24-12.38.48:270][758]LogModuleManager: Shutting down and abandoning module TextureFormatASTC (115)
[2017.06.24-12.38.48:270][758]LogModuleManager: Shutting down and abandoning module ImageWrapper (114)
[2017.06.24-12.38.48:270][758]LogModuleManager: Shutting down and abandoning module TextureFormatAndroid (111)
[2017.06.24-12.38.48:270][758]LogModuleManager: Shutting down and abandoning module AudioFormatOpus (109)
[2017.06.24-12.38.48:271][758]LogModuleManager: Shutting down and abandoning module AudioFormatOgg (107)
[2017.06.24-12.38.48:271][758]LogModuleManager: Shutting down and abandoning module AudioFormatADPCM (105)
[2017.06.24-12.38.48:271][758]LogModuleManager: Shutting down and abandoning module LinuxTargetPlatform (103)
[2017.06.24-12.38.48:271][758]LogModuleManager: Shutting down and abandoning module LinuxServerTargetPlatform (101)
[2017.06.24-12.38.48:271][758]LogModuleManager: Shutting down and abandoning module LinuxNoEditorTargetPlatform (99)
[2017.06.24-12.38.48:271][758]LogModuleManager: Shutting down and abandoning module LinuxClientTargetPlatform (97)
[2017.06.24-12.38.48:271][758]LogModuleManager: Shutting down and abandoning module TVOSTargetPlatform (95)
[2017.06.24-12.38.48:271][758]LogModuleManager: Shutting down and abandoning module Messaging (93)
[2017.06.24-12.38.48:271][758]LogModuleManager: Shutting down and abandoning module IOSTargetPlatform (91)
[2017.06.24-12.38.48:272][758]LogModuleManager: Shutting down and abandoning module HTML5TargetPlatform (89)
[2017.06.24-12.38.48:272][758]LogModuleManager: Shutting down and abandoning module Android_PVRTCTargetPlatform (87)
[2017.06.24-12.38.48:272][758]LogModuleManager: Shutting down and abandoning module Android_MultiTargetPlatform (85)
[2017.06.24-12.38.48:272][758]LogModuleManager: Shutting down and abandoning module Android_ETC2TargetPlatform (83)
[2017.06.24-12.38.48:272][758]LogModuleManager: Shutting down and abandoning module Android_ETC1TargetPlatform (81)
[2017.06.24-12.38.48:272][758]LogModuleManager: Shutting down and abandoning module Android_DXTTargetPlatform (79)
[2017.06.24-12.38.48:272][758]LogModuleManager: Shutting down and abandoning module Android_ATCTargetPlatform (77)
[2017.06.24-12.38.48:272][758]LogModuleManager: Shutting down and abandoning module Android_ASTCTargetPlatform (75)
[2017.06.24-12.38.48:272][758]LogModuleManager: Shutting down and abandoning module AndroidTargetPlatform (73)
[2017.06.24-12.38.48:272][758]LogModuleManager: Shutting down and abandoning module WindowsTargetPlatform (71)
[2017.06.24-12.38.48:272][758]LogModuleManager: Shutting down and abandoning module WindowsServerTargetPlatform (69)
[2017.06.24-12.38.48:272][758]LogModuleManager: Shutting down and abandoning module WindowsNoEditorTargetPlatform (67)
[2017.06.24-12.38.48:272][758]LogModuleManager: Shutting down and abandoning module WindowsClientTargetPlatform (65)
[2017.06.24-12.38.48:272][758]LogModuleManager: Shutting down and abandoning module MacTargetPlatform (63)
[2017.06.24-12.38.48:272][758]LogModuleManager: Shutting down and abandoning module MacServerTargetPlatform (61)
[2017.06.24-12.38.48:273][758]LogModuleManager: Shutting down and abandoning module MacNoEditorTargetPlatform (59)
[2017.06.24-12.38.48:273][758]LogModuleManager: Shutting down and abandoning module MacClientTargetPlatform (57)
[2017.06.24-12.38.48:273][758]LogModuleManager: Shutting down and abandoning module AllDesktopTargetPlatform (55)
[2017.06.24-12.38.48:273][758]LogModuleManager: Shutting down and abandoning module InputCore (52)
[2017.06.24-12.38.48:273][758]LogModuleManager: Shutting down and abandoning module Settings (50)
[2017.06.24-12.38.48:273][758]LogModuleManager: Shutting down and abandoning module OculusRift (48)
[2017.06.24-12.38.48:274][758]LogModuleManager: Shutting down and abandoning module GearVR (46)
[2017.06.24-12.38.48:274][758]LogModuleManager: Shutting down and abandoning module ExampleDeviceProfileSelector (44)
[2017.06.24-12.38.48:274][758]LogModuleManager: Shutting down and abandoning module OnlineBlueprintSupport (42)
[2017.06.24-12.38.48:274][758]LogModuleManager: Shutting down and abandoning module OnlineSubsystem (38)
[2017.06.24-12.38.48:274][758]LogOnline:Display: Unloading online subsystem: NULL
[2017.06.24-12.38.48:276][758]LogModuleManager: Shutting down and abandoning module XMPP (37)
[2017.06.24-12.38.48:277][758]LogModuleManager: Shutting down and abandoning module HTTP (35)
[2017.06.24-12.38.48:278][758]LogHttp:Display: Http module shutting down, but needs to wait on 1 outstanding Http requests:
[2017.06.24-12.38.48:278][758]LogHttp:Display: 	verb=[POST] url=[https://datarouter.ol.epicgames.com/datarouter/api/v1/public/data?SessionID=%7BF2454690-4491-1637-5FDF-B09DB588A0AD%7D&AppID=UEEditor.Rocket.Release&AppVersion=4.15.2-3416026%2B%2B%2BUE4%2BRelease-4.15&UserID=fc0ab5e14c29e395dee894bb26e0e4c8%7Ccbf7e4b3a2fa4a3483ff9ae11ae13430%7C0a898179-1db4-4ad6-89ab-2983492e6393&AppEnvironment=datacollector-binary&UploadType=eteventstream] status=Processing
[2017.06.24-12.38.48:291][758]LogModuleManager: Shutting down and abandoning module SSL (34)
[2017.06.24-12.38.48:297][758]LogModuleManager: Shutting down and abandoning module AudioEditor (30)
[2017.06.24-12.38.48:298][758]LogModuleManager: Shutting down and abandoning module TextureCompressor (28)
[2017.06.24-12.38.48:300][758]LogModuleManager: Shutting down and abandoning module ShaderCore (26)
[2017.06.24-12.38.48:301][758]LogModuleManager: Shutting down and abandoning module Landscape (24)
[2017.06.24-12.38.48:301][758]LogModuleManager: Shutting down and abandoning module SlateRHIRenderer (22)
[2017.06.24-12.38.48:422][758]LogModuleManager: Shutting down and abandoning module OpenGLDrv (20)
[2017.06.24-12.38.48:430][758]LogModuleManager: Shutting down and abandoning module D3D11RHI (18)
[2017.06.24-12.38.48:430][758]LogModuleManager: Shutting down and abandoning module AnimGraphRuntime (16)
[2017.06.24-12.38.48:431][758]LogModuleManager: Shutting down and abandoning module Renderer (14)
[2017.06.24-12.38.48:431][758]LogModuleManager: Shutting down and abandoning module Engine (12)
[2017.06.24-12.38.48:433][758]LogModuleManager: Shutting down and abandoning module CoreUObject (10)
[2017.06.24-12.38.48:436][758]LogModuleManager: Shutting down and abandoning module NetworkFile (8)
[2017.06.24-12.38.48:442][758]LogModuleManager: Shutting down and abandoning module StreamingFile (6)
[2017.06.24-12.38.48:442][758]LogModuleManager: Shutting down and abandoning module SandboxFile (4)
[2017.06.24-12.38.48:442][758]LogModuleManager: Shutting down and abandoning module PakFile (2)
[2017.06.24-12.38.48:452][758]LogExit: Exiting.
[2017.06.24-12.38.48:471][758]Log file closed, 06/24/17 20:38:48
