Log file open, 06/25/17 12:19:56
LogInit:Display: Running engine for game: 萝莉
LogPlatformFile: Not using cached read wrapper
LogInit:Display: RandInit(633047431) SRandInit(633047432).
LogTaskGraph: Started task graph with 5 named threads and 8 total threads with 1 sets of task threads.
LogStats: Stats thread started at 0.949791
LogInit: Using libcurl 7.47.1
LogInit:  - built for x86_64-pc-win32
LogInit:  - supports SSL with OpenSSL/1.0.2g
LogInit:  - supports HTTP deflate (compression) using libz 1.2.8
LogInit:  - other features:
LogInit:      CURL_VERSION_SSL
LogInit:      CURL_VERSION_LIBZ
LogInit:      CURL_VERSION_IPV6
LogInit:      CURL_VERSION_ASYNCHDNS
LogInit:      CURL_VERSION_LARGEFILE
LogInit:      CURL_VERSION_IDN
LogInit:  CurlRequestOptions (configurable via config and command line):
LogInit:  - bVerifyPeer = false  - Libcurl will NOT verify peer certificate
LogInit:  - bUseHttpProxy = false  - Libcurl will NOT use HTTP proxy
LogInit:  - bDontReuseConnections = false  - Libcurl will reuse connections
LogInit:  - CertBundlePath = nullptr  - Libcurl will use whatever was configured at build time.
LogInit: Build: ++UE4+Release-4.15-CL-3416026
LogInit: Engine Version: 4.15.2-3416026+++UE4+Release-4.15
LogInit: Compatible Engine Version: 4.15.0-3299760+++UE4+Release-4.15
LogInit: Net CL: 3299760
LogDevObjectVersion: Number of dev versions registered: 14
LogDevObjectVersion:   Dev-Blueprints (B0D832E4-1F89-4F0D-ACCF-7EB736FD4AA2): 8
LogDevObjectVersion:   Dev-Build (E1C64328-A22C-4D53-A36C-8E866417BD8C): 0
LogDevObjectVersion:   Dev-Core (375EC13C-06E4-48FB-B500-84F0262A717E): 2
LogDevObjectVersion:   Dev-Editor (E4B068ED-F494-42E9-A231-DA0B2E46BB41): 14
LogDevObjectVersion:   Dev-Framework (CFFC743F-43B0-4480-9391-14DF171D2073): 22
LogDevObjectVersion:   Dev-Mobile (B02B49B5-BB20-44E9-A304-32B752E40360): 0
LogDevObjectVersion:   Dev-Networking (A4E4105C-59A1-49B5-A7C5-40C4547EDFEE): 0
LogDevObjectVersion:   Dev-Online (39C831C9-5AE6-47DC-9A44-9C173E1C8E7C): 0
LogDevObjectVersion:   Dev-Physics (78F01B33-EBEA-4F98-B9B4-84EACCB95AA2): 0
LogDevObjectVersion:   Dev-Platform (6631380F-2D4D-43E0-8009-CF276956A95A): 0
LogDevObjectVersion:   Dev-Rendering (12F88B9F-8875-4AFC-A67C-D90C383ABD29): 12
LogDevObjectVersion:   Dev-Sequencer (7B5AE74C-D270-4C10-A958-57980B212A5A): 3
LogDevObjectVersion:   Dev-VR (D7296918-1DD6-4BDD-9DE2-64A83CC13884): 0
LogDevObjectVersion:   Dev-LoadTimes (C2A15278-BFE7-4AFE-6C17-90FF531DF755): 1
LogInit: Compiled (64-bit): May  1 2017 13:11:28
LogInit: Compiled with Visual C++: 19.00.23026.00
LogInit: Build Configuration: Development
LogInit: Branch Name: ++UE4+Release-4.15
LogInit: Command line:  
LogInit: Base directory: D:/Epic Games/UE_4.15/Engine/Binaries/Win64/
LogInit: Installed Engine Build: 1
LogInit: Presizing for max 8388607 objects, including 0 objects not considered by GC, pre-allocating 0 bytes for permanent pool.
LogInit: Object subsystem initialized
[2017.06.25-04.19.58:727][  0]LogInit: Selected Device Profile: [Windows]
[2017.06.25-04.19.58:727][  0]LogInit: Applying CVar settings loaded from the selected device profile: [Windows]
[2017.06.25-04.19.58:764][  0]LogInit: Computer: DESKTOP-44SKKF1
[2017.06.25-04.19.58:764][  0]LogInit: User: 1
[2017.06.25-04.19.58:764][  0]LogInit: CPU Page size=65536, Cores=4
[2017.06.25-04.19.58:764][  0]LogInit: High frequency timer resolution =1.754523 MHz
[2017.06.25-04.19.58:765][  0]LogMemory: Memory total: Physical=7.3GB (8GB approx)
[2017.06.25-04.19.58:765][  0]LogMemory: Platform Memory Stats for Windows
[2017.06.25-04.19.58:765][  0]LogMemory: Process Physical Memory: 262.91 MB used, 262.91 MB peak
[2017.06.25-04.19.58:765][  0]LogMemory: Process Virtual Memory: 262.64 MB used, 262.64 MB peak
[2017.06.25-04.19.58:765][  0]LogMemory: Physical Memory: 3849.96 MB used,  3635.38 MB free, 7485.34 MB total
[2017.06.25-04.19.58:765][  0]LogMemory: Virtual Memory: 643.93 MB used,  3635.38 MB free, 134217728.00 MB total
[2017.06.25-04.19.59:131][  0]LogInit: Overriding culture en with editor configuration.
[2017.06.25-04.20.01:159][  0]LogD3D11RHI: D3D11 adapters:
[2017.06.25-04.20.01:211][  0]LogD3D11RHI:    0. 'AMD Radeon R6 Graphics' (Feature Level 11_0)
[2017.06.25-04.20.01:211][  0]LogD3D11RHI:       487/0/3742 MB DedicatedVideo/DedicatedSystem/SharedSystem, Outputs:1, VendorId:0x1002
[2017.06.25-04.20.01:215][  0]LogD3D11RHI:    1. 'Microsoft Basic Render Driver' (Feature Level 11_0)
[2017.06.25-04.20.01:215][  0]LogD3D11RHI:       0/0/3742 MB DedicatedVideo/DedicatedSystem/SharedSystem, Outputs:0, VendorId:0x1414
[2017.06.25-04.20.01:215][  0]LogD3D11RHI: Chosen D3D11 Adapter: 0
[2017.06.25-04.20.01:245][  0]LogD3D11RHI: Creating new Direct3DDevice
[2017.06.25-04.20.01:245][  0]LogD3D11RHI:     GPU DeviceId: 0x9874 (for the marketing name, search the web for "GPU Device Id")
[2017.06.25-04.20.01:245][  0]LogWindows: EnumDisplayDevices:
[2017.06.25-04.20.01:245][  0]LogWindows:    0. 'AMD Radeon R6 Graphics' (P:1 D:1)
[2017.06.25-04.20.01:247][  0]LogWindows:    1. 'AMD Radeon R6 Graphics' (P:0 D:0)
[2017.06.25-04.20.01:249][  0]LogWindows:    2. 'AMD Radeon R6 Graphics' (P:0 D:0)
[2017.06.25-04.20.01:251][  0]LogWindows: DebugString: FoundDriverCount:3 
[2017.06.25-04.20.01:251][  0]LogD3D11RHI:     Adapter Name: AMD Radeon R6 Graphics
[2017.06.25-04.20.01:251][  0]LogD3D11RHI:   Driver Version: Crimson ReLive 17.1.1 (internal:22.19.162.4, unified:22.19.162.4)
[2017.06.25-04.20.01:251][  0]LogD3D11RHI:      Driver Date: 4-24-2017
[2017.06.25-04.20.01:251][  0]LogRHI: Texture pool is 340 MB (70% of 487 MB)
[2017.06.25-04.20.01:682][  0]LogD3D11RHI: Async texture creation enabled
[2017.06.25-04.20.01:743][  0]LogD3D11RHI: GPU Timing Frequency: 100.000000 (Debug: 2 1)
[2017.06.25-04.20.01:756][  0]LogShaderCompilers: Guid format shader working directory is 6 characters bigger than the processId version (C:/Users/lenovo/Documents/GitHub/loli/萝莉/Intermediate/Shaders/WorkingDirectory/34336/).
[2017.06.25-04.20.01:757][  0]LogShaderCompilers: Cleaned the shader compiler working directory 'C:/Users/lenovo/AppData/Local/Temp/UnrealShaderWorkingDir/F7BAC5004D1F1C030EC1CEA322596912/'.
[2017.06.25-04.20.01:759][  0]LogShaderCompilers:Display: Using Local Shader Compiler.
[2017.06.25-04.20.06:454][  0]LogTemp:Display: Loaded TP AllDesktopTargetPlatform
[2017.06.25-04.20.06:606][  0]LogTemp:Display: Loaded TP MacClientTargetPlatform
[2017.06.25-04.20.06:770][  0]LogTemp:Display: Loaded TP MacNoEditorTargetPlatform
[2017.06.25-04.20.06:920][  0]LogTemp:Display: Loaded TP MacServerTargetPlatform
[2017.06.25-04.20.07:074][  0]LogTemp:Display: Loaded TP MacTargetPlatform
[2017.06.25-04.20.07:220][  0]LogTemp:Display: Loaded TP WindowsClientTargetPlatform
[2017.06.25-04.20.07:372][  0]LogTemp:Display: Loaded TP WindowsNoEditorTargetPlatform
[2017.06.25-04.20.07:531][  0]LogTemp:Display: Loaded TP WindowsServerTargetPlatform
[2017.06.25-04.20.07:665][  0]LogTemp:Display: Loaded TP WindowsTargetPlatform
[2017.06.25-04.20.07:807][  0]LogTemp:Display: Loaded TP AndroidTargetPlatform
[2017.06.25-04.20.07:957][  0]LogTemp:Display: Loaded TP Android_ASTCTargetPlatform
[2017.06.25-04.20.08:098][  0]LogTemp:Display: Loaded TP Android_ATCTargetPlatform
[2017.06.25-04.20.08:242][  0]LogTemp:Display: Loaded TP Android_DXTTargetPlatform
[2017.06.25-04.20.08:384][  0]LogTemp:Display: Loaded TP Android_ETC1TargetPlatform
[2017.06.25-04.20.08:535][  0]LogTemp:Display: Loaded TP Android_ETC2TargetPlatform
[2017.06.25-04.20.08:863][  0]LogTemp:Display: Loaded TP Android_MultiTargetPlatform
[2017.06.25-04.20.08:863][  0]LogTemp:Display: Loaded TP Android_PVRTCTargetPlatform
[2017.06.25-04.20.08:974][  0]LogTemp:Display: Loaded TP HTML5TargetPlatform
[2017.06.25-04.20.09:213][  0]LogTemp:Display: Loaded TP IOSTargetPlatform
[2017.06.25-04.20.09:319][  0]LogTemp:Display: Loaded TP TVOSTargetPlatform
[2017.06.25-04.20.09:510][  0]LogTemp:Display: Loaded TP LinuxClientTargetPlatform
[2017.06.25-04.20.09:671][  0]LogTemp:Display: Loaded TP LinuxNoEditorTargetPlatform
[2017.06.25-04.20.09:820][  0]LogTemp:Display: Loaded TP LinuxServerTargetPlatform
[2017.06.25-04.20.09:968][  0]LogTemp:Display: Loaded TP LinuxTargetPlatform
[2017.06.25-04.20.09:968][  0]LogTargetPlatformManager:Display: Building Assets For Windows
[2017.06.25-04.20.11:365][  0]LogDerivedDataCache:Display: Max Cache Size: 512 MB
[2017.06.25-04.20.11:746][  0]LogDerivedDataCache: Loaded boot cache 0.38s 50MB C:/Users/lenovo/AppData/Local/UnrealEngine/4.15/DerivedDataCache/Boot.ddc.
[2017.06.25-04.20.11:746][  0]LogDerivedDataCache:Display: Loaded Boot cache: C:/Users/lenovo/AppData/Local/UnrealEngine/4.15/DerivedDataCache/Boot.ddc
[2017.06.25-04.20.11:747][  0]LogDerivedDataCache: FDerivedDataBackendGraph:  Pak pak cache file C:/Users/lenovo/Documents/GitHub/loli/萝莉/DerivedDataCache/DDC.ddp not found, will not use a pak cache.
[2017.06.25-04.20.11:747][  0]LogDerivedDataCache: Unable to find inner node Pak for hierarchical cache Hierarchy.
[2017.06.25-04.20.11:747][  0]LogDerivedDataCache: FDerivedDataBackendGraph:  CompressedPak pak cache file C:/Users/lenovo/Documents/GitHub/loli/萝莉/DerivedDataCache/Compressed.ddp not found, will not use a pak cache.
[2017.06.25-04.20.11:747][  0]LogDerivedDataCache: Unable to find inner node CompressedPak for hierarchical cache Hierarchy.
[2017.06.25-04.20.11:792][  0]LogDerivedDataCache:Display: Pak cache opened for reading ../../../Engine/DerivedDataCache/Compressed.ddp.
[2017.06.25-04.20.11:811][  0]LogDerivedDataCache: Using Local data cache path C:/Users/lenovo/AppData/Local/UnrealEngine/Common/DerivedDataCache: Writable
[2017.06.25-04.20.11:849][  0]LogSlate: Using Freetype 2.6.0
[2017.06.25-04.20.11:857][  0]LogSlate: SlateFontCache - WITH_FREETYPE: 1, WITH_HARFBUZZ: 1
[2017.06.25-04.20.11:857][  0]LogSlate: SlateFontCache - WITH_FREETYPE: 1, WITH_HARFBUZZ: 1
[2017.06.25-04.20.13:596][  0]LogInit: Selected Device Profile: [Windows]
[2017.06.25-04.20.13:610][  0]LogContentStreaming: Texture pool size is 0.00 MB
[2017.06.25-04.20.14:184][  0]LogMeshUtilities: Using QuadricMeshReduction for automatic static mesh reduction
[2017.06.25-04.20.14:310][  0]LogSimplygon: Simplygon DLL not present - disabling.
[2017.06.25-04.20.14:441][  0]LogMeshUtilities: Using SimplygonSwarm for distributed automatic mesh merging
[2017.06.25-04.20.14:441][  0]LogMeshUtilities: No automatic skeletal mesh reduction module available
[2017.06.25-04.20.14:441][  0]LogMeshUtilities: No automatic mesh merging module available
[2017.06.25-04.20.16:526][  0]LogNetVersion: GetLocalNetworkVersion: CL: 3299760, ProjectName: 萝莉, ProjectVersion: , EngineNetworkVersion: 2, GameNetworkVersion: 0, NetworkChecksum: 2312337547
[2017.06.25-04.20.16:627][  0]LogAssetRegistry: FAssetRegistry took 0.0255 seconds to start up
[2017.06.25-04.20.16:773][  0]LogPackageLocalizationCache: Processed 3 localized package path(s) for 1 prioritized culture(s) in 0.081113 seconds
[2017.06.25-04.20.16:791][  0]LogUObjectArray: 32493 objects as part of root set at end of initial load.
[2017.06.25-04.20.16:791][  0]LogUObjectAllocator: 7077032 out of 0 bytes used by permanent object pool.
[2017.06.25-04.20.16:791][  0]LogUObjectArray: CloseDisregardForGC: 0/0 objects in disregard for GC pool
[2017.06.25-04.20.16:983][  0]LogInit: WinSock: version 1.1 (2.2), MaxSocks=32767, MaxUdp=65467
[2017.06.25-04.20.23:090][  0]LogTcpMessaging: Initializing TcpMessaging bridge
[2017.06.25-04.20.23:184][  0]LogUdpMessaging: Initializing bridge on interface 0.0.0.0:0 to multicast group 230.0.0.1:6666.
[2017.06.25-04.20.24:618][  0]LogMaterial: Uniform references updated for custom material expression Custom.
[2017.06.25-04.20.25:850][  0]SourceControl: Info Source control is disabled
[2017.06.25-04.20.25:857][  0]SourceControl: Info Source control is disabled
[2017.06.25-04.20.26:031][  0]SourceControl: Info Source control is disabled
[2017.06.25-04.20.26:164][  0]SourceControl: Info Source control is disabled
[2017.06.25-04.20.29:966][  0]LogEngine: Initializing Engine...
[2017.06.25-04.20.29:972][  0]LogHMD: Failed to initialize OpenVR with code 110
[2017.06.25-04.20.30:267][  0]LogStats: UGameplayTagsManager::ConstructGameplayTagTree: Construct from data asset -  0.000 s
[2017.06.25-04.20.30:268][  0]LogStats: UGameplayTagsManager::ConstructGameplayTagTree: GameplayTagTreeChangedEvent.Broadcast -  0.000 s
[2017.06.25-04.20.30:654][  0]LogAIModule: Creating AISystem for world Untitled
[2017.06.25-04.20.30:717][  0]LogInit: XAudio2 using '扬声器 (Conexant SmartAudio HD)' : 2 channels at 48 kHz using 32 bits per sample (channel mask 0x3)
[2017.06.25-04.20.31:885][  0]LogInit: FAudioDevice initialized.
[2017.06.25-04.20.31:970][  0]LogDerivedDataCache: Saved boot cache 0.09s 50MB C:/Users/lenovo/AppData/Local/UnrealEngine/4.15/DerivedDataCache/Boot.ddc.
[2017.06.25-04.20.31:986][  0]LogInit: Texture streaming: Enabled
[2017.06.25-04.20.32:254][  0]LogEngineSessionManager: EngineSessionManager initialized
[2017.06.25-04.20.32:536][  0]LogInit: Transaction tracking system initialized
[2017.06.25-04.20.33:663][  0]BlueprintLog: New page: Editor Load
[2017.06.25-04.20.36:897][  0]LocalizationService: Info Localization service is disabled
[2017.06.25-04.20.39:235][  0]LogConsoleResponse:Display: 
[2017.06.25-04.20.39:662][  0]LogCook:Display: Max memory allowance for cook 16384mb min free memory 0mb
[2017.06.25-04.20.39:662][  0]LogCook:Display: Mobile HDR setting 1
[2017.06.25-04.20.40:837][  0]LogFileCache: Scanning file cache for directory 'C:/Users/lenovo/Documents/GitHub/loli/萝莉/Content/' took 0.03s
[2017.06.25-04.20.42:813][  0]SourceControl: Info Source control is disabled
[2017.06.25-04.20.42:817][  0]Cmd: MAP LOAD FILE="C:/Users/lenovo/Documents/GitHub/loli/萝莉/Content/ThirdPersonBP/Maps/ThirdPersonExampleMap.umap" TEMPLATE=0 SHOWPROGRESS=1 FEATURELEVEL=3
[2017.06.25-04.20.42:820][  0]LightingResults: New page: Lighting Build
[2017.06.25-04.20.42:972][  0]MapCheck: New page: Map Check
[2017.06.25-04.20.42:972][  0]LightingResults: New page: Lighting Build
[2017.06.25-04.20.46:392][  0]LogAIModule: Creating AISystem for world ThirdPersonExampleMap
[2017.06.25-04.20.46:490][  0]LogEditorServer: Finished looking for orphan Actors (0.000 secs)
[2017.06.25-04.20.46:493][  0]Cmd: MAP CHECKDEP NOCLEARLOG
[2017.06.25-04.20.46:624][  0]MapCheck: Info Map check complete: 0 Error(s), 0 Warning(s), took 129.337ms to complete.
[2017.06.25-04.20.46:624][  0]LogFileHelpers: Loading map 'ThirdPersonExampleMap' took 3.809
[2017.06.25-04.20.47:135][  0]LogCollectionManager: Loaded 0 collections in 0.004494 seconds
[2017.06.25-04.20.47:329][  0]LogFileCache: Scanning file cache for directory 'C:/Users/lenovo/Documents/GitHub/loli/萝莉/Saved/Collections/' took 0.01s
[2017.06.25-04.20.47:330][  0]LogFileCache: Scanning file cache for directory 'C:/Users/lenovo/Documents/GitHub/loli/萝莉/Content/Developers/1/Collections/' took 0.01s
[2017.06.25-04.20.47:330][  0]LogFileCache: Scanning file cache for directory 'C:/Users/lenovo/Documents/GitHub/loli/萝莉/Content/Collections/' took 0.01s
[2017.06.25-04.20.47:330][  0]LogCollectionManager: Rebuilt the GUID cache for 0 collections in 0.000005 seconds
[2017.06.25-04.20.47:356][  0]LogContentBrowser: Native class hierarchy populated in 0.0230 seconds. Added 2245 classes and 453 folders.
[2017.06.25-04.20.47:547][  0]LogContentBrowser: Native class hierarchy updated for 'WidgetCarousel' in 0.0011 seconds. Added 0 classes and 0 folders.
[2017.06.25-04.20.47:870][  0]LogContentBrowser: Native class hierarchy updated for 'AddContentDialog' in 0.0010 seconds. Added 0 classes and 0 folders.
[2017.06.25-04.20.47:997][  0]LogContentBrowser: Native class hierarchy updated for 'SceneOutliner' in 0.0011 seconds. Added 1 classes and 2 folders.
[2017.06.25-04.20.48:429][  0]LogCrashTracker: Crashtracker disabled due to settings.
[2017.06.25-04.20.48:457][  0]LogUObjectGlobals:Warning: Failed to find object 'Class None.'
[2017.06.25-04.20.48:647][  0]LogContentBrowser: Native class hierarchy updated for 'HierarchicalLODOutliner' in 0.0013 seconds. Added 1 classes and 2 folders.
[2017.06.25-04.20.48:648][  0]LogLoad: (Engine Initialization) Total time: 56.30 seconds
[2017.06.25-04.20.48:648][  0]LogLoad: (Engine Initialization) Total Blueprint compile time: 1.24 seconds
[2017.06.25-04.20.48:648][  0]LogExternalProfiler: Found external profiler: VSPerf
[2017.06.25-04.20.48:648][  0]LogExternalProfiler: Using external profiler: VSPerf
[2017.06.25-04.20.49:118][  0]LogOcInput: OculusInput pre-init called
[2017.06.25-04.20.49:158][  0]LogContentStreaming: Texture pool size now 400 MB
[2017.06.25-04.20.49:167][  0]LogSlate: Took 0.002766 seconds to synchronously load lazily loaded font '../../../Engine/Content/Slate/Fonts/Roboto-Regular.ttf' (155K)
[2017.06.25-04.20.49:192][  0]LogSlate: Took 0.024891 seconds to synchronously load lazily loaded font '../../../Engine/Content/Slate/Fonts/DroidSansFallback.ttf' (3848K)
[2017.06.25-04.20.49:205][  0]LogSlate: Took 0.002315 seconds to synchronously load lazily loaded font '../../../Engine/Content/Slate/Fonts/Roboto-Bold.ttf' (160K)
[2017.06.25-04.20.49:222][  0]LogSlate: Took 0.002806 seconds to synchronously load lazily loaded font '../../../Engine/Content/Editor/Slate/Fonts/FontAwesome.ttf' (139K)
[2017.06.25-04.20.49:546][  0]LogSlate: Took 0.001879 seconds to synchronously load lazily loaded font '../../../Engine/Content/Slate/Fonts/Roboto-Light.ttf' (159K)
[2017.06.25-04.20.49:687][  0]LogRenderer: Reallocating scene render targets to support 988x424 NumSamples 1 (Frame:2).
[2017.06.25-04.20.50:183][  2]LogSlate: Took 0.000938 seconds to synchronously load lazily loaded font '../../../Engine/Content/Slate/Fonts/Roboto-Light.ttf' (159K)
[2017.06.25-04.20.50:831][  4]LogAssetRegistry: Asset discovery search completed in 34.2275 seconds
[2017.06.25-04.20.50:831][  4]LogCollectionManager: Rebuilt the object cache for 0 collections in 0.000030 seconds (found 0 objects)
[2017.06.25-04.20.50:831][  4]LogCollectionManager: Fixed up redirectors for 0 collections in 0.000068 seconds (updated 0 objects)
[2017.06.25-04.23.56:233][561]LogHttp:Warning: 00000253EEF23E80: request failed, libcurl error: 0 (No error)
[2017.06.25-04.23.56:233][561]LogHttp:Warning: 00000253EEF23E80: libcurl info message cache 0 (Found bundle for host cdn.unrealengine.com: 0x253df943fe8 [can pipeline])
[2017.06.25-04.23.56:233][561]LogHttp:Warning: 00000253EEF23E80: libcurl info message cache 1 (Re-using existing connection! (#0) with host cdn.unrealengine.com)
[2017.06.25-04.23.56:233][561]LogHttp:Warning: 00000253EEF23E80: libcurl info message cache 2 (Connected to cdn.unrealengine.com (13.32.195.191) port 80 (#0))
[2017.06.25-04.23.56:233][561]LogHttp:Warning: 00000253EEF23E80: libcurl info message cache 3 (Closing connection 0)
[2017.06.25-04.25.15:269][186]LogEditorViewport: Clicking on Actor (LMB): TPDefaultChar_C (TPDefaultChar)
[2017.06.25-04.25.43:493][875]LogAnimation:Warning: Animation xiaoyu_zhanli is incompatible with skeleton UE4_Mannequin_Skeleton, removing animation from actor.
[2017.06.25-04.25.54:830][181]LogPhysics:Warning: Initialising Body : Scale3D is (nearly) zero: Component: TPDefaultChar2.StaticMeshComponent_46 MatineeCam_SM 
[2017.06.25-04.25.54:833][181]LogPhysics:Warning: Initialising Body : Scale3D is (nearly) zero: Component: TPDefaultChar2.StaticMeshComponent_46 MatineeCam_SM 
[2017.06.25-04.25.58:697][290]LogPhysics:Warning: Initialising Body : Scale3D is (nearly) zero: Component: TPDefaultChar2.StaticMeshComponent_52 MatineeCam_SM 
[2017.06.25-04.25.58:699][290]LogPhysics:Warning: Initialising Body : Scale3D is (nearly) zero: Component: TPDefaultChar2.StaticMeshComponent_52 MatineeCam_SM 
[2017.06.25-04.27.00:004][918]LogSlate: Took 0.000912 seconds to synchronously load lazily loaded font '../../../Engine/Content/Slate/Fonts/Roboto-Light.ttf' (159K)
[2017.06.25-04.27.08:274][162]LogEditorViewport: Clicking on Actor (LMB): StaticMeshActor (Floor)
[2017.06.25-04.27.09:330][186]LogEditorViewport: Clicking on Actor (LMB): TPDefaultChar_C (TPDefaultChar)
[2017.06.25-04.27.10:847][215]Cmd: DELETE
[2017.06.25-04.27.10:847][215]Cmd: ACTOR DELETE
[2017.06.25-04.27.10:853][215]LogEditorActor: Deleted Actor: TPDefaultChar_C
[2017.06.25-04.27.10:969][215]LogEditorActor: Deleted 1 Actors (0.119 secs)
[2017.06.25-04.27.12:303][262]LogTemp: Repeting last play command: Selected Viewport
[2017.06.25-04.27.12:354][262]LogBlueprintUserMessages: Early PlayInEditor Detection: Level '/Game/ThirdPersonBP/Maps/ThirdPersonExampleMap.ThirdPersonExampleMap:PersistentLevel' has LevelScriptBlueprint '/Game/ThirdPersonBP/Maps/ThirdPersonExampleMap.ThirdPersonExampleMap:PersistentLevel.ThirdPersonExampleMap' with GeneratedClass '/Game/ThirdPersonBP/Maps/ThirdPersonExampleMap.ThirdPersonExampleMap_C' with ClassGeneratedBy '/Game/ThirdPersonBP/Maps/ThirdPersonExampleMap.ThirdPersonExampleMap:PersistentLevel.ThirdPersonExampleMap'
[2017.06.25-04.27.12:355][262]LogPlayLevel: PlayLevel: No blueprints needed recompiling
[2017.06.25-04.27.12:363][262]PIE: New page: PIE session: ThirdPersonExampleMap (Jun 25, 2017, 8:27:12 PM)
[2017.06.25-04.27.12:364][262]LogPlayLevel: Creating play world package: /Game/ThirdPersonBP/Maps/UEDPIE_0_ThirdPersonExampleMap
[2017.06.25-04.27.12:446][262]LogPlayLevel: PIE: StaticDuplicateObject took: (0.081478s)
[2017.06.25-04.27.12:449][262]LogAIModule: Creating AISystem for world ThirdPersonExampleMap
[2017.06.25-04.27.12:449][262]LogPlayLevel: PIE: World Init took: (0.003347s)
[2017.06.25-04.27.12:450][262]LogPlayLevel: PIE: Created PIE world by copying editor world from /Game/ThirdPersonBP/Maps/ThirdPersonExampleMap.ThirdPersonExampleMap to /Game/ThirdPersonBP/Maps/UEDPIE_0_ThirdPersonExampleMap.ThirdPersonExampleMap (0.086338s)
[2017.06.25-04.27.12:515][262]LogInit: XAudio2 using '扬声器 (Conexant SmartAudio HD)' : 2 channels at 48 kHz using 32 bits per sample (channel mask 0x3)
[2017.06.25-04.27.12:574][262]LogInit: FAudioDevice initialized.
[2017.06.25-04.27.12:814][262]LogLoad: Game class is 'ThirdPersonGameMode_C'
[2017.06.25-04.27.12:844][262]LogWorld: Bringing World /Game/ThirdPersonBP/Maps/UEDPIE_0_ThirdPersonExampleMap.ThirdPersonExampleMap up for play (max tick rate 60) at 2017.06.25-12.27.12
[2017.06.25-04.27.12:847][262]LogWorld: Bringing up level for play took: 0.008337
[2017.06.25-04.27.13:044][262]LogContentBrowser: Native class hierarchy updated for 'MovieSceneCapture' in 0.0018 seconds. Added 11 classes and 0 folders.
[2017.06.25-04.27.13:168][262]PIE: Info Play in editor start time for /Game/ThirdPersonBP/Maps/UEDPIE_0_ThirdPersonExampleMap 0.421
[2017.06.25-04.27.13:170][262]LogBlueprintUserMessages: Late PlayInEditor Detection: Level '/Game/ThirdPersonBP/Maps/ThirdPersonExampleMap.ThirdPersonExampleMap:PersistentLevel' has LevelScriptBlueprint '/Game/ThirdPersonBP/Maps/ThirdPersonExampleMap.ThirdPersonExampleMap:PersistentLevel.ThirdPersonExampleMap' with GeneratedClass '/Game/ThirdPersonBP/Maps/ThirdPersonExampleMap.ThirdPersonExampleMap_C' with ClassGeneratedBy '/Game/ThirdPersonBP/Maps/ThirdPersonExampleMap.ThirdPersonExampleMap:PersistentLevel.ThirdPersonExampleMap'
[2017.06.25-04.27.16:778][389]LogBlueprintUserMessages: Early EndPlayMap Detection: Level '/Game/ThirdPersonBP/Maps/ThirdPersonExampleMap.ThirdPersonExampleMap:PersistentLevel' has LevelScriptBlueprint '/Game/ThirdPersonBP/Maps/ThirdPersonExampleMap.ThirdPersonExampleMap:PersistentLevel.ThirdPersonExampleMap' with GeneratedClass '/Game/ThirdPersonBP/Maps/ThirdPersonExampleMap.ThirdPersonExampleMap_C' with ClassGeneratedBy '/Game/ThirdPersonBP/Maps/ThirdPersonExampleMap.ThirdPersonExampleMap:PersistentLevel.ThirdPersonExampleMap'
[2017.06.25-04.27.16:853][389]LogBlueprintUserMessages: Late EndPlayMap Detection: Level '/Game/ThirdPersonBP/Maps/ThirdPersonExampleMap.ThirdPersonExampleMap:PersistentLevel' has LevelScriptBlueprint '/Game/ThirdPersonBP/Maps/ThirdPersonExampleMap.ThirdPersonExampleMap:PersistentLevel.ThirdPersonExampleMap' with GeneratedClass '/Game/ThirdPersonBP/Maps/ThirdPersonExampleMap.ThirdPersonExampleMap_C' with ClassGeneratedBy '/Game/ThirdPersonBP/Maps/ThirdPersonExampleMap.ThirdPersonExampleMap:PersistentLevel.ThirdPersonExampleMap'
[2017.06.25-04.27.20:165][488]LogEditorViewport: Clicking on Actor (LMB): TPDefaultChar_C (TPDefaultChar2)
[2017.06.25-04.27.27:359][666]LogPhysics:Warning: Initialising Body : Scale3D is (nearly) zero: Component: TPDefaultChar2.StaticMeshComponent_60 MatineeCam_SM 
[2017.06.25-04.27.27:363][666]LogPhysics:Warning: Initialising Body : Scale3D is (nearly) zero: Component: TPDefaultChar2.StaticMeshComponent_60 MatineeCam_SM 
[2017.06.25-04.27.33:034][822]Cmd: TRANSACTION UNDO
[2017.06.25-04.27.33:034][822]LogEditorTransaction: Undo Scale Actors
[2017.06.25-04.27.39:350][966]LogEditorViewport: Clicking on Actor (LMB): TPDefaultChar_C (TPDefaultChar2)
[2017.06.25-04.27.40:156][986]Cmd: DELETE
[2017.06.25-04.27.40:156][986]Cmd: ACTOR DELETE
[2017.06.25-04.27.40:157][986]LogEditorActor: Deleted Actor: TPDefaultChar_C
[2017.06.25-04.27.40:213][986]LogEditorActor: Deleted 1 Actors (0.057 secs)
[2017.06.25-04.27.44:155][132]LogEditorViewport: Clicking on Actor (LMB): PlayerStart (NetworkPlayerStart)
[2017.06.25-04.28.09:833][893]LogSlate:Warning: Prevented a slow task dialog from being summoned while a context menu was open
[2017.06.25-04.28.28:295][325]LogEditorViewport: Clicking on Actor (LMB): ThirdPersonCharacter_C (ThirdPersonCharacter)
[2017.06.25-04.28.29:455][356]Cmd: DELETE
[2017.06.25-04.28.29:455][356]Cmd: ACTOR DELETE
[2017.06.25-04.28.29:456][356]LogEditorActor: Deleted Actor: ThirdPersonCharacter_C
[2017.06.25-04.28.29:522][356]LogEditorActor: Deleted 1 Actors (0.067 secs)
[2017.06.25-04.29.44:762][872]LogEditorViewport: Clicking on Actor (LMB): TPDefaultChar_C (TPDefaultChar)
[2017.06.25-04.29.45:400][888]LogEditorViewport: Clicking on Actor (LMB): TPDefaultChar_C (TPDefaultChar)
[2017.06.25-04.29.45:528][889]LogEditorViewport: Clicking on Component (LMB): SkeletalMeshComponent (CharacterMesh0)
[2017.06.25-04.29.55:031][152]LogTemp: Repeting last play command: Selected Viewport
[2017.06.25-04.29.55:091][152]LogBlueprintUserMessages: Early PlayInEditor Detection: Level '/Game/ThirdPersonBP/Maps/ThirdPersonExampleMap.ThirdPersonExampleMap:PersistentLevel' has LevelScriptBlueprint '/Game/ThirdPersonBP/Maps/ThirdPersonExampleMap.ThirdPersonExampleMap:PersistentLevel.ThirdPersonExampleMap' with GeneratedClass '/Game/ThirdPersonBP/Maps/ThirdPersonExampleMap.ThirdPersonExampleMap_C' with ClassGeneratedBy '/Game/ThirdPersonBP/Maps/ThirdPersonExampleMap.ThirdPersonExampleMap:PersistentLevel.ThirdPersonExampleMap'
[2017.06.25-04.29.55:091][152]LogPlayLevel: PlayLevel: No blueprints needed recompiling
[2017.06.25-04.29.55:092][152]PIE: New page: PIE session: ThirdPersonExampleMap (Jun 25, 2017, 8:29:55 PM)
[2017.06.25-04.29.55:092][152]LogPlayLevel: Creating play world package: /Game/ThirdPersonBP/Maps/UEDPIE_0_ThirdPersonExampleMap
[2017.06.25-04.29.55:186][152]LogPlayLevel: PIE: StaticDuplicateObject took: (0.093446s)
[2017.06.25-04.29.55:188][152]LogAIModule: Creating AISystem for world ThirdPersonExampleMap
[2017.06.25-04.29.55:188][152]LogPlayLevel: PIE: World Init took: (0.002252s)
[2017.06.25-04.29.55:189][152]LogPlayLevel: PIE: Created PIE world by copying editor world from /Game/ThirdPersonBP/Maps/ThirdPersonExampleMap.ThirdPersonExampleMap to /Game/ThirdPersonBP/Maps/UEDPIE_0_ThirdPersonExampleMap.ThirdPersonExampleMap (0.096486s)
[2017.06.25-04.29.55:297][152]LogInit: XAudio2 using '扬声器 (Conexant SmartAudio HD)' : 2 channels at 48 kHz using 32 bits per sample (channel mask 0x3)
[2017.06.25-04.29.55:341][152]LogInit: FAudioDevice initialized.
[2017.06.25-04.29.55:386][152]LogLoad: Game class is 'ThirdPersonGameMode_C'
[2017.06.25-04.29.55:395][152]LogWorld: Bringing World /Game/ThirdPersonBP/Maps/UEDPIE_0_ThirdPersonExampleMap.ThirdPersonExampleMap up for play (max tick rate 60) at 2017.06.25-12.29.55
[2017.06.25-04.29.55:396][152]LogWorld: Bringing up level for play took: 0.006377
[2017.06.25-04.29.55:511][152]PIE: Info Play in editor start time for /Game/ThirdPersonBP/Maps/UEDPIE_0_ThirdPersonExampleMap 0.764
[2017.06.25-04.29.55:512][152]LogBlueprintUserMessages: Late PlayInEditor Detection: Level '/Game/ThirdPersonBP/Maps/ThirdPersonExampleMap.ThirdPersonExampleMap:PersistentLevel' has LevelScriptBlueprint '/Game/ThirdPersonBP/Maps/ThirdPersonExampleMap.ThirdPersonExampleMap:PersistentLevel.ThirdPersonExampleMap' with GeneratedClass '/Game/ThirdPersonBP/Maps/ThirdPersonExampleMap.ThirdPersonExampleMap_C' with ClassGeneratedBy '/Game/ThirdPersonBP/Maps/ThirdPersonExampleMap.ThirdPersonExampleMap:PersistentLevel.ThirdPersonExampleMap'
[2017.06.25-04.30.00:240][323]LogBlueprintUserMessages: Early EndPlayMap Detection: Level '/Game/ThirdPersonBP/Maps/ThirdPersonExampleMap.ThirdPersonExampleMap:PersistentLevel' has LevelScriptBlueprint '/Game/ThirdPersonBP/Maps/ThirdPersonExampleMap.ThirdPersonExampleMap:PersistentLevel.ThirdPersonExampleMap' with GeneratedClass '/Game/ThirdPersonBP/Maps/ThirdPersonExampleMap.ThirdPersonExampleMap_C' with ClassGeneratedBy '/Game/ThirdPersonBP/Maps/ThirdPersonExampleMap.ThirdPersonExampleMap:PersistentLevel.ThirdPersonExampleMap'
[2017.06.25-04.30.00:491][323]LogBlueprintUserMessages: Late EndPlayMap Detection: Level '/Game/ThirdPersonBP/Maps/ThirdPersonExampleMap.ThirdPersonExampleMap:PersistentLevel' has LevelScriptBlueprint '/Game/ThirdPersonBP/Maps/ThirdPersonExampleMap.ThirdPersonExampleMap:PersistentLevel.ThirdPersonExampleMap' with GeneratedClass '/Game/ThirdPersonBP/Maps/ThirdPersonExampleMap.ThirdPersonExampleMap_C' with ClassGeneratedBy '/Game/ThirdPersonBP/Maps/ThirdPersonExampleMap.ThirdPersonExampleMap:PersistentLevel.ThirdPersonExampleMap'
[2017.06.25-04.30.06:761][459]LogSlate: Took 0.000528 seconds to synchronously load lazily loaded font '../../../Engine/Content/Slate/Fonts/Roboto-Regular.ttf' (155K)
[2017.06.25-04.30.07:848][459]LogContentBrowser: Native class hierarchy updated for 'BlueprintGraph' in 0.0023 seconds. Added 112 classes and 0 folders.
[2017.06.25-04.30.10:277][459]LogSlate: Took 0.003021 seconds to synchronously load lazily loaded font '../../../Engine/Content/Editor/Slate/Fonts/Roboto-BoldCondensed.ttf' (158K)
[2017.06.25-04.30.12:325][460]LogSlate: Took 0.008592 seconds to synchronously load lazily loaded font '../../../Engine/Content/Editor/Slate/Fonts/Roboto-Italic.ttf' (157K)
[2017.06.25-04.33.03:589][133]LogTemp: Repeting last play command: Selected Viewport
[2017.06.25-04.33.03:674][133]LogBlueprintUserMessages: Early PlayInEditor Detection: Level '/Game/ThirdPersonBP/Maps/ThirdPersonExampleMap.ThirdPersonExampleMap:PersistentLevel' has LevelScriptBlueprint '/Game/ThirdPersonBP/Maps/ThirdPersonExampleMap.ThirdPersonExampleMap:PersistentLevel.ThirdPersonExampleMap' with GeneratedClass '/Game/ThirdPersonBP/Maps/ThirdPersonExampleMap.ThirdPersonExampleMap_C' with ClassGeneratedBy '/Game/ThirdPersonBP/Maps/ThirdPersonExampleMap.ThirdPersonExampleMap:PersistentLevel.ThirdPersonExampleMap'
[2017.06.25-04.33.03:674][133]LogPlayLevel: PlayLevel: No blueprints needed recompiling
[2017.06.25-04.33.03:675][133]PIE: New page: PIE session: ThirdPersonExampleMap (Jun 25, 2017, 8:33:03 PM)
[2017.06.25-04.33.03:675][133]LogPlayLevel: Creating play world package: /Game/ThirdPersonBP/Maps/UEDPIE_0_ThirdPersonExampleMap
[2017.06.25-04.33.03:763][133]LogPlayLevel: PIE: StaticDuplicateObject took: (0.087505s)
[2017.06.25-04.33.03:766][133]LogAIModule: Creating AISystem for world ThirdPersonExampleMap
[2017.06.25-04.33.03:766][133]LogPlayLevel: PIE: World Init took: (0.003231s)
[2017.06.25-04.33.03:766][133]LogPlayLevel: PIE: Created PIE world by copying editor world from /Game/ThirdPersonBP/Maps/ThirdPersonExampleMap.ThirdPersonExampleMap to /Game/ThirdPersonBP/Maps/UEDPIE_0_ThirdPersonExampleMap.ThirdPersonExampleMap (0.091420s)
[2017.06.25-04.33.03:912][133]LogInit: XAudio2 using '扬声器 (Conexant SmartAudio HD)' : 2 channels at 48 kHz using 32 bits per sample (channel mask 0x3)
[2017.06.25-04.33.03:954][133]LogInit: FAudioDevice initialized.
[2017.06.25-04.33.03:997][133]LogLoad: Game class is 'ThirdPersonGameMode_C'
[2017.06.25-04.33.04:006][133]LogWorld: Bringing World /Game/ThirdPersonBP/Maps/UEDPIE_0_ThirdPersonExampleMap.ThirdPersonExampleMap up for play (max tick rate 60) at 2017.06.25-12.33.04
[2017.06.25-04.33.04:007][133]LogWorld: Bringing up level for play took: 0.006744
[2017.06.25-04.33.04:115][133]PIE: Info Play in editor start time for /Game/ThirdPersonBP/Maps/UEDPIE_0_ThirdPersonExampleMap 1.369
[2017.06.25-04.33.04:116][133]LogBlueprintUserMessages: Late PlayInEditor Detection: Level '/Game/ThirdPersonBP/Maps/ThirdPersonExampleMap.ThirdPersonExampleMap:PersistentLevel' has LevelScriptBlueprint '/Game/ThirdPersonBP/Maps/ThirdPersonExampleMap.ThirdPersonExampleMap:PersistentLevel.ThirdPersonExampleMap' with GeneratedClass '/Game/ThirdPersonBP/Maps/ThirdPersonExampleMap.ThirdPersonExampleMap_C' with ClassGeneratedBy '/Game/ThirdPersonBP/Maps/ThirdPersonExampleMap.ThirdPersonExampleMap:PersistentLevel.ThirdPersonExampleMap'
[2017.06.25-04.33.11:428][394]LogBlueprintUserMessages: Early EndPlayMap Detection: Level '/Game/ThirdPersonBP/Maps/ThirdPersonExampleMap.ThirdPersonExampleMap:PersistentLevel' has LevelScriptBlueprint '/Game/ThirdPersonBP/Maps/ThirdPersonExampleMap.ThirdPersonExampleMap:PersistentLevel.ThirdPersonExampleMap' with GeneratedClass '/Game/ThirdPersonBP/Maps/ThirdPersonExampleMap.ThirdPersonExampleMap_C' with ClassGeneratedBy '/Game/ThirdPersonBP/Maps/ThirdPersonExampleMap.ThirdPersonExampleMap:PersistentLevel.ThirdPersonExampleMap'
[2017.06.25-04.33.11:699][394]LogBlueprintUserMessages: Late EndPlayMap Detection: Level '/Game/ThirdPersonBP/Maps/ThirdPersonExampleMap.ThirdPersonExampleMap:PersistentLevel' has LevelScriptBlueprint '/Game/ThirdPersonBP/Maps/ThirdPersonExampleMap.ThirdPersonExampleMap:PersistentLevel.ThirdPersonExampleMap' with GeneratedClass '/Game/ThirdPersonBP/Maps/ThirdPersonExampleMap.ThirdPersonExampleMap_C' with ClassGeneratedBy '/Game/ThirdPersonBP/Maps/ThirdPersonExampleMap.ThirdPersonExampleMap:PersistentLevel.ThirdPersonExampleMap'
[2017.06.25-04.33.42:100][971]LogTemp: Repeting last play command: Selected Viewport
[2017.06.25-04.33.42:171][971]LogBlueprintUserMessages: Early PlayInEditor Detection: Level '/Game/ThirdPersonBP/Maps/ThirdPersonExampleMap.ThirdPersonExampleMap:PersistentLevel' has LevelScriptBlueprint '/Game/ThirdPersonBP/Maps/ThirdPersonExampleMap.ThirdPersonExampleMap:PersistentLevel.ThirdPersonExampleMap' with GeneratedClass '/Game/ThirdPersonBP/Maps/ThirdPersonExampleMap.ThirdPersonExampleMap_C' with ClassGeneratedBy '/Game/ThirdPersonBP/Maps/ThirdPersonExampleMap.ThirdPersonExampleMap:PersistentLevel.ThirdPersonExampleMap'
[2017.06.25-04.33.42:171][971]LogPlayLevel: PlayLevel: No blueprints needed recompiling
[2017.06.25-04.33.42:172][971]PIE: New page: PIE session: ThirdPersonExampleMap (Jun 25, 2017, 8:33:42 PM)
[2017.06.25-04.33.42:172][971]LogPlayLevel: Creating play world package: /Game/ThirdPersonBP/Maps/UEDPIE_0_ThirdPersonExampleMap
[2017.06.25-04.33.42:262][971]LogPlayLevel: PIE: StaticDuplicateObject took: (0.089804s)
[2017.06.25-04.33.42:263][971]LogAIModule: Creating AISystem for world ThirdPersonExampleMap
[2017.06.25-04.33.42:263][971]LogPlayLevel: PIE: World Init took: (0.001641s)
[2017.06.25-04.33.42:264][971]LogPlayLevel: PIE: Created PIE world by copying editor world from /Game/ThirdPersonBP/Maps/ThirdPersonExampleMap.ThirdPersonExampleMap to /Game/ThirdPersonBP/Maps/UEDPIE_0_ThirdPersonExampleMap.ThirdPersonExampleMap (0.091954s)
[2017.06.25-04.33.42:395][971]LogInit: XAudio2 using '扬声器 (Conexant SmartAudio HD)' : 2 channels at 48 kHz using 32 bits per sample (channel mask 0x3)
[2017.06.25-04.33.42:437][971]LogInit: FAudioDevice initialized.
[2017.06.25-04.33.42:483][971]LogLoad: Game class is 'ThirdPersonGameMode_C'
[2017.06.25-04.33.42:492][971]LogWorld: Bringing World /Game/ThirdPersonBP/Maps/UEDPIE_0_ThirdPersonExampleMap.ThirdPersonExampleMap up for play (max tick rate 60) at 2017.06.25-12.33.42
[2017.06.25-04.33.42:493][971]LogWorld: Bringing up level for play took: 0.005408
[2017.06.25-04.33.42:595][971]PIE: Info Play in editor start time for /Game/ThirdPersonBP/Maps/UEDPIE_0_ThirdPersonExampleMap -0.152
[2017.06.25-04.33.42:596][971]LogBlueprintUserMessages: Late PlayInEditor Detection: Level '/Game/ThirdPersonBP/Maps/ThirdPersonExampleMap.ThirdPersonExampleMap:PersistentLevel' has LevelScriptBlueprint '/Game/ThirdPersonBP/Maps/ThirdPersonExampleMap.ThirdPersonExampleMap:PersistentLevel.ThirdPersonExampleMap' with GeneratedClass '/Game/ThirdPersonBP/Maps/ThirdPersonExampleMap.ThirdPersonExampleMap_C' with ClassGeneratedBy '/Game/ThirdPersonBP/Maps/ThirdPersonExampleMap.ThirdPersonExampleMap:PersistentLevel.ThirdPersonExampleMap'
[2017.06.25-04.33.56:681][476]LogScript:Warning: Accessed None trying to read property CallFunc_SlotAsUniformGridSlot_ReturnValue
	Inventory_C /Engine/Transient.UnrealEdEngine_0:GameInstance_3.MainWidget_C_3.WidgetTree_216.Inventory_Widget
	Function /Game/Imports/HUD/Inventory.Inventory_C:ExecuteUbergraph_Inventory:00BE
[2017.06.25-04.33.56:681][476]LogScript:Warning: Accessed None trying to read property CallFunc_SlotAsUniformGridSlot_ReturnValue
	Inventory_C /Engine/Transient.UnrealEdEngine_0:GameInstance_3.MainWidget_C_3.WidgetTree_216.Inventory_Widget
	Function /Game/Imports/HUD/Inventory.Inventory_C:ExecuteUbergraph_Inventory:00FE
[2017.06.25-04.33.56:681][476]LogScript:Warning: Accessed None trying to read property K2Node_CustomEvent_Slot
	Inventory_C /Engine/Transient.UnrealEdEngine_0:GameInstance_3.MainWidget_C_3.WidgetTree_216.Inventory_Widget
	Function /Game/Imports/HUD/Inventory.Inventory_C:ExecuteUbergraph_Inventory:02A3
[2017.06.25-04.34.00:605][614]LogScript:Warning: Accessed None trying to read property CallFunc_SlotAsUniformGridSlot_ReturnValue
	Inventory_C /Engine/Transient.UnrealEdEngine_0:GameInstance_3.MainWidget_C_3.WidgetTree_216.Inventory_Widget
	Function /Game/Imports/HUD/Inventory.Inventory_C:ExecuteUbergraph_Inventory:00BE
[2017.06.25-04.34.00:605][614]LogScript:Warning: Accessed None trying to read property CallFunc_SlotAsUniformGridSlot_ReturnValue
	Inventory_C /Engine/Transient.UnrealEdEngine_0:GameInstance_3.MainWidget_C_3.WidgetTree_216.Inventory_Widget
	Function /Game/Imports/HUD/Inventory.Inventory_C:ExecuteUbergraph_Inventory:00FE
[2017.06.25-04.34.00:605][614]LogScript:Warning: Accessed None trying to read property K2Node_CustomEvent_Slot
	Inventory_C /Engine/Transient.UnrealEdEngine_0:GameInstance_3.MainWidget_C_3.WidgetTree_216.Inventory_Widget
	Function /Game/Imports/HUD/Inventory.Inventory_C:ExecuteUbergraph_Inventory:02A3
[2017.06.25-04.34.06:027][818]LogBlueprintUserMessages: Early EndPlayMap Detection: Level '/Game/ThirdPersonBP/Maps/ThirdPersonExampleMap.ThirdPersonExampleMap:PersistentLevel' has LevelScriptBlueprint '/Game/ThirdPersonBP/Maps/ThirdPersonExampleMap.ThirdPersonExampleMap:PersistentLevel.ThirdPersonExampleMap' with GeneratedClass '/Game/ThirdPersonBP/Maps/ThirdPersonExampleMap.ThirdPersonExampleMap_C' with ClassGeneratedBy '/Game/ThirdPersonBP/Maps/ThirdPersonExampleMap.ThirdPersonExampleMap:PersistentLevel.ThirdPersonExampleMap'
[2017.06.25-04.34.06:283][818]LogBlueprintUserMessages: Late EndPlayMap Detection: Level '/Game/ThirdPersonBP/Maps/ThirdPersonExampleMap.ThirdPersonExampleMap:PersistentLevel' has LevelScriptBlueprint '/Game/ThirdPersonBP/Maps/ThirdPersonExampleMap.ThirdPersonExampleMap:PersistentLevel.ThirdPersonExampleMap' with GeneratedClass '/Game/ThirdPersonBP/Maps/ThirdPersonExampleMap.ThirdPersonExampleMap_C' with ClassGeneratedBy '/Game/ThirdPersonBP/Maps/ThirdPersonExampleMap.ThirdPersonExampleMap:PersistentLevel.ThirdPersonExampleMap'
[2017.06.25-04.38.11:187][881]LogEditorViewport: Clicking on Actor (LMB): PointLight (PointLight)
[2017.06.25-04.38.12:884][938]Cmd: DELETE
[2017.06.25-04.38.12:884][938]Cmd: ACTOR DELETE
[2017.06.25-04.38.12:885][938]LogEditorActor: Deleted Actor: PointLight
[2017.06.25-04.38.12:958][938]LogEditorActor: Deleted 1 Actors (0.073 secs)
[2017.06.25-04.38.35:932][704]LogMaterial: Missing cached shader map for material 墙砖04Mat, compiling. 
[2017.06.25-04.38.35:936][704]LogTemp:Display: Added material ShaderMap 0x00000253FAC1FC80 with Material 0x0000025400F06E00 to ShaderMapsBeingCompiled
[2017.06.25-04.38.36:073][704]LogTemp:Display: Kicking off shader compilation for 墙砖04Mat, GameThreadShaderMap 0x00000253FAC1FC80
[2017.06.25-04.38.36:698][704]LogRenderer: Reallocating scene render targets to support 988x708 NumSamples 1 (Frame:34232).
[2017.06.25-04.38.42:049][828]LogMaterial: Missing cached shader map for material 墙砖04Mat, compiling. 
[2017.06.25-04.38.42:052][828]LogTemp:Display: Added material ShaderMap 0x00000253DB386B00 with Material 0x00000253F6CDA480 to ShaderMapsBeingCompiled
[2017.06.25-04.38.42:089][828]LogTemp:Display: Kicking off shader compilation for 墙砖04Mat, GameThreadShaderMap 0x00000253DB386B00
[2017.06.25-04.38.43:395][828]LogMaterial: Missing cached shader map for material 墙砖04Mat, compiling. 
[2017.06.25-04.38.43:398][828]LogTemp:Display: Added material ShaderMap 0x000002540285A400 with Material 0x00000253F6CDA480 to ShaderMapsBeingCompiled
[2017.06.25-04.38.43:430][828]LogTemp:Display: Kicking off shader compilation for 墙砖04Mat, GameThreadShaderMap 0x000002540285A400
[2017.06.25-04.38.43:430][828]LogMaterial: 0.00 seconds spent updating 1 materials, 1 interfaces, 0 instances, 0 with static permutations.
[2017.06.25-04.38.43:476][828]LogMaterial: Missing cached shader map for material FMatExpressionPreview MaterialExpressionTextureSample_0, compiling. 
[2017.06.25-04.38.43:478][828]LogTemp:Display: Added material ShaderMap 0x00000254067EDD00 with Material 0x0000025401703A00 to ShaderMapsBeingCompiled
[2017.06.25-04.38.43:487][828]LogTemp:Display: Kicking off shader compilation for FMatExpressionPreview MaterialExpressionTextureSample_0, GameThreadShaderMap 0x00000254067EDD00
[2017.06.25-04.38.43:490][828]LogMaterial: Missing cached shader map for material FMatExpressionPreview MaterialExpressionTextureSample_1, compiling. 
[2017.06.25-04.38.43:492][828]LogTemp:Display: Added material ShaderMap 0x00000254067EC800 with Material 0x0000025401703400 to ShaderMapsBeingCompiled
[2017.06.25-04.38.43:502][828]LogTemp:Display: Kicking off shader compilation for FMatExpressionPreview MaterialExpressionTextureSample_1, GameThreadShaderMap 0x00000254067EC800
[2017.06.25-04.38.43:507][828]LogMaterial: Missing cached shader map for material FMatExpressionPreview MaterialExpressionAppendVector_0, compiling. 
[2017.06.25-04.38.43:509][828]LogTemp:Display: Added material ShaderMap 0x0000025404042780 with Material 0x0000025401702800 to ShaderMapsBeingCompiled
[2017.06.25-04.38.43:515][828]LogTemp:Display: Kicking off shader compilation for FMatExpressionPreview MaterialExpressionAppendVector_0, GameThreadShaderMap 0x0000025404042780
[2017.06.25-04.38.43:520][828]LogMaterial: Missing cached shader map for material FMatExpressionPreview MaterialExpressionAppendVector_1, compiling. 
[2017.06.25-04.38.43:522][828]LogTemp:Display: Added material ShaderMap 0x0000025404040B80 with Material 0x0000025401701F00 to ShaderMapsBeingCompiled
[2017.06.25-04.38.43:528][828]LogTemp:Display: Kicking off shader compilation for FMatExpressionPreview MaterialExpressionAppendVector_1, GameThreadShaderMap 0x0000025404040B80
[2017.06.25-04.39.42:724][638]LogTemp:Display: Removed shader map 0x00000254067EDD00 from material 0x0000025401703A00
[2017.06.25-04.39.42:724][638]LogTemp:Display: Removed shader map 0x00000254067EC800 from material 0x0000025401703400
[2017.06.25-04.39.42:724][638]LogTemp:Display: Removed shader map 0x0000025404042780 from material 0x0000025401702800
[2017.06.25-04.39.42:724][638]LogTemp:Display: Removed shader map 0x0000025404040B80 from material 0x0000025401701F00
[2017.06.25-04.40.12:271][123]LogContentBrowser: Native class hierarchy updated for 'Cascade' in 0.0016 seconds. Added 2 classes and 2 folders.
[2017.06.25-04.40.22:283][349]LogCascade: Quitting Cascade. FXSystem=0x00000253C1EF3B00
[2017.06.25-04.40.29:578][349]LogTemp:Display: Finished compile of shader map 0x000002540285A400
[2017.06.25-04.40.29:578][349]LogTemp:Display: Shader map 墙砖04Mat complete, GameThreadShaderMap 0x000002540285A400, marking material 墙砖04Mat as finished
[2017.06.25-04.40.29:578][349]LogTemp:Display: Marking material as finished 0x00000253F6CDA480
[2017.06.25-04.40.33:215][437]LogTemp:Display: Removed shader map 0x00000253DB386B00 from material 0x00000253F6CDA480
[2017.06.25-04.41.09:109][427]LogActorFactory: Actor Factory created 沙发1
[2017.06.25-04.41.10:538][459]LogActorFactory: Actor Factory created 沙发1
[2017.06.25-04.41.23:888][775]LogEditorViewport: Clicking on Actor (LMB): StaticMeshActor (Floor)
[2017.06.25-04.41.53:547][472]Cmd: DELETE
[2017.06.25-04.41.53:547][472]Cmd: ACTOR DELETE
[2017.06.25-04.41.53:549][472]LogEditorActor: Deleted Actor: PointLight
[2017.06.25-04.41.53:640][472]LogEditorActor: Deleted 1 Actors (0.093 secs)
[2017.06.25-04.41.54:618][495]LogEditorViewport: Clicking on Actor (LMB): StaticMeshActor (沙发1)
[2017.06.25-04.41.56:072][530]Cmd: DELETE
[2017.06.25-04.41.56:072][530]Cmd: ACTOR DELETE
[2017.06.25-04.41.56:073][530]LogEditorActor: Deleted Actor: StaticMeshActor
[2017.06.25-04.41.56:129][530]LogEditorActor: Deleted 1 Actors (0.057 secs)
[2017.06.25-04.43.03:541][207]LogTemp:Display: Finished compile of shader map 0x00000253FAC1FC80
[2017.06.25-04.43.03:541][207]LogTemp:Display: Shader map 墙砖04Mat complete, GameThreadShaderMap 0x00000253FAC1FC80, marking material 墙砖04Mat as finished
[2017.06.25-04.43.03:542][207]LogTemp:Display: Marking material as finished 0x0000025400F06E00
[2017.06.25-04.43.06:213][264]LogContentBrowser: Native class hierarchy updated for 'DestructibleMeshEditor' in 0.0017 seconds. Added 1 classes and 2 folders.
[2017.06.25-04.43.06:230][264]LogDestructible:Warning: MainMesh Tris: 204
[2017.06.25-04.43.06:268][264]LogApexDestructibleAssetImport:Warning: Using default materials for material slot
[2017.06.25-04.43.06:268][264]LogApexDestructibleAssetImport:Warning: Bones digested - 2  Depth of hierarchy - 2
[2017.06.25-04.43.06:301][264]LogSkeletalMesh: Section 0: 138 vertices, 1 active bones
[2017.06.25-04.43.06:315][264]LogSkeletalMesh: Section 0: Material=0, 204 triangles
[2017.06.25-04.43.06:368][264]LogMaterial:Warning: Material /Game/Geometry/Meshes/CubeMaterial.CubeMaterial needed to have new flag set bUsedWithSkeletalMesh !
[2017.06.25-04.43.06:374][264]LogMaterial: Missing cached shader map for material CubeMaterial, compiling. 
[2017.06.25-04.43.06:378][264]LogTemp:Display: Added material ShaderMap 0x00000253E4114480 with Material 0x00000253DAD28880 to ShaderMapsBeingCompiled
[2017.06.25-04.43.06:525][264]LogTemp:Display: Kicking off shader compilation for CubeMaterial, GameThreadShaderMap 0x00000253E4114480
[2017.06.25-04.43.06:540][264]LogMaterial: 0.00 seconds spent updating 1 materials, 1 interfaces, 0 instances, 0 with static permutations.
[2017.06.25-04.43.42:865][ 84]LogWindowsTextInputMethodSystem:Display: IME system now deactivated.
[2017.06.25-04.43.43:560][ 84]LogWindowsTextInputMethodSystem:Display: IME system now activated using TSF (微软输入法).
[2017.06.25-04.43.44:986][106]LogWindowsTextInputMethodSystem:Display: IME system now deactivated.
[2017.06.25-04.43.44:986][106]LogWindowsTextInputMethodSystem:Display: IME system now deactivated.
[2017.06.25-04.43.47:635][173]LogDestructible:Warning: MainMesh Tris: 204
[2017.06.25-04.43.48:401][173]LogApexDestructibleAssetImport:Warning: Using default materials for material slot
[2017.06.25-04.43.48:403][173]LogApexDestructibleAssetImport:Warning: Bones digested - 52  Depth of hierarchy - 2
[2017.06.25-04.43.48:474][173]LogSkeletalMesh: Section 0: 1001 vertices, 38 active bones
[2017.06.25-04.43.48:475][173]LogSkeletalMesh: Section 1: 2602 vertices, 50 active bones
[2017.06.25-04.43.48:494][173]LogSkeletalMesh: Section 0: Material=0, 1020 triangles
[2017.06.25-04.43.48:494][173]LogSkeletalMesh: Section 1: Material=1, 1610 triangles
[2017.06.25-04.43.59:977][427]LogDestructible:Warning: MainMesh Tris: 204
[2017.06.25-04.44.01:191][427]LogApexDestructibleAssetImport:Warning: Using default materials for material slot
[2017.06.25-04.44.01:193][427]LogApexDestructibleAssetImport:Warning: Bones digested - 78  Depth of hierarchy - 2
[2017.06.25-04.44.01:321][427]LogSkeletalMesh: Section 0: 1268 vertices, 55 active bones
[2017.06.25-04.44.01:323][427]LogSkeletalMesh: Section 1: 4212 vertices, 76 active bones
[2017.06.25-04.44.01:345][427]LogSkeletalMesh: Section 0: Material=0, 1241 triangles
[2017.06.25-04.44.01:345][427]LogSkeletalMesh: Section 1: Material=1, 2608 triangles
[2017.06.25-04.44.06:310][526]Cmd: OBJ SAVEPACKAGE PACKAGE="/Game/Geometry/Meshes/1M_Cube_Chamfer_DM" FILE="C:/Users/lenovo/Documents/GitHub/loli/萝莉/Content/Geometry/Meshes/1M_Cube_Chamfer_DM.uasset" SILENT=true
[2017.06.25-04.44.06:610][526]LogSavePackage: Save=272.34ms
[2017.06.25-04.44.06:610][526]LogSavePackage: Moving 'C:/Users/lenovo/Documents/GitHub/loli/萝莉/Saved/1M_Cube_Chamfer_DM0FD7B56B4BEA00503D0AA28A9BC58C35.tmp' to 'C:/Users/lenovo/Documents/GitHub/loli/萝莉/Content/Geometry/Meshes/1M_Cube_Chamfer_DM.uasset'
[2017.06.25-04.44.06:646][526]LogSavePackage:Display: Finished SavePackage C:/Users/lenovo/Documents/GitHub/loli/萝莉/Content/Geometry/Meshes/1M_Cube_Chamfer_DM.uasset
[2017.06.25-04.44.13:081][675]LogTemp: Repeting last play command: Selected Viewport
[2017.06.25-04.44.20:696][675]LogBlueprintUserMessages: Early PlayInEditor Detection: Level '/Game/ThirdPersonBP/Maps/ThirdPersonExampleMap.ThirdPersonExampleMap:PersistentLevel' has LevelScriptBlueprint '/Game/ThirdPersonBP/Maps/ThirdPersonExampleMap.ThirdPersonExampleMap:PersistentLevel.ThirdPersonExampleMap' with GeneratedClass '/Game/ThirdPersonBP/Maps/ThirdPersonExampleMap.ThirdPersonExampleMap_C' with ClassGeneratedBy '/Game/ThirdPersonBP/Maps/ThirdPersonExampleMap.ThirdPersonExampleMap:PersistentLevel.ThirdPersonExampleMap'
[2017.06.25-04.44.20:696][675]LogPlayLevel: PlayLevel: No blueprints needed recompiling
[2017.06.25-04.44.20:696][675]PIE: New page: PIE session: ThirdPersonExampleMap (Jun 25, 2017, 8:44:20 PM)
[2017.06.25-04.44.20:696][675]LogPlayLevel: Creating play world package: /Game/ThirdPersonBP/Maps/UEDPIE_0_ThirdPersonExampleMap
[2017.06.25-04.44.20:799][675]LogPlayLevel: PIE: StaticDuplicateObject took: (0.102937s)
[2017.06.25-04.44.20:804][675]LogAIModule: Creating AISystem for world ThirdPersonExampleMap
[2017.06.25-04.44.20:806][675]LogPlayLevel: PIE: World Init took: (0.005924s)
[2017.06.25-04.44.20:806][675]LogPlayLevel: PIE: Created PIE world by copying editor world from /Game/ThirdPersonBP/Maps/ThirdPersonExampleMap.ThirdPersonExampleMap to /Game/ThirdPersonBP/Maps/UEDPIE_0_ThirdPersonExampleMap.ThirdPersonExampleMap (0.109621s)
[2017.06.25-04.44.20:917][675]LogInit: XAudio2 using '扬声器 (Conexant SmartAudio HD)' : 2 channels at 48 kHz using 32 bits per sample (channel mask 0x3)
[2017.06.25-04.44.20:973][675]LogInit: FAudioDevice initialized.
[2017.06.25-04.44.21:017][675]LogLoad: Game class is 'ThirdPersonGameMode_C'
[2017.06.25-04.44.21:043][675]LogWorld: Bringing World /Game/ThirdPersonBP/Maps/UEDPIE_0_ThirdPersonExampleMap.ThirdPersonExampleMap up for play (max tick rate 60) at 2017.06.25-12.44.21
[2017.06.25-04.44.21:044][675]LogWorld: Bringing up level for play took: 0.023638
[2017.06.25-04.44.21:172][675]PIE: Info Play in editor start time for /Game/ThirdPersonBP/Maps/UEDPIE_0_ThirdPersonExampleMap 0.424
[2017.06.25-04.44.21:173][675]LogBlueprintUserMessages: Late PlayInEditor Detection: Level '/Game/ThirdPersonBP/Maps/ThirdPersonExampleMap.ThirdPersonExampleMap:PersistentLevel' has LevelScriptBlueprint '/Game/ThirdPersonBP/Maps/ThirdPersonExampleMap.ThirdPersonExampleMap:PersistentLevel.ThirdPersonExampleMap' with GeneratedClass '/Game/ThirdPersonBP/Maps/ThirdPersonExampleMap.ThirdPersonExampleMap_C' with ClassGeneratedBy '/Game/ThirdPersonBP/Maps/ThirdPersonExampleMap.ThirdPersonExampleMap:PersistentLevel.ThirdPersonExampleMap'
[2017.06.25-04.44.23:822][753]LogBlueprintUserMessages: Early EndPlayMap Detection: Level '/Game/ThirdPersonBP/Maps/ThirdPersonExampleMap.ThirdPersonExampleMap:PersistentLevel' has LevelScriptBlueprint '/Game/ThirdPersonBP/Maps/ThirdPersonExampleMap.ThirdPersonExampleMap:PersistentLevel.ThirdPersonExampleMap' with GeneratedClass '/Game/ThirdPersonBP/Maps/ThirdPersonExampleMap.ThirdPersonExampleMap_C' with ClassGeneratedBy '/Game/ThirdPersonBP/Maps/ThirdPersonExampleMap.ThirdPersonExampleMap:PersistentLevel.ThirdPersonExampleMap'
[2017.06.25-04.44.23:973][753]LogBlueprintUserMessages: Late EndPlayMap Detection: Level '/Game/ThirdPersonBP/Maps/ThirdPersonExampleMap.ThirdPersonExampleMap:PersistentLevel' has LevelScriptBlueprint '/Game/ThirdPersonBP/Maps/ThirdPersonExampleMap.ThirdPersonExampleMap:PersistentLevel.ThirdPersonExampleMap' with GeneratedClass '/Game/ThirdPersonBP/Maps/ThirdPersonExampleMap.ThirdPersonExampleMap_C' with ClassGeneratedBy '/Game/ThirdPersonBP/Maps/ThirdPersonExampleMap.ThirdPersonExampleMap:PersistentLevel.ThirdPersonExampleMap'
[2017.06.25-04.44.44:711][272]LogSavePackage: Save=497.50ms
[2017.06.25-04.44.44:711][272]LogSavePackage: Moving 'C:/Users/lenovo/Documents/GitHub/loli/萝莉/Saved/ThirdPersonExampleMap39D60FEC4999DDDB2B634CAAE83C4BC6.tmp' to 'C:/Users/lenovo/Documents/GitHub/loli/萝莉/Content/ThirdPersonBP/Maps/ThirdPersonExampleMap.umap'
[2017.06.25-04.44.44:750][272]LogSavePackage:Display: Finished SavePackage C:/Users/lenovo/Documents/GitHub/loli/萝莉/Content/ThirdPersonBP/Maps/ThirdPersonExampleMap.umap
[2017.06.25-04.44.45:688][272]LogSavePackage: Save=652.65ms
[2017.06.25-04.44.45:688][272]LogSavePackage: Moving 'C:/Users/lenovo/Documents/GitHub/loli/萝莉/Saved/ThirdPersonExampleMap_BuiltData4F68926B437334A7AB75F9B72B41AC7D.tmp' to 'C:/Users/lenovo/Documents/GitHub/loli/萝莉/Content/ThirdPersonBP/Maps/ThirdPersonExampleMap_BuiltData.uasset'
[2017.06.25-04.44.45:721][272]LogSavePackage:Display: Finished SavePackage C:/Users/lenovo/Documents/GitHub/loli/萝莉/Content/ThirdPersonBP/Maps/ThirdPersonExampleMap_BuiltData.uasset
[2017.06.25-04.44.46:372][289]LogTemp: Repeting last play command: Selected Viewport
[2017.06.25-04.44.46:422][289]LogBlueprintUserMessages: Early PlayInEditor Detection: Level '/Game/ThirdPersonBP/Maps/ThirdPersonExampleMap.ThirdPersonExampleMap:PersistentLevel' has LevelScriptBlueprint '/Game/ThirdPersonBP/Maps/ThirdPersonExampleMap.ThirdPersonExampleMap:PersistentLevel.ThirdPersonExampleMap' with GeneratedClass '/Game/ThirdPersonBP/Maps/ThirdPersonExampleMap.ThirdPersonExampleMap_C' with ClassGeneratedBy '/Game/ThirdPersonBP/Maps/ThirdPersonExampleMap.ThirdPersonExampleMap:PersistentLevel.ThirdPersonExampleMap'
[2017.06.25-04.44.46:422][289]LogPlayLevel: PlayLevel: No blueprints needed recompiling
[2017.06.25-04.44.46:422][289]PIE: New page: PIE session: ThirdPersonExampleMap (Jun 25, 2017, 8:44:46 PM)
[2017.06.25-04.44.46:422][289]LogPlayLevel: Creating play world package: /Game/ThirdPersonBP/Maps/UEDPIE_0_ThirdPersonExampleMap
[2017.06.25-04.44.46:531][289]LogPlayLevel: PIE: StaticDuplicateObject took: (0.108198s)
[2017.06.25-04.44.46:533][289]LogAIModule: Creating AISystem for world ThirdPersonExampleMap
[2017.06.25-04.44.46:533][289]LogPlayLevel: PIE: World Init took: (0.002435s)
[2017.06.25-04.44.46:534][289]LogPlayLevel: PIE: Created PIE world by copying editor world from /Game/ThirdPersonBP/Maps/ThirdPersonExampleMap.ThirdPersonExampleMap to /Game/ThirdPersonBP/Maps/UEDPIE_0_ThirdPersonExampleMap.ThirdPersonExampleMap (0.111193s)
[2017.06.25-04.44.46:633][289]LogInit: XAudio2 using '扬声器 (Conexant SmartAudio HD)' : 2 channels at 48 kHz using 32 bits per sample (channel mask 0x3)
[2017.06.25-04.44.46:688][289]LogInit: FAudioDevice initialized.
[2017.06.25-04.44.46:737][289]LogLoad: Game class is 'ThirdPersonGameMode_C'
[2017.06.25-04.44.46:747][289]LogWorld: Bringing World /Game/ThirdPersonBP/Maps/UEDPIE_0_ThirdPersonExampleMap.ThirdPersonExampleMap up for play (max tick rate 60) at 2017.06.25-12.44.46
[2017.06.25-04.44.46:748][289]LogWorld: Bringing up level for play took: 0.007202
[2017.06.25-04.44.46:877][289]PIE: Info Play in editor start time for /Game/ThirdPersonBP/Maps/UEDPIE_0_ThirdPersonExampleMap 0.129
[2017.06.25-04.44.46:877][289]LogBlueprintUserMessages: Late PlayInEditor Detection: Level '/Game/ThirdPersonBP/Maps/ThirdPersonExampleMap.ThirdPersonExampleMap:PersistentLevel' has LevelScriptBlueprint '/Game/ThirdPersonBP/Maps/ThirdPersonExampleMap.ThirdPersonExampleMap:PersistentLevel.ThirdPersonExampleMap' with GeneratedClass '/Game/ThirdPersonBP/Maps/ThirdPersonExampleMap.ThirdPersonExampleMap_C' with ClassGeneratedBy '/Game/ThirdPersonBP/Maps/ThirdPersonExampleMap.ThirdPersonExampleMap:PersistentLevel.ThirdPersonExampleMap'
[2017.06.25-04.44.54:546][532]LogBlueprintUserMessages: Early EndPlayMap Detection: Level '/Game/ThirdPersonBP/Maps/ThirdPersonExampleMap.ThirdPersonExampleMap:PersistentLevel' has LevelScriptBlueprint '/Game/ThirdPersonBP/Maps/ThirdPersonExampleMap.ThirdPersonExampleMap:PersistentLevel.ThirdPersonExampleMap' with GeneratedClass '/Game/ThirdPersonBP/Maps/ThirdPersonExampleMap.ThirdPersonExampleMap_C' with ClassGeneratedBy '/Game/ThirdPersonBP/Maps/ThirdPersonExampleMap.ThirdPersonExampleMap:PersistentLevel.ThirdPersonExampleMap'
[2017.06.25-04.44.54:708][532]LogBlueprintUserMessages: Late EndPlayMap Detection: Level '/Game/ThirdPersonBP/Maps/ThirdPersonExampleMap.ThirdPersonExampleMap:PersistentLevel' has LevelScriptBlueprint '/Game/ThirdPersonBP/Maps/ThirdPersonExampleMap.ThirdPersonExampleMap:PersistentLevel.ThirdPersonExampleMap' with GeneratedClass '/Game/ThirdPersonBP/Maps/ThirdPersonExampleMap.ThirdPersonExampleMap_C' with ClassGeneratedBy '/Game/ThirdPersonBP/Maps/ThirdPersonExampleMap.ThirdPersonExampleMap:PersistentLevel.ThirdPersonExampleMap'
[2017.06.25-04.45.11:423][934]Cmd: OBJ SAVEPACKAGE PACKAGE="/Game/Geometry/Meshes/1M_Cube_Chamfer_DM" FILE="C:/Users/lenovo/Documents/GitHub/loli/萝莉/Content/Geometry/Meshes/1M_Cube_Chamfer_DM.uasset" SILENT=true
[2017.06.25-04.45.11:749][934]LogSavePackage: Save=215.10ms
[2017.06.25-04.45.11:749][934]LogSavePackage: Moving 'C:/Users/lenovo/Documents/GitHub/loli/萝莉/Saved/1M_Cube_Chamfer_DM7ADFA97B4D9C3C80191EAFB5075CF090.tmp' to 'C:/Users/lenovo/Documents/GitHub/loli/萝莉/Content/Geometry/Meshes/1M_Cube_Chamfer_DM.uasset'
[2017.06.25-04.45.11:782][934]LogSavePackage:Display: Finished SavePackage C:/Users/lenovo/Documents/GitHub/loli/萝莉/Content/Geometry/Meshes/1M_Cube_Chamfer_DM.uasset
[2017.06.25-04.45.14:150][986]LogTemp: Repeting last play command: Selected Viewport
[2017.06.25-04.45.14:221][986]LogBlueprintUserMessages: Early PlayInEditor Detection: Level '/Game/ThirdPersonBP/Maps/ThirdPersonExampleMap.ThirdPersonExampleMap:PersistentLevel' has LevelScriptBlueprint '/Game/ThirdPersonBP/Maps/ThirdPersonExampleMap.ThirdPersonExampleMap:PersistentLevel.ThirdPersonExampleMap' with GeneratedClass '/Game/ThirdPersonBP/Maps/ThirdPersonExampleMap.ThirdPersonExampleMap_C' with ClassGeneratedBy '/Game/ThirdPersonBP/Maps/ThirdPersonExampleMap.ThirdPersonExampleMap:PersistentLevel.ThirdPersonExampleMap'
[2017.06.25-04.45.14:221][986]LogPlayLevel: PlayLevel: No blueprints needed recompiling
[2017.06.25-04.45.14:222][986]PIE: New page: PIE session: ThirdPersonExampleMap (Jun 25, 2017, 8:45:14 PM)
[2017.06.25-04.45.14:222][986]LogPlayLevel: Creating play world package: /Game/ThirdPersonBP/Maps/UEDPIE_0_ThirdPersonExampleMap
[2017.06.25-04.45.14:308][986]LogPlayLevel: PIE: StaticDuplicateObject took: (0.086693s)
[2017.06.25-04.45.14:310][986]LogAIModule: Creating AISystem for world ThirdPersonExampleMap
[2017.06.25-04.45.14:311][986]LogPlayLevel: PIE: World Init took: (0.002661s)
[2017.06.25-04.45.14:312][986]LogPlayLevel: PIE: Created PIE world by copying editor world from /Game/ThirdPersonBP/Maps/ThirdPersonExampleMap.ThirdPersonExampleMap to /Game/ThirdPersonBP/Maps/UEDPIE_0_ThirdPersonExampleMap.ThirdPersonExampleMap (0.090476s)
[2017.06.25-04.45.14:412][986]LogInit: XAudio2 using '扬声器 (Conexant SmartAudio HD)' : 2 channels at 48 kHz using 32 bits per sample (channel mask 0x3)
[2017.06.25-04.45.14:489][986]LogInit: FAudioDevice initialized.
[2017.06.25-04.45.14:537][986]LogLoad: Game class is 'ThirdPersonGameMode_C'
[2017.06.25-04.45.14:547][986]LogWorld: Bringing World /Game/ThirdPersonBP/Maps/UEDPIE_0_ThirdPersonExampleMap.ThirdPersonExampleMap up for play (max tick rate 60) at 2017.06.25-12.45.14
[2017.06.25-04.45.14:548][986]LogWorld: Bringing up level for play took: 0.008277
[2017.06.25-04.45.14:665][986]PIE: Info Play in editor start time for /Game/ThirdPersonBP/Maps/UEDPIE_0_ThirdPersonExampleMap -0.082
[2017.06.25-04.45.14:666][986]LogBlueprintUserMessages: Late PlayInEditor Detection: Level '/Game/ThirdPersonBP/Maps/ThirdPersonExampleMap.ThirdPersonExampleMap:PersistentLevel' has LevelScriptBlueprint '/Game/ThirdPersonBP/Maps/ThirdPersonExampleMap.ThirdPersonExampleMap:PersistentLevel.ThirdPersonExampleMap' with GeneratedClass '/Game/ThirdPersonBP/Maps/ThirdPersonExampleMap.ThirdPersonExampleMap_C' with ClassGeneratedBy '/Game/ThirdPersonBP/Maps/ThirdPersonExampleMap.ThirdPersonExampleMap:PersistentLevel.ThirdPersonExampleMap'
[2017.06.25-04.45.22:055][197]LogBlueprintUserMessages: Early EndPlayMap Detection: Level '/Game/ThirdPersonBP/Maps/ThirdPersonExampleMap.ThirdPersonExampleMap:PersistentLevel' has LevelScriptBlueprint '/Game/ThirdPersonBP/Maps/ThirdPersonExampleMap.ThirdPersonExampleMap:PersistentLevel.ThirdPersonExampleMap' with GeneratedClass '/Game/ThirdPersonBP/Maps/ThirdPersonExampleMap.ThirdPersonExampleMap_C' with ClassGeneratedBy '/Game/ThirdPersonBP/Maps/ThirdPersonExampleMap.ThirdPersonExampleMap:PersistentLevel.ThirdPersonExampleMap'
[2017.06.25-04.45.22:209][197]LogBlueprintUserMessages: Late EndPlayMap Detection: Level '/Game/ThirdPersonBP/Maps/ThirdPersonExampleMap.ThirdPersonExampleMap:PersistentLevel' has LevelScriptBlueprint '/Game/ThirdPersonBP/Maps/ThirdPersonExampleMap.ThirdPersonExampleMap:PersistentLevel.ThirdPersonExampleMap' with GeneratedClass '/Game/ThirdPersonBP/Maps/ThirdPersonExampleMap.ThirdPersonExampleMap_C' with ClassGeneratedBy '/Game/ThirdPersonBP/Maps/ThirdPersonExampleMap.ThirdPersonExampleMap:PersistentLevel.ThirdPersonExampleMap'
[2017.06.25-04.45.40:755][635]LogEditorViewport: Clicking on Actor (LMB): DestructibleActor (1M_Cube_Chamfer_DM)
[2017.06.25-04.45.42:818][691]Cmd: DELETE
[2017.06.25-04.45.42:818][691]Cmd: ACTOR DELETE
[2017.06.25-04.45.42:819][691]LogEditorActor: Deleted Actor: DestructibleActor
[2017.06.25-04.45.42:870][691]LogEditorActor: Deleted 1 Actors (0.052 secs)
[2017.06.25-04.45.51:769][771]LogObjectTools:Warning: ForceReplaceReferences replaced references for a transient object 'DestructibleComponent_1' or package '/Engine/Transient'.
[2017.06.25-04.46.10:488][271]LogActorFactory: Actor Factory created 1M_Cube
[2017.06.25-04.46.10:871][282]LogActorFactory: Actor Factory created 1M_Cube
[2017.06.25-04.46.52:734][617]LogEditorViewport: Clicking on Actor (LMB): StaticMeshActor (Floor)
[2017.06.25-04.46.55:898][679]LogEditorViewport: Clicking on Actor (LMB): StaticMeshActor (1M_Cube)
[2017.06.25-04.47.15:283][999]LogEditorViewport: Clicking on Actor (LMB): StaticMeshActor (1M_Cube)
[2017.06.25-04.47.31:493][419]LogEditorViewport: Clicking on Actor (LMB): StaticMeshActor (Floor)
[2017.06.25-04.47.33:941][478]Cmd: TRANSACTION UNDO
[2017.06.25-04.47.33:941][478]LogEditorTransaction: Undo Clicking on Actors
[2017.06.25-04.47.35:106][500]LogEditorViewport: Clicking on Actor (LMB): StaticMeshActor (Floor)
[2017.06.25-04.47.36:673][534]Cmd: TRANSACTION UNDO
[2017.06.25-04.47.36:673][534]LogEditorTransaction: Undo Clicking on Actors
[2017.06.25-04.47.53:937][927]LogEditorViewport: Clicking on Actor (LMB): StaticMeshActor (1M_Cube)
[2017.06.25-04.47.55:377][967]Cmd: DELETE
[2017.06.25-04.47.55:377][967]Cmd: ACTOR DELETE
[2017.06.25-04.47.55:378][967]LogEditorActor: Deleted Actor: StaticMeshActor
[2017.06.25-04.47.55:455][967]LogEditorActor: Deleted 1 Actors (0.078 secs)
[2017.06.25-04.48.46:170][ 87]LogTemp:Display: Finished compile of shader map 0x00000253E4114480
[2017.06.25-04.48.46:170][ 87]LogTemp:Display: Shader map CubeMaterial complete, GameThreadShaderMap 0x00000253E4114480, marking material CubeMaterial as finished
[2017.06.25-04.48.46:170][ 87]LogTemp:Display: Marking material as finished 0x00000253DAD28880
[2017.06.25-04.49.00:810][336]Cmd: QUIT_EDITOR
[2017.06.25-04.49.01:851][336]LogWindowsTextInputMethodSystem:Display: IME system now deactivated.
[2017.06.25-04.49.01:940][336]LogExit: Preparing to exit.
[2017.06.25-04.49.02:728][336]LogExit: Editor shut down
[2017.06.25-04.49.02:731][336]LogExit: Transaction tracking system shut down
[2017.06.25-04.49.03:148][336]LogObj: Freed 0b from 0 cluster array pools.
[2017.06.25-04.49.03:148][336]LogExit: Object subsystem successfully closed.
[2017.06.25-04.49.03:198][336]LogD3D11RHI: Shutdown
[2017.06.25-04.49.03:198][336]LogD3D11RHI: CleanupD3DDevice
[2017.06.25-04.49.03:757][336]LogD3D11RHI: ~FD3D11DynamicRHI
[2017.06.25-04.49.03:788][336]LogModuleManager: Shutting down and abandoning module DestructibleMeshEditor (514)
[2017.06.25-04.49.03:788][336]LogModuleManager: Shutting down and abandoning module DistCurveEditor (512)
[2017.06.25-04.49.03:788][336]LogModuleManager: Shutting down and abandoning module Cascade (510)
[2017.06.25-04.49.03:788][336]LogModuleManager: Shutting down and abandoning module MaterialEditor (508)
[2017.06.25-04.49.03:788][336]LogModuleManager: Shutting down and abandoning module SequencerWidgets (506)
[2017.06.25-04.49.03:788][336]LogModuleManager: Shutting down and abandoning module BlueprintGraph (504)
[2017.06.25-04.49.03:788][336]LogModuleManager: Shutting down and abandoning module BlueprintProfiler (502)
[2017.06.25-04.49.03:789][336]LogModuleManager: Shutting down and abandoning module MovieSceneCapture (500)
[2017.06.25-04.49.03:789][336]LogModuleManager: Shutting down and abandoning module HierarchicalLODOutliner (498)
[2017.06.25-04.49.03:789][336]LogModuleManager: Shutting down and abandoning module CrashTracker (496)
[2017.06.25-04.49.03:790][336]LogModuleManager: Shutting down and abandoning module SceneOutliner (494)
[2017.06.25-04.49.03:790][336]LogModuleManager: Shutting down and abandoning module AddContentDialog (492)
[2017.06.25-04.49.03:790][336]LogDirectoryWatcher: A directory notification for 'D:/Epic Games/UE_4.15/FeaturePacks/' was aborted.
[2017.06.25-04.49.03:808][336]LogModuleManager: Shutting down and abandoning module WidgetCarousel (491)
[2017.06.25-04.49.03:808][336]LogModuleManager: Shutting down and abandoning module EditorWidgets (488)
[2017.06.25-04.49.03:808][336]LogModuleManager: Shutting down and abandoning module CollectionManager (486)
[2017.06.25-04.49.03:808][336]LogDirectoryWatcher: A directory notification for 'C:/Users/lenovo/Documents/GitHub/loli/萝莉/Content/Collections/' was aborted.
[2017.06.25-04.49.03:808][336]LogDirectoryWatcher: A directory notification for 'C:/Users/lenovo/Documents/GitHub/loli/萝莉/Content/Developers/1/Collections/' was aborted.
[2017.06.25-04.49.03:808][336]LogDirectoryWatcher: A directory notification for 'C:/Users/lenovo/Documents/GitHub/loli/萝莉/Saved/Collections/' was aborted.
[2017.06.25-04.49.03:808][336]LogModuleManager: Shutting down and abandoning module StatsViewer (484)
[2017.06.25-04.49.03:808][336]LogModuleManager: Shutting down and abandoning module FoliageEdit (482)
[2017.06.25-04.49.03:809][336]LogModuleManager: Shutting down and abandoning module LandscapeEditor (480)
[2017.06.25-04.49.03:809][336]LogModuleManager: Shutting down and abandoning module SceneDepthPickerMode (478)
[2017.06.25-04.49.03:809][336]LogModuleManager: Shutting down and abandoning module ActorPickerMode (476)
[2017.06.25-04.49.03:809][336]LogModuleManager: Shutting down and abandoning module GeometryMode (474)
[2017.06.25-04.49.03:809][336]LogModuleManager: Shutting down and abandoning module TextureAlignMode (472)
[2017.06.25-04.49.03:809][336]LogModuleManager: Shutting down and abandoning module BspMode (470)
[2017.06.25-04.49.03:809][336]LogModuleManager: Shutting down and abandoning module HardwareSurvey (468)
[2017.06.25-04.49.03:809][336]LogModuleManager: Shutting down and abandoning module SequenceRecorderSections (466)
[2017.06.25-04.49.03:809][336]LogModuleManager: Shutting down and abandoning module AutomationWorker (464)
[2017.06.25-04.49.03:809][336]LogModuleManager: Shutting down and abandoning module MatineeToLevelSequence (462)
[2017.06.25-04.49.03:809][336]LogModuleManager: Shutting down and abandoning module LevelSequenceEditor (460)
[2017.06.25-04.49.03:810][336]LogModuleManager: Shutting down and abandoning module PlacementMode (459)
[2017.06.25-04.49.03:810][336]LogModuleManager: Shutting down and abandoning module WmfMediaFactory (456)
[2017.06.25-04.49.03:810][336]LogModuleManager: Shutting down and abandoning module WmfMediaEditor (454)
[2017.06.25-04.49.03:810][336]LogModuleManager: Shutting down and abandoning module MfMediaFactory (452)
[2017.06.25-04.49.03:810][336]LogModuleManager: Shutting down and abandoning module MfMediaEditor (450)
[2017.06.25-04.49.03:810][336]LogModuleManager: Shutting down and abandoning module AvfMediaFactory (448)
[2017.06.25-04.49.03:810][336]LogModuleManager: Shutting down and abandoning module AvfMediaEditor (446)
[2017.06.25-04.49.03:811][336]LogModuleManager: Shutting down and abandoning module AndroidMediaFactory (444)
[2017.06.25-04.49.03:811][336]LogModuleManager: Shutting down and abandoning module Media (443)
[2017.06.25-04.49.03:811][336]LogModuleManager: Shutting down and abandoning module AndroidMediaEditor (440)
[2017.06.25-04.49.03:811][336]LogModuleManager: Shutting down and abandoning module CharacterAI (438)
[2017.06.25-04.49.03:811][336]LogModuleManager: Shutting down and abandoning module AudioCapture (436)
[2017.06.25-04.49.03:811][336]LogModuleManager: Shutting down and abandoning module SequenceRecorder (435)
[2017.06.25-04.49.03:811][336]LogModuleManager: Shutting down and abandoning module SmartSnapping (432)
[2017.06.25-04.49.03:811][336]LogModuleManager: Shutting down and abandoning module SessionServices (430)
[2017.06.25-04.49.03:811][336]LogModuleManager: Shutting down and abandoning module ViewportSnapping (428)
[2017.06.25-04.49.03:811][336]LogModuleManager: Shutting down and abandoning module ViewportInteraction (426)
[2017.06.25-04.49.03:811][336]LogModuleManager: Shutting down and abandoning module LogVisualizer (424)
[2017.06.25-04.49.03:812][336]LogModuleManager: Shutting down and abandoning module IntroTutorials (422)
[2017.06.25-04.49.03:813][336]LogModuleManager: Shutting down and abandoning module GameProjectGeneration (421)
[2017.06.25-04.49.03:814][336]LogModuleManager: Shutting down and abandoning module EditorLiveStreaming (418)
[2017.06.25-04.49.03:814][336]LogModuleManager: Shutting down and abandoning module IOSPlatformEditor (416)
[2017.06.25-04.49.03:814][336]LogModuleManager: Shutting down and abandoning module HTML5PlatformEditor (414)
[2017.06.25-04.49.03:814][336]LogModuleManager: Shutting down and abandoning module AndroidPlatformEditor (412)
[2017.06.25-04.49.03:814][336]LogModuleManager: Shutting down and abandoning module AndroidDeviceDetection (411)
[2017.06.25-04.49.04:114][336]LogModuleManager: Shutting down and abandoning module IOSRuntimeSettings (408)
[2017.06.25-04.49.04:114][336]LogModuleManager: Shutting down and abandoning module AndroidRuntimeSettings (406)
[2017.06.25-04.49.04:114][336]LogModuleManager: Shutting down and abandoning module InputBindingEditor (404)
[2017.06.25-04.49.04:114][336]LogModuleManager: Shutting down and abandoning module NiagaraEditor (402)
[2017.06.25-04.49.04:123][336]LogModuleManager: Shutting down and abandoning module MergeActors (400)
[2017.06.25-04.49.04:124][336]LogModuleManager: Shutting down and abandoning module SizeMap (398)
[2017.06.25-04.49.04:124][336]LogModuleManager: Shutting down and abandoning module TreeMap (396)
[2017.06.25-04.49.04:124][336]LogModuleManager: Shutting down and abandoning module ReferenceViewer (394)
[2017.06.25-04.49.04:124][336]LogModuleManager: Shutting down and abandoning module LocalizationDashboard (392)
[2017.06.25-04.49.04:125][336]LogModuleManager: Shutting down and abandoning module LocalizationService (391)
[2017.06.25-04.49.04:126][336]LogModuleManager: Shutting down and abandoning module HardwareTargeting (388)
[2017.06.25-04.49.04:126][336]LogModuleManager: Shutting down and abandoning module DeviceProfileEditor (386)
[2017.06.25-04.49.04:127][336]LogModuleManager: Shutting down and abandoning module UndoHistory (384)
[2017.06.25-04.49.04:127][336]LogModuleManager: Shutting down and abandoning module UserFeedback (382)
[2017.06.25-04.49.04:127][336]LogModuleManager: Shutting down and abandoning module XmlParser (380)
[2017.06.25-04.49.04:127][336]LogModuleManager: Shutting down and abandoning module Blutility (378)
[2017.06.25-04.49.04:127][336]LogModuleManager: Shutting down and abandoning module ProjectSettingsViewer (376)
[2017.06.25-04.49.04:127][336]LogModuleManager: Shutting down and abandoning module ProjectTargetPlatformEditor (375)
[2017.06.25-04.49.04:128][336]LogModuleManager: Shutting down and abandoning module EditorSettingsViewer (372)
[2017.06.25-04.49.04:128][336]LogModuleManager: Shutting down and abandoning module SettingsEditor (370)
[2017.06.25-04.49.04:128][336]LogModuleManager: Shutting down and abandoning module ProjectLauncher (368)
[2017.06.25-04.49.04:130][336]LogModuleManager: Shutting down and abandoning module SessionFrontend (366)
[2017.06.25-04.49.04:130][336]LogModuleManager: Shutting down and abandoning module ProfilerClient (364)
[2017.06.25-04.49.04:131][336]LogModuleManager: Shutting down and abandoning module DeviceManager (362)
[2017.06.25-04.49.04:132][336]LogModuleManager: Shutting down and abandoning module TargetDeviceServices (361)
[2017.06.25-04.49.04:186][336]LogModuleManager: Shutting down and abandoning module AutomationController (358)
[2017.06.25-04.49.04:186][336]LogModuleManager: Shutting down and abandoning module AutomationWindow (356)
[2017.06.25-04.49.04:187][336]LogModuleManager: Shutting down and abandoning module Layers (354)
[2017.06.25-04.49.04:189][336]LogModuleManager: Shutting down and abandoning module ComponentVisualizers (352)
[2017.06.25-04.49.04:189][336]LogModuleManager: Shutting down and abandoning module DetailCustomizations (350)
[2017.06.25-04.49.04:189][336]LogModuleManager: Shutting down and abandoning module PackagesDialog (348)
[2017.06.25-04.49.04:190][336]LogModuleManager: Shutting down and abandoning module Persona (346)
[2017.06.25-04.49.04:191][336]LogModuleManager: Shutting down and abandoning module AnimGraph (345)
[2017.06.25-04.49.04:191][336]LogModuleManager: Shutting down and abandoning module Kismet (342)
[2017.06.25-04.49.04:211][336]LogModuleManager: Shutting down and abandoning module GraphEditor (340)
[2017.06.25-04.49.04:211][336]LogModuleManager: Shutting down and abandoning module ClassViewer (338)
[2017.06.25-04.49.04:214][336]LogModuleManager: Shutting down and abandoning module Toolbox (336)
[2017.06.25-04.49.04:214][336]LogModuleManager: Shutting down and abandoning module ModuleUI (334)
[2017.06.25-04.49.04:216][336]LogModuleManager: Shutting down and abandoning module MovieSceneTools (332)
[2017.06.25-04.49.04:216][336]LogModuleManager: Shutting down and abandoning module OutputLog (330)
[2017.06.25-04.49.04:216][336]LogModuleManager: Shutting down and abandoning module GammaUI (328)
[2017.06.25-04.49.04:216][336]LogModuleManager: Shutting down and abandoning module Documentation (326)
[2017.06.25-04.49.04:216][336]LogModuleManager: Shutting down and abandoning module Niagara (324)
[2017.06.25-04.49.04:216][336]LogModuleManager: Shutting down and abandoning module StreamingPauseRendering (322)
[2017.06.25-04.49.04:216][336]LogModuleManager: Shutting down and abandoning module AnalyticsET (320)
[2017.06.25-04.49.04:217][336]LogModuleManager: Shutting down and abandoning module PortalServices (318)
[2017.06.25-04.49.04:217][336]LogModuleManager: Shutting down and abandoning module PortalRpc (316)
[2017.06.25-04.49.04:217][336]LogModuleManager: Shutting down and abandoning module MessagingRpc (314)
[2017.06.25-04.49.04:217][336]LogModuleManager: Shutting down and abandoning module AIModule (312)
[2017.06.25-04.49.04:217][336]LogModuleManager: Shutting down and abandoning module GameplayDebugger (311)
[2017.06.25-04.49.04:217][336]LogModuleManager: Shutting down and abandoning module AITestSuite (309)
[2017.06.25-04.49.04:217][336]LogModuleManager: Shutting down and abandoning module ProfilerService (306)
[2017.06.25-04.49.04:321][336]LogModuleManager: Shutting down and abandoning module TaskGraph (304)
[2017.06.25-04.49.04:322][336]LogModuleManager: Shutting down and abandoning module SteamVRController (302)
[2017.06.25-04.49.04:322][336]LogModuleManager: Shutting down and abandoning module SteamVR (300)
[2017.06.25-04.49.04:322][336]LogModuleManager: Shutting down and abandoning module ProceduralMeshComponentEditor (298)
[2017.06.25-04.49.04:322][336]LogModuleManager: Shutting down and abandoning module ProceduralMeshComponent (296)
[2017.06.25-04.49.04:322][336]LogModuleManager: Shutting down and abandoning module OculusLibrary (294)
[2017.06.25-04.49.04:322][336]LogModuleManager: Shutting down and abandoning module OculusInput (292)
[2017.06.25-04.49.04:322][336]LogModuleManager: Shutting down and abandoning module MobilePatchingUtils (290)
[2017.06.25-04.49.04:322][336]LogModuleManager: Shutting down and abandoning module CustomMeshComponent (288)
[2017.06.25-04.49.04:322][336]LogModuleManager: Shutting down and abandoning module CableComponent (286)
[2017.06.25-04.49.04:322][336]LogModuleManager: Shutting down and abandoning module ArchVisCharacter (284)
[2017.06.25-04.49.04:322][336]LogModuleManager: Shutting down and abandoning module MediaPlayerEditor (280)
[2017.06.25-04.49.04:323][336]LogModuleManager: Shutting down and abandoning module HTML5Networking (278)
[2017.06.25-04.49.04:323][336]LogModuleManager: Shutting down and abandoning module AlembicImporter (276)
[2017.06.25-04.49.04:323][336]LogModuleManager: Shutting down and abandoning module AlembicLibrary (275)
[2017.06.25-04.49.04:323][336]LogModuleManager: Shutting down and abandoning module GeometryCache (274)
[2017.06.25-04.49.04:323][336]LogModuleManager: Shutting down and abandoning module GeometryCacheEd (273)
[2017.06.25-04.49.04:323][336]LogModuleManager: Shutting down and abandoning module SuperSearchEditor (268)
[2017.06.25-04.49.04:323][336]LogModuleManager: Shutting down and abandoning module SuperSearch (267)
[2017.06.25-04.49.04:323][336]LogModuleManager: Shutting down and abandoning module SpeedTreeImporter (264)
[2017.06.25-04.49.04:323][336]LogModuleManager: Shutting down and abandoning module PluginBrowser (262)
[2017.06.25-04.49.04:324][336]LogModuleManager: Shutting down and abandoning module MobileLauncherProfileWizard (260)
[2017.06.25-04.49.04:325][336]LogModuleManager: Shutting down and abandoning module EpicSurvey (258)
[2017.06.25-04.49.04:325][336]LogModuleManager: Shutting down and abandoning module VisualStudioSourceCodeAccess (256)
[2017.06.25-04.49.04:325][336]LogModuleManager: Shutting down and abandoning module DesktopPlatform (255)
[2017.06.25-04.49.04:325][336]LogModuleManager: Shutting down and abandoning module UObjectPlugin (252)
[2017.06.25-04.49.04:325][336]LogModuleManager: Shutting down and abandoning module SubversionSourceControl (250)
[2017.06.25-04.49.04:325][336]LogModuleManager: Shutting down and abandoning module PerforceSourceControl (248)
[2017.06.25-04.49.04:326][336]LogModuleManager: Shutting down and abandoning module GitSourceControl (246)
[2017.06.25-04.49.04:326][336]LogModuleManager: Shutting down and abandoning module SourceControl (245)
[2017.06.25-04.49.04:327][336]LogModuleManager: Shutting down and abandoning module LightPropagationVolumeEditor (242)
[2017.06.25-04.49.04:327][336]LogModuleManager: Shutting down and abandoning module PaperTiledImporter (240)
[2017.06.25-04.49.04:327][336]LogModuleManager: Shutting down and abandoning module PaperSpriteSheetImporter (238)
[2017.06.25-04.49.04:327][336]LogModuleManager: Shutting down and abandoning module Paper2DEditor (236)
[2017.06.25-04.49.04:327][336]LogModuleManager: Shutting down and abandoning module MeshPaint (235)
[2017.06.25-04.49.04:327][336]LogModuleManager: Shutting down and abandoning module LevelEditor (233)
[2017.06.25-04.49.04:331][336]LogModuleManager: Shutting down and abandoning module PixelInspectorModule (232)
[2017.06.25-04.49.04:331][336]LogModuleManager: Shutting down and abandoning module MainFrame (230)
[2017.06.25-04.49.04:331][336]LogModuleManager: Shutting down and abandoning module HotReload (229)
[2017.06.25-04.49.04:333][336]LogModuleManager: Shutting down and abandoning module ContentBrowser (225)
[2017.06.25-04.49.04:336][336]LogModuleManager: Shutting down and abandoning module PhysXVehiclesEditor (222)
[2017.06.25-04.49.04:336][336]LogModuleManager: Shutting down and abandoning module PhysXVehicles (220)
[2017.06.25-04.49.04:336][336]LogModuleManager: Shutting down and abandoning module LocationServicesBPLibrary (218)
[2017.06.25-04.49.04:336][336]LogModuleManager: Shutting down and abandoning module UdpMessaging (216)
[2017.06.25-04.49.04:437][336]LogModuleManager: Shutting down and abandoning module TcpMessaging (214)
[2017.06.25-04.49.04:537][336]LogModuleManager: Shutting down and abandoning module GameplayTagsEditor (212)
[2017.06.25-04.49.04:544][336]LogModuleManager: Shutting down and abandoning module FacialAnimationEditor (210)
[2017.06.25-04.49.04:545][336]LogModuleManager: Shutting down and abandoning module FacialAnimation (208)
[2017.06.25-04.49.04:545][336]LogModuleManager: Shutting down and abandoning module LightPropagationVolumeRuntime (206)
[2017.06.25-04.49.04:545][336]LogModuleManager: Shutting down and abandoning module Paper2D (204)
[2017.06.25-04.49.04:545][336]LogModuleManager: Shutting down and abandoning module WindowsMoviePlayer (202)
[2017.06.25-04.49.04:546][336]LogModuleManager: Shutting down and abandoning module WmfMedia (200)
[2017.06.25-04.49.04:546][336]LogModuleManager: Shutting down and abandoning module MfMedia (198)
[2017.06.25-04.49.04:546][336]LogModuleManager: Shutting down and abandoning module MediaAssets (196)
[2017.06.25-04.49.04:546][336]LogModuleManager: Shutting down and abandoning module GameLiveStreaming (194)
[2017.06.25-04.49.04:547][336]LogModuleManager: Shutting down and abandoning module VREditor (192)
[2017.06.25-04.49.04:547][336]LogModuleManager: Shutting down and abandoning module GameplayTasksEditor (190)
[2017.06.25-04.49.04:547][336]LogModuleManager: Shutting down and abandoning module BehaviorTreeEditor (188)
[2017.06.25-04.49.04:548][336]LogModuleManager: Shutting down and abandoning module FunctionalTesting (186)
[2017.06.25-04.49.04:548][336]LogModuleManager: Shutting down and abandoning module CollisionAnalyzer (184)
[2017.06.25-04.49.04:549][336]LogModuleManager: Shutting down and abandoning module UMG (182)
[2017.06.25-04.49.04:549][336]LogModuleManager: Shutting down and abandoning module UMGEditor (181)
[2017.06.25-04.49.04:549][336]LogModuleManager: Shutting down and abandoning module Sequencer (180)
[2017.06.25-04.49.04:549][336]LogModuleManager: Shutting down and abandoning module AssetTools (178)
[2017.06.25-04.49.04:549][336]LogModuleManager: Shutting down and abandoning module MessageLog (177)
[2017.06.25-04.49.04:549][336]LogModuleManager: Shutting down and abandoning module WorkspaceMenuStructure (176)
[2017.06.25-04.49.04:549][336]LogModuleManager: Shutting down and abandoning module SlateReflector (170)
[2017.06.25-04.49.04:551][336]LogModuleManager: Shutting down and abandoning module Slate (168)
[2017.06.25-04.49.04:551][336]LogModuleManager: Shutting down and abandoning module EditorStyle (166)
[2017.06.25-04.49.04:556][336]LogModuleManager: Shutting down and abandoning module SourceCodeAccess (164)
[2017.06.25-04.49.04:556][336]LogModuleManager: Shutting down and abandoning module HeadMountedDisplay (162)
[2017.06.25-04.49.04:557][336]LogModuleManager: Shutting down and abandoning module XAudio2 (160)
[2017.06.25-04.49.04:557][336]LogModuleManager: Shutting down and abandoning module Networking (158)
[2017.06.25-04.49.04:557][336]LogModuleManager: Shutting down and abandoning module Core (154)
[2017.06.25-04.49.04:557][336]LogModuleManager: Shutting down and abandoning module AssetRegistry (152)
[2017.06.25-04.49.04:756][336]LogDirectoryWatcher: A directory notification for '../../../Engine/Content/' was aborted.
[2017.06.25-04.49.04:756][336]LogDirectoryWatcher: A directory notification for 'C:/Users/lenovo/Documents/GitHub/loli/萝莉/Content/' was aborted.
[2017.06.25-04.49.04:756][336]LogDirectoryWatcher: A directory notification for '../../../Engine/Plugins/2D/Paper2D/Content/' was aborted.
[2017.06.25-04.49.04:757][336]LogModuleManager: Shutting down and abandoning module DirectoryWatcher (151)
[2017.06.25-04.49.04:769][336]LogModuleManager: Shutting down and abandoning module KismetCompiler (148)
[2017.06.25-04.49.04:769][336]LogModuleManager: Shutting down and abandoning module PhysXFormats (146)
[2017.06.25-04.49.04:769][336]LogModuleManager: Shutting down and abandoning module MeshUtilities (144)
[2017.06.25-04.49.04:769][336]LogModuleManager: Shutting down and abandoning module SimplygonSwarm (143)
[2017.06.25-04.49.04:769][336]LogModuleManager: Shutting down and abandoning module SimplygonMeshReduction (141)
[2017.06.25-04.49.04:769][336]LogModuleManager: Shutting down and abandoning module QuadricMeshReduction (139)
[2017.06.25-04.49.04:769][336]LogModuleManager: Shutting down and abandoning module PropertyEditor (137)
[2017.06.25-04.49.04:769][336]LogModuleManager: Shutting down and abandoning module DerivedDataCache (134)
[2017.06.25-04.49.04:788][336]LogDerivedDataCache: Shutdown
[2017.06.25-04.49.04:788][336]LogModuleManager: Shutting down and abandoning module TargetPlatform (132)
[2017.06.25-04.49.04:788][336]LogModuleManager: Shutting down and abandoning module VulkanShaderFormat (131)
[2017.06.25-04.49.04:788][336]LogModuleManager: Shutting down and abandoning module ShaderFormatOpenGL (129)
[2017.06.25-04.49.04:795][336]LogModuleManager: Shutting down and abandoning module ShaderFormatD3D (127)
[2017.06.25-04.49.04:795][336]LogModuleManager: Shutting down and abandoning module MetalShaderFormat (125)
[2017.06.25-04.49.04:796][336]LogModuleManager: Shutting down and abandoning module TextureFormatUncompressed (123)
[2017.06.25-04.49.04:796][336]LogModuleManager: Shutting down and abandoning module TextureFormatPVR (121)
[2017.06.25-04.49.04:796][336]LogModuleManager: Shutting down and abandoning module TextureFormatDXT (119)
[2017.06.25-04.49.04:796][336]LogModuleManager: Shutting down and abandoning module TextureFormatIntelISPCTexComp (117)
[2017.06.25-04.49.04:797][336]LogModuleManager: Shutting down and abandoning module TextureFormatASTC (115)
[2017.06.25-04.49.04:797][336]LogModuleManager: Shutting down and abandoning module ImageWrapper (114)
[2017.06.25-04.49.04:797][336]LogModuleManager: Shutting down and abandoning module TextureFormatAndroid (111)
[2017.06.25-04.49.04:797][336]LogModuleManager: Shutting down and abandoning module AudioFormatOpus (109)
[2017.06.25-04.49.04:797][336]LogModuleManager: Shutting down and abandoning module AudioFormatOgg (107)
[2017.06.25-04.49.04:797][336]LogModuleManager: Shutting down and abandoning module AudioFormatADPCM (105)
[2017.06.25-04.49.04:797][336]LogModuleManager: Shutting down and abandoning module LinuxTargetPlatform (103)
[2017.06.25-04.49.04:797][336]LogModuleManager: Shutting down and abandoning module LinuxServerTargetPlatform (101)
[2017.06.25-04.49.04:797][336]LogModuleManager: Shutting down and abandoning module LinuxNoEditorTargetPlatform (99)
[2017.06.25-04.49.04:797][336]LogModuleManager: Shutting down and abandoning module LinuxClientTargetPlatform (97)
[2017.06.25-04.49.04:797][336]LogModuleManager: Shutting down and abandoning module TVOSTargetPlatform (95)
[2017.06.25-04.49.04:797][336]LogModuleManager: Shutting down and abandoning module Messaging (93)
[2017.06.25-04.49.04:797][336]LogModuleManager: Shutting down and abandoning module IOSTargetPlatform (91)
[2017.06.25-04.49.04:797][336]LogModuleManager: Shutting down and abandoning module HTML5TargetPlatform (89)
[2017.06.25-04.49.04:797][336]LogModuleManager: Shutting down and abandoning module Android_PVRTCTargetPlatform (87)
[2017.06.25-04.49.04:798][336]LogModuleManager: Shutting down and abandoning module Android_MultiTargetPlatform (85)
[2017.06.25-04.49.04:798][336]LogModuleManager: Shutting down and abandoning module Android_ETC2TargetPlatform (83)
[2017.06.25-04.49.04:798][336]LogModuleManager: Shutting down and abandoning module Android_ETC1TargetPlatform (81)
[2017.06.25-04.49.04:798][336]LogModuleManager: Shutting down and abandoning module Android_DXTTargetPlatform (79)
[2017.06.25-04.49.04:798][336]LogModuleManager: Shutting down and abandoning module Android_ATCTargetPlatform (77)
[2017.06.25-04.49.04:798][336]LogModuleManager: Shutting down and abandoning module Android_ASTCTargetPlatform (75)
[2017.06.25-04.49.04:798][336]LogModuleManager: Shutting down and abandoning module AndroidTargetPlatform (73)
[2017.06.25-04.49.04:798][336]LogModuleManager: Shutting down and abandoning module WindowsTargetPlatform (71)
[2017.06.25-04.49.04:798][336]LogModuleManager: Shutting down and abandoning module WindowsServerTargetPlatform (69)
[2017.06.25-04.49.04:798][336]LogModuleManager: Shutting down and abandoning module WindowsNoEditorTargetPlatform (67)
[2017.06.25-04.49.04:798][336]LogModuleManager: Shutting down and abandoning module WindowsClientTargetPlatform (65)
[2017.06.25-04.49.04:798][336]LogModuleManager: Shutting down and abandoning module MacTargetPlatform (63)
[2017.06.25-04.49.04:798][336]LogModuleManager: Shutting down and abandoning module MacServerTargetPlatform (61)
[2017.06.25-04.49.04:798][336]LogModuleManager: Shutting down and abandoning module MacNoEditorTargetPlatform (59)
[2017.06.25-04.49.04:798][336]LogModuleManager: Shutting down and abandoning module MacClientTargetPlatform (57)
[2017.06.25-04.49.04:798][336]LogModuleManager: Shutting down and abandoning module AllDesktopTargetPlatform (55)
[2017.06.25-04.49.04:798][336]LogModuleManager: Shutting down and abandoning module InputCore (52)
[2017.06.25-04.49.04:798][336]LogModuleManager: Shutting down and abandoning module Settings (50)
[2017.06.25-04.49.04:798][336]LogModuleManager: Shutting down and abandoning module OculusRift (48)
[2017.06.25-04.49.04:798][336]LogModuleManager: Shutting down and abandoning module GearVR (46)
[2017.06.25-04.49.04:798][336]LogModuleManager: Shutting down and abandoning module ExampleDeviceProfileSelector (44)
[2017.06.25-04.49.04:798][336]LogModuleManager: Shutting down and abandoning module OnlineBlueprintSupport (42)
[2017.06.25-04.49.04:798][336]LogModuleManager: Shutting down and abandoning module OnlineSubsystem (38)
[2017.06.25-04.49.04:799][336]LogOnline:Display: Unloading online subsystem: NULL
[2017.06.25-04.49.04:799][336]LogModuleManager: Shutting down and abandoning module XMPP (37)
[2017.06.25-04.49.04:800][336]LogModuleManager: Shutting down and abandoning module HTTP (35)
[2017.06.25-04.49.04:800][336]LogHttp:Display: Http module shutting down, but needs to wait on 1 outstanding Http requests:
[2017.06.25-04.49.04:800][336]LogHttp:Display: 	verb=[POST] url=[https://datarouter.ol.epicgames.com/datarouter/api/v1/public/data?SessionID=%7B89FD6D61-44B8-BA98-B01E-3C93DFBD9B70%7D&AppID=UEEditor.Rocket.Release&AppVersion=4.15.2-3416026%2B%2B%2BUE4%2BRelease-4.15&UserID=fc0ab5e14c29e395dee894bb26e0e4c8%7Ccbf7e4b3a2fa4a3483ff9ae11ae13430%7C0a898179-1db4-4ad6-89ab-2983492e6393&AppEnvironment=datacollector-binary&UploadType=eteventstream] status=Processing
[2017.06.25-04.49.04:816][336]LogModuleManager: Shutting down and abandoning module SSL (34)
[2017.06.25-04.49.04:820][336]LogModuleManager: Shutting down and abandoning module AudioEditor (30)
[2017.06.25-04.49.04:820][336]LogModuleManager: Shutting down and abandoning module TextureCompressor (28)
[2017.06.25-04.49.04:821][336]LogModuleManager: Shutting down and abandoning module ShaderCore (26)
[2017.06.25-04.49.04:821][336]LogModuleManager: Shutting down and abandoning module Landscape (24)
[2017.06.25-04.49.04:821][336]LogModuleManager: Shutting down and abandoning module SlateRHIRenderer (22)
[2017.06.25-04.49.04:859][336]LogModuleManager: Shutting down and abandoning module OpenGLDrv (20)
[2017.06.25-04.49.04:860][336]LogModuleManager: Shutting down and abandoning module D3D11RHI (18)
[2017.06.25-04.49.04:860][336]LogModuleManager: Shutting down and abandoning module AnimGraphRuntime (16)
[2017.06.25-04.49.04:861][336]LogModuleManager: Shutting down and abandoning module Renderer (14)
[2017.06.25-04.49.04:861][336]LogModuleManager: Shutting down and abandoning module Engine (12)
[2017.06.25-04.49.04:861][336]LogModuleManager: Shutting down and abandoning module CoreUObject (10)
[2017.06.25-04.49.04:861][336]LogModuleManager: Shutting down and abandoning module NetworkFile (8)
[2017.06.25-04.49.04:861][336]LogModuleManager: Shutting down and abandoning module StreamingFile (6)
[2017.06.25-04.49.04:861][336]LogModuleManager: Shutting down and abandoning module SandboxFile (4)
[2017.06.25-04.49.04:861][336]LogModuleManager: Shutting down and abandoning module PakFile (2)
[2017.06.25-04.49.04:868][336]LogExit: Exiting.
[2017.06.25-04.49.04:904][336]Log file closed, 06/25/17 12:49:04
